Tue Aug 17 23:14:15 2021       
+-----------------------------------------------------------------------------+
| NVIDIA-SMI 460.80       Driver Version: 460.80       CUDA Version: 11.2     |
|-------------------------------+----------------------+----------------------+
| GPU  Name        Persistence-M| Bus-Id        Disp.A | Volatile Uncorr. ECC |
| Fan  Temp  Perf  Pwr:Usage/Cap|         Memory-Usage | GPU-Util  Compute M. |
|                               |                      |               MIG M. |
|===============================+======================+======================|
|   0  GeForce RTX 3090    Off  | 00000000:41:00.0 Off |                  N/A |
| 43%   28C    P0    27W / 350W |      0MiB / 24268MiB |      0%      Default |
|                               |                      |                  N/A |
+-------------------------------+----------------------+----------------------+
                                                                               
+-----------------------------------------------------------------------------+
| Processes:                                                                  |
|  GPU   GI   CI        PID   Type   Process name                  GPU Memory |
|        ID   ID                                                   Usage      |
|=============================================================================|
|  No running processes found                                                 |
+-----------------------------------------------------------------------------+
nvcc: NVIDIA (R) Cuda compiler driver
Copyright (c) 2005-2020 NVIDIA Corporation
Built on Mon_Oct_12_20:09:46_PDT_2020
Cuda compilation tools, release 11.1, V11.1.105
Build cuda_11.1.TC455_06.29190527_0
START
----------------------------------------
xrob-base-bs24-lr5e-6-madgrad-cosann
----------------------------------------
fold 0
post-processing qa predictions: 1546 example predictions split into 3444 features.
initial vloss 1.3424706707398097, score 0.5254512367744111
language
hindi    0.532960
tamil    0.376091
Name: jaccard, dtype: float64
post-processing qa predictions: 1546 example predictions split into 3444 features.
epoch 0, tloss 1.192564626707848, vloss 1.0569427078298759, score 0.5285481236553243
language
hindi    0.535562
tamil    0.389023
Name: jaccard, dtype: float64
post-processing qa predictions: 1546 example predictions split into 3444 features.
epoch 1, tloss 0.9758844182985585, vloss 1.0220040858257562, score 0.5577651889199852
language
hindi    0.558823
tamil    0.536729
Name: jaccard, dtype: float64
post-processing qa predictions: 1546 example predictions split into 3444 features.
epoch 2, tloss 0.8104524417725174, vloss 1.1279310543969687, score 0.5469346161797779
language
hindi    0.551505
tamil    0.456020
Name: jaccard, dtype: float64
post-processing qa predictions: 1546 example predictions split into 3444 features.
epoch 3, tloss 0.6604880958743627, vloss 1.1090231848001066, score 0.5565795222142945
language
hindi    0.558952
tamil    0.509377
Name: jaccard, dtype: float64
post-processing qa predictions: 1546 example predictions split into 3444 features.
epoch 4, tloss 0.5111253896033723, vloss 1.170190908609786, score 0.5523080731581287
language
hindi    0.554288
tamil    0.512916
Name: jaccard, dtype: float64
early stopping.
fold 1
post-processing qa predictions: 1546 example predictions split into 3384 features.
initial vloss 1.3315376294314438, score 0.5503142167568003
language
hindi    0.562082
tamil    0.316222
Name: jaccard, dtype: float64
post-processing qa predictions: 1546 example predictions split into 3384 features.
epoch 0, tloss 1.2105118646286428, vloss 1.0609449951889667, score 0.5393963088163478
language
hindi    0.551727
tamil    0.294107
Name: jaccard, dtype: float64
post-processing qa predictions: 1546 example predictions split into 3384 features.
epoch 1, tloss 1.008169130422175, vloss 1.1067356767119667, score 0.5614596459867375
language
hindi    0.568971
tamil    0.412045
Name: jaccard, dtype: float64
post-processing qa predictions: 1546 example predictions split into 3384 features.
epoch 2, tloss 0.8677593605696328, vloss 1.0179373310839241, score 0.5722927275223674
language
hindi    0.578355
tamil    0.451705
Name: jaccard, dtype: float64
post-processing qa predictions: 1546 example predictions split into 3384 features.
epoch 3, tloss 0.6585729702168869, vloss 1.0255659103083115, score 0.5725855099637902
language
hindi    0.578251
tamil    0.459888
Name: jaccard, dtype: float64
post-processing qa predictions: 1546 example predictions split into 3384 features.
epoch 4, tloss 0.4972789400490001, vloss 1.109215033482529, score 0.5769504933539532
language
hindi    0.584039
tamil    0.435940
Name: jaccard, dtype: float64
post-processing qa predictions: 1546 example predictions split into 3384 features.
epoch 5, tloss 0.38103284029704, vloss 1.1831857859444348, score 0.5810306234649097
language
hindi    0.587474
tamil    0.452857
Name: jaccard, dtype: float64
post-processing qa predictions: 1546 example predictions split into 3384 features.
epoch 6, tloss 0.26603066983969054, vloss 1.2703177693922483, score 0.5664853840520071
language
hindi    0.572901
tamil    0.438867
Name: jaccard, dtype: float64
post-processing qa predictions: 1546 example predictions split into 3384 features.
epoch 7, tloss 0.18792275103401657, vloss 1.5916535246623755, score 0.5762191210822719
language
hindi    0.581765
tamil    0.465894
Name: jaccard, dtype: float64
post-processing qa predictions: 1546 example predictions split into 3384 features.
epoch 8, tloss 0.1385029018735319, vloss 1.6229736564073263, score 0.5813540312435653
language
hindi    0.587555
tamil    0.458012
Name: jaccard, dtype: float64
post-processing qa predictions: 1546 example predictions split into 3384 features.
epoch 9, tloss 0.10103727768081525, vloss 1.7279598273706156, score 0.5668130260615413
language
hindi    0.574539
tamil    0.413127
Name: jaccard, dtype: float64
fold 2
post-processing qa predictions: 1546 example predictions split into 3704 features.
initial vloss 1.2426805906718776, score 0.5466063806364831
language
hindi    0.554905
tamil    0.381532
Name: jaccard, dtype: float64
post-processing qa predictions: 1546 example predictions split into 3704 features.
epoch 0, tloss 1.2226487448965042, vloss 0.9027246667733115, score 0.5664172237984418
language
hindi    0.568454
tamil    0.525901
Name: jaccard, dtype: float64
post-processing qa predictions: 1546 example predictions split into 3704 features.
epoch 1, tloss 1.0101403980970807, vloss 0.931296162403399, score 0.5409046146451704
language
hindi    0.540980
tamil    0.539414
Name: jaccard, dtype: float64
post-processing qa predictions: 1546 example predictions split into 3704 features.
epoch 2, tloss 0.836949166115605, vloss 0.8921876793892514, score 0.5683613930152633
language
hindi    0.569171
tamil    0.552252
Name: jaccard, dtype: float64
post-processing qa predictions: 1546 example predictions split into 3704 features.
epoch 3, tloss 0.7025364485187174, vloss 0.9787003659778425, score 0.566926721498919
language
hindi    0.567563
tamil    0.554279
Name: jaccard, dtype: float64
post-processing qa predictions: 1546 example predictions split into 3704 features.
epoch 4, tloss 0.6371207618771607, vloss 1.0225116550501796, score 0.5638780265755762
language
hindi    0.567486
tamil    0.492117
Name: jaccard, dtype: float64
post-processing qa predictions: 1546 example predictions split into 3704 features.
epoch 5, tloss 0.4485983310025814, vloss 1.1197354082438735, score 0.5550690308151146
language
hindi    0.557271
tamil    0.511261
Name: jaccard, dtype: float64
early stopping.
fold 3
post-processing qa predictions: 1546 example predictions split into 3292 features.
initial vloss 1.3951203369575997, score 0.5438586732217987
language
hindi    0.552870
tamil    0.362035
Name: jaccard, dtype: float64
post-processing qa predictions: 1546 example predictions split into 3292 features.
epoch 0, tloss 1.1803667002710803, vloss 1.065616610540968, score 0.5418760226629363
language
hindi    0.546173
tamil    0.455175
Name: jaccard, dtype: float64
post-processing qa predictions: 1546 example predictions split into 3292 features.
epoch 1, tloss 0.9719934350457685, vloss 1.0519514167951285, score 0.5620058237652567
language
hindi    0.567583
tamil    0.449467
Name: jaccard, dtype: float64
post-processing qa predictions: 1546 example predictions split into 3292 features.
epoch 2, tloss 0.8038940233788614, vloss 1.0230045409103774, score 0.5749921401272897
language
hindi    0.580138
tamil    0.471157
Name: jaccard, dtype: float64
post-processing qa predictions: 1546 example predictions split into 3292 features.
epoch 3, tloss 0.673521070516315, vloss 1.0334914814836036, score 0.5715690180248785
language
hindi    0.575881
tamil    0.484562
Name: jaccard, dtype: float64
post-processing qa predictions: 1546 example predictions split into 3292 features.
epoch 4, tloss 0.5080708323881544, vloss 1.177817967136566, score 0.5698971311002681
language
hindi    0.573263
tamil    0.501979
Name: jaccard, dtype: float64
post-processing qa predictions: 1546 example predictions split into 3292 features.
epoch 5, tloss 0.37118591180649296, vloss 1.2727751769260436, score 0.5727406408831508
language
hindi    0.578171
tamil    0.463166
Name: jaccard, dtype: float64
early stopping.
fold 4
