Tue Aug 17 23:17:03 2021       
+-----------------------------------------------------------------------------+
| NVIDIA-SMI 460.80       Driver Version: 460.80       CUDA Version: 11.2     |
|-------------------------------+----------------------+----------------------+
| GPU  Name        Persistence-M| Bus-Id        Disp.A | Volatile Uncorr. ECC |
| Fan  Temp  Perf  Pwr:Usage/Cap|         Memory-Usage | GPU-Util  Compute M. |
|                               |                      |               MIG M. |
|===============================+======================+======================|
|   0  GeForce RTX 3090    Off  | 00000000:47:00.0 Off |                  N/A |
| 43%   31C    P0    44W / 350W |      0MiB / 24268MiB |      3%      Default |
|                               |                      |                  N/A |
+-------------------------------+----------------------+----------------------+
                                                                               
+-----------------------------------------------------------------------------+
| Processes:                                                                  |
|  GPU   GI   CI        PID   Type   Process name                  GPU Memory |
|        ID   ID                                                   Usage      |
|=============================================================================|
|  No running processes found                                                 |
+-----------------------------------------------------------------------------+
nvcc: NVIDIA (R) Cuda compiler driver
Copyright (c) 2005-2020 NVIDIA Corporation
Built on Mon_Oct_12_20:09:46_PDT_2020
Cuda compilation tools, release 11.1, V11.1.105
Build cuda_11.1.TC455_06.29190527_0
START
----------------------------------------
xrob-base-bs24-lr5e-6-madgrad-nosched
----------------------------------------
fold 0
post-processing qa predictions: 1546 example predictions split into 3444 features.
initial vloss 1.3424706707398097, score 0.5254512367744111
language
hindi    0.532960
tamil    0.376091
Name: jaccard, dtype: float64
post-processing qa predictions: 1546 example predictions split into 3444 features.
epoch 0, tloss 1.180396190451828, vloss 1.031098976213899, score 0.5298945523141783
language
hindi    0.535892
tamil    0.410603
Name: jaccard, dtype: float64
post-processing qa predictions: 1546 example predictions split into 3444 features.
epoch 1, tloss 0.9943950746325251, vloss 0.999505566743513, score 0.5532288722095317
language
hindi    0.557453
tamil    0.469212
Name: jaccard, dtype: float64
post-processing qa predictions: 1546 example predictions split into 3444 features.
epoch 2, tloss 0.8202316285685379, vloss 1.0869805864414148, score 0.5439498239000699
language
hindi    0.550730
tamil    0.409087
Name: jaccard, dtype: float64
post-processing qa predictions: 1546 example predictions split into 3444 features.
epoch 3, tloss 0.7072727748481654, vloss 1.0296576144044391, score 0.5425912352599064
language
hindi    0.546846
tamil    0.457961
Name: jaccard, dtype: float64
post-processing qa predictions: 1546 example predictions split into 3444 features.
epoch 4, tloss 0.624729819258331, vloss 1.0744888206956804, score 0.5464024887511758
language
hindi    0.550371
tamil    0.467469
Name: jaccard, dtype: float64
early stopping.
fold 1
post-processing qa predictions: 1546 example predictions split into 3384 features.
initial vloss 1.3315376294314438, score 0.5503142167568003
language
hindi    0.562082
tamil    0.316222
Name: jaccard, dtype: float64
post-processing qa predictions: 1546 example predictions split into 3384 features.
epoch 0, tloss 1.1999492710973654, vloss 1.132056644008039, score 0.5511207635895269
language
hindi    0.560573
tamil    0.363095
Name: jaccard, dtype: float64
post-processing qa predictions: 1546 example predictions split into 3384 features.
epoch 1, tloss 0.990162054904633, vloss 0.9570644045519437, score 0.5749940726886061
language
hindi    0.584934
tamil    0.377268
Name: jaccard, dtype: float64
post-processing qa predictions: 1546 example predictions split into 3384 features.
epoch 2, tloss 0.8993224401751326, vloss 1.02807864503182, score 0.5786553309969357
language
hindi    0.588117
tamil    0.390444
Name: jaccard, dtype: float64
post-processing qa predictions: 1546 example predictions split into 3384 features.
epoch 3, tloss 0.736020546949779, vloss 1.034238423125039, score 0.5694660639836219
language
hindi    0.573816
tamil    0.482947
Name: jaccard, dtype: float64
post-processing qa predictions: 1546 example predictions split into 3384 features.
epoch 4, tloss 0.603835315676406, vloss 1.0524161343680734, score 0.5593219708081538
language
hindi    0.564709
tamil    0.452156
Name: jaccard, dtype: float64
post-processing qa predictions: 1546 example predictions split into 3384 features.
epoch 5, tloss 0.5068296584973319, vloss 1.1660341615227203, score 0.5632084439934851
language
hindi    0.57064
tamil    0.41538
Name: jaccard, dtype: float64
early stopping.
fold 2
post-processing qa predictions: 1546 example predictions split into 3704 features.
initial vloss 1.2426805906718776, score 0.5466063806364831
language
hindi    0.554905
tamil    0.381532
Name: jaccard, dtype: float64
post-processing qa predictions: 1546 example predictions split into 3704 features.
epoch 0, tloss 1.2579428188860098, vloss 0.9405340514656517, score 0.5436808693761297
language
hindi    0.547737
tamil    0.462999
Name: jaccard, dtype: float64
post-processing qa predictions: 1546 example predictions split into 3704 features.
epoch 1, tloss 1.113366045917965, vloss 1.010552921218257, score 0.5132442613990673
language
hindi    0.513208
tamil    0.513964
Name: jaccard, dtype: float64
post-processing qa predictions: 1546 example predictions split into 3704 features.
epoch 2, tloss 0.897404210949664, vloss 0.9449146842343673, score 0.5505475649900973
language
hindi    0.552183
tamil    0.518018
Name: jaccard, dtype: float64
post-processing qa predictions: 1546 example predictions split into 3704 features.
epoch 3, tloss 0.7630507838556653, vloss 1.1635206855734015, score 0.5399274847725984
language
hindi    0.539844
tamil    0.541580
Name: jaccard, dtype: float64
post-processing qa predictions: 1546 example predictions split into 3704 features.
epoch 4, tloss 0.6547659094549623, vloss 0.9923665051724041, score 0.5488403064718584
language
hindi    0.547947
tamil    0.566602
Name: jaccard, dtype: float64
post-processing qa predictions: 1546 example predictions split into 3704 features.
epoch 5, tloss 0.5337130869234222, vloss 1.1085351066303348, score 0.5544807395047783
language
hindi    0.556257
tamil    0.519144
Name: jaccard, dtype: float64
post-processing qa predictions: 1546 example predictions split into 3704 features.
epoch 6, tloss 0.4716325759437749, vloss 1.1104195592414228, score 0.5332313685466412
language
hindi    0.532298
tamil    0.551802
Name: jaccard, dtype: float64
post-processing qa predictions: 1546 example predictions split into 3704 features.
epoch 7, tloss 0.39471951563764845, vloss 1.2006796949122462, score 0.5460842462825737
language
hindi    0.550892
tamil    0.450450
Name: jaccard, dtype: float64
post-processing qa predictions: 1546 example predictions split into 3704 features.
epoch 8, tloss 0.38029238065873433, vloss 1.3601231399022282, score 0.5426690388840649
language
hindi    0.544078
tamil    0.514640
Name: jaccard, dtype: float64
early stopping.
fold 3
post-processing qa predictions: 1546 example predictions split into 3292 features.
initial vloss 1.3951203369575997, score 0.5438586732217987
language
hindi    0.552870
tamil    0.362035
Name: jaccard, dtype: float64
post-processing qa predictions: 1546 example predictions split into 3292 features.
epoch 0, tloss 1.2008590397649799, vloss 1.0957818623038307, score 0.5480291066025232
language
hindi    0.553689
tamil    0.433825
Name: jaccard, dtype: float64
post-processing qa predictions: 1546 example predictions split into 3292 features.
epoch 1, tloss 0.9655139042128776, vloss 1.0100039528763813, score 0.5728406098010049
language
hindi    0.579215
tamil    0.444216
Name: jaccard, dtype: float64
post-processing qa predictions: 1546 example predictions split into 3292 features.
epoch 2, tloss 0.8415503342603815, vloss 1.0312602681958156, score 0.5484024356073735
language
hindi    0.552593
tamil    0.463851
Name: jaccard, dtype: float64
post-processing qa predictions: 1546 example predictions split into 3292 features.
epoch 3, tloss 0.7043137402883891, vloss 1.0788712973497214, score 0.5577902778653415
language
hindi    0.566414
tamil    0.383790
Name: jaccard, dtype: float64
post-processing qa predictions: 1546 example predictions split into 3292 features.
epoch 4, tloss 0.5960469955514217, vloss 1.1836992330019078, score 0.5609834784642725
language
hindi    0.568258
tamil    0.414193
Name: jaccard, dtype: float64
early stopping.
fold 4
post-processing qa predictions: 1545 example predictions split into 3376 features.
initial vloss 1.3021498303464119, score 0.5483619453150541
language
hindi    0.555804
tamil    0.398288
Name: jaccard, dtype: float64
post-processing qa predictions: 1545 example predictions split into 3376 features.
epoch 0, tloss 1.1942160257862673, vloss 0.9980135567202266, score 0.5569780967831249
language
hindi    0.562406
tamil    0.447533
Name: jaccard, dtype: float64
