Tue Aug 17 23:13:45 2021       
+-----------------------------------------------------------------------------+
| NVIDIA-SMI 460.80       Driver Version: 460.80       CUDA Version: 11.2     |
|-------------------------------+----------------------+----------------------+
| GPU  Name        Persistence-M| Bus-Id        Disp.A | Volatile Uncorr. ECC |
| Fan  Temp  Perf  Pwr:Usage/Cap|         Memory-Usage | GPU-Util  Compute M. |
|                               |                      |               MIG M. |
|===============================+======================+======================|
|   0  GeForce RTX 3090    Off  | 00000000:3E:00.0 Off |                  N/A |
| 71%   54C    P0    38W / 350W |      0MiB / 24268MiB |      0%      Default |
|                               |                      |                  N/A |
+-------------------------------+----------------------+----------------------+
                                                                               
+-----------------------------------------------------------------------------+
| Processes:                                                                  |
|  GPU   GI   CI        PID   Type   Process name                  GPU Memory |
|        ID   ID                                                   Usage      |
|=============================================================================|
|  No running processes found                                                 |
+-----------------------------------------------------------------------------+
nvcc: NVIDIA (R) Cuda compiler driver
Copyright (c) 2005-2020 NVIDIA Corporation
Built on Mon_Oct_12_20:09:46_PDT_2020
Cuda compilation tools, release 11.1, V11.1.105
Build cuda_11.1.TC455_06.29190527_0
START
----------------------------------------
xrob-base-bs24-lr2e-5-madgrad-cosann
----------------------------------------
fold 0
post-processing qa predictions: 1546 example predictions split into 3444 features.
initial vloss 1.3424706707398097, score 0.5254512367744111
language
hindi    0.532960
tamil    0.376091
Name: jaccard, dtype: float64
post-processing qa predictions: 1546 example predictions split into 3444 features.
epoch 0, tloss 1.4531108641458306, vloss 1.2349770757330891, score 0.4801021940639782
language
hindi    0.486035
tamil    0.362093
Name: jaccard, dtype: float64
post-processing qa predictions: 1546 example predictions split into 3444 features.
epoch 1, tloss 1.2102740035759032, vloss 1.1777308295196336, score 0.4739986768735882
language
hindi    0.476876
tamil    0.416762
Name: jaccard, dtype: float64
post-processing qa predictions: 1546 example predictions split into 3444 features.
epoch 2, tloss 1.229950595192793, vloss 1.1725109488987882, score 0.4875123305841865
language
hindi    0.494563
tamil    0.347253
Name: jaccard, dtype: float64
post-processing qa predictions: 1546 example predictions split into 3444 features.
epoch 3, tloss 0.8766524712279283, vloss 1.1940297909378488, score 0.5141701493510892
language
hindi    0.516799
tamil    0.461868
Name: jaccard, dtype: float64
post-processing qa predictions: 1546 example predictions split into 3444 features.
epoch 4, tloss 0.7136296642496404, vloss 1.1183668192889955, score 0.5329586980265385
language
hindi    0.535002
tamil    0.492308
Name: jaccard, dtype: float64
post-processing qa predictions: 1546 example predictions split into 3444 features.
epoch 5, tloss 0.4810610852668302, vloss 1.2354395896610286, score 0.538142969191814
language
hindi    0.540949
tamil    0.482333
Name: jaccard, dtype: float64
post-processing qa predictions: 1546 example predictions split into 3444 features.
epoch 6, tloss 0.3041907229009717, vloss 1.3566586629668664, score 0.5301780010191612
language
hindi    0.533580
tamil    0.462514
Name: jaccard, dtype: float64
post-processing qa predictions: 1546 example predictions split into 3444 features.
epoch 7, tloss 0.1885730415949345, vloss 1.5805546833273385, score 0.5319774264373333
language
hindi    0.533423
tamil    0.503215
Name: jaccard, dtype: float64
post-processing qa predictions: 1546 example predictions split into 3444 features.
epoch 8, tloss 0.11303848952062279, vloss 1.7342550565291377, score 0.5406701803907022
language
hindi    0.543391
tamil    0.486548
Name: jaccard, dtype: float64
post-processing qa predictions: 1546 example predictions split into 3444 features.
epoch 9, tloss 0.07553648225474739, vloss 1.9087346197411534, score 0.5425417654476743
language
hindi    0.545195
tamil    0.489766
Name: jaccard, dtype: float64
fold 1
post-processing qa predictions: 1546 example predictions split into 3384 features.
initial vloss 1.3315376294314438, score 0.5503142167568003
language
hindi    0.562082
tamil    0.316222
Name: jaccard, dtype: float64
post-processing qa predictions: 1546 example predictions split into 3384 features.
epoch 0, tloss 1.4220429073708754, vloss 1.26849383728724, score 0.47083023110093286
language
hindi    0.478467
tamil    0.318919
Name: jaccard, dtype: float64
post-processing qa predictions: 1546 example predictions split into 3384 features.
epoch 1, tloss 3.81311889924109, vloss 6.238324500144796, score 0.028345173647320265
language
hindi    0.029728
tamil    0.000845
Name: jaccard, dtype: float64
post-processing qa predictions: 1546 example predictions split into 3384 features.
epoch 2, tloss 6.242378570139408, vloss 6.238324784217997, score 0.02538906334845742
language
hindi    0.026466
tamil    0.003959
Name: jaccard, dtype: float64
post-processing qa predictions: 1546 example predictions split into 3384 features.
epoch 3, tloss 6.241792324516508, vloss 6.238324987127426, score 0.028884342364315946
language
hindi    0.030280
tamil    0.001126
Name: jaccard, dtype: float64
early stopping.
fold 2
post-processing qa predictions: 1546 example predictions split into 3704 features.
initial vloss 1.2426805906718776, score 0.5466063806364831
language
hindi    0.554905
tamil    0.381532
Name: jaccard, dtype: float64
post-processing qa predictions: 1546 example predictions split into 3704 features.
epoch 0, tloss 1.5096969155604631, vloss 1.4582906685529216, score 0.3745533068498813
language
hindi    0.378744
tamil    0.291184
Name: jaccard, dtype: float64
post-processing qa predictions: 1546 example predictions split into 3704 features.
epoch 1, tloss 1.2318415901694797, vloss 1.047947451388163, score 0.5026873467126551
language
hindi    0.504011
tamil    0.476351
Name: jaccard, dtype: float64
post-processing qa predictions: 1546 example predictions split into 3704 features.
epoch 2, tloss 1.2442754529826807, vloss 1.1613946443423628, score 0.47799405550347823
language
hindi    0.498480
tamil    0.070495
Name: jaccard, dtype: float64
post-processing qa predictions: 1546 example predictions split into 3704 features.
epoch 3, tloss 4.262005766003424, vloss 6.23830024350074, score 0.02542176687442157
language
hindi    0.02657
tamil    0.00259
Name: jaccard, dtype: float64
post-processing qa predictions: 1546 example predictions split into 3704 features.
epoch 4, tloss 6.24135028405469, vloss 6.238322734832764, score 0.02405346540842668
language
hindi    0.025223
tamil    0.000795
Name: jaccard, dtype: float64
early stopping.
fold 3
post-processing qa predictions: 1546 example predictions split into 3292 features.
initial vloss 1.3951203369575997, score 0.5438586732217987
language
hindi    0.552870
tamil    0.362035
Name: jaccard, dtype: float64
post-processing qa predictions: 1546 example predictions split into 3292 features.
epoch 0, tloss 1.4270162409749525, vloss 1.2646122243579314, score 0.4693723699102844
language
hindi    0.475002
tamil    0.355784
Name: jaccard, dtype: float64
post-processing qa predictions: 1546 example predictions split into 3292 features.
epoch 1, tloss 1.2501911789178848, vloss 1.322132252588652, score 0.4831365040439112
language
hindi    0.486236
tamil    0.420602
Name: jaccard, dtype: float64
post-processing qa predictions: 1546 example predictions split into 3292 features.
epoch 2, tloss 1.2155375308517753, vloss 1.268650160346558, score 0.5212596100119177
language
hindi    0.528146
tamil    0.382306
Name: jaccard, dtype: float64
post-processing qa predictions: 1546 example predictions split into 3292 features.
epoch 3, tloss 0.8837665558375162, vloss 1.1660929770897264, score 0.5314827623064066
language
hindi    0.536718
tamil    0.425837
Name: jaccard, dtype: float64
post-processing qa predictions: 1546 example predictions split into 3292 features.
epoch 4, tloss 0.6946144064181837, vloss 1.1501557283251937, score 0.5283452989369298
language
hindi    0.534270
tamil    0.408806
Name: jaccard, dtype: float64
post-processing qa predictions: 1546 example predictions split into 3292 features.
epoch 5, tloss 0.4859313597324593, vloss 1.192660798413166, score 0.5461045211803274
language
hindi    0.550517
tamil    0.457078
Name: jaccard, dtype: float64
post-processing qa predictions: 1546 example predictions split into 3292 features.
epoch 6, tloss 0.3030265925516342, vloss 1.4021278765281169, score 0.5466624228611301
language
hindi    0.551485
tamil    0.449359
Name: jaccard, dtype: float64
post-processing qa predictions: 1546 example predictions split into 3292 features.
epoch 7, tloss 0.1826934226322919, vloss 1.6177049221266804, score 0.5479005628516719
language
hindi    0.551855
tamil    0.468113
Name: jaccard, dtype: float64
