Tue Aug 17 23:16:50 2021       
+-----------------------------------------------------------------------------+
| NVIDIA-SMI 460.80       Driver Version: 460.80       CUDA Version: 11.2     |
|-------------------------------+----------------------+----------------------+
| GPU  Name        Persistence-M| Bus-Id        Disp.A | Volatile Uncorr. ECC |
| Fan  Temp  Perf  Pwr:Usage/Cap|         Memory-Usage | GPU-Util  Compute M. |
|                               |                      |               MIG M. |
|===============================+======================+======================|
|   0  GeForce RTX 3090    Off  | 00000000:42:00.0 Off |                  N/A |
| 42%   29C    P0    45W / 350W |      0MiB / 24268MiB |      3%      Default |
|                               |                      |                  N/A |
+-------------------------------+----------------------+----------------------+
                                                                               
+-----------------------------------------------------------------------------+
| Processes:                                                                  |
|  GPU   GI   CI        PID   Type   Process name                  GPU Memory |
|        ID   ID                                                   Usage      |
|=============================================================================|
|  No running processes found                                                 |
+-----------------------------------------------------------------------------+
nvcc: NVIDIA (R) Cuda compiler driver
Copyright (c) 2005-2020 NVIDIA Corporation
Built on Mon_Oct_12_20:09:46_PDT_2020
Cuda compilation tools, release 11.1, V11.1.105
Build cuda_11.1.TC455_06.29190527_0
START
----------------------------------------
xrob-base-bs24-lr2e-5-madgrad-nosched
----------------------------------------
fold 0
post-processing qa predictions: 1546 example predictions split into 3444 features.
initial vloss 1.3424706707398097, score 0.5254512367744111
language
hindi    0.532960
tamil    0.376091
Name: jaccard, dtype: float64
post-processing qa predictions: 1546 example predictions split into 3444 features.
epoch 0, tloss 1.2006431073469568, vloss 1.0927977776154876, score 0.5082695188630085
language
hindi    0.512871
tamil    0.416745
Name: jaccard, dtype: float64
post-processing qa predictions: 1546 example predictions split into 3444 features.
epoch 1, tloss 1.0008146558800641, vloss 1.0423988569269165, score 0.5479308984852745
language
hindi    0.550309
tamil    0.500629
Name: jaccard, dtype: float64
post-processing qa predictions: 1546 example predictions split into 3444 features.
epoch 2, tloss 0.8377551832836679, vloss 1.0442035815859627, score 0.534439648908352
language
hindi    0.537390
tamil    0.475754
Name: jaccard, dtype: float64
post-processing qa predictions: 1546 example predictions split into 3444 features.
epoch 3, tloss 0.7137410657850292, vloss 1.1117639150955558, score 0.5321838043965632
language
hindi    0.539368
tamil    0.389267
Name: jaccard, dtype: float64
post-processing qa predictions: 1546 example predictions split into 3444 features.
epoch 4, tloss 0.6496779419715396, vloss 1.1833325930702914, score 0.5515082075816705
language
hindi    0.554008
tamil    0.501774
Name: jaccard, dtype: float64
post-processing qa predictions: 1546 example predictions split into 3444 features.
epoch 5, tloss 0.5392685041792094, vloss 1.2783004877985351, score 0.5192303944019934
language
hindi    0.523420
tamil    0.435889
Name: jaccard, dtype: float64
post-processing qa predictions: 1546 example predictions split into 3444 features.
epoch 6, tloss 0.4564619007283491, vloss 1.2511306762591832, score 0.5391239710234039
language
hindi    0.542298
tamil    0.475979
Name: jaccard, dtype: float64
post-processing qa predictions: 1546 example predictions split into 3444 features.
epoch 7, tloss 0.37394911198769715, vloss 1.2210406238704712, score 0.5331786687304217
language
hindi    0.533292
tamil    0.530934
Name: jaccard, dtype: float64
early stopping.
fold 1
post-processing qa predictions: 1546 example predictions split into 3384 features.
initial vloss 1.3315376294314438, score 0.5503142167568003
language
hindi    0.562082
tamil    0.316222
Name: jaccard, dtype: float64
post-processing qa predictions: 1546 example predictions split into 3384 features.
epoch 0, tloss 1.2027369677089155, vloss 1.0251699904944245, score 0.5668489472172077
language
hindi    0.572207
tamil    0.460264
Name: jaccard, dtype: float64
post-processing qa predictions: 1546 example predictions split into 3384 features.
epoch 1, tloss 0.9705668911855254, vloss 1.0394002765760566, score 0.5656012127713923
language
hindi    0.572203
tamil    0.434282
Name: jaccard, dtype: float64
post-processing qa predictions: 1546 example predictions split into 3384 features.
epoch 2, tloss 0.8527398013975471, vloss 1.0067295517164765, score 0.5596690785654143
language
hindi    0.567727
tamil    0.399389
Name: jaccard, dtype: float64
post-processing qa predictions: 1546 example predictions split into 3384 features.
epoch 3, tloss 0.6980872281516591, vloss 1.0305430555273614, score 0.5690300589767638
language
hindi    0.572858
tamil    0.492889
Name: jaccard, dtype: float64
post-processing qa predictions: 1546 example predictions split into 3384 features.
epoch 4, tloss 0.5956862094010122, vloss 1.072556063384214, score 0.5579191426064993
language
hindi    0.564999
tamil    0.417096
Name: jaccard, dtype: float64
post-processing qa predictions: 1546 example predictions split into 3384 features.
epoch 5, tloss 0.5296678130139804, vloss 1.1751855350717084, score 0.552247636856701
language
hindi    0.560903
tamil    0.380068
Name: jaccard, dtype: float64
post-processing qa predictions: 1546 example predictions split into 3384 features.
epoch 6, tloss 0.4686169918988728, vloss 1.1604006426484845, score 0.5643365787827278
language
hindi    0.567670
tamil    0.498037
Name: jaccard, dtype: float64
early stopping.
fold 2
post-processing qa predictions: 1546 example predictions split into 3704 features.
initial vloss 1.2426805906718776, score 0.5466063806364831
language
hindi    0.554905
tamil    0.381532
Name: jaccard, dtype: float64
post-processing qa predictions: 1546 example predictions split into 3704 features.
epoch 0, tloss 1.2598959193771728, vloss 1.0059272192899258, score 0.5346868995848956
language
hindi    0.537272
tamil    0.483269
Name: jaccard, dtype: float64
post-processing qa predictions: 1546 example predictions split into 3704 features.
epoch 1, tloss 1.0122336363072506, vloss 0.9294250480462647, score 0.5587844158871589
language
hindi    0.559977
tamil    0.535071
Name: jaccard, dtype: float64
post-processing qa predictions: 1546 example predictions split into 3704 features.
epoch 2, tloss 0.8588707017485667, vloss 0.9365973491401922, score 0.5458693748721628
language
hindi    0.544892
tamil    0.565315
Name: jaccard, dtype: float64
post-processing qa predictions: 1546 example predictions split into 3704 features.
epoch 3, tloss 0.7990580465293905, vloss 0.9419158865817853, score 0.5387209932352764
language
hindi    0.541800
tamil    0.477477
Name: jaccard, dtype: float64
post-processing qa predictions: 1546 example predictions split into 3704 features.
epoch 4, tloss 0.7011588106782144, vloss 0.9553973201932686, score 0.551792454886126
language
hindi    0.553199
tamil    0.523810
Name: jaccard, dtype: float64
early stopping.
fold 3
post-processing qa predictions: 1546 example predictions split into 3292 features.
initial vloss 1.3951203369575997, score 0.5438586732217987
language
hindi    0.552870
tamil    0.362035
Name: jaccard, dtype: float64
post-processing qa predictions: 1546 example predictions split into 3292 features.
epoch 0, tloss 1.2158408070946563, vloss 1.076497804241903, score 0.538097855586733
language
hindi    0.544508
tamil    0.408752
Name: jaccard, dtype: float64
post-processing qa predictions: 1546 example predictions split into 3292 features.
epoch 1, tloss 0.9852470215024619, vloss 1.0388019075212271, score 0.5478902908355703
language
hindi    0.553617
tamil    0.432344
Name: jaccard, dtype: float64
post-processing qa predictions: 1546 example predictions split into 3292 features.
epoch 2, tloss 0.8417533448415584, vloss 1.060530490781842, score 0.564076763822788
language
hindi    0.571629
tamil    0.411682
Name: jaccard, dtype: float64
post-processing qa predictions: 1546 example predictions split into 3292 features.
epoch 3, tloss 0.7126799565964732, vloss 1.2159933069639879, score 0.5576664278132599
language
hindi    0.565122
tamil    0.407230
Name: jaccard, dtype: float64
post-processing qa predictions: 1546 example predictions split into 3292 features.
epoch 4, tloss 0.6374610528349877, vloss 1.1124880902631127, score 0.5472082934136301
language
hindi    0.555088
tamil    0.388204
Name: jaccard, dtype: float64
post-processing qa predictions: 1546 example predictions split into 3292 features.
epoch 5, tloss 0.5529856078069786, vloss 1.2310385503266277, score 0.568664772148282
language
hindi    0.576105
tamil    0.418531
Name: jaccard, dtype: float64
