Thu Aug 19 00:56:44 2021       
+-----------------------------------------------------------------------------+
| NVIDIA-SMI 460.80       Driver Version: 460.80       CUDA Version: 11.2     |
|-------------------------------+----------------------+----------------------+
| GPU  Name        Persistence-M| Bus-Id        Disp.A | Volatile Uncorr. ECC |
| Fan  Temp  Perf  Pwr:Usage/Cap|         Memory-Usage | GPU-Util  Compute M. |
|                               |                      |               MIG M. |
|===============================+======================+======================|
|   0  GeForce RTX 3090    Off  | 00000000:46:00.0 Off |                  N/A |
| 52%   53C    P0    57W / 350W |      0MiB / 24268MiB |      3%      Default |
|                               |                      |                  N/A |
+-------------------------------+----------------------+----------------------+
                                                                               
+-----------------------------------------------------------------------------+
| Processes:                                                                  |
|  GPU   GI   CI        PID   Type   Process name                  GPU Memory |
|        ID   ID                                                   Usage      |
|=============================================================================|
|  No running processes found                                                 |
+-----------------------------------------------------------------------------+
nvcc: NVIDIA (R) Cuda compiler driver
Copyright (c) 2005-2020 NVIDIA Corporation
Built on Mon_Oct_12_20:09:46_PDT_2020
Cuda compilation tools, release 11.1, V11.1.105
Build cuda_11.1.TC455_06.29190527_0
START
----------------------------------------
2021-08-19 00:57:31.703859
xrob-large-optuna-subspace-adamw-cosann0.05wu-5ep-fold0
----------------------------------------
2021-08-19 00:58:37.063844
initial vloss 1.513, score 0.632
epoch 0, tloss 0.1371422565669594, vloss 0.9392893793318087, score 0.6525958616329118
epoch 1, tloss 0.10976637001674243, vloss 0.8682016678820126, score 0.6586904721549175
epoch 2, tloss 0.10238702392689503, vloss 0.8561610313114495, score 0.6642795208142787
epoch 3, tloss 0.09895130274272813, vloss 0.8517385943056955, score 0.6711365945095918
epoch 4, tloss 0.09703331820514095, vloss 0.8498398113201778, score 0.6702709021836648
2021-08-19 02:04:42.569737
initial vloss 1.513, score 0.632
2021-08-19 02:18:02.345385
initial vloss 1.513, score 0.632
epoch 0, tloss 0.14522416596404755, vloss 0.9877594668107729, score 0.6572493795686568
epoch 1, tloss 0.11612709545636479, vloss 0.922795656362238, score 0.6584537319370588
epoch 2, tloss 0.1087482231902099, vloss 0.8956054353052213, score 0.6628799536902461
epoch 3, tloss 0.10543055319513019, vloss 0.8867235946592886, score 0.6616796363383834
epoch 4, tloss 0.10402285478528614, vloss 0.8850636079382056, score 0.6626735410710718
2021-08-19 03:24:04.788861
initial vloss 1.513, score 0.632
2021-08-19 03:37:20.374917
initial vloss 1.513, score 0.632
2021-08-19 03:50:34.297887
initial vloss 1.513, score 0.632
2021-08-19 04:04:21.229214
initial vloss 1.513, score 0.632
2021-08-19 04:17:38.057084
initial vloss 1.513, score 0.632
2021-08-19 04:32:21.664391
initial vloss 1.513, score 0.632
epoch 0, tloss 0.13997612151667035, vloss 0.9512238971951704, score 0.6526302723207511
epoch 1, tloss 0.11078954776361666, vloss 0.8766904759907331, score 0.6677089771111352
epoch 2, tloss 0.10352164041868457, vloss 0.8587164459186636, score 0.667738952180082
epoch 3, tloss 0.09918836162904432, vloss 0.847328245542042, score 0.669253831191985
epoch 4, tloss 0.09797788978817594, vloss 0.8493759653091473, score 0.6696594567081484
2021-08-19 05:38:21.964884
initial vloss 1.513, score 0.632
2021-08-19 05:53:06.244099
initial vloss 1.513, score 0.632
epoch 0, tloss 0.8788807011103328, vloss 0.8029061721271809, score 0.6745884844891074
epoch 1, tloss 0.6053012773762847, vloss 0.8075123544289874, score 0.6816221732440217
epoch 2, tloss 0.403162661376238, vloss 0.900957249213407, score 0.6840231965597973
epoch 3, tloss 0.2830788538515604, vloss 0.9782313230852313, score 0.685225704810223
epoch 4, tloss 0.22114240977241736, vloss 1.0440776931422124, score 0.6813398343405515
2021-08-19 07:16:19.872396
initial vloss 1.513, score 0.632
epoch 0, tloss 0.8825692519087472, vloss 0.8196465144233326, score 0.6720351753634771
epoch 1, tloss 0.6089373040829817, vloss 0.7978266158471039, score 0.6839093309650073
epoch 2, tloss 0.4060001449503404, vloss 0.8724164956825217, score 0.6827797045278751
epoch 3, tloss 0.2808224434429368, vloss 1.0257164624346515, score 0.6790386189639889
epoch 4, tloss 0.2221543915466489, vloss 1.0546043115404757, score 0.682957243287744
2021-08-19 08:39:32.450078
initial vloss 1.513, score 0.632
epoch 0, tloss 0.8835103808755685, vloss 0.803579116157459, score 0.6762871254513935
epoch 1, tloss 0.6012044581862513, vloss 0.8009401099469053, score 0.6786325220245725
epoch 2, tloss 0.3794658881280349, vloss 0.8825762037138188, score 0.6754742808136751
epoch 3, tloss 0.2595171110728119, vloss 1.035940548351545, score 0.6774645011396657
epoch 4, tloss 0.19751793038798357, vloss 1.1077335747935275, score 0.6793586588671755
2021-08-19 10:02:38.177774
initial vloss 1.513, score 0.632
epoch 0, tloss 0.8769997219056017, vloss 0.792225175357061, score 0.6840963206229005
epoch 1, tloss 0.5867757503574264, vloss 0.8031169095988541, score 0.6805657736980895
epoch 2, tloss 0.379058097143932, vloss 0.9024044623569166, score 0.6876677675002484
epoch 3, tloss 0.23818505845959465, vloss 1.0578194297209569, score 0.678046564823163
epoch 4, tloss 0.17864810905322173, vloss 1.1209121213172646, score 0.6800966274788076
2021-08-19 11:25:46.973008
initial vloss 1.513, score 0.632
2021-08-19 11:39:14.018697
initial vloss 1.513, score 0.632
2021-08-19 11:56:00.294508
initial vloss 1.513, score 0.632
epoch 0, tloss 0.8876046485359084, vloss 0.7854095885356984, score 0.6770497723171878
2021-08-19 12:29:23.508614
initial vloss 1.513, score 0.632
2021-08-19 12:46:06.524902
initial vloss 1.513, score 0.632
2021-08-19 12:59:32.926591
initial vloss 1.513, score 0.632
2021-08-19 13:13:18.375092
initial vloss 1.513, score 0.632
2021-08-19 13:30:03.134077
initial vloss 1.513, score 0.632
epoch 0, tloss 0.8838305032804761, vloss 0.7997579865391554, score 0.6809869797865853
epoch 1, tloss 0.6061807951164073, vloss 0.8321571586113397, score 0.6813666680899573
epoch 2, tloss 0.3977941694102997, vloss 0.8609008470057, score 0.6809003319161631
epoch 3, tloss 0.260288253520863, vloss 1.0357063088229226, score 0.6767694565427377
epoch 4, tloss 0.2068949753599328, vloss 1.0879591057296683, score 0.6763155597792623
2021-08-19 14:53:16.329601
initial vloss 1.513, score 0.632
epoch 0, tloss 0.8832275449124857, vloss 0.788926869455519, score 0.676958271209146
2021-08-19 15:26:41.374114
initial vloss 1.513, score 0.632
2021-08-19 15:43:30.873689
initial vloss 1.513, score 0.632
epoch 0, tloss 0.887100687761347, vloss 0.8254635782643349, score 0.6739675568272141
2021-08-19 16:17:01.214597
initial vloss 1.513, score 0.632
epoch 0, tloss 0.9227435087101369, vloss 0.7920601788717203, score 0.6748622561613091
epoch 1, tloss 0.6811844924573729, vloss 0.7651473015290834, score 0.6822544716513279
epoch 2, tloss 0.5479338977434248, vloss 0.8101431759785882, score 0.6869037469731668
epoch 3, tloss 0.459644273830653, vloss 0.8329893437027632, score 0.6875904565634992
epoch 4, tloss 0.42132679065841017, vloss 0.8450495234117859, score 0.6871048689669519
2021-08-19 17:40:38.293934
initial vloss 1.513, score 0.632
2021-08-19 17:55:24.839600
initial vloss 1.513, score 0.632
epoch 0, tloss 0.9331661451466476, vloss 0.8124556929796176, score 0.6777025929858753
2021-08-19 18:28:51.468503
initial vloss 1.513, score 0.632
2021-08-19 18:42:20.402488
initial vloss 1.513, score 0.632
2021-08-19 18:56:08.267207
initial vloss 1.513, score 0.632
epoch 0, tloss 0.9161736899970022, vloss 0.7973023229402502, score 0.6798692669223613
epoch 1, tloss 0.6665151395698568, vloss 0.7745268502825079, score 0.6839025861259482
epoch 2, tloss 0.5450318466160152, vloss 0.7998400729577182, score 0.6822282215648139
epoch 3, tloss 0.4653379327789928, vloss 0.8270770542459407, score 0.6799108084543951
epoch 4, tloss 0.4237668962813487, vloss 0.8399602247570538, score 0.6828034202089835
2021-08-19 20:19:34.048563
initial vloss 1.513, score 0.632
epoch 0, tloss 0.8868295922156844, vloss 0.813426320624925, score 0.6754605502935417
epoch 1, tloss 0.5914306103994574, vloss 0.8490867714193137, score 0.6849202577767076
epoch 2, tloss 0.3812113196924194, vloss 0.8958406860839414, score 0.679449853731061
epoch 3, tloss 0.24307273909889696, vloss 1.053905574603936, score 0.6786201441149223
epoch 4, tloss 0.18841567082693234, vloss 1.11227054375996, score 0.6728669527652511
2021-08-19 21:42:51.785892
initial vloss 1.513, score 0.632
epoch 0, tloss 0.8788501582074194, vloss 0.8011826641633748, score 0.6754110850180441
2021-08-19 22:16:11.878437
initial vloss 1.513, score 0.632
epoch 0, tloss 0.8895683393394322, vloss 0.7937018632770886, score 0.6818032859450557
epoch 1, tloss 0.6189748450637654, vloss 0.8017695138958889, score 0.6821931588736537
epoch 2, tloss 0.4365848310880089, vloss 0.8456852338084644, score 0.6846151364200118
epoch 3, tloss 0.31938855958998097, vloss 0.957253295291435, score 0.6835956350420759
epoch 4, tloss 0.2721512533225806, vloss 0.9843179998573014, score 0.6799666989987433
2021-08-19 23:39:12.279249
initial vloss 1.513, score 0.632
epoch 0, tloss 0.8952909439101573, vloss 0.8041122391893832, score 0.6763610448385313
2021-08-20 00:12:37.164362
initial vloss 1.513, score 0.632
