Wed Aug 18 23:25:35 2021       
+-----------------------------------------------------------------------------+
| NVIDIA-SMI 460.80       Driver Version: 460.80       CUDA Version: 11.2     |
|-------------------------------+----------------------+----------------------+
| GPU  Name        Persistence-M| Bus-Id        Disp.A | Volatile Uncorr. ECC |
| Fan  Temp  Perf  Pwr:Usage/Cap|         Memory-Usage | GPU-Util  Compute M. |
|                               |                      |               MIG M. |
|===============================+======================+======================|
|   0  GeForce RTX 3090    Off  | 00000000:41:00.0 Off |                  N/A |
| 59%   48C    P0    30W / 350W |      0MiB / 24268MiB |      0%      Default |
|                               |                      |                  N/A |
+-------------------------------+----------------------+----------------------+
                                                                               
+-----------------------------------------------------------------------------+
| Processes:                                                                  |
|  GPU   GI   CI        PID   Type   Process name                  GPU Memory |
|        ID   ID                                                   Usage      |
|=============================================================================|
|  No running processes found                                                 |
+-----------------------------------------------------------------------------+
nvcc: NVIDIA (R) Cuda compiler driver
Copyright (c) 2005-2020 NVIDIA Corporation
Built on Mon_Oct_12_20:09:46_PDT_2020
Cuda compilation tools, release 11.1, V11.1.105
Build cuda_11.1.TC455_06.29190527_0
START
----------------------------------------
2021-08-18 23:26:21.795030
xrob-large-optuna-subspace-adam-wd0.01-cosann0.05wu-3ep-fold0
----------------------------------------
2021-08-18 23:26:23.249603
initial vloss 1.513, score 0.632
2021-08-18 23:44:12.557360
initial vloss 1.513, score 0.632
epoch 0, tloss 0.45133632842974536, vloss 0.8381959974092659, score 0.6695736476418215
epoch 1, tloss 0.34067457558215564, vloss 0.800664749636594, score 0.6798717571206779
epoch 2, tloss 0.268020929269057, vloss 0.8013496591681569, score 0.6880628771820556
2021-08-19 00:29:02.867342
initial vloss 1.513, score 0.632
epoch 0, tloss 0.8841394504073012, vloss 0.7884976278984537, score 0.6734607677893589
epoch 1, tloss 0.542779832180183, vloss 0.7972242941611255, score 0.6801378157038034
epoch 2, tloss 0.3103339524020123, vloss 0.9075247606863485, score 0.6867897577750951
2021-08-19 01:19:43.190810
initial vloss 1.513, score 0.632
epoch 0, tloss 0.4538070246523371, vloss 0.8607109953669491, score 0.6765212878345493
epoch 1, tloss 0.34365766743145265, vloss 0.8023292981742625, score 0.6873891820186023
epoch 2, tloss 0.2935056957995015, vloss 0.7966021004767987, score 0.6909891225181909
2021-08-19 02:04:45.637127
initial vloss 1.513, score 0.632
2021-08-19 02:22:32.699245
initial vloss 1.513, score 0.632
epoch 0, tloss 0.461098155284086, vloss 0.8059757314632849, score 0.6713293001434989
epoch 1, tloss 0.35079198145611307, vloss 0.7990141391117971, score 0.6789867754216292
epoch 2, tloss 0.30550670745036484, vloss 0.8041089375938053, score 0.6757656703082286
2021-08-19 03:07:31.086610
initial vloss 1.513, score 0.632
epoch 0, tloss 0.1324986537459243, vloss 0.9526003062375821, score 0.6539406477164208
epoch 1, tloss 0.10747674797145698, vloss 0.8755826111191896, score 0.6553616529070327
epoch 2, tloss 0.10266874416665617, vloss 0.8655008839355268, score 0.6642390601959155
2021-08-19 03:48:06.742008
initial vloss 1.513, score 0.632
2021-08-19 04:03:54.055996
initial vloss 1.513, score 0.632
2021-08-19 04:18:14.055417
initial vloss 1.513, score 0.632
epoch 0, tloss 0.8817356842838906, vloss 0.8075940803416112, score 0.6756982030328984
epoch 1, tloss 0.654018955670113, vloss 0.7822199721600135, score 0.6835169877015262
2021-08-19 05:09:14.276772
initial vloss 1.513, score 0.632
2021-08-19 05:24:03.825114
initial vloss 1.513, score 0.632
2021-08-19 05:39:52.263089
initial vloss 1.513, score 0.632
2021-08-19 05:55:41.312519
initial vloss 1.513, score 0.632
2021-08-19 06:11:28.997791
initial vloss 1.513, score 0.632
2021-08-19 06:26:19.741831
initial vloss 1.513, score 0.632
2021-08-19 06:42:05.484761
initial vloss 1.513, score 0.632
2021-08-19 06:57:54.871536
initial vloss 1.513, score 0.632
2021-08-19 07:13:42.845337
initial vloss 1.513, score 0.632
2021-08-19 07:28:31.362565
initial vloss 1.513, score 0.632
2021-08-19 07:42:49.826882
initial vloss 1.513, score 0.632
2021-08-19 07:58:38.153159
initial vloss 1.513, score 0.632
2021-08-19 08:16:26.012694
initial vloss 1.513, score 0.632
epoch 0, tloss 0.8980833065840335, vloss 0.8325108274562248, score 0.6723969337357455
epoch 1, tloss 0.5688631598438535, vloss 0.8568641618621116, score 0.6800986290871895
2021-08-19 09:07:25.778869
initial vloss 1.513, score 0.632
epoch 0, tloss 0.8734270431069885, vloss 0.7934192561000833, score 0.6807006265709774
epoch 1, tloss 0.5951906379004643, vloss 0.7899588460228794, score 0.6817623432439881
epoch 2, tloss 0.4472229243034408, vloss 0.8299821606853257, score 0.6897299519913426
2021-08-19 09:58:26.105324
initial vloss 1.513, score 0.632
2021-08-19 10:14:15.947327
initial vloss 1.513, score 0.632
2021-08-19 10:32:04.198039
initial vloss 1.513, score 0.632
2021-08-19 10:46:23.593047
initial vloss 1.513, score 0.632
2021-08-19 11:01:11.753191
initial vloss 1.513, score 0.632
2021-08-19 11:16:59.332456
initial vloss 1.513, score 0.632
epoch 0, tloss 0.8715370067222927, vloss 0.7945900819064357, score 0.6724217530307331
2021-08-19 11:51:22.950202
initial vloss 1.513, score 0.632
2021-08-19 12:09:10.811559
initial vloss 1.513, score 0.632
2021-08-19 12:26:56.992990
initial vloss 1.513, score 0.632
epoch 0, tloss 0.8763108083404569, vloss 0.7890008961608729, score 0.6751628841313169
epoch 1, tloss 0.5529213727436704, vloss 0.809417348985414, score 0.6880145928627228
epoch 2, tloss 0.3503379772151716, vloss 0.8873399298436617, score 0.6896254963413424
2021-08-19 13:17:58.838566
initial vloss 1.513, score 0.632
epoch 0, tloss 0.8764591326621586, vloss 0.8050542109765303, score 0.6757967151554398
epoch 1, tloss 0.5408501140661022, vloss 0.8079969500251583, score 0.6804748226824006
2021-08-19 14:08:59.281721
initial vloss 1.513, score 0.632
epoch 0, tloss 0.864369179422486, vloss 0.7970662809733767, score 0.6866347831110897
epoch 1, tloss 0.5721870308013262, vloss 0.7897927202632836, score 0.6762568220876356
2021-08-19 14:59:59.995289
initial vloss 1.513, score 0.632
epoch 0, tloss 0.8808422527035149, vloss 0.7822239189297528, score 0.6792521178699179
epoch 1, tloss 0.6252476066449739, vloss 0.7873716775697316, score 0.6902142773210316
epoch 2, tloss 0.5011011479695279, vloss 0.8193402706952325, score 0.6892183399848881
2021-08-19 15:51:08.269720
initial vloss 1.513, score 0.632
epoch 0, tloss 0.8800942950970153, vloss 0.783450172000896, score 0.6810611469637933
epoch 1, tloss 0.6232851243624492, vloss 0.7825819079676503, score 0.6896592705198543
epoch 2, tloss 0.5018783522710303, vloss 0.8055757897866641, score 0.689792399818372
2021-08-19 16:42:14.752146
initial vloss 1.513, score 0.632
epoch 0, tloss 0.8772508365749379, vloss 0.795378499499855, score 0.6796112865854423
2021-08-19 17:16:43.455924
initial vloss 1.513, score 0.632
epoch 0, tloss 0.9033117713951216, vloss 0.7924732890437903, score 0.6770565866522529
2021-08-19 17:51:11.107249
initial vloss 1.513, score 0.632
2021-08-19 18:09:00.540021
initial vloss 1.513, score 0.632
epoch 0, tloss 0.9157194261129826, vloss 0.8008882731673881, score 0.6759816988784942
epoch 1, tloss 0.6916195994457471, vloss 0.8014982430701657, score 0.6824044025406251
2021-08-19 19:00:04.217814
initial vloss 1.513, score 0.632
epoch 0, tloss 0.8797046685251146, vloss 0.7958629127414987, score 0.6776655919587437
epoch 1, tloss 0.6208154919942939, vloss 0.7837161856037057, score 0.6956867716067925
epoch 2, tloss 0.4907466861418818, vloss 0.8230645955148831, score 0.6905659784348945
2021-08-19 19:51:04.196866
initial vloss 1.513, score 0.632
epoch 0, tloss 0.877789222220472, vloss 0.7896876657922873, score 0.6773212339356891
epoch 1, tloss 0.6153298221110867, vloss 0.7890972470537235, score 0.6879674399802445
2021-08-19 20:41:55.622733
initial vloss 1.513, score 0.632
epoch 0, tloss 0.8723722980585064, vloss 0.8029791340584873, score 0.6789274184680828
epoch 1, tloss 0.588128666734214, vloss 0.7929522979017444, score 0.6960726493215532
epoch 2, tloss 0.4375818253614372, vloss 0.8313248045505577, score 0.6927640413218262
2021-08-19 21:32:53.282646
initial vloss 1.513, score 0.632
2021-08-19 21:47:11.253360
initial vloss 1.513, score 0.632
epoch 0, tloss 0.8823335427631449, vloss 0.7775328382449702, score 0.6887108256499851
epoch 1, tloss 0.6264085177603869, vloss 0.7716382831520138, score 0.6887005976878029
2021-08-19 22:38:10.571199
initial vloss 1.513, score 0.632
2021-08-19 22:55:58.922000
initial vloss 1.513, score 0.632
2021-08-19 23:10:47.412022
initial vloss 1.513, score 0.632
epoch 0, tloss 0.8907697218379894, vloss 0.7995199317646136, score 0.6770636997522778
2021-08-19 23:45:11.743676
initial vloss 1.513, score 0.632
2021-08-20 00:02:59.445979
initial vloss 1.513, score 0.632
2021-08-20 00:17:17.625177
initial vloss 1.513, score 0.632
2021-08-20 00:35:03.866411
initial vloss 1.513, score 0.632
epoch 0, tloss 0.8716427452229031, vloss 0.8289454057451505, score 0.6780578624485051
2021-08-20 01:09:25.655430
initial vloss 1.513, score 0.632
epoch 0, tloss 0.8871227642223734, vloss 0.7900503076050649, score 0.679226640615881
epoch 1, tloss 0.6313123547883548, vloss 0.7878569288779638, score 0.6891092122707214
2021-08-20 02:00:18.851186
initial vloss 1.513, score 0.632
2021-08-20 02:16:05.548088
initial vloss 1.513, score 0.632
epoch 0, tloss 0.9128192408822113, vloss 0.800831293864907, score 0.6794558954770364
2021-08-20 02:50:24.884721
initial vloss 1.513, score 0.632
2021-08-20 03:08:11.044256
initial vloss 1.513, score 0.632
2021-08-20 03:22:58.331817
initial vloss 1.513, score 0.632
2021-08-20 03:38:42.453417
initial vloss 1.513, score 0.632
2021-08-20 03:56:26.637525
initial vloss 1.513, score 0.632
2021-08-20 04:12:11.936935
initial vloss 1.513, score 0.632
2021-08-20 04:29:56.217649
initial vloss 1.513, score 0.632
2021-08-20 04:47:40.935784
initial vloss 1.513, score 0.632
2021-08-20 05:05:24.788917
initial vloss 1.513, score 0.632
2021-08-20 05:23:09.447202
initial vloss 1.513, score 0.632
2021-08-20 05:40:57.256517
initial vloss 1.513, score 0.632
2021-08-20 05:55:15.294380
initial vloss 1.513, score 0.632
2021-08-20 06:13:02.217434
initial vloss 1.513, score 0.632
2021-08-20 06:28:48.117132
initial vloss 1.513, score 0.632
2021-08-20 06:43:35.302752
initial vloss 1.513, score 0.632
2021-08-20 07:01:23.084711
initial vloss 1.513, score 0.632
2021-08-20 07:17:09.982284
initial vloss 1.513, score 0.632
2021-08-20 07:32:55.167668
initial vloss 1.513, score 0.632
2021-08-20 07:48:38.600144
initial vloss 1.513, score 0.632
2021-08-20 08:04:22.822286
initial vloss 1.513, score 0.632
2021-08-20 08:22:08.680525
initial vloss 1.513, score 0.632
2021-08-20 08:39:54.973891
initial vloss 1.513, score 0.632
2021-08-20 08:55:40.046831
initial vloss 1.513, score 0.632
2021-08-20 09:13:23.965281
initial vloss 1.513, score 0.632
2021-08-20 09:27:40.575872
initial vloss 1.513, score 0.632
epoch 0, tloss 0.8734409858693266, vloss 0.8044991566395112, score 0.68425837344009
epoch 1, tloss 0.5948395588182052, vloss 0.7725660361473088, score 0.6930460256504019
epoch 2, tloss 0.4515928631359874, vloss 0.8190745430285833, score 0.6905612143005958
2021-08-20 10:18:37.242282
initial vloss 1.513, score 0.632
2021-08-20 10:36:25.281700
initial vloss 1.513, score 0.632
