Thu Aug 19 23:41:02 2021       
+-----------------------------------------------------------------------------+
| NVIDIA-SMI 460.80       Driver Version: 460.80       CUDA Version: 11.2     |
|-------------------------------+----------------------+----------------------+
| GPU  Name        Persistence-M| Bus-Id        Disp.A | Volatile Uncorr. ECC |
| Fan  Temp  Perf  Pwr:Usage/Cap|         Memory-Usage | GPU-Util  Compute M. |
|                               |                      |               MIG M. |
|===============================+======================+======================|
|   0  GeForce RTX 3090    Off  | 00000000:47:00.0 Off |                  N/A |
| 43%   37C    P0    31W / 350W |      0MiB / 24268MiB |      0%      Default |
|                               |                      |                  N/A |
+-------------------------------+----------------------+----------------------+
                                                                               
+-----------------------------------------------------------------------------+
| Processes:                                                                  |
|  GPU   GI   CI        PID   Type   Process name                  GPU Memory |
|        ID   ID                                                   Usage      |
|=============================================================================|
|  No running processes found                                                 |
+-----------------------------------------------------------------------------+
nvcc: NVIDIA (R) Cuda compiler driver
Copyright (c) 2005-2020 NVIDIA Corporation
Built on Mon_Oct_12_20:09:46_PDT_2020
Cuda compilation tools, release 11.1, V11.1.105
Build cuda_11.1.TC455_06.29190527_0
START
----------------------------------------
2021-08-19 23:41:35.190642
{'accumulation_steps': 1,
 'batch_size': 4,
 'doc_stride': 128,
 'dropout': False,
 'epochs': 3,
 'experiment_name': 'xrobl-ep3-bs4-lr2.71e-6-adamw-wd1e-2-cosann-wu5e-2-nodropout',
 'lr': 2.71e-06,
 'max_length': 512,
 'model_checkpoint': '../../input/deepset-xlm-roberta-large-squad2',
 'optimizer': 'adamw',
 'scheduler': 'cosann',
 'train_path': '../../input/chaii-hindi-and-tamil-question-answering/chaii-mlqa-xquad-5folds-count_leq15.csv',
 'warmup_ratio': 0.05,
 'weight_decay': 0.01}
----------------------------------------
fold 0
fold0 t/v: 7455/212
initial vloss 0.6717096331853356, score 0.6155510631925726
language
hindi    0.658780
tamil    0.527857
Name: jaccard, dtype: float64
epoch 0, tloss 0.8493791423881477, vloss 0.3386057948121045, score 0.6541966157532195
epoch 1, tloss 0.4634941210341318, vloss 0.3433891082266935, score 0.6281409104522311
epoch 2, tloss 0.21631450552603465, vloss 0.4001986813500502, score 0.6183046775027907
fold 0 best score 0.6541966157532195
fold 1
fold1 t/v: 7455/212
initial vloss 0.6204369516197664, score 0.6062547515377705
language
hindi    0.654544
tamil    0.508297
Name: jaccard, dtype: float64
epoch 0, tloss 0.8613122135310487, vloss 0.31378478611289967, score 0.6598870861842561
epoch 1, tloss 0.46693050366842004, vloss 0.3493362296255115, score 0.6605468300043771
epoch 2, tloss 0.22098022194579756, vloss 0.4321068710424664, score 0.6380101423733499
fold 1 best score 0.6605468300043771
fold 2
fold2 t/v: 7456/211
initial vloss 0.5103556747430921, score 0.6111675317836456
language
hindi    0.698049
tamil    0.432367
Name: jaccard, dtype: float64
epoch 0, tloss 0.8759347308855943, vloss 0.24573240490588624, score 0.6632663808019258
epoch 1, tloss 0.4801817863931603, vloss 0.24636956242501606, score 0.66938802377191
epoch 2, tloss 0.228487687918581, vloss 0.29098072350165965, score 0.6705728578951329
fold 2 best score 0.6705728578951329
fold 3
fold3 t/v: 7456/211
initial vloss 0.5944553924966306, score 0.6482631836304822
language
hindi    0.704087
tamil    0.533379
Name: jaccard, dtype: float64
epoch 0, tloss 0.8583969862963144, vloss 0.28831949058386064, score 0.7176248777552094
epoch 1, tloss 0.46409183178207986, vloss 0.32272461442033396, score 0.6892979387647634
epoch 2, tloss 0.2157679579319215, vloss 0.3787206529802351, score 0.6991715564582863
fold 3 best score 0.7176248777552094
fold 4
fold4 t/v: 7456/211
initial vloss 0.6083266110884734, score 0.6382014115426438
language
hindi    0.675803
tamil    0.560818
Name: jaccard, dtype: float64
epoch 0, tloss 0.8625578681423504, vloss 0.3361448410606636, score 0.6985263946164421
epoch 1, tloss 0.46771970930495216, vloss 0.33829924376772624, score 0.6870560718901951
epoch 2, tloss 0.2251583273477842, vloss 0.40695957832396534, score 0.6731540181777148
fold 4 best score 0.6985263946164421
5 fold cv jaccard 0.6802935152048761
FINISH
