Fri Aug 20 16:02:09 2021       
+-----------------------------------------------------------------------------+
| NVIDIA-SMI 460.80       Driver Version: 460.80       CUDA Version: 11.2     |
|-------------------------------+----------------------+----------------------+
| GPU  Name        Persistence-M| Bus-Id        Disp.A | Volatile Uncorr. ECC |
| Fan  Temp  Perf  Pwr:Usage/Cap|         Memory-Usage | GPU-Util  Compute M. |
|                               |                      |               MIG M. |
|===============================+======================+======================|
|   0  GeForce RTX 3090    Off  | 00000000:47:00.0 Off |                  N/A |
| 43%   39C    P0    36W / 350W |      0MiB / 24268MiB |      1%      Default |
|                               |                      |                  N/A |
+-------------------------------+----------------------+----------------------+
                                                                               
+-----------------------------------------------------------------------------+
| Processes:                                                                  |
|  GPU   GI   CI        PID   Type   Process name                  GPU Memory |
|        ID   ID                                                   Usage      |
|=============================================================================|
|  No running processes found                                                 |
+-----------------------------------------------------------------------------+
nvcc: NVIDIA (R) Cuda compiler driver
Copyright (c) 2005-2020 NVIDIA Corporation
Built on Mon_Oct_12_20:09:46_PDT_2020
Cuda compilation tools, release 11.1, V11.1.105
Build cuda_11.1.TC455_06.29190527_0
START
----------------------------------------
2021-08-20 16:02:38.232395
xrobl-tune_lr_ep-adamw-bs4-cosann0.05wu-fold0-stepeval
----------------------------------------
fold0 t/v: 7455/212
2021-08-20 16:03:38.198516
batch 250, tloss 1.5534831819534303, vscore 0.6174378556454028, best score 0.6174378556454028
batch 500, tloss 1.3491990094184876, vscore 0.6243336328241987, best score 0.6243336328241987
batch 750, tloss 1.2011825037002564, vscore 0.6361260856543874, best score 0.6361260856543874
batch 1000, tloss 1.1303735675811768, vscore 0.638439652590596, best score 0.638439652590596
batch 1250, tloss 1.0799694929122925, vscore 0.6396188978736149, best score 0.6396188978736149
batch 1500, tloss 1.018879726409912, vscore 0.6434561245882, best score 0.6434561245882
batch 1750, tloss 0.9383901624679566, vscore 0.6325733752620545, best score 0.6434561245882
batch 2000, tloss 0.8952778282165528, vscore 0.6406596286313267, best score 0.6434561245882
batch 2250, tloss 0.8698659286499023, vscore 0.6383610362383948, best score 0.6434561245882
batch 2500, tloss 0.903224250793457, vscore 0.6403376759508835, best score 0.6434561245882
batch 2750, tloss 0.8359275817871094, vscore 0.6423929320155736, best score 0.6434561245882
batch 3000, tloss 0.882269811630249, vscore 0.6391808924827792, best score 0.6434561245882
batch 3250, tloss 0.8480646071434021, vscore 0.6420110811620245, best score 0.6434561245882
batch 3500, tloss 0.8671978907585144, vscore 0.6347783767595088, best score 0.6434561245882
batch 250, tloss 0.9262847299575806, vscore 0.6387091943695717, best score 0.6434561245882
batch 500, tloss 0.7746899604797364, vscore 0.6446615753219527, best score 0.6446615753219527
batch 750, tloss 0.7527586646080017, vscore 0.6365753219526804, best score 0.6446615753219527
batch 1000, tloss 0.7945774478912353, vscore 0.6302860137765799, best score 0.6446615753219527
batch 1250, tloss 0.8045596780776978, vscore 0.6276130578017372, best score 0.6446615753219527
batch 1500, tloss 0.7820326352119445, vscore 0.6319931117100929, best score 0.6446615753219527
batch 1750, tloss 0.7403191885948182, vscore 0.628174603174603, best score 0.6446615753219527
batch 2000, tloss 0.7906348710060119, vscore 0.628174603174603, best score 0.6446615753219527
batch 2250, tloss 0.7144949424266815, vscore 0.6288484576220424, best score 0.6446615753219527
batch 2500, tloss 0.8135900945663452, vscore 0.6310384845762204, best score 0.6446615753219527
batch 2750, tloss 0.8929997525215149, vscore 0.6353623839472895, best score 0.6446615753219527
batch 3000, tloss 0.7263278074264526, vscore 0.6310384845762204, best score 0.6446615753219527
batch 3250, tloss 0.7409032282829284, vscore 0.6357554657082959, best score 0.6446615753219527
batch 3500, tloss 0.7293131465911865, vscore 0.6352837675950883, best score 0.6446615753219527
batch 250, tloss 0.9490132713317871, vscore 0.6371368673255465, best score 0.6446615753219527
batch 500, tloss 0.7009630553722381, vscore 0.6324985025456724, best score 0.6446615753219527
batch 750, tloss 0.7880677809715271, vscore 0.6324985025456724, best score 0.6446615753219527
batch 1000, tloss 0.7476035821437835, vscore 0.6317123390236598, best score 0.6446615753219527
batch 1250, tloss 0.6802465710639953, vscore 0.6317123390236598, best score 0.6446615753219527
batch 1500, tloss 0.6990591497421265, vscore 0.6324985025456724, best score 0.6446615753219527
batch 1750, tloss 0.7463532178401947, vscore 0.6317123390236598, best score 0.6446615753219527
batch 2000, tloss 0.6960430779457092, vscore 0.6317123390236598, best score 0.6446615753219527
batch 2250, tloss 0.738329205751419, vscore 0.6317123390236598, best score 0.6446615753219527
batch 2500, tloss 0.6824862494468689, vscore 0.6317123390236598, best score 0.6446615753219527
batch 2750, tloss 0.6743503139019013, vscore 0.6317123390236598, best score 0.6446615753219527
batch 3000, tloss 0.6564961426258087, vscore 0.6317123390236598, best score 0.6446615753219527
batch 3250, tloss 0.7210023579597473, vscore 0.6317123390236598, best score 0.6446615753219527
batch 3500, tloss 0.6919669942855835, vscore 0.6317123390236598, best score 0.6446615753219527
{'epochs': 5, 'lr': 2.9933517991132673e-07, 'accumulation_steps': 1, 'optimizer': 'adamw', 'weight_decay': 0.01, 'scheduler': 'cosann', 'warmup_ratio': 0.05, 'grad_clip': 1, 'eval_steps': 1000} 0.6446615753219527
2021-08-20 17:18:00.564916
batch 250, tloss 1.3936126432418823, vscore 0.6406858340820604, best score 0.6406858340820604
batch 500, tloss 1.0420090041160583, vscore 0.6360324947589098, best score 0.6406858340820604
batch 750, tloss 0.9437972393035888, vscore 0.6247604073075771, best score 0.6406858340820604
batch 1000, tloss 0.8125724215507507, vscore 0.6358790056903263, best score 0.6406858340820604
batch 1250, tloss 0.8167076032161713, vscore 0.6419661575321953, best score 0.6419661575321953
batch 1500, tloss 0.8235006997585297, vscore 0.6348569931117101, best score 0.6419661575321953
batch 1750, tloss 0.891536678314209, vscore 0.6469945410983147, best score 0.6469945410983147
batch 2000, tloss 0.7997911049127578, vscore 0.6166179994010182, best score 0.6469945410983147
batch 2250, tloss 0.8462257880568504, vscore 0.6218516022761306, best score 0.6469945410983147
batch 2500, tloss 0.8215489109158516, vscore 0.6514450434261755, best score 0.6514450434261755
batch 2750, tloss 0.7204138942360878, vscore 0.6537698412698413, best score 0.6537698412698413
batch 3000, tloss 0.7793507249355316, vscore 0.6670110811620246, best score 0.6670110811620246
batch 3250, tloss 0.7484588575363159, vscore 0.6481880802635518, best score 0.6670110811620246
batch 3500, tloss 0.7401157339811325, vscore 0.6345874513327343, best score 0.6670110811620246
batch 250, tloss 0.6173252249956132, vscore 0.6368560946391135, best score 0.6670110811620246
batch 500, tloss 0.5843869897723198, vscore 0.6485811620245582, best score 0.6670110811620246
batch 750, tloss 0.4268403577208519, vscore 0.6395739742437856, best score 0.6670110811620246
batch 1000, tloss 0.5324324862957001, vscore 0.6374513327343516, best score 0.6670110811620246
batch 1250, tloss 0.5321388028264046, vscore 0.6471997604073076, best score 0.6670110811620246
batch 1500, tloss 0.48234522533416746, vscore 0.649198861934711, best score 0.6670110811620246
batch 1750, tloss 0.47856568133831023, vscore 0.6450715034441449, best score 0.6670110811620246
batch 2000, tloss 0.470881963133812, vscore 0.6492381701108115, best score 0.6670110811620246
batch 2250, tloss 0.4655962206125259, vscore 0.6438136418089249, best score 0.6670110811620246
batch 2500, tloss 0.47596989649534227, vscore 0.6180274782869121, best score 0.6670110811620246
batch 2750, tloss 0.456998177587986, vscore 0.6403545223120694, best score 0.6670110811620246
batch 3000, tloss 0.496022551715374, vscore 0.6427972446840372, best score 0.6670110811620246
batch 3250, tloss 0.4871030000448227, vscore 0.6487365229110511, best score 0.6670110811620246
batch 3500, tloss 0.481295381128788, vscore 0.6589135968852949, best score 0.6670110811620246
batch 250, tloss 0.4615440735816956, vscore 0.6531689877208744, best score 0.6670110811620246
batch 500, tloss 0.2996111841797829, vscore 0.6352444594189878, best score 0.6670110811620246
batch 750, tloss 0.28005225777626036, vscore 0.6280379604672058, best score 0.6670110811620246
batch 1000, tloss 0.24534130853414535, vscore 0.6256794699011681, best score 0.6670110811620246
batch 1250, tloss 0.2767988061308861, vscore 0.6236354447439353, best score 0.6670110811620246
batch 1500, tloss 0.25908549094200134, vscore 0.6236354447439353, best score 0.6670110811620246
batch 1750, tloss 0.2679952712059021, vscore 0.6212769541778976, best score 0.6670110811620246
batch 2000, tloss 0.27222994446754456, vscore 0.6220631176999101, best score 0.6670110811620246
batch 2250, tloss 0.2473218542933464, vscore 0.626308400718778, best score 0.6670110811620246
batch 2500, tloss 0.25045145642757416, vscore 0.626308400718778, best score 0.6670110811620246
batch 2750, tloss 0.2307835084795952, vscore 0.626308400718778, best score 0.6670110811620246
batch 3000, tloss 0.25035539084672925, vscore 0.626308400718778, best score 0.6670110811620246
batch 3250, tloss 0.23777926206588745, vscore 0.626308400718778, best score 0.6670110811620246
batch 3500, tloss 0.27214554166793825, vscore 0.626308400718778, best score 0.6670110811620246
{'epochs': 4, 'lr': 2.4479824553382322e-06, 'accumulation_steps': 1, 'optimizer': 'adamw', 'weight_decay': 0.01, 'scheduler': 'cosann', 'warmup_ratio': 0.05, 'grad_clip': 1, 'eval_steps': 1000} 0.6670110811620246
2021-08-20 18:32:14.383076
batch 250, tloss 1.201325463294983, vscore 0.6400681341719078, best score 0.6400681341719078
batch 500, tloss 0.9282486729621887, vscore 0.6296427890767513, best score 0.6400681341719078
batch 750, tloss 0.8343590296506882, vscore 0.6096660676849357, best score 0.6400681341719078
batch 1000, tloss 0.8316589883565902, vscore 0.639798592392932, best score 0.6400681341719078
batch 1250, tloss 0.833297613799572, vscore 0.6243897873614854, best score 0.6400681341719078
batch 1500, tloss 0.837042767047882, vscore 0.6157314383729477, best score 0.6400681341719078
batch 1750, tloss 0.817611132979393, vscore 0.6630855687043256, best score 0.6630855687043256
batch 2000, tloss 0.8749241852760314, vscore 0.6531409104522311, best score 0.6630855687043256
batch 2250, tloss 0.8145868393182755, vscore 0.6584643605870021, best score 0.6630855687043256
batch 2500, tloss 0.8086687502861023, vscore 0.6482748645484495, best score 0.6630855687043256
batch 2750, tloss 0.7748334677219391, vscore 0.6588836477987422, best score 0.6630855687043256
batch 3000, tloss 0.8347713507413864, vscore 0.6648098233003893, best score 0.6648098233003893
batch 3250, tloss 0.8395974586009979, vscore 0.6655517438536306, best score 0.6655517438536306
batch 3500, tloss 0.8090289732217789, vscore 0.6497416891284815, best score 0.6655517438536306
batch 250, tloss 0.5522416007518768, vscore 0.6613701026436876, best score 0.6655517438536306
batch 500, tloss 0.4536229519844055, vscore 0.6285084674235617, best score 0.6655517438536306
batch 750, tloss 0.42760332572460175, vscore 0.657126010781671, best score 0.6655517438536306
batch 1000, tloss 0.4216123552322388, vscore 0.6571653189577719, best score 0.6655517438536306
batch 1250, tloss 0.4517321953773499, vscore 0.6440571483024313, best score 0.6655517438536306
batch 1500, tloss 0.39451584202051165, vscore 0.6715228429851072, best score 0.6715228429851072
batch 1750, tloss 0.44965118330717085, vscore 0.643313866427074, best score 0.6715228429851072
batch 2000, tloss 0.3168632672429085, vscore 0.6541516921233902, best score 0.6715228429851072
batch 2250, tloss 0.4105078911781311, vscore 0.6630353399221325, best score 0.6715228429851072
batch 2500, tloss 0.38567256009578704, vscore 0.6475479185384847, best score 0.6715228429851072
batch 2750, tloss 0.38354958188533783, vscore 0.6526579814315663, best score 0.6715228429851072
batch 3000, tloss 0.4146047315597534, vscore 0.6400007487271638, best score 0.6715228429851072
batch 3250, tloss 0.3436468774676323, vscore 0.6450321952680442, best score 0.6715228429851072
batch 3500, tloss 0.3850049897432327, vscore 0.6497491764001198, best score 0.6715228429851072
batch 250, tloss 0.3341844295859337, vscore 0.6402365977837676, best score 0.6715228429851072
batch 500, tloss 0.14672115659713744, vscore 0.6280510631925726, best score 0.6715228429851072
batch 750, tloss 0.13921637099981307, vscore 0.62726489967056, best score 0.6715228429851072
batch 1000, tloss 0.1110453286767006, vscore 0.623334082060497, best score 0.6715228429851072
batch 1250, tloss 0.15906711852550506, vscore 0.6161725067385445, best score 0.6715228429851072
batch 1500, tloss 0.1264104513525963, vscore 0.6201079488399133, best score 0.6715228429851072
batch 1750, tloss 0.11503259962797165, vscore 0.6238890210172119, best score 0.6715228429851072
batch 2000, tloss 0.11525257140398025, vscore 0.6091831386642708, best score 0.6715228429851072
batch 2250, tloss 0.14186827385425568, vscore 0.6056454028152141, best score 0.6715228429851072
batch 2500, tloss 0.11811290127038955, vscore 0.6056454028152141, best score 0.6715228429851072
batch 2750, tloss 0.13128415614366531, vscore 0.6065887990416291, best score 0.6715228429851072
batch 3000, tloss 0.12974229866266251, vscore 0.6065887990416291, best score 0.6715228429851072
batch 3250, tloss 0.11860491442680358, vscore 0.6065887990416291, best score 0.6715228429851072
batch 3500, tloss 0.12417086935043335, vscore 0.6065887990416291, best score 0.6715228429851072
{'epochs': 5, 'lr': 5.349765388453666e-06, 'accumulation_steps': 1, 'optimizer': 'adamw', 'weight_decay': 0.01, 'scheduler': 'cosann', 'warmup_ratio': 0.05, 'grad_clip': 1, 'eval_steps': 1000} 0.6715228429851072
2021-08-20 19:46:20.142777
batch 250, tloss 1.382133056640625, vscore 0.6320380353399221, best score 0.6320380353399221
batch 500, tloss 0.9877512979507447, vscore 0.6311395627433363, best score 0.6320380353399221
batch 750, tloss 0.9691603193283082, vscore 0.6439397342699229, best score 0.6439397342699229
batch 1000, tloss 0.9031319913864135, vscore 0.6238701026436876, best score 0.6439397342699229
batch 1250, tloss 0.8521104373931885, vscore 0.6198525007487271, best score 0.6439397342699229
batch 1500, tloss 0.8239705221652984, vscore 0.634056535707479, best score 0.6439397342699229
batch 1750, tloss 0.7357563531398773, vscore 0.64286156715402, best score 0.6439397342699229
batch 2000, tloss 0.7859219571352005, vscore 0.6442123390236597, best score 0.6442123390236597
batch 2250, tloss 0.7779824125766754, vscore 0.6482330038933812, best score 0.6482330038933812
batch 2500, tloss 0.7717528837919235, vscore 0.6403938304881701, best score 0.6482330038933812
batch 2750, tloss 0.8794999970197678, vscore 0.6366314764899671, best score 0.6482330038933812
batch 3000, tloss 0.851500418663025, vscore 0.6486148547469304, best score 0.6486148547469304
batch 3250, tloss 0.737343291759491, vscore 0.6550613956274334, best score 0.6550613956274334
batch 3500, tloss 0.7441029106378555, vscore 0.6519616651692124, best score 0.6550613956274334
batch 250, tloss 0.6531058826446533, vscore 0.6518427496784878, best score 0.6550613956274334
batch 500, tloss 0.4919173080921173, vscore 0.6394167415393831, best score 0.6550613956274334
batch 750, tloss 0.5056246060729027, vscore 0.6442123390236598, best score 0.6550613956274334
batch 1000, tloss 0.4813625884652138, vscore 0.6484576220425277, best score 0.6550613956274334
batch 1250, tloss 0.5349683538079262, vscore 0.6663821503444145, best score 0.6663821503444145
batch 1500, tloss 0.510312252163887, vscore 0.6501871817909554, best score 0.6663821503444145
batch 1750, tloss 0.5266921766996384, vscore 0.6395739742437856, best score 0.6663821503444145
batch 2000, tloss 0.5258132669925689, vscore 0.6273098233003894, best score 0.6663821503444145
batch 2250, tloss 0.5291218582391739, vscore 0.6417752321054208, best score 0.6663821503444145
batch 2500, tloss 0.47934555929899214, vscore 0.6422469302186283, best score 0.6663821503444145
batch 2750, tloss 0.5384501667022705, vscore 0.6422469302186283, best score 0.6663821503444145
batch 3000, tloss 0.48740415686368943, vscore 0.6418538484576222, best score 0.6663821503444145
batch 3250, tloss 0.5284465917348862, vscore 0.640281521413597, best score 0.6663821503444145
batch 3500, tloss 0.5214385828375816, vscore 0.6442123390236598, best score 0.6663821503444145
batch 250, tloss 0.517332368850708, vscore 0.654353848457622, best score 0.6663821503444145
batch 500, tloss 0.2996842544078827, vscore 0.6452792752321054, best score 0.6663821503444145
batch 750, tloss 0.3632141631245613, vscore 0.6481431566337227, best score 0.6663821503444145
batch 1000, tloss 0.3308872576355934, vscore 0.6417752321054208, best score 0.6663821503444145
batch 1250, tloss 0.3184865729212761, vscore 0.6461777478286911, best score 0.6663821503444145
batch 1500, tloss 0.3094005326628685, vscore 0.6417752321054208, best score 0.6663821503444145
batch 1750, tloss 0.3179482216835022, vscore 0.6354859239293201, best score 0.6663821503444145
batch 2000, tloss 0.3086924416422844, vscore 0.6335205151242888, best score 0.6663821503444145
batch 2250, tloss 0.2908820229768753, vscore 0.6335205151242888, best score 0.6663821503444145
batch 2500, tloss 0.2617022346258163, vscore 0.636665169212339, best score 0.6663821503444145
batch 2750, tloss 0.2927119358181953, vscore 0.6413821503444145, best score 0.6663821503444145
batch 3000, tloss 0.27839934194087984, vscore 0.6413821503444145, best score 0.6663821503444145
batch 3250, tloss 0.260399729013443, vscore 0.6413821503444145, best score 0.6663821503444145
batch 3500, tloss 0.33003884375095366, vscore 0.6382374962563642, best score 0.6663821503444145
{'epochs': 2, 'lr': 2.0869320564680934e-06, 'accumulation_steps': 1, 'optimizer': 'adamw', 'weight_decay': 0.01, 'scheduler': 'cosann', 'warmup_ratio': 0.05, 'grad_clip': 1, 'eval_steps': 1000} 0.6663821503444145
2021-08-20 21:00:23.634341
batch 250, tloss 1.496429196357727, vscore 0.6113057801737046, best score 0.6155510631925726
batch 500, tloss 1.1898165218830108, vscore 0.6337675950883497, best score 0.6337675950883497
batch 750, tloss 1.1712677812576293, vscore 0.6447289607666965, best score 0.6447289607666965
batch 1000, tloss 1.0808232564926148, vscore 0.6421458520515124, best score 0.6447289607666965
batch 1250, tloss 0.8967003192901611, vscore 0.6450097334531297, best score 0.6450097334531297
batch 1500, tloss 0.9485109348297119, vscore 0.638057801737047, best score 0.6450097334531297
batch 1750, tloss 0.9498011445999146, vscore 0.6446615753219527, best score 0.6450097334531297
batch 2000, tloss 0.8702852110862732, vscore 0.6419287211740041, best score 0.6450097334531297
batch 2250, tloss 0.7325796384811402, vscore 0.6397199760407308, best score 0.6450097334531297
batch 2500, tloss 1.0029506368637084, vscore 0.6323300389338126, best score 0.6450097334531297
batch 2750, tloss 0.9414413795471192, vscore 0.6391247379454926, best score 0.6450097334531297
batch 3000, tloss 0.8714226613044739, vscore 0.6387878107217729, best score 0.6450097334531297
