Tue Aug 24 17:40:44 2021       
+-----------------------------------------------------------------------------+
| NVIDIA-SMI 460.80       Driver Version: 460.80       CUDA Version: 11.2     |
|-------------------------------+----------------------+----------------------+
| GPU  Name        Persistence-M| Bus-Id        Disp.A | Volatile Uncorr. ECC |
| Fan  Temp  Perf  Pwr:Usage/Cap|         Memory-Usage | GPU-Util  Compute M. |
|                               |                      |               MIG M. |
|===============================+======================+======================|
|   0  GeForce RTX 3090    Off  | 00000000:3E:00.0 Off |                  N/A |
| 43%   33C    P0    33W / 350W |      0MiB / 24268MiB |      0%      Default |
|                               |                      |                  N/A |
+-------------------------------+----------------------+----------------------+
                                                                               
+-----------------------------------------------------------------------------+
| Processes:                                                                  |
|  GPU   GI   CI        PID   Type   Process name                  GPU Memory |
|        ID   ID                                                   Usage      |
|=============================================================================|
|  No running processes found                                                 |
+-----------------------------------------------------------------------------+
nvcc: NVIDIA (R) Cuda compiler driver
Copyright (c) 2005-2020 NVIDIA Corporation
Built on Mon_Oct_12_20:09:46_PDT_2020
Cuda compilation tools, release 11.1, V11.1.105
Build cuda_11.1.TC455_06.29190527_0
START
----------------------------------------
2021-08-24 17:41:57.154155
{'batch_size': 32,
 'doc_stride': 128,
 'experiment_name': 'xrobl-ep3-bs4-ga1-lr1e-05-adamw-wd0.0-cosann-wu0.1-dropoutTrue-evalsteps1000-stg2swa-ep1-bs4-ga1-lr1e-05-adamw-wd0.0-const-wu0.1-dropoutTrue-evalsteps100-onlychaiiFalse',
 'max_length': 512,
 'model_checkpoint': '../../input/deepset-xlm-roberta-large-squad2',
 'swa': True,
 'train_path': '../../input/chaii-hindi-and-tamil-question-answering/chaii-mlqa-xquad-5folds-count_leq15.csv'}
----------------------------------------
fold 0
fold0 t/v: 845/212
0.6710205151242887
language
hindi    0.709418
tamil    0.593129
Name: jaccard, dtype: float64
fold 1
fold1 t/v: 845/212
0.6895824694173751
language
hindi    0.735345
tamil    0.596749
Name: jaccard, dtype: float64
fold 2
fold2 t/v: 846/211
0.7201384187166178
language
hindi    0.754689
tamil    0.649034
Name: jaccard, dtype: float64
fold 3
fold3 t/v: 846/211
0.735935266681712
language
hindi    0.741201
tamil    0.725098
Name: jaccard, dtype: float64
fold 4
fold4 t/v: 846/211
0.6956602244516937
language
hindi    0.724563
tamil    0.636180
Name: jaccard, dtype: float64
FINISH
