Thu Aug 26 14:08:08 2021       
+-----------------------------------------------------------------------------+
| NVIDIA-SMI 460.80       Driver Version: 460.80       CUDA Version: 11.2     |
|-------------------------------+----------------------+----------------------+
| GPU  Name        Persistence-M| Bus-Id        Disp.A | Volatile Uncorr. ECC |
| Fan  Temp  Perf  Pwr:Usage/Cap|         Memory-Usage | GPU-Util  Compute M. |
|                               |                      |               MIG M. |
|===============================+======================+======================|
|   0  GeForce RTX 3090    Off  | 00000000:45:00.0 Off |                  N/A |
| 39%   44C    P0   109W / 350W |      0MiB / 24268MiB |      0%      Default |
|                               |                      |                  N/A |
+-------------------------------+----------------------+----------------------+
                                                                               
+-----------------------------------------------------------------------------+
| Processes:                                                                  |
|  GPU   GI   CI        PID   Type   Process name                  GPU Memory |
|        ID   ID                                                   Usage      |
|=============================================================================|
|  No running processes found                                                 |
+-----------------------------------------------------------------------------+
nvcc: NVIDIA (R) Cuda compiler driver
Copyright (c) 2005-2020 NVIDIA Corporation
Built on Mon_Oct_12_20:09:46_PDT_2020
Cuda compilation tools, release 11.1, V11.1.105
Build cuda_11.1.TC455_06.29190527_0
START
----------------------------------------
2021-08-26 14:09:22.092251
{'batch_size': 32,
 'doc_stride': 128,
 'experiment_name': 'infoxlm-ep3-bs4-ga1-lr1e-05-adamw-wd0-cosann-wu0.1-dropout0.1-evalsteps1000',
 'max_length': 512,
 'model_checkpoint': '../../input/microsoft-infoxlm-large-squad2',
 'swa': False,
 'train_path': '../../input/chaii-hindi-and-tamil-question-answering/chaii-mlqa-xquad-5folds-count_leq15.csv'}
----------------------------------------
fold 0
fold0 t/v: 845/212
0.7018044324648097
language
hindi    0.730377
tamil    0.643844
Name: jaccard, dtype: float64
fold 1
fold1 t/v: 845/212
0.6640762146658371
language
hindi    0.706556
tamil    0.577903
Name: jaccard, dtype: float64
fold 2
fold2 t/v: 846/211
0.6996727600993004
language
hindi    0.749983
tamil    0.596135
Name: jaccard, dtype: float64
fold 3
fold3 t/v: 846/211
0.7421363935114246
language
hindi    0.779179
tamil    0.665903
Name: jaccard, dtype: float64
fold 4
fold4 t/v: 846/211
0.700436234381732
language
hindi    0.737209
tamil    0.624758
Name: jaccard, dtype: float64
FINISH
