Tue Aug 24 16:24:10 2021       
+-----------------------------------------------------------------------------+
| NVIDIA-SMI 460.80       Driver Version: 460.80       CUDA Version: 11.2     |
|-------------------------------+----------------------+----------------------+
| GPU  Name        Persistence-M| Bus-Id        Disp.A | Volatile Uncorr. ECC |
| Fan  Temp  Perf  Pwr:Usage/Cap|         Memory-Usage | GPU-Util  Compute M. |
|                               |                      |               MIG M. |
|===============================+======================+======================|
|   0  GeForce RTX 3090    Off  | 00000000:44:00.0 Off |                  N/A |
| 35%   37C    P0    32W / 350W |      0MiB / 24268MiB |      0%      Default |
|                               |                      |                  N/A |
+-------------------------------+----------------------+----------------------+
                                                                               
+-----------------------------------------------------------------------------+
| Processes:                                                                  |
|  GPU   GI   CI        PID   Type   Process name                  GPU Memory |
|        ID   ID                                                   Usage      |
|=============================================================================|
|  No running processes found                                                 |
+-----------------------------------------------------------------------------+
nvcc: NVIDIA (R) Cuda compiler driver
Copyright (c) 2005-2020 NVIDIA Corporation
Built on Mon_Oct_12_20:09:46_PDT_2020
Cuda compilation tools, release 11.1, V11.1.105
Build cuda_11.1.TC455_06.29190527_0
START
----------------------------------------
2021-08-24 16:24:54.455378
{'batch_size': 32,
 'doc_stride': 128,
 'experiment_name': 'xrobl-ep3-bs4-lr2.71e-6-adamw-wd1e-2-cosann-wu5e-2-stage2-ep1-lr1e-6',
 'max_length': 512,
 'model_checkpoint': '../../input/deepset-xlm-roberta-large-squad2',
 'train_path': '../../input/chaii-hindi-and-tamil-question-answering/chaii-mlqa-xquad-5folds-count_leq15.csv'}
----------------------------------------
fold 0
fold0 t/v: 845/212
0.6767033542976939
language
hindi    0.708244
tamil    0.612721
Name: jaccard, dtype: float64
fold 1
fold1 t/v: 845/212
0.6886521759163269
language
hindi    0.730533
tamil    0.603694
Name: jaccard, dtype: float64
fold 2
fold2 t/v: 846/211
0.7041826525238847
language
hindi    0.743891
tamil    0.622464
Name: jaccard, dtype: float64
fold 3
fold3 t/v: 846/211
0.726659708117054
language
hindi    0.759226
tamil    0.659639
Name: jaccard, dtype: float64
fold 4
fold4 t/v: 846/211
0.7165979360292156
language
hindi    0.762297
tamil    0.622550
Name: jaccard, dtype: float64
FINISH
