Tue Aug 24 23:05:41 2021       
+-----------------------------------------------------------------------------+
| NVIDIA-SMI 460.80       Driver Version: 460.80       CUDA Version: 11.2     |
|-------------------------------+----------------------+----------------------+
| GPU  Name        Persistence-M| Bus-Id        Disp.A | Volatile Uncorr. ECC |
| Fan  Temp  Perf  Pwr:Usage/Cap|         Memory-Usage | GPU-Util  Compute M. |
|                               |                      |               MIG M. |
|===============================+======================+======================|
|   0  GeForce RTX 3090    Off  | 00000000:3E:00.0 Off |                  N/A |
| 43%   33C    P0    34W / 350W |      0MiB / 24268MiB |      0%      Default |
|                               |                      |                  N/A |
+-------------------------------+----------------------+----------------------+
                                                                               
+-----------------------------------------------------------------------------+
| Processes:                                                                  |
|  GPU   GI   CI        PID   Type   Process name                  GPU Memory |
|        ID   ID                                                   Usage      |
|=============================================================================|
|  No running processes found                                                 |
+-----------------------------------------------------------------------------+
nvcc: NVIDIA (R) Cuda compiler driver
Copyright (c) 2005-2020 NVIDIA Corporation
Built on Mon_Oct_12_20:09:46_PDT_2020
Cuda compilation tools, release 11.1, V11.1.105
Build cuda_11.1.TC455_06.29190527_0
START
----------------------------------------
2021-08-24 23:06:22.174733
{'batch_size': 32,
 'doc_stride': 128,
 'experiment_name': 'xrobl-ep3-bs4-ga1-lr1e-05-adamw-wd0-cosann-wu0.1-dropout0.2-evalsteps1000',
 'max_length': 512,
 'model_checkpoint': '../../input/deepset-xlm-roberta-large-squad2',
 'swa': False,
 'train_path': '../../input/chaii-hindi-and-tamil-question-answering/chaii-mlqa-xquad-5folds-count_leq15.csv'}
----------------------------------------
fold 0
fold0 t/v: 845/212
0.6637765798143155
language
hindi    0.665739
tamil    0.659796
Name: jaccard, dtype: float64
fold 1
fold1 t/v: 845/212
0.6824845359043471
language
hindi    0.720641
tamil    0.605082
Name: jaccard, dtype: float64
fold 2
fold2 t/v: 846/211
0.7210072970736479
language
hindi    0.747764
tamil    0.665942
Name: jaccard, dtype: float64
fold 3
fold3 t/v: 846/211
0.7200001880689084
language
hindi    0.731921
tamil    0.695468
Name: jaccard, dtype: float64
fold 4
fold4 t/v: 846/211
0.7152720502246569
language
hindi    0.746159
tamil    0.651708
Name: jaccard, dtype: float64
FINISH
