Sat Oct 16 19:50:03 2021       
+-----------------------------------------------------------------------------+
| NVIDIA-SMI 460.80       Driver Version: 460.80       CUDA Version: 11.2     |
|-------------------------------+----------------------+----------------------+
| GPU  Name        Persistence-M| Bus-Id        Disp.A | Volatile Uncorr. ECC |
| Fan  Temp  Perf  Pwr:Usage/Cap|         Memory-Usage | GPU-Util  Compute M. |
|                               |                      |               MIG M. |
|===============================+======================+======================|
|   0  GeForce RTX 3090    Off  | 00000000:42:00.0 Off |                  N/A |
| 39%   25C    P8    24W / 350W |      0MiB / 24268MiB |      0%      Default |
|                               |                      |                  N/A |
+-------------------------------+----------------------+----------------------+
                                                                               
+-----------------------------------------------------------------------------+
| Processes:                                                                  |
|  GPU   GI   CI        PID   Type   Process name                  GPU Memory |
|        ID   ID                                                   Usage      |
|=============================================================================|
|  No running processes found                                                 |
+-----------------------------------------------------------------------------+
nvcc: NVIDIA (R) Cuda compiler driver
Copyright (c) 2005-2020 NVIDIA Corporation
Built on Mon_Oct_12_20:09:46_PDT_2020
Cuda compilation tools, release 11.1, V11.1.105
Build cuda_11.1.TC455_06.29190527_0
START
imp 43498, p 86821
{'accumulation_steps': 1,
 'batch_size': 4,
 'doc_stride': 128,
 'dropout': 0.1,
 'epochs': 3,
 'hdropout': 0.5,
 'lr': 1e-05,
 'max_length': 384,
 'model_checkpoint': '/gpfsnyu/scratch/yw3642/chaii/input/google-rembert',
 'nlast': 1,
 'seed': 3407,
 'time': '2021-10-16-19:54:29',
 'train_path': '/gpfsnyu/scratch/yw3642/chaii/input/squad2/train-v2.0.json',
 'warmup_ratio': 0.2,
 'weight_decay': 0.0}
{'loss': 5.8679, 'learning_rate': 2.4804243495832284e-07, 'epoch': 0.02}
{'loss': 5.2478, 'learning_rate': 5.001262945188179e-07, 'epoch': 0.03}
{'loss': 4.4091, 'learning_rate': 7.527153321545845e-07, 'epoch': 0.05}
{'loss': 4.0562, 'learning_rate': 1.0053043697903512e-06, 'epoch': 0.06}
{'loss': 3.8722, 'learning_rate': 1.2578934074261179e-06, 'epoch': 0.08}
{'loss': 3.7585, 'learning_rate': 1.5104824450618844e-06, 'epoch': 0.09}
{'loss': 3.6327, 'learning_rate': 1.763071482697651e-06, 'epoch': 0.11}
{'loss': 3.5198, 'learning_rate': 2.0156605203334175e-06, 'epoch': 0.12}
{'loss': 3.3621, 'learning_rate': 2.2682495579691842e-06, 'epoch': 0.14}
{'loss': 2.8646, 'learning_rate': 2.520838595604951e-06, 'epoch': 0.15}
{'loss': 2.3003, 'learning_rate': 2.772922455165446e-06, 'epoch': 0.17}
{'loss': 2.0408, 'learning_rate': 3.0255114928012125e-06, 'epoch': 0.18}
{'loss': 1.9008, 'learning_rate': 3.2775953523617075e-06, 'epoch': 0.2}
{'loss': 1.7736, 'learning_rate': 3.530184389997474e-06, 'epoch': 0.21}
{'loss': 1.617, 'learning_rate': 3.7827734276332413e-06, 'epoch': 0.23}
{'loss': 1.5815, 'learning_rate': 4.0353624652690075e-06, 'epoch': 0.24}
{'loss': 1.4953, 'learning_rate': 4.287951502904774e-06, 'epoch': 0.26}
{'loss': 1.42, 'learning_rate': 4.540540540540541e-06, 'epoch': 0.27}
{'loss': 1.471, 'learning_rate': 4.793129578176308e-06, 'epoch': 0.29}
{'loss': 1.3877, 'learning_rate': 5.045718615812074e-06, 'epoch': 0.3}
{'loss': 1.363, 'learning_rate': 5.298307653447841e-06, 'epoch': 0.32}
{'loss': 1.3184, 'learning_rate': 5.550896691083607e-06, 'epoch': 0.33}
{'loss': 1.3986, 'learning_rate': 5.8034857287193735e-06, 'epoch': 0.35}
{'loss': 1.302, 'learning_rate': 6.056074766355141e-06, 'epoch': 0.36}
{'loss': 1.299, 'learning_rate': 6.308663803990908e-06, 'epoch': 0.38}
{'loss': 1.3548, 'learning_rate': 6.5612528416266745e-06, 'epoch': 0.39}
{'loss': 1.2918, 'learning_rate': 6.81384187926244e-06, 'epoch': 0.41}
{'loss': 1.2368, 'learning_rate': 7.066430916898207e-06, 'epoch': 0.42}
{'loss': 1.2734, 'learning_rate': 7.319019954533974e-06, 'epoch': 0.44}
{'loss': 1.2163, 'learning_rate': 7.5711038140944695e-06, 'epoch': 0.45}
{'loss': 1.2165, 'learning_rate': 7.823692851730235e-06, 'epoch': 0.47}
{'loss': 1.2099, 'learning_rate': 8.076281889366003e-06, 'epoch': 0.48}
{'loss': 1.2428, 'learning_rate': 8.328870927001769e-06, 'epoch': 0.5}
{'loss': 1.2035, 'learning_rate': 8.581459964637535e-06, 'epoch': 0.52}
{'loss': 1.2167, 'learning_rate': 8.834049002273302e-06, 'epoch': 0.53}
{'loss': 1.1728, 'learning_rate': 9.08663803990907e-06, 'epoch': 0.55}
{'loss': 1.2319, 'learning_rate': 9.339227077544835e-06, 'epoch': 0.56}
{'loss': 1.1999, 'learning_rate': 9.591816115180603e-06, 'epoch': 0.58}
{'loss': 1.173, 'learning_rate': 9.844405152816369e-06, 'epoch': 0.59}
{'loss': 1.165, 'learning_rate': 9.975877137588726e-06, 'epoch': 0.61}
{'loss': 1.1637, 'learning_rate': 9.912728283108946e-06, 'epoch': 0.62}
{'loss': 1.1804, 'learning_rate': 9.849579428629165e-06, 'epoch': 0.64}
{'loss': 1.1487, 'learning_rate': 9.786430574149386e-06, 'epoch': 0.65}
{'loss': 1.1462, 'learning_rate': 9.723281719669606e-06, 'epoch': 0.67}
{'loss': 1.1449, 'learning_rate': 9.660259162898787e-06, 'epoch': 0.68}
{'loss': 1.1396, 'learning_rate': 9.597110308419007e-06, 'epoch': 0.7}
{'loss': 1.146, 'learning_rate': 9.533961453939226e-06, 'epoch': 0.71}
{'loss': 1.0826, 'learning_rate': 9.470812599459447e-06, 'epoch': 0.73}
{'loss': 1.1179, 'learning_rate': 9.407663744979667e-06, 'epoch': 0.74}
{'loss': 1.1114, 'learning_rate': 9.344514890499888e-06, 'epoch': 0.76}
{'loss': 1.1262, 'learning_rate': 9.281366036020108e-06, 'epoch': 0.77}
{'loss': 1.2062, 'learning_rate': 9.218217181540327e-06, 'epoch': 0.79}
{'loss': 1.1231, 'learning_rate': 9.155194624769508e-06, 'epoch': 0.8}
{'loss': 1.0988, 'learning_rate': 9.092045770289728e-06, 'epoch': 0.82}
{'loss': 1.0558, 'learning_rate': 9.028896915809949e-06, 'epoch': 0.83}
{'loss': 1.1203, 'learning_rate': 8.965748061330169e-06, 'epoch': 0.85}
{'loss': 1.1034, 'learning_rate': 8.902599206850388e-06, 'epoch': 0.86}
{'loss': 1.1383, 'learning_rate': 8.83945035237061e-06, 'epoch': 0.88}
{'loss': 1.1356, 'learning_rate': 8.776427795599789e-06, 'epoch': 0.89}
{'loss': 1.0296, 'learning_rate': 8.71327894112001e-06, 'epoch': 0.91}
{'loss': 1.0721, 'learning_rate': 8.65013008664023e-06, 'epoch': 0.92}
{'loss': 1.0526, 'learning_rate': 8.586981232160449e-06, 'epoch': 0.94}
{'loss': 1.0825, 'learning_rate': 8.52383237768067e-06, 'epoch': 0.95}
{'loss': 1.0897, 'learning_rate': 8.46068352320089e-06, 'epoch': 0.97}
{'loss': 1.0886, 'learning_rate': 8.397534668721111e-06, 'epoch': 0.99}
{'loss': 1.0259, 'learning_rate': 8.33438581424133e-06, 'epoch': 1.0}
{'loss': 1.0154, 'learning_rate': 8.27123695976155e-06, 'epoch': 1.02}
{'loss': 0.9545, 'learning_rate': 8.208214402990731e-06, 'epoch': 1.03}
{'loss': 1.015, 'learning_rate': 8.14506554851095e-06, 'epoch': 1.05}
{'loss': 1.1031, 'learning_rate': 8.08191669403117e-06, 'epoch': 1.06}
{'loss': 1.0174, 'learning_rate': 8.018767839551391e-06, 'epoch': 1.08}
{'loss': 0.96, 'learning_rate': 7.955618985071611e-06, 'epoch': 1.09}
{'loss': 1.0812, 'learning_rate': 7.892596428300792e-06, 'epoch': 1.11}
{'loss': 0.9987, 'learning_rate': 7.82957387152997e-06, 'epoch': 1.12}
{'loss': 0.9912, 'learning_rate': 7.766425017050191e-06, 'epoch': 1.14}
{'loss': 0.9883, 'learning_rate': 7.70327616257041e-06, 'epoch': 1.15}
{'loss': 1.0501, 'learning_rate': 7.640127308090632e-06, 'epoch': 1.17}
{'loss': 1.0199, 'learning_rate': 7.576978453610852e-06, 'epoch': 1.18}
{'loss': 1.0143, 'learning_rate': 7.513829599131073e-06, 'epoch': 1.2}
{'loss': 0.9419, 'learning_rate': 7.450680744651293e-06, 'epoch': 1.21}
{'loss': 0.9854, 'learning_rate': 7.3875318901715134e-06, 'epoch': 1.23}
{'loss': 0.9742, 'learning_rate': 7.324383035691733e-06, 'epoch': 1.24}
{'loss': 1.0264, 'learning_rate': 7.2613604789209125e-06, 'epoch': 1.26}
{'loss': 1.0185, 'learning_rate': 7.198211624441134e-06, 'epoch': 1.27}
{'loss': 0.9835, 'learning_rate': 7.135062769961354e-06, 'epoch': 1.29}
{'loss': 0.9221, 'learning_rate': 7.071913915481574e-06, 'epoch': 1.3}
{'loss': 0.9409, 'learning_rate': 7.008765061001794e-06, 'epoch': 1.32}
{'loss': 0.9755, 'learning_rate': 6.945616206522014e-06, 'epoch': 1.33}
{'loss': 0.9723, 'learning_rate': 6.882467352042235e-06, 'epoch': 1.35}
{'loss': 0.9541, 'learning_rate': 6.819444795271414e-06, 'epoch': 1.36}
{'loss': 0.9047, 'learning_rate': 6.756295940791635e-06, 'epoch': 1.38}
{'loss': 0.9655, 'learning_rate': 6.693273384020814e-06, 'epoch': 1.39}
{'loss': 1.0, 'learning_rate': 6.6301245295410345e-06, 'epoch': 1.41}
{'loss': 0.931, 'learning_rate': 6.566975675061255e-06, 'epoch': 1.42}
{'loss': 0.9857, 'learning_rate': 6.503826820581474e-06, 'epoch': 1.44}
{'loss': 0.9276, 'learning_rate': 6.440677966101695e-06, 'epoch': 1.45}
{'loss': 0.9443, 'learning_rate': 6.377529111621916e-06, 'epoch': 1.47}
{'loss': 0.9394, 'learning_rate': 6.314380257142136e-06, 'epoch': 1.49}
{'loss': 0.9611, 'learning_rate': 6.251231402662357e-06, 'epoch': 1.5}
{'loss': 0.936, 'learning_rate': 6.188208845891535e-06, 'epoch': 1.52}
{'loss': 0.9016, 'learning_rate': 6.125186289120716e-06, 'epoch': 1.53}
{'loss': 0.9176, 'learning_rate': 6.062037434640936e-06, 'epoch': 1.55}
{'loss': 0.9914, 'learning_rate': 5.9988885801611564e-06, 'epoch': 1.56}
{'loss': 0.8686, 'learning_rate': 5.935739725681377e-06, 'epoch': 1.58}
{'loss': 0.9954, 'learning_rate': 5.872590871201596e-06, 'epoch': 1.59}
{'loss': 0.9078, 'learning_rate': 5.809442016721817e-06, 'epoch': 1.61}
{'loss': 0.9193, 'learning_rate': 5.746293162242037e-06, 'epoch': 1.62}
{'loss': 0.9157, 'learning_rate': 5.683144307762257e-06, 'epoch': 1.64}
{'loss': 0.9617, 'learning_rate': 5.619995453282478e-06, 'epoch': 1.65}
{'loss': 0.9488, 'learning_rate': 5.556972896511657e-06, 'epoch': 1.67}
{'loss': 0.9332, 'learning_rate': 5.493824042031878e-06, 'epoch': 1.68}
{'loss': 0.9093, 'learning_rate': 5.430675187552098e-06, 'epoch': 1.7}
{'loss': 0.9688, 'learning_rate': 5.367526333072318e-06, 'epoch': 1.71}
{'loss': 0.9023, 'learning_rate': 5.304503776301499e-06, 'epoch': 1.73}
{'loss': 0.9415, 'learning_rate': 5.241354921821718e-06, 'epoch': 1.74}
{'loss': 0.9167, 'learning_rate': 5.178206067341939e-06, 'epoch': 1.76}
{'loss': 0.9138, 'learning_rate': 5.115057212862159e-06, 'epoch': 1.77}
{'loss': 0.9356, 'learning_rate': 5.051908358382379e-06, 'epoch': 1.79}
{'loss': 0.886, 'learning_rate': 4.9887595039026e-06, 'epoch': 1.8}
{'loss': 0.8888, 'learning_rate': 4.925736947131779e-06, 'epoch': 1.82}
{'loss': 0.9613, 'learning_rate': 4.862588092652e-06, 'epoch': 1.83}
{'loss': 0.9593, 'learning_rate': 4.79943923817222e-06, 'epoch': 1.85}
{'loss': 0.9128, 'learning_rate': 4.7364166814013995e-06, 'epoch': 1.86}
{'loss': 0.8691, 'learning_rate': 4.67326782692162e-06, 'epoch': 1.88}
{'loss': 0.9129, 'learning_rate': 4.61011897244184e-06, 'epoch': 1.89}
{'loss': 0.9158, 'learning_rate': 4.546970117962061e-06, 'epoch': 1.91}
{'loss': 0.9059, 'learning_rate': 4.48394756119124e-06, 'epoch': 1.92}
{'loss': 0.9417, 'learning_rate': 4.4207987067114605e-06, 'epoch': 1.94}
{'loss': 0.8971, 'learning_rate': 4.357649852231681e-06, 'epoch': 1.96}
{'loss': 0.9412, 'learning_rate': 4.294500997751901e-06, 'epoch': 1.97}
{'loss': 0.8448, 'learning_rate': 4.231352143272122e-06, 'epoch': 1.99}
{'loss': 0.8601, 'learning_rate': 4.168203288792342e-06, 'epoch': 2.0}
{'loss': 0.7781, 'learning_rate': 4.1051807320215215e-06, 'epoch': 2.02}
{'loss': 0.8327, 'learning_rate': 4.042031877541742e-06, 'epoch': 2.03}
{'loss': 0.7386, 'learning_rate': 3.978883023061962e-06, 'epoch': 2.05}
{'loss': 0.8153, 'learning_rate': 3.915860466291142e-06, 'epoch': 2.06}
{'loss': 0.8345, 'learning_rate': 3.852711611811362e-06, 'epoch': 2.08}
{'loss': 0.8345, 'learning_rate': 3.7895627573315825e-06, 'epoch': 2.09}
{'loss': 0.8384, 'learning_rate': 3.7264139028518024e-06, 'epoch': 2.11}
{'loss': 0.8246, 'learning_rate': 3.663265048372023e-06, 'epoch': 2.12}
{'loss': 0.7803, 'learning_rate': 3.600116193892243e-06, 'epoch': 2.14}
{'loss': 0.8281, 'learning_rate': 3.536967339412463e-06, 'epoch': 2.15}
{'loss': 0.7487, 'learning_rate': 3.4738184849326835e-06, 'epoch': 2.17}
{'loss': 0.8182, 'learning_rate': 3.4106696304529042e-06, 'epoch': 2.18}
{'loss': 0.8178, 'learning_rate': 3.3476470736820838e-06, 'epoch': 2.2}
{'loss': 0.8013, 'learning_rate': 3.2846245169112633e-06, 'epoch': 2.21}
{'loss': 0.7729, 'learning_rate': 3.2214756624314837e-06, 'epoch': 2.23}
{'loss': 0.8308, 'learning_rate': 3.1583268079517036e-06, 'epoch': 2.24}
{'loss': 0.7511, 'learning_rate': 3.0951779534719244e-06, 'epoch': 2.26}
{'loss': 0.7522, 'learning_rate': 3.0321553967011044e-06, 'epoch': 2.27}
{'loss': 0.7757, 'learning_rate': 2.9690065422213243e-06, 'epoch': 2.29}
{'loss': 0.7735, 'learning_rate': 2.9058576877415447e-06, 'epoch': 2.3}
{'loss': 0.7772, 'learning_rate': 2.8427088332617646e-06, 'epoch': 2.32}
{'loss': 0.757, 'learning_rate': 2.779559978781985e-06, 'epoch': 2.33}
{'loss': 0.7974, 'learning_rate': 2.716411124302205e-06, 'epoch': 2.35}
{'loss': 0.8294, 'learning_rate': 2.6532622698224257e-06, 'epoch': 2.36}
{'loss': 0.8006, 'learning_rate': 2.590113415342646e-06, 'epoch': 2.38}
{'loss': 0.7844, 'learning_rate': 2.5269645608628664e-06, 'epoch': 2.39}
{'loss': 0.8659, 'learning_rate': 2.463942004092046e-06, 'epoch': 2.41}
{'loss': 0.7807, 'learning_rate': 2.400919447321226e-06, 'epoch': 2.42}
{'loss': 0.7236, 'learning_rate': 2.337770592841446e-06, 'epoch': 2.44}
{'loss': 0.8347, 'learning_rate': 2.2746217383616666e-06, 'epoch': 2.46}
{'loss': 0.7964, 'learning_rate': 2.211599181590846e-06, 'epoch': 2.47}
{'loss': 0.7362, 'learning_rate': 2.148450327111066e-06, 'epoch': 2.49}
{'loss': 0.7856, 'learning_rate': 2.085301472631287e-06, 'epoch': 2.5}
{'loss': 0.8216, 'learning_rate': 2.022152618151507e-06, 'epoch': 2.52}
{'loss': 0.7689, 'learning_rate': 1.959003763671727e-06, 'epoch': 2.53}
{'loss': 0.8363, 'learning_rate': 1.8958549091919473e-06, 'epoch': 2.55}
{'loss': 0.7801, 'learning_rate': 1.8327060547121677e-06, 'epoch': 2.56}
{'loss': 0.8505, 'learning_rate': 1.769557200232388e-06, 'epoch': 2.58}
{'loss': 0.8288, 'learning_rate': 1.7065346434615676e-06, 'epoch': 2.59}
{'loss': 0.8028, 'learning_rate': 1.6433857889817882e-06, 'epoch': 2.61}
{'loss': 0.7525, 'learning_rate': 1.5802369345020083e-06, 'epoch': 2.62}
{'loss': 0.7506, 'learning_rate': 1.5170880800222285e-06, 'epoch': 2.64}
{'loss': 0.7737, 'learning_rate': 1.4539392255424486e-06, 'epoch': 2.65}
{'loss': 0.7504, 'learning_rate': 1.3909166687716286e-06, 'epoch': 2.67}
{'loss': 0.75, 'learning_rate': 1.3277678142918487e-06, 'epoch': 2.68}
{'loss': 0.7833, 'learning_rate': 1.2646189598120693e-06, 'epoch': 2.7}
{'loss': 0.8362, 'learning_rate': 1.2014701053322895e-06, 'epoch': 2.71}
{'loss': 0.7525, 'learning_rate': 1.1383212508525096e-06, 'epoch': 2.73}
{'loss': 0.7092, 'learning_rate': 1.07517239637273e-06, 'epoch': 2.74}
{'loss': 0.7407, 'learning_rate': 1.0121498396019097e-06, 'epoch': 2.76}
{'loss': 0.795, 'learning_rate': 9.490009851221299e-07, 'epoch': 2.77}
{'loss': 0.6525, 'learning_rate': 8.858521306423502e-07, 'epoch': 2.79}
{'loss': 0.7625, 'learning_rate': 8.227032761625704e-07, 'epoch': 2.8}
{'loss': 0.8048, 'learning_rate': 7.595544216827908e-07, 'epoch': 2.82}
{'loss': 0.6863, 'learning_rate': 6.965318649119705e-07, 'epoch': 2.83}
{'loss': 0.7636, 'learning_rate': 6.333830104321909e-07, 'epoch': 2.85}
{'loss': 0.7711, 'learning_rate': 5.70234155952411e-07, 'epoch': 2.86}
{'loss': 0.751, 'learning_rate': 5.070853014726313e-07, 'epoch': 2.88}
{'loss': 0.7802, 'learning_rate': 4.439364469928516e-07, 'epoch': 2.89}
{'loss': 0.7189, 'learning_rate': 3.8091389022203144e-07, 'epoch': 2.91}
{'loss': 0.796, 'learning_rate': 3.177650357422517e-07, 'epoch': 2.93}
{'loss': 0.8389, 'learning_rate': 2.546161812624719e-07, 'epoch': 2.94}
{'loss': 0.7196, 'learning_rate': 1.9146732678269216e-07, 'epoch': 2.96}
{'loss': 0.7156, 'learning_rate': 1.2831847230291244e-07, 'epoch': 2.97}
{'loss': 0.7429, 'learning_rate': 6.516961782313269e-08, 'epoch': 2.99}
{'train_runtime': 27986.7836, 'train_samples_per_second': 14.145, 'train_steps_per_second': 3.536, 'train_loss': 1.1414889681679283, 'epoch': 3.0}
2021-10-17 03:41:00.188828
FINISH
