Sat Sep 25 15:04:19 2021       
+-----------------------------------------------------------------------------+
| NVIDIA-SMI 460.80       Driver Version: 460.80       CUDA Version: 11.2     |
|-------------------------------+----------------------+----------------------+
| GPU  Name        Persistence-M| Bus-Id        Disp.A | Volatile Uncorr. ECC |
| Fan  Temp  Perf  Pwr:Usage/Cap|         Memory-Usage | GPU-Util  Compute M. |
|                               |                      |               MIG M. |
|===============================+======================+======================|
|   0  GeForce RTX 3090    Off  | 00000000:44:00.0 Off |                  N/A |
| 32%   27C    P8    22W / 350W |      0MiB / 24268MiB |      0%      Default |
|                               |                      |                  N/A |
+-------------------------------+----------------------+----------------------+
                                                                               
+-----------------------------------------------------------------------------+
| Processes:                                                                  |
|  GPU   GI   CI        PID   Type   Process name                  GPU Memory |
|        ID   ID                                                   Usage      |
|=============================================================================|
|  No running processes found                                                 |
+-----------------------------------------------------------------------------+
nvcc: NVIDIA (R) Cuda compiler driver
Copyright (c) 2005-2020 NVIDIA Corporation
Built on Mon_Oct_12_20:09:46_PDT_2020
Cuda compilation tools, release 11.1, V11.1.105
Build cuda_11.1.TC455_06.29190527_0
START
imp 43498, p 86821
max length: 512
----------------------------------------
2021-09-25 15:07:31.249455
{'dataloader_num_workers': 8,
 'evaluation_strategy': 'no',
 'fp16': True,
 'gradient_accumulation_steps': 8,
 'learning_rate': 1e-05,
 'num_train_epochs': 3,
 'output_dir': '/gpfsnyu/scratch/yw3642/chaii/working/model/microsoft-infoxlm-large-pretrained-squad2',
 'per_device_eval_batch_size': 4,
 'per_device_train_batch_size': 4,
 'report_to': 'none',
 'save_strategy': 'epoch',
 'warmup_ratio': 0.2,
 'weight_decay': 0.01}
----------------------------------------
{'loss': 4.4373, 'learning_rate': 2.010603588907015e-06, 'epoch': 0.12}
{'loss': 1.7717, 'learning_rate': 4.049755301794454e-06, 'epoch': 0.24}
{'loss': 1.2027, 'learning_rate': 6.0889070146818925e-06, 'epoch': 0.37}
{'loss': 1.0794, 'learning_rate': 8.128058727569332e-06, 'epoch': 0.49}
{'loss': 0.9658, 'learning_rate': 9.958188863960841e-06, 'epoch': 0.61}
{'loss': 0.9174, 'learning_rate': 9.44829696104426e-06, 'epoch': 0.73}
{'loss': 0.8839, 'learning_rate': 8.939424841933511e-06, 'epoch': 0.86}
{'loss': 0.8392, 'learning_rate': 8.42953293901693e-06, 'epoch': 0.98}
{'loss': 0.754, 'learning_rate': 7.919641036100348e-06, 'epoch': 1.1}
{'loss': 0.721, 'learning_rate': 7.409749133183765e-06, 'epoch': 1.22}
{'loss': 0.7089, 'learning_rate': 6.899857230267184e-06, 'epoch': 1.35}
{'loss': 0.6983, 'learning_rate': 6.389965327350602e-06, 'epoch': 1.47}
{'loss': 0.6834, 'learning_rate': 5.8800734244340205e-06, 'epoch': 1.59}
{'loss': 0.6751, 'learning_rate': 5.370181521517439e-06, 'epoch': 1.71}
{'loss': 0.6718, 'learning_rate': 4.8602896186008565e-06, 'epoch': 1.84}
{'loss': 0.6657, 'learning_rate': 4.350397715684275e-06, 'epoch': 1.96}
{'loss': 0.5863, 'learning_rate': 3.840505812767693e-06, 'epoch': 2.08}
{'loss': 0.5395, 'learning_rate': 3.330613909851112e-06, 'epoch': 2.2}
{'loss': 0.5324, 'learning_rate': 2.8207220069345305e-06, 'epoch': 2.32}
{'loss': 0.5474, 'learning_rate': 2.3108301040179485e-06, 'epoch': 2.45}
{'loss': 0.5426, 'learning_rate': 1.8019579849071997e-06, 'epoch': 2.57}
{'loss': 0.5438, 'learning_rate': 1.2920660819906181e-06, 'epoch': 2.69}
{'loss': 0.5347, 'learning_rate': 7.821741790740364e-07, 'epoch': 2.81}
{'loss': 0.5352, 'learning_rate': 2.7228227615745463e-07, 'epoch': 2.94}
{'train_runtime': 11972.3247, 'train_samples_per_second': 32.767, 'train_steps_per_second': 1.024, 'train_loss': 0.9098833009107095, 'epoch': 3.0}
2021-09-25 18:27:32.801953
FINISH
