Thu Sep  9 01:22:05 2021       
+-----------------------------------------------------------------------------+
| NVIDIA-SMI 460.80       Driver Version: 460.80       CUDA Version: 11.2     |
|-------------------------------+----------------------+----------------------+
| GPU  Name        Persistence-M| Bus-Id        Disp.A | Volatile Uncorr. ECC |
| Fan  Temp  Perf  Pwr:Usage/Cap|         Memory-Usage | GPU-Util  Compute M. |
|                               |                      |               MIG M. |
|===============================+======================+======================|
|   0  GeForce RTX 3090    Off  | 00000000:3D:00.0 Off |                  N/A |
| 39%   29C    P8    26W / 350W |      0MiB / 24268MiB |      0%      Default |
|                               |                      |                  N/A |
+-------------------------------+----------------------+----------------------+
                                                                               
+-----------------------------------------------------------------------------+
| Processes:                                                                  |
|  GPU   GI   CI        PID   Type   Process name                  GPU Memory |
|        ID   ID                                                   Usage      |
|=============================================================================|
|  No running processes found                                                 |
+-----------------------------------------------------------------------------+
nvcc: NVIDIA (R) Cuda compiler driver
Copyright (c) 2005-2020 NVIDIA Corporation
Built on Mon_Oct_12_20:09:46_PDT_2020
Cuda compilation tools, release 11.1, V11.1.105
Build cuda_11.1.TC455_06.29190527_0
START
max length: 512
----------------------------------------
2021-09-09 01:24:19.290053
{'dataloader_num_workers': 8,
 'evaluation_strategy': 'no',
 'fp16': True,
 'gradient_accumulation_steps': 8,
 'learning_rate': 1e-05,
 'num_train_epochs': 3,
 'output_dir': '../../input/google-muril-base-case-squad2_enta-512',
 'per_device_eval_batch_size': 4,
 'per_device_train_batch_size': 4,
 'report_to': 'none',
 'save_strategy': 'epoch',
 'warmup_ratio': 0.2,
 'weight_decay': 0.01}
----------------------------------------
{'loss': 5.4251, 'learning_rate': 2.0433183489987743e-06, 'epoch': 0.12}
{'loss': 5.2359, 'learning_rate': 4.078463424601553e-06, 'epoch': 0.25}
{'loss': 5.0419, 'learning_rate': 6.121781773600327e-06, 'epoch': 0.37}
{'loss': 4.8518, 'learning_rate': 8.1651001225991e-06, 'epoch': 0.49}
{'loss': 4.5775, 'learning_rate': 9.948911821804436e-06, 'epoch': 0.61}
{'loss': 4.2216, 'learning_rate': 9.43905180341269e-06, 'epoch': 0.74}
