Sat Oct 16 19:47:59 2021       
+-----------------------------------------------------------------------------+
| NVIDIA-SMI 460.80       Driver Version: 460.80       CUDA Version: 11.2     |
|-------------------------------+----------------------+----------------------+
| GPU  Name        Persistence-M| Bus-Id        Disp.A | Volatile Uncorr. ECC |
| Fan  Temp  Perf  Pwr:Usage/Cap|         Memory-Usage | GPU-Util  Compute M. |
|                               |                      |               MIG M. |
|===============================+======================+======================|
|   0  GeForce RTX 3090    Off  | 00000000:45:00.0 Off |                  N/A |
| 38%   29C    P8    18W / 350W |      0MiB / 24268MiB |      0%      Default |
|                               |                      |                  N/A |
+-------------------------------+----------------------+----------------------+
                                                                               
+-----------------------------------------------------------------------------+
| Processes:                                                                  |
|  GPU   GI   CI        PID   Type   Process name                  GPU Memory |
|        ID   ID                                                   Usage      |
|=============================================================================|
|  No running processes found                                                 |
+-----------------------------------------------------------------------------+
nvcc: NVIDIA (R) Cuda compiler driver
Copyright (c) 2005-2020 NVIDIA Corporation
Built on Mon_Oct_12_20:09:46_PDT_2020
Cuda compilation tools, release 11.1, V11.1.105
Build cuda_11.1.TC455_06.29190527_0
START
imp 43498, p 86821
{'accumulation_steps': 1,
 'batch_size': 4,
 'doc_stride': 128,
 'dropout': 0.2,
 'epochs': 3,
 'hdropout': 0.5,
 'lr': 1e-05,
 'max_length': 384,
 'model_checkpoint': '/gpfsnyu/scratch/yw3642/chaii/input/google-rembert',
 'nlast': 1,
 'seed': 3407,
 'time': '2021-10-16-19:52:47',
 'train_path': '/gpfsnyu/scratch/yw3642/chaii/input/squad2/train-v2.0.json',
 'warmup_ratio': 0.2,
 'weight_decay': 0.0}
{'loss': 6.1205, 'learning_rate': 2.470320788077797e-07, 'epoch': 0.02}
{'loss': 6.0599, 'learning_rate': 4.991159383682748e-07, 'epoch': 0.03}
{'loss': 6.0252, 'learning_rate': 7.517049760040415e-07, 'epoch': 0.05}
{'loss': 5.9383, 'learning_rate': 1.004294013639808e-06, 'epoch': 0.06}
{'loss': 5.7182, 'learning_rate': 1.2568830512755748e-06, 'epoch': 0.08}
{'loss': 4.9403, 'learning_rate': 1.5094720889113415e-06, 'epoch': 0.09}
{'loss': 4.2628, 'learning_rate': 1.762061126547108e-06, 'epoch': 0.11}
{'loss': 4.0877, 'learning_rate': 2.014650164182875e-06, 'epoch': 0.12}
{'loss': 3.9507, 'learning_rate': 2.267239201818641e-06, 'epoch': 0.14}
{'loss': 3.9488, 'learning_rate': 2.519828239454408e-06, 'epoch': 0.15}
{'loss': 3.8662, 'learning_rate': 2.7724172770901745e-06, 'epoch': 0.17}
{'loss': 3.7612, 'learning_rate': 3.025006314725941e-06, 'epoch': 0.18}
{'loss': 3.7618, 'learning_rate': 3.2775953523617075e-06, 'epoch': 0.2}
{'loss': 3.7025, 'learning_rate': 3.530184389997474e-06, 'epoch': 0.21}
{'loss': 3.6084, 'learning_rate': 3.7827734276332413e-06, 'epoch': 0.23}
{'loss': 3.6695, 'learning_rate': 4.0353624652690075e-06, 'epoch': 0.24}
{'loss': 3.6316, 'learning_rate': 4.287951502904774e-06, 'epoch': 0.26}
{'loss': 3.5379, 'learning_rate': 4.540540540540541e-06, 'epoch': 0.27}
{'loss': 3.527, 'learning_rate': 4.793129578176308e-06, 'epoch': 0.29}
{'loss': 3.4797, 'learning_rate': 5.045718615812074e-06, 'epoch': 0.3}
{'loss': 3.4752, 'learning_rate': 5.298307653447841e-06, 'epoch': 0.32}
{'loss': 3.3893, 'learning_rate': 5.550896691083607e-06, 'epoch': 0.33}
{'loss': 3.4969, 'learning_rate': 5.8034857287193735e-06, 'epoch': 0.35}
{'loss': 3.3509, 'learning_rate': 6.056074766355141e-06, 'epoch': 0.36}
{'loss': 3.3224, 'learning_rate': 6.308663803990908e-06, 'epoch': 0.38}
{'loss': 3.3546, 'learning_rate': 6.5612528416266745e-06, 'epoch': 0.39}
{'loss': 3.1249, 'learning_rate': 6.81384187926244e-06, 'epoch': 0.41}
{'loss': 3.0007, 'learning_rate': 7.066430916898207e-06, 'epoch': 0.42}
{'loss': 2.8174, 'learning_rate': 7.319019954533974e-06, 'epoch': 0.44}
{'loss': 2.7122, 'learning_rate': 7.57160899216974e-06, 'epoch': 0.45}
{'loss': 2.6099, 'learning_rate': 7.823692851730235e-06, 'epoch': 0.47}
{'loss': 2.4721, 'learning_rate': 8.076281889366003e-06, 'epoch': 0.48}
{'loss': 2.4032, 'learning_rate': 8.328870927001769e-06, 'epoch': 0.5}
{'loss': 2.3899, 'learning_rate': 8.581459964637535e-06, 'epoch': 0.52}
{'loss': 2.2612, 'learning_rate': 8.834049002273302e-06, 'epoch': 0.53}
{'loss': 2.2523, 'learning_rate': 9.08663803990907e-06, 'epoch': 0.55}
{'loss': 2.2531, 'learning_rate': 9.339227077544835e-06, 'epoch': 0.56}
{'loss': 2.1187, 'learning_rate': 9.591816115180603e-06, 'epoch': 0.58}
{'loss': 2.092, 'learning_rate': 9.844405152816369e-06, 'epoch': 0.59}
{'loss': 2.0603, 'learning_rate': 9.975877137588726e-06, 'epoch': 0.61}
{'loss': 2.0677, 'learning_rate': 9.912728283108946e-06, 'epoch': 0.62}
{'loss': 2.0528, 'learning_rate': 9.849579428629165e-06, 'epoch': 0.64}
{'loss': 2.001, 'learning_rate': 9.786430574149386e-06, 'epoch': 0.65}
{'loss': 1.9166, 'learning_rate': 9.723281719669606e-06, 'epoch': 0.67}
{'loss': 1.9935, 'learning_rate': 9.660132865189827e-06, 'epoch': 0.68}
{'loss': 1.8731, 'learning_rate': 9.597110308419007e-06, 'epoch': 0.7}
{'loss': 1.9202, 'learning_rate': 9.533961453939226e-06, 'epoch': 0.71}
{'loss': 1.8714, 'learning_rate': 9.470812599459447e-06, 'epoch': 0.73}
{'loss': 1.8571, 'learning_rate': 9.407663744979667e-06, 'epoch': 0.74}
{'loss': 1.8726, 'learning_rate': 9.344641188208846e-06, 'epoch': 0.76}
{'loss': 1.8557, 'learning_rate': 9.281492333729068e-06, 'epoch': 0.77}
{'loss': 1.8558, 'learning_rate': 9.218343479249287e-06, 'epoch': 0.79}
{'loss': 1.7449, 'learning_rate': 9.155194624769508e-06, 'epoch': 0.8}
{'loss': 1.7455, 'learning_rate': 9.092045770289728e-06, 'epoch': 0.82}
{'loss': 1.6959, 'learning_rate': 9.028896915809949e-06, 'epoch': 0.83}
{'loss': 1.6604, 'learning_rate': 8.965874359039127e-06, 'epoch': 0.85}
{'loss': 1.7117, 'learning_rate': 8.902725504559348e-06, 'epoch': 0.86}
{'loss': 1.7275, 'learning_rate': 8.839702947788528e-06, 'epoch': 0.88}
{'loss': 1.7539, 'learning_rate': 8.776554093308747e-06, 'epoch': 0.89}
{'loss': 1.5914, 'learning_rate': 8.713405238828968e-06, 'epoch': 0.91}
{'loss': 1.6652, 'learning_rate': 8.650256384349188e-06, 'epoch': 0.92}
{'loss': 1.6003, 'learning_rate': 8.587107529869409e-06, 'epoch': 0.94}
{'loss': 1.6218, 'learning_rate': 8.523958675389629e-06, 'epoch': 0.95}
{'loss': 1.6078, 'learning_rate': 8.460936118618808e-06, 'epoch': 0.97}
{'loss': 1.6469, 'learning_rate': 8.39778726413903e-06, 'epoch': 0.99}
{'loss': 1.5955, 'learning_rate': 8.334638409659249e-06, 'epoch': 1.0}
{'loss': 1.5608, 'learning_rate': 8.27148955517947e-06, 'epoch': 1.02}
{'loss': 1.5686, 'learning_rate': 8.20834070069969e-06, 'epoch': 1.03}
{'loss': 1.4781, 'learning_rate': 8.145191846219909e-06, 'epoch': 1.05}
{'loss': 1.5679, 'learning_rate': 8.08204299174013e-06, 'epoch': 1.06}
{'loss': 1.5166, 'learning_rate': 8.018894137260351e-06, 'epoch': 1.08}
{'loss': 1.4814, 'learning_rate': 7.955745282780571e-06, 'epoch': 1.09}
{'loss': 1.5398, 'learning_rate': 7.89272272600975e-06, 'epoch': 1.11}
{'loss': 1.4388, 'learning_rate': 7.82957387152997e-06, 'epoch': 1.12}
{'loss': 1.4628, 'learning_rate': 7.766425017050191e-06, 'epoch': 1.14}
{'loss': 1.4653, 'learning_rate': 7.70327616257041e-06, 'epoch': 1.15}
{'loss': 1.472, 'learning_rate': 7.640127308090632e-06, 'epoch': 1.17}
{'loss': 1.4457, 'learning_rate': 7.576978453610852e-06, 'epoch': 1.18}
{'loss': 1.4564, 'learning_rate': 7.513955896840032e-06, 'epoch': 1.2}
{'loss': 1.449, 'learning_rate': 7.450807042360252e-06, 'epoch': 1.21}
{'loss': 1.4773, 'learning_rate': 7.387658187880472e-06, 'epoch': 1.23}
{'loss': 1.4149, 'learning_rate': 7.324509333400692e-06, 'epoch': 1.24}
{'loss': 1.4047, 'learning_rate': 7.2614867766298725e-06, 'epoch': 1.26}
{'loss': 1.4153, 'learning_rate': 7.198337922150093e-06, 'epoch': 1.27}
{'loss': 1.4177, 'learning_rate': 7.135189067670313e-06, 'epoch': 1.29}
{'loss': 1.3874, 'learning_rate': 7.072166510899493e-06, 'epoch': 1.3}
{'loss': 1.3819, 'learning_rate': 7.009017656419713e-06, 'epoch': 1.32}
{'loss': 1.4123, 'learning_rate': 6.9458688019399335e-06, 'epoch': 1.33}
{'loss': 1.3554, 'learning_rate': 6.882719947460154e-06, 'epoch': 1.35}
{'loss': 1.3174, 'learning_rate': 6.819571092980374e-06, 'epoch': 1.36}
{'loss': 1.3655, 'learning_rate': 6.756422238500594e-06, 'epoch': 1.38}
{'loss': 1.3348, 'learning_rate': 6.693273384020814e-06, 'epoch': 1.39}
{'loss': 1.4105, 'learning_rate': 6.6301245295410345e-06, 'epoch': 1.41}
{'loss': 1.2754, 'learning_rate': 6.567101972770215e-06, 'epoch': 1.42}
{'loss': 1.3733, 'learning_rate': 6.503953118290434e-06, 'epoch': 1.44}
{'loss': 1.3752, 'learning_rate': 6.440804263810655e-06, 'epoch': 1.45}
{'loss': 1.3292, 'learning_rate': 6.377655409330875e-06, 'epoch': 1.47}
{'loss': 1.3949, 'learning_rate': 6.3145065548510954e-06, 'epoch': 1.49}
{'loss': 1.3448, 'learning_rate': 6.251357700371316e-06, 'epoch': 1.5}
{'loss': 1.3376, 'learning_rate': 6.188335143600495e-06, 'epoch': 1.52}
{'loss': 1.269, 'learning_rate': 6.125186289120716e-06, 'epoch': 1.53}
{'loss': 1.313, 'learning_rate': 6.062037434640936e-06, 'epoch': 1.55}
{'loss': 1.3689, 'learning_rate': 5.9988885801611564e-06, 'epoch': 1.56}
{'loss': 1.2321, 'learning_rate': 5.935866023390337e-06, 'epoch': 1.58}
{'loss': 1.2855, 'learning_rate': 5.872717168910556e-06, 'epoch': 1.59}
{'loss': 1.2998, 'learning_rate': 5.809568314430777e-06, 'epoch': 1.61}
{'loss': 1.2687, 'learning_rate': 5.746419459950997e-06, 'epoch': 1.62}
{'loss': 1.2941, 'learning_rate': 5.683270605471217e-06, 'epoch': 1.64}
{'loss': 1.2809, 'learning_rate': 5.620121750991438e-06, 'epoch': 1.65}
{'loss': 1.3151, 'learning_rate': 5.557099194220617e-06, 'epoch': 1.67}
{'loss': 1.2278, 'learning_rate': 5.493950339740838e-06, 'epoch': 1.68}
{'loss': 1.2369, 'learning_rate': 5.430801485261058e-06, 'epoch': 1.7}
{'loss': 1.2495, 'learning_rate': 5.367652630781278e-06, 'epoch': 1.71}
{'loss': 1.2194, 'learning_rate': 5.304503776301499e-06, 'epoch': 1.73}
{'loss': 1.2857, 'learning_rate': 5.241354921821718e-06, 'epoch': 1.74}
{'loss': 1.234, 'learning_rate': 5.178206067341939e-06, 'epoch': 1.76}
{'loss': 1.221, 'learning_rate': 5.115183510571119e-06, 'epoch': 1.77}
{'loss': 1.2083, 'learning_rate': 5.052034656091339e-06, 'epoch': 1.79}
{'loss': 1.2267, 'learning_rate': 4.98888580161156e-06, 'epoch': 1.8}
{'loss': 1.2245, 'learning_rate': 4.925736947131779e-06, 'epoch': 1.82}
{'loss': 1.2707, 'learning_rate': 4.862588092652e-06, 'epoch': 1.83}
{'loss': 1.2189, 'learning_rate': 4.79943923817222e-06, 'epoch': 1.85}
{'loss': 1.2128, 'learning_rate': 4.73629038369244e-06, 'epoch': 1.86}
{'loss': 1.1879, 'learning_rate': 4.67314152921266e-06, 'epoch': 1.88}
{'loss': 1.236, 'learning_rate': 4.60999267473288e-06, 'epoch': 1.89}
{'loss': 1.1984, 'learning_rate': 4.546970117962061e-06, 'epoch': 1.91}
{'loss': 1.1856, 'learning_rate': 4.483821263482281e-06, 'epoch': 1.92}
{'loss': 1.1937, 'learning_rate': 4.4207987067114605e-06, 'epoch': 1.94}
{'loss': 1.1699, 'learning_rate': 4.357649852231681e-06, 'epoch': 1.96}
{'loss': 1.2141, 'learning_rate': 4.294500997751901e-06, 'epoch': 1.97}
{'loss': 1.1837, 'learning_rate': 4.231352143272122e-06, 'epoch': 1.99}
{'loss': 1.1818, 'learning_rate': 4.168203288792342e-06, 'epoch': 2.0}
{'loss': 1.1429, 'learning_rate': 4.105054434312562e-06, 'epoch': 2.02}
{'loss': 1.1094, 'learning_rate': 4.041905579832782e-06, 'epoch': 2.03}
{'loss': 1.0853, 'learning_rate': 3.978883023061962e-06, 'epoch': 2.05}
{'loss': 1.1591, 'learning_rate': 3.915734168582182e-06, 'epoch': 2.06}
{'loss': 1.1194, 'learning_rate': 3.852585314102403e-06, 'epoch': 2.08}
{'loss': 1.1306, 'learning_rate': 3.789436459622623e-06, 'epoch': 2.09}
{'loss': 1.1386, 'learning_rate': 3.7262876051428433e-06, 'epoch': 2.11}
{'loss': 1.1149, 'learning_rate': 3.663138750663063e-06, 'epoch': 2.12}
{'loss': 1.0622, 'learning_rate': 3.5999898961832836e-06, 'epoch': 2.14}
{'loss': 1.1783, 'learning_rate': 3.536967339412463e-06, 'epoch': 2.15}
{'loss': 1.0981, 'learning_rate': 3.4738184849326835e-06, 'epoch': 2.17}
{'loss': 1.0721, 'learning_rate': 3.4106696304529042e-06, 'epoch': 2.18}
{'loss': 1.1302, 'learning_rate': 3.347520775973124e-06, 'epoch': 2.2}
{'loss': 1.1059, 'learning_rate': 3.2843719214933445e-06, 'epoch': 2.21}
{'loss': 1.1045, 'learning_rate': 3.2212230670135645e-06, 'epoch': 2.23}
{'loss': 1.1529, 'learning_rate': 3.1582005102427444e-06, 'epoch': 2.24}
{'loss': 1.1376, 'learning_rate': 3.0950516557629644e-06, 'epoch': 2.26}
{'loss': 1.0625, 'learning_rate': 3.0319028012831847e-06, 'epoch': 2.27}
{'loss': 1.0882, 'learning_rate': 2.9688802445123647e-06, 'epoch': 2.29}
{'loss': 1.0814, 'learning_rate': 2.905731390032585e-06, 'epoch': 2.3}
{'loss': 1.0579, 'learning_rate': 2.8425825355528054e-06, 'epoch': 2.32}
{'loss': 1.0727, 'learning_rate': 2.7794336810730254e-06, 'epoch': 2.33}
{'loss': 1.0871, 'learning_rate': 2.7162848265932457e-06, 'epoch': 2.35}
{'loss': 1.0607, 'learning_rate': 2.6531359721134657e-06, 'epoch': 2.36}
{'loss': 1.0515, 'learning_rate': 2.5899871176336865e-06, 'epoch': 2.38}
{'loss': 1.0756, 'learning_rate': 2.526838263153907e-06, 'epoch': 2.39}
{'loss': 1.1401, 'learning_rate': 2.4638157063830864e-06, 'epoch': 2.41}
{'loss': 1.0873, 'learning_rate': 2.4006668519033067e-06, 'epoch': 2.42}
{'loss': 1.0324, 'learning_rate': 2.3375179974235267e-06, 'epoch': 2.44}
{'loss': 1.0647, 'learning_rate': 2.2743691429437474e-06, 'epoch': 2.46}
{'loss': 1.0195, 'learning_rate': 2.2112202884639674e-06, 'epoch': 2.47}
{'loss': 1.0473, 'learning_rate': 2.1480714339841878e-06, 'epoch': 2.49}
{'loss': 1.0218, 'learning_rate': 2.0849225795044077e-06, 'epoch': 2.5}
{'loss': 1.0391, 'learning_rate': 2.0219000227335876e-06, 'epoch': 2.52}
{'loss': 1.0588, 'learning_rate': 1.958751168253808e-06, 'epoch': 2.53}
{'loss': 1.1057, 'learning_rate': 1.8956023137740284e-06, 'epoch': 2.55}
{'loss': 1.0975, 'learning_rate': 1.8324534592942485e-06, 'epoch': 2.56}
{'loss': 1.089, 'learning_rate': 1.7693046048144689e-06, 'epoch': 2.58}
{'loss': 1.0552, 'learning_rate': 1.706155750334689e-06, 'epoch': 2.59}
{'loss': 1.0275, 'learning_rate': 1.6430068958549092e-06, 'epoch': 2.61}
{'loss': 1.0309, 'learning_rate': 1.5798580413751296e-06, 'epoch': 2.62}
{'loss': 1.0438, 'learning_rate': 1.5168354846043093e-06, 'epoch': 2.64}
{'loss': 1.0852, 'learning_rate': 1.4539392255424486e-06, 'epoch': 2.65}
{'loss': 1.0465, 'learning_rate': 1.3907903710626692e-06, 'epoch': 2.67}
{'loss': 0.9961, 'learning_rate': 1.3277678142918487e-06, 'epoch': 2.68}
{'loss': 1.0316, 'learning_rate': 1.2646189598120693e-06, 'epoch': 2.7}
{'loss': 1.0761, 'learning_rate': 1.2014701053322895e-06, 'epoch': 2.71}
{'loss': 1.1153, 'learning_rate': 1.1383212508525096e-06, 'epoch': 2.73}
{'loss': 0.9941, 'learning_rate': 1.07517239637273e-06, 'epoch': 2.74}
{'loss': 1.0416, 'learning_rate': 1.0120235418929501e-06, 'epoch': 2.76}
{'loss': 1.0411, 'learning_rate': 9.488746874131705e-07, 'epoch': 2.77}
{'loss': 0.9597, 'learning_rate': 8.857258329333907e-07, 'epoch': 2.79}
{'loss': 1.0524, 'learning_rate': 8.22576978453611e-07, 'epoch': 2.8}
{'loss': 1.0355, 'learning_rate': 7.594281239738312e-07, 'epoch': 2.82}
{'loss': 1.0041, 'learning_rate': 6.962792694940515e-07, 'epoch': 2.83}
{'loss': 1.0296, 'learning_rate': 6.332567127232313e-07, 'epoch': 2.85}
{'loss': 1.0514, 'learning_rate': 5.701078582434515e-07, 'epoch': 2.86}
{'loss': 1.0202, 'learning_rate': 5.069590037636718e-07, 'epoch': 2.88}
{'loss': 1.0148, 'learning_rate': 4.4381014928389205e-07, 'epoch': 2.89}
{'loss': 1.0059, 'learning_rate': 3.806612948041123e-07, 'epoch': 2.91}
{'loss': 1.0217, 'learning_rate': 3.175124403243325e-07, 'epoch': 2.93}
{'loss': 1.0757, 'learning_rate': 2.543635858445528e-07, 'epoch': 2.94}
{'loss': 1.061, 'learning_rate': 1.9121473136477306e-07, 'epoch': 2.96}
{'loss': 0.9996, 'learning_rate': 1.2806587688499331e-07, 'epoch': 2.97}
{'loss': 0.9732, 'learning_rate': 6.491702240521357e-08, 'epoch': 2.99}
{'train_runtime': 28273.1251, 'train_samples_per_second': 14.002, 'train_steps_per_second': 3.501, 'train_loss': 1.7557422394002027, 'epoch': 3.0}
2021-10-17 03:44:05.029410
FINISH
