Sat Oct 16 19:28:21 2021       
+-----------------------------------------------------------------------------+
| NVIDIA-SMI 460.80       Driver Version: 460.80       CUDA Version: 11.2     |
|-------------------------------+----------------------+----------------------+
| GPU  Name        Persistence-M| Bus-Id        Disp.A | Volatile Uncorr. ECC |
| Fan  Temp  Perf  Pwr:Usage/Cap|         Memory-Usage | GPU-Util  Compute M. |
|                               |                      |               MIG M. |
|===============================+======================+======================|
|   0  GeForce RTX 3090    Off  | 00000000:44:00.0 Off |                  N/A |
| 32%   30C    P8    22W / 350W |      0MiB / 24268MiB |      0%      Default |
|                               |                      |                  N/A |
+-------------------------------+----------------------+----------------------+
                                                                               
+-----------------------------------------------------------------------------+
| Processes:                                                                  |
|  GPU   GI   CI        PID   Type   Process name                  GPU Memory |
|        ID   ID                                                   Usage      |
|=============================================================================|
|  No running processes found                                                 |
+-----------------------------------------------------------------------------+
nvcc: NVIDIA (R) Cuda compiler driver
Copyright (c) 2005-2020 NVIDIA Corporation
Built on Mon_Oct_12_20:09:46_PDT_2020
Cuda compilation tools, release 11.1, V11.1.105
Build cuda_11.1.TC455_06.29190527_0
START
imp 43498, p 86821
{'accumulation_steps': 1,
 'batch_size': 4,
 'doc_stride': 128,
 'dropout': 0.2,
 'epochs': 3,
 'hdropout': 0.5,
 'lr': 1e-05,
 'max_length': 512,
 'model_checkpoint': '/gpfsnyu/scratch/yw3642/chaii/input/google-rembert',
 'nlast': 2,
 'seed': 3407,
 'time': '2021-10-16-19:33:47',
 'train_path': '/gpfsnyu/scratch/yw3642/chaii/input/squad2/train-v2.0.json',
 'warmup_ratio': 0.2,
 'weight_decay': 0.0}
{'loss': 6.4155, 'learning_rate': 2.4922118380062307e-07, 'epoch': 0.02}
{'loss': 6.3554, 'learning_rate': 5.045707573668352e-07, 'epoch': 0.03}
{'loss': 6.2641, 'learning_rate': 7.59409631785915e-07, 'epoch': 0.05}
{'loss': 6.1461, 'learning_rate': 1.0147592053521272e-06, 'epoch': 0.06}
{'loss': 5.7762, 'learning_rate': 1.2701087789183394e-06, 'epoch': 0.08}
{'loss': 4.7911, 'learning_rate': 1.5254583524845515e-06, 'epoch': 0.09}
{'loss': 4.2393, 'learning_rate': 1.7808079260507634e-06, 'epoch': 0.11}
{'loss': 4.0266, 'learning_rate': 2.036157499616976e-06, 'epoch': 0.12}
{'loss': 4.0212, 'learning_rate': 2.291507073183188e-06, 'epoch': 0.14}
{'loss': 3.9249, 'learning_rate': 2.5468566467494e-06, 'epoch': 0.15}
{'loss': 3.771, 'learning_rate': 2.8022062203156127e-06, 'epoch': 0.17}
{'loss': 3.7785, 'learning_rate': 3.0575557938818246e-06, 'epoch': 0.18}
{'loss': 3.6478, 'learning_rate': 3.3129053674480366e-06, 'epoch': 0.2}
{'loss': 3.6149, 'learning_rate': 3.5682549410142485e-06, 'epoch': 0.21}
{'loss': 3.6208, 'learning_rate': 3.823604514580461e-06, 'epoch': 0.23}
{'loss': 3.6237, 'learning_rate': 4.078954088146674e-06, 'epoch': 0.25}
{'loss': 3.5649, 'learning_rate': 4.334303661712886e-06, 'epoch': 0.26}
{'loss': 3.5132, 'learning_rate': 4.5896532352790975e-06, 'epoch': 0.28}
{'loss': 3.5403, 'learning_rate': 4.8450028088453095e-06, 'epoch': 0.29}
{'loss': 3.4758, 'learning_rate': 5.100352382411522e-06, 'epoch': 0.31}
{'loss': 3.3535, 'learning_rate': 5.355701955977733e-06, 'epoch': 0.32}
{'loss': 3.473, 'learning_rate': 5.611051529543946e-06, 'epoch': 0.34}
{'loss': 3.4043, 'learning_rate': 5.866401103110159e-06, 'epoch': 0.35}
{'loss': 3.3255, 'learning_rate': 6.12175067667637e-06, 'epoch': 0.37}
{'loss': 3.338, 'learning_rate': 6.377100250242583e-06, 'epoch': 0.38}
{'loss': 3.3191, 'learning_rate': 6.6324498238087956e-06, 'epoch': 0.4}
{'loss': 3.0682, 'learning_rate': 6.887799397375007e-06, 'epoch': 0.41}
{'loss': 2.7988, 'learning_rate': 7.1431489709412194e-06, 'epoch': 0.43}
{'loss': 2.6628, 'learning_rate': 7.3984985445074305e-06, 'epoch': 0.44}
{'loss': 2.4646, 'learning_rate': 7.653848118073644e-06, 'epoch': 0.46}
{'loss': 2.4119, 'learning_rate': 7.909197691639856e-06, 'epoch': 0.47}
{'loss': 2.3828, 'learning_rate': 8.164547265206068e-06, 'epoch': 0.49}
{'loss': 2.2453, 'learning_rate': 8.41989683877228e-06, 'epoch': 0.51}
{'loss': 2.2316, 'learning_rate': 8.675246412338492e-06, 'epoch': 0.52}
{'loss': 2.1572, 'learning_rate': 8.930595985904704e-06, 'epoch': 0.54}
{'loss': 2.1039, 'learning_rate': 9.185945559470917e-06, 'epoch': 0.55}
{'loss': 2.097, 'learning_rate': 9.441295133037128e-06, 'epoch': 0.57}
{'loss': 2.0841, 'learning_rate': 9.696644706603341e-06, 'epoch': 0.58}
{'loss': 1.975, 'learning_rate': 9.951483581022421e-06, 'epoch': 0.6}
{'loss': 2.0562, 'learning_rate': 9.948291711352843e-06, 'epoch': 0.61}
{'loss': 1.949, 'learning_rate': 9.88445431796129e-06, 'epoch': 0.63}
{'loss': 1.9671, 'learning_rate': 9.820616924569738e-06, 'epoch': 0.64}
{'loss': 1.8745, 'learning_rate': 9.756907205964967e-06, 'epoch': 0.66}
{'loss': 1.9228, 'learning_rate': 9.693069812573413e-06, 'epoch': 0.67}
{'loss': 1.8604, 'learning_rate': 9.62923241918186e-06, 'epoch': 0.69}
{'loss': 1.8699, 'learning_rate': 9.565395025790308e-06, 'epoch': 0.7}
{'loss': 1.8222, 'learning_rate': 9.501557632398755e-06, 'epoch': 0.72}
{'loss': 1.7725, 'learning_rate': 9.437720239007203e-06, 'epoch': 0.74}
{'loss': 1.73, 'learning_rate': 9.373882845615649e-06, 'epoch': 0.75}
{'loss': 1.7268, 'learning_rate': 9.310045452224096e-06, 'epoch': 0.77}
{'loss': 1.6904, 'learning_rate': 9.24646340840611e-06, 'epoch': 0.78}
{'loss': 1.7163, 'learning_rate': 9.182626015014555e-06, 'epoch': 0.8}
{'loss': 1.7092, 'learning_rate': 9.118788621623003e-06, 'epoch': 0.81}
{'loss': 1.6345, 'learning_rate': 9.05495122823145e-06, 'epoch': 0.83}
{'loss': 1.6427, 'learning_rate': 8.991113834839896e-06, 'epoch': 0.84}
{'loss': 1.6032, 'learning_rate': 8.927276441448343e-06, 'epoch': 0.86}
{'loss': 1.6234, 'learning_rate': 8.86343904805679e-06, 'epoch': 0.87}
{'loss': 1.6466, 'learning_rate': 8.799601654665237e-06, 'epoch': 0.89}
{'loss': 1.6223, 'learning_rate': 8.735891936060468e-06, 'epoch': 0.9}
{'loss': 1.545, 'learning_rate': 8.672054542668914e-06, 'epoch': 0.92}
{'loss': 1.5508, 'learning_rate': 8.608217149277361e-06, 'epoch': 0.93}
{'loss': 1.5553, 'learning_rate': 8.544379755885809e-06, 'epoch': 0.95}
{'loss': 1.5352, 'learning_rate': 8.480670037281038e-06, 'epoch': 0.97}
{'loss': 1.5661, 'learning_rate': 8.416960318676268e-06, 'epoch': 0.98}
{'loss': 1.5293, 'learning_rate': 8.353122925284715e-06, 'epoch': 1.0}
{'loss': 1.4932, 'learning_rate': 8.289285531893161e-06, 'epoch': 1.01}
{'loss': 1.4692, 'learning_rate': 8.225448138501609e-06, 'epoch': 1.03}
{'loss': 1.4064, 'learning_rate': 8.161610745110056e-06, 'epoch': 1.04}
{'loss': 1.524, 'learning_rate': 8.097773351718504e-06, 'epoch': 1.06}
{'loss': 1.3948, 'learning_rate': 8.033935958326951e-06, 'epoch': 1.07}
{'loss': 1.4378, 'learning_rate': 7.970098564935397e-06, 'epoch': 1.09}
{'loss': 1.4136, 'learning_rate': 7.906261171543844e-06, 'epoch': 1.1}
{'loss': 1.4815, 'learning_rate': 7.842423778152292e-06, 'epoch': 1.12}
{'loss': 1.391, 'learning_rate': 7.778586384760737e-06, 'epoch': 1.13}
{'loss': 1.4074, 'learning_rate': 7.714876666155969e-06, 'epoch': 1.15}
{'loss': 1.3983, 'learning_rate': 7.651039272764416e-06, 'epoch': 1.16}
{'loss': 1.4041, 'learning_rate': 7.587201879372862e-06, 'epoch': 1.18}
{'loss': 1.348, 'learning_rate': 7.523364485981309e-06, 'epoch': 1.2}
{'loss': 1.3501, 'learning_rate': 7.45965476737654e-06, 'epoch': 1.21}
{'loss': 1.3696, 'learning_rate': 7.395817373984986e-06, 'epoch': 1.23}
{'loss': 1.4079, 'learning_rate': 7.331979980593433e-06, 'epoch': 1.24}
{'loss': 1.3449, 'learning_rate': 7.26814258720188e-06, 'epoch': 1.26}
{'loss': 1.3658, 'learning_rate': 7.20443286859711e-06, 'epoch': 1.27}
{'loss': 1.3344, 'learning_rate': 7.140595475205558e-06, 'epoch': 1.29}
{'loss': 1.3281, 'learning_rate': 7.076758081814003e-06, 'epoch': 1.3}
{'loss': 1.3475, 'learning_rate': 7.012920688422451e-06, 'epoch': 1.32}
{'loss': 1.3663, 'learning_rate': 6.949083295030898e-06, 'epoch': 1.33}
{'loss': 1.3402, 'learning_rate': 6.885245901639345e-06, 'epoch': 1.35}
{'loss': 1.3255, 'learning_rate': 6.821408508247792e-06, 'epoch': 1.36}
{'loss': 1.3507, 'learning_rate': 6.757571114856238e-06, 'epoch': 1.38}
{'loss': 1.2727, 'learning_rate': 6.6937337214646854e-06, 'epoch': 1.39}
{'loss': 1.27, 'learning_rate': 6.629896328073133e-06, 'epoch': 1.41}
{'loss': 1.316, 'learning_rate': 6.5661866094683626e-06, 'epoch': 1.42}
{'loss': 1.319, 'learning_rate': 6.50234921607681e-06, 'epoch': 1.44}
{'loss': 1.2604, 'learning_rate': 6.438511822685256e-06, 'epoch': 1.46}
{'loss': 1.2085, 'learning_rate': 6.374674429293703e-06, 'epoch': 1.47}
{'loss': 1.2723, 'learning_rate': 6.310964710688934e-06, 'epoch': 1.49}
{'loss': 1.2968, 'learning_rate': 6.247254992084164e-06, 'epoch': 1.5}
{'loss': 1.2865, 'learning_rate': 6.18341759869261e-06, 'epoch': 1.52}
{'loss': 1.3007, 'learning_rate': 6.1195802053010574e-06, 'epoch': 1.53}
{'loss': 1.2822, 'learning_rate': 6.055742811909504e-06, 'epoch': 1.55}
{'loss': 1.2488, 'learning_rate': 5.9919054185179515e-06, 'epoch': 1.56}
{'loss': 1.2793, 'learning_rate': 5.928068025126399e-06, 'epoch': 1.58}
{'loss': 1.2514, 'learning_rate': 5.864358306521628e-06, 'epoch': 1.59}
{'loss': 1.2073, 'learning_rate': 5.800520913130075e-06, 'epoch': 1.61}
{'loss': 1.2559, 'learning_rate': 5.736683519738523e-06, 'epoch': 1.62}
{'loss': 1.2501, 'learning_rate': 5.672846126346969e-06, 'epoch': 1.64}
{'loss': 1.1838, 'learning_rate': 5.609008732955417e-06, 'epoch': 1.65}
{'loss': 1.2375, 'learning_rate': 5.545299014350647e-06, 'epoch': 1.67}
{'loss': 1.2061, 'learning_rate': 5.481461620959093e-06, 'epoch': 1.69}
{'loss': 1.2369, 'learning_rate': 5.41762422756754e-06, 'epoch': 1.7}
{'loss': 1.1985, 'learning_rate': 5.353786834175987e-06, 'epoch': 1.72}
{'loss': 1.1482, 'learning_rate': 5.2900771155712175e-06, 'epoch': 1.73}
{'loss': 1.1834, 'learning_rate': 5.226239722179665e-06, 'epoch': 1.75}
{'loss': 1.1676, 'learning_rate': 5.162402328788111e-06, 'epoch': 1.76}
{'loss': 1.1297, 'learning_rate': 5.098564935396558e-06, 'epoch': 1.78}
{'loss': 1.185, 'learning_rate': 5.0347275420050056e-06, 'epoch': 1.79}
{'loss': 1.1601, 'learning_rate': 4.970890148613452e-06, 'epoch': 1.81}
{'loss': 1.2174, 'learning_rate': 4.9070527552219e-06, 'epoch': 1.82}
{'loss': 1.2122, 'learning_rate': 4.843215361830346e-06, 'epoch': 1.84}
{'loss': 1.2213, 'learning_rate': 4.779505643225576e-06, 'epoch': 1.85}
{'loss': 1.1438, 'learning_rate': 4.715668249834023e-06, 'epoch': 1.87}
{'loss': 1.1565, 'learning_rate': 4.65183085644247e-06, 'epoch': 1.88}
{'loss': 1.18, 'learning_rate': 4.587993463050917e-06, 'epoch': 1.9}
{'loss': 1.1154, 'learning_rate': 4.524156069659364e-06, 'epoch': 1.92}
{'loss': 1.2199, 'learning_rate': 4.4603186762678105e-06, 'epoch': 1.93}
{'loss': 1.211, 'learning_rate': 4.396608957663041e-06, 'epoch': 1.95}
{'loss': 1.095, 'learning_rate': 4.332771564271488e-06, 'epoch': 1.96}
{'loss': 1.1463, 'learning_rate': 4.268934170879935e-06, 'epoch': 1.98}
{'loss': 1.15, 'learning_rate': 4.2050967774883825e-06, 'epoch': 1.99}
{'loss': 1.1056, 'learning_rate': 4.141259384096829e-06, 'epoch': 2.01}
{'loss': 1.096, 'learning_rate': 4.077549665492059e-06, 'epoch': 2.02}
{'loss': 1.0368, 'learning_rate': 4.013712272100506e-06, 'epoch': 2.04}
{'loss': 1.0089, 'learning_rate': 3.949874878708953e-06, 'epoch': 2.05}
{'loss': 1.1264, 'learning_rate': 3.8860374853174e-06, 'epoch': 2.07}
{'loss': 1.07, 'learning_rate': 3.82232776671263e-06, 'epoch': 2.08}
{'loss': 1.0806, 'learning_rate': 3.758490373321077e-06, 'epoch': 2.1}
{'loss': 1.0447, 'learning_rate': 3.694652979929524e-06, 'epoch': 2.11}
{'loss': 1.1197, 'learning_rate': 3.6308155865379706e-06, 'epoch': 2.13}
{'loss': 1.0981, 'learning_rate': 3.5669781931464176e-06, 'epoch': 2.14}
{'loss': 1.0755, 'learning_rate': 3.5031407997548646e-06, 'epoch': 2.16}
{'loss': 1.0789, 'learning_rate': 3.439303406363312e-06, 'epoch': 2.18}
{'loss': 1.0761, 'learning_rate': 3.3754660129717586e-06, 'epoch': 2.19}
{'loss': 1.038, 'learning_rate': 3.3116286195802056e-06, 'epoch': 2.21}
{'loss': 1.0751, 'learning_rate': 3.2479189009754357e-06, 'epoch': 2.22}
{'loss': 1.0557, 'learning_rate': 3.1840815075838828e-06, 'epoch': 2.24}
{'loss': 1.1041, 'learning_rate': 3.1203717889791124e-06, 'epoch': 2.25}
{'loss': 1.0584, 'learning_rate': 3.05653439558756e-06, 'epoch': 2.27}
{'loss': 1.0964, 'learning_rate': 2.9926970021960065e-06, 'epoch': 2.28}
{'loss': 1.0694, 'learning_rate': 2.9288596088044535e-06, 'epoch': 2.3}
{'loss': 1.0561, 'learning_rate': 2.8650222154129005e-06, 'epoch': 2.31}
{'loss': 1.0763, 'learning_rate': 2.801184822021347e-06, 'epoch': 2.33}
{'loss': 1.1036, 'learning_rate': 2.7373474286297945e-06, 'epoch': 2.34}
{'loss': 1.0036, 'learning_rate': 2.6735100352382416e-06, 'epoch': 2.36}
{'loss': 1.0424, 'learning_rate': 2.609672641846688e-06, 'epoch': 2.37}
{'loss': 0.9939, 'learning_rate': 2.5459629232419187e-06, 'epoch': 2.39}
{'loss': 1.0527, 'learning_rate': 2.4821255298503653e-06, 'epoch': 2.41}
{'loss': 1.084, 'learning_rate': 2.4182881364588123e-06, 'epoch': 2.42}
{'loss': 1.0687, 'learning_rate': 2.3544507430672593e-06, 'epoch': 2.44}
{'loss': 1.0118, 'learning_rate': 2.2906133496757063e-06, 'epoch': 2.45}
{'loss': 1.0476, 'learning_rate': 2.2269036310709364e-06, 'epoch': 2.47}
{'loss': 1.0705, 'learning_rate': 2.163066237679383e-06, 'epoch': 2.48}
{'loss': 1.0404, 'learning_rate': 2.0992288442878305e-06, 'epoch': 2.5}
{'loss': 1.0409, 'learning_rate': 2.035391450896277e-06, 'epoch': 2.51}
{'loss': 1.0709, 'learning_rate': 1.971554057504724e-06, 'epoch': 2.53}
{'loss': 1.0192, 'learning_rate': 1.907844338899954e-06, 'epoch': 2.54}
{'loss': 1.0404, 'learning_rate': 1.8440069455084012e-06, 'epoch': 2.56}
{'loss': 0.9723, 'learning_rate': 1.780169552116848e-06, 'epoch': 2.57}
{'loss': 0.9991, 'learning_rate': 1.7163321587252952e-06, 'epoch': 2.59}
{'loss': 1.0116, 'learning_rate': 1.652494765333742e-06, 'epoch': 2.6}
{'loss': 1.0046, 'learning_rate': 1.588785046728972e-06, 'epoch': 2.62}
{'loss': 0.9751, 'learning_rate': 1.5249476533374191e-06, 'epoch': 2.64}
{'loss': 1.0118, 'learning_rate': 1.461110259945866e-06, 'epoch': 2.65}
{'loss': 1.0196, 'learning_rate': 1.3972728665543132e-06, 'epoch': 2.67}
{'loss': 1.0471, 'learning_rate': 1.33343547316276e-06, 'epoch': 2.68}
{'loss': 0.9839, 'learning_rate': 1.2695980797712068e-06, 'epoch': 2.7}
{'loss': 1.0038, 'learning_rate': 1.2057606863796538e-06, 'epoch': 2.71}
{'loss': 0.9866, 'learning_rate': 1.1419232929881008e-06, 'epoch': 2.73}
{'loss': 0.9766, 'learning_rate': 1.078213574383331e-06, 'epoch': 2.74}
{'loss': 0.9889, 'learning_rate': 1.0143761809917777e-06, 'epoch': 2.76}
{'loss': 1.002, 'learning_rate': 9.505387876002247e-07, 'epoch': 2.77}
{'loss': 0.992, 'learning_rate': 8.867013942086717e-07, 'epoch': 2.79}
{'loss': 0.987, 'learning_rate': 8.229916756039017e-07, 'epoch': 2.8}
{'loss': 1.0276, 'learning_rate': 7.59281956999132e-07, 'epoch': 2.82}
{'loss': 0.966, 'learning_rate': 6.954445636075788e-07, 'epoch': 2.83}
{'loss': 1.0187, 'learning_rate': 6.316071702160258e-07, 'epoch': 2.85}
{'loss': 1.0032, 'learning_rate': 5.677697768244728e-07, 'epoch': 2.87}
{'loss': 0.9785, 'learning_rate': 5.040600582197028e-07, 'epoch': 2.88}
{'loss': 0.9975, 'learning_rate': 4.4022266482814976e-07, 'epoch': 2.9}
{'loss': 1.056, 'learning_rate': 3.763852714365968e-07, 'epoch': 2.91}
{'loss': 0.9637, 'learning_rate': 3.125478780450437e-07, 'epoch': 2.93}
{'loss': 1.0328, 'learning_rate': 2.4871048465349065e-07, 'epoch': 2.94}
{'loss': 0.9642, 'learning_rate': 1.850007660487207e-07, 'epoch': 2.96}
{'loss': 0.9427, 'learning_rate': 1.2116337265716766e-07, 'epoch': 2.97}
{'loss': 0.9685, 'learning_rate': 5.732597926561463e-08, 'epoch': 2.99}
{'train_runtime': 34989.0559, 'train_samples_per_second': 11.193, 'train_steps_per_second': 2.798, 'train_loss': 1.7122750501796824, 'epoch': 3.0}
2021-10-17 05:17:41.534118
FINISH
