Mon Sep  6 01:18:36 2021       
+-----------------------------------------------------------------------------+
| NVIDIA-SMI 460.80       Driver Version: 460.80       CUDA Version: 11.2     |
|-------------------------------+----------------------+----------------------+
| GPU  Name        Persistence-M| Bus-Id        Disp.A | Volatile Uncorr. ECC |
| Fan  Temp  Perf  Pwr:Usage/Cap|         Memory-Usage | GPU-Util  Compute M. |
|                               |                      |               MIG M. |
|===============================+======================+======================|
|   0  GeForce RTX 3090    Off  | 00000000:41:00.0 Off |                  N/A |
| 39%   25C    P8    19W / 350W |      0MiB / 24268MiB |      0%      Default |
|                               |                      |                  N/A |
+-------------------------------+----------------------+----------------------+
                                                                               
+-----------------------------------------------------------------------------+
| Processes:                                                                  |
|  GPU   GI   CI        PID   Type   Process name                  GPU Memory |
|        ID   ID                                                   Usage      |
|=============================================================================|
|  No running processes found                                                 |
+-----------------------------------------------------------------------------+
nvcc: NVIDIA (R) Cuda compiler driver
Copyright (c) 2005-2020 NVIDIA Corporation
Built on Mon_Oct_12_20:09:46_PDT_2020
Cuda compilation tools, release 11.1, V11.1.105
Build cuda_11.1.TC455_06.29190527_0
START
max length: 512
{'loss': 4.5036, 'learning_rate': 2.4936772888214468e-06, 'epoch': 0.15}
{'eval_loss': 2.4695160388946533, 'eval_runtime': 304.6119, 'eval_samples_per_second': 86.648, 'eval_steps_per_second': 21.664, 'epoch': 0.15}
{'loss': 1.8482, 'learning_rate': 5.0227617602427925e-06, 'epoch': 0.3}
