Sat Oct 16 19:50:01 2021       
+-----------------------------------------------------------------------------+
| NVIDIA-SMI 460.80       Driver Version: 460.80       CUDA Version: 11.2     |
|-------------------------------+----------------------+----------------------+
| GPU  Name        Persistence-M| Bus-Id        Disp.A | Volatile Uncorr. ECC |
| Fan  Temp  Perf  Pwr:Usage/Cap|         Memory-Usage | GPU-Util  Compute M. |
|                               |                      |               MIG M. |
|===============================+======================+======================|
|   0  GeForce RTX 3090    Off  | 00000000:46:00.0 Off |                  N/A |
| 39%   25C    P8    24W / 350W |      0MiB / 24268MiB |      0%      Default |
|                               |                      |                  N/A |
+-------------------------------+----------------------+----------------------+
                                                                               
+-----------------------------------------------------------------------------+
| Processes:                                                                  |
|  GPU   GI   CI        PID   Type   Process name                  GPU Memory |
|        ID   ID                                                   Usage      |
|=============================================================================|
|  No running processes found                                                 |
+-----------------------------------------------------------------------------+
nvcc: NVIDIA (R) Cuda compiler driver
Copyright (c) 2005-2020 NVIDIA Corporation
Built on Mon_Oct_12_20:09:46_PDT_2020
Cuda compilation tools, release 11.1, V11.1.105
Build cuda_11.1.TC455_06.29190527_0
START
imp 43498, p 86821
{'accumulation_steps': 1,
 'batch_size': 4,
 'doc_stride': 128,
 'dropout': 0.1,
 'epochs': 3,
 'hdropout': 0.5,
 'lr': 1e-05,
 'max_length': 512,
 'model_checkpoint': '/gpfsnyu/scratch/yw3642/chaii/input/google-rembert',
 'nlast': 1,
 'seed': 3407,
 'time': '2021-10-16-19:54:35',
 'train_path': '/gpfsnyu/scratch/yw3642/chaii/input/squad2/train-v2.0.json',
 'warmup_ratio': 0.2,
 'weight_decay': 0.0}
{'loss': 6.0438, 'learning_rate': 2.5024258209488796e-07, 'epoch': 0.02}
{'loss': 5.2693, 'learning_rate': 5.050814565139676e-07, 'epoch': 0.03}
{'loss': 4.4836, 'learning_rate': 7.599203309330474e-07, 'epoch': 0.05}
{'loss': 4.174, 'learning_rate': 1.0152699044992596e-06, 'epoch': 0.06}
{'loss': 3.9208, 'learning_rate': 1.2706194780654717e-06, 'epoch': 0.08}
{'loss': 3.7775, 'learning_rate': 1.5259690516316839e-06, 'epoch': 0.09}
{'loss': 3.6267, 'learning_rate': 1.7813186251978962e-06, 'epoch': 0.11}
{'loss': 3.5043, 'learning_rate': 2.0366681987641084e-06, 'epoch': 0.12}
{'loss': 3.4794, 'learning_rate': 2.2920177723303203e-06, 'epoch': 0.14}
{'loss': 3.3729, 'learning_rate': 2.5473673458965327e-06, 'epoch': 0.15}
{'loss': 3.0956, 'learning_rate': 2.8027169194627446e-06, 'epoch': 0.17}
{'loss': 2.4629, 'learning_rate': 3.0580664930289566e-06, 'epoch': 0.18}
{'loss': 2.0395, 'learning_rate': 3.3134160665951693e-06, 'epoch': 0.2}
{'loss': 1.8815, 'learning_rate': 3.5687656401613813e-06, 'epoch': 0.21}
{'loss': 1.8019, 'learning_rate': 3.824115213727593e-06, 'epoch': 0.23}
{'loss': 1.6749, 'learning_rate': 4.079464787293805e-06, 'epoch': 0.25}
{'loss': 1.5784, 'learning_rate': 4.334814360860018e-06, 'epoch': 0.26}
{'loss': 1.5338, 'learning_rate': 4.59016393442623e-06, 'epoch': 0.28}
{'loss': 1.5227, 'learning_rate': 4.845513507992442e-06, 'epoch': 0.29}
{'loss': 1.5194, 'learning_rate': 5.100352382411522e-06, 'epoch': 0.31}
{'loss': 1.4134, 'learning_rate': 5.355701955977733e-06, 'epoch': 0.32}
{'loss': 1.3854, 'learning_rate': 5.611051529543946e-06, 'epoch': 0.34}
{'loss': 1.324, 'learning_rate': 5.866401103110159e-06, 'epoch': 0.35}
{'loss': 1.3608, 'learning_rate': 6.12175067667637e-06, 'epoch': 0.37}
{'loss': 1.3399, 'learning_rate': 6.377100250242583e-06, 'epoch': 0.38}
{'loss': 1.3088, 'learning_rate': 6.6324498238087956e-06, 'epoch': 0.4}
{'loss': 1.2447, 'learning_rate': 6.887799397375007e-06, 'epoch': 0.41}
{'loss': 1.2896, 'learning_rate': 7.1431489709412194e-06, 'epoch': 0.43}
{'loss': 1.3018, 'learning_rate': 7.3984985445074305e-06, 'epoch': 0.44}
{'loss': 1.2273, 'learning_rate': 7.653848118073644e-06, 'epoch': 0.46}
{'loss': 1.2483, 'learning_rate': 7.909197691639856e-06, 'epoch': 0.47}
{'loss': 1.2459, 'learning_rate': 8.164547265206068e-06, 'epoch': 0.49}
{'loss': 1.2198, 'learning_rate': 8.41989683877228e-06, 'epoch': 0.51}
{'loss': 1.2389, 'learning_rate': 8.675246412338492e-06, 'epoch': 0.52}
{'loss': 1.2682, 'learning_rate': 8.930595985904704e-06, 'epoch': 0.54}
{'loss': 1.2156, 'learning_rate': 9.185945559470917e-06, 'epoch': 0.55}
{'loss': 1.2053, 'learning_rate': 9.441295133037128e-06, 'epoch': 0.57}
{'loss': 1.236, 'learning_rate': 9.696644706603341e-06, 'epoch': 0.58}
{'loss': 1.1844, 'learning_rate': 9.951994280169552e-06, 'epoch': 0.6}
{'loss': 1.2295, 'learning_rate': 9.948164036566059e-06, 'epoch': 0.61}
{'loss': 1.1862, 'learning_rate': 9.884326643174506e-06, 'epoch': 0.63}
{'loss': 1.1783, 'learning_rate': 9.820489249782954e-06, 'epoch': 0.64}
{'loss': 1.199, 'learning_rate': 9.7566518563914e-06, 'epoch': 0.66}
{'loss': 1.1741, 'learning_rate': 9.692942137786631e-06, 'epoch': 0.67}
{'loss': 1.1959, 'learning_rate': 9.629104744395078e-06, 'epoch': 0.69}
{'loss': 1.1891, 'learning_rate': 9.565267351003524e-06, 'epoch': 0.7}
{'loss': 1.136, 'learning_rate': 9.501557632398755e-06, 'epoch': 0.72}
{'loss': 1.117, 'learning_rate': 9.437720239007203e-06, 'epoch': 0.74}
{'loss': 1.108, 'learning_rate': 9.373882845615649e-06, 'epoch': 0.75}
{'loss': 1.106, 'learning_rate': 9.310045452224096e-06, 'epoch': 0.77}
{'loss': 1.0696, 'learning_rate': 9.246208058832542e-06, 'epoch': 0.78}
{'loss': 1.1578, 'learning_rate': 9.18237066544099e-06, 'epoch': 0.8}
{'loss': 1.0928, 'learning_rate': 9.118533272049437e-06, 'epoch': 0.81}
{'loss': 1.0496, 'learning_rate': 9.054695878657882e-06, 'epoch': 0.83}
{'loss': 1.1029, 'learning_rate': 8.990986160053114e-06, 'epoch': 0.84}
