Sat Oct 16 19:47:30 2021       
+-----------------------------------------------------------------------------+
| NVIDIA-SMI 460.80       Driver Version: 460.80       CUDA Version: 11.2     |
|-------------------------------+----------------------+----------------------+
| GPU  Name        Persistence-M| Bus-Id        Disp.A | Volatile Uncorr. ECC |
| Fan  Temp  Perf  Pwr:Usage/Cap|         Memory-Usage | GPU-Util  Compute M. |
|                               |                      |               MIG M. |
|===============================+======================+======================|
|   0  GeForce RTX 3090    Off  | 00000000:3E:00.0 Off |                  N/A |
| 39%   28C    P8    27W / 350W |      0MiB / 24268MiB |      0%      Default |
|                               |                      |                  N/A |
+-------------------------------+----------------------+----------------------+
                                                                               
+-----------------------------------------------------------------------------+
| Processes:                                                                  |
|  GPU   GI   CI        PID   Type   Process name                  GPU Memory |
|        ID   ID                                                   Usage      |
|=============================================================================|
|  No running processes found                                                 |
+-----------------------------------------------------------------------------+
nvcc: NVIDIA (R) Cuda compiler driver
Copyright (c) 2005-2020 NVIDIA Corporation
Built on Mon_Oct_12_20:09:46_PDT_2020
Cuda compilation tools, release 11.1, V11.1.105
Build cuda_11.1.TC455_06.29190527_0
START
imp 43498, p 86821
{'accumulation_steps': 1,
 'batch_size': 4,
 'doc_stride': 128,
 'dropout': 0.2,
 'epochs': 3,
 'hdropout': 0.5,
 'lr': 1e-05,
 'max_length': 384,
 'model_checkpoint': '/gpfsnyu/scratch/yw3642/chaii/input/google-rembert',
 'nlast': 2,
 'seed': 3407,
 'time': '2021-10-16-19:52:47',
 'train_path': '/gpfsnyu/scratch/yw3642/chaii/input/squad2/train-v2.0.json',
 'warmup_ratio': 0.2,
 'weight_decay': 0.0}
{'loss': 6.1333, 'learning_rate': 2.470320788077797e-07, 'epoch': 0.02}
{'loss': 6.085, 'learning_rate': 4.996211164435464e-07, 'epoch': 0.03}
{'loss': 6.0269, 'learning_rate': 7.522101540793131e-07, 'epoch': 0.05}
{'loss': 5.875, 'learning_rate': 1.0047991917150796e-06, 'epoch': 0.06}
{'loss': 5.5398, 'learning_rate': 1.2573882293508463e-06, 'epoch': 0.08}
{'loss': 4.7714, 'learning_rate': 1.5094720889113415e-06, 'epoch': 0.09}
{'loss': 4.2527, 'learning_rate': 1.762061126547108e-06, 'epoch': 0.11}
{'loss': 4.122, 'learning_rate': 2.014650164182875e-06, 'epoch': 0.12}
{'loss': 3.9687, 'learning_rate': 2.267239201818641e-06, 'epoch': 0.14}
{'loss': 3.9187, 'learning_rate': 2.519828239454408e-06, 'epoch': 0.15}
{'loss': 3.7753, 'learning_rate': 2.7724172770901745e-06, 'epoch': 0.17}
{'loss': 3.7655, 'learning_rate': 3.025006314725941e-06, 'epoch': 0.18}
{'loss': 3.6957, 'learning_rate': 3.2775953523617075e-06, 'epoch': 0.2}
{'loss': 3.6318, 'learning_rate': 3.530184389997474e-06, 'epoch': 0.21}
{'loss': 3.5623, 'learning_rate': 3.7827734276332413e-06, 'epoch': 0.23}
{'loss': 3.6143, 'learning_rate': 4.0353624652690075e-06, 'epoch': 0.24}
{'loss': 3.6081, 'learning_rate': 4.287951502904774e-06, 'epoch': 0.26}
{'loss': 3.5412, 'learning_rate': 4.540035362465269e-06, 'epoch': 0.27}
{'loss': 3.4858, 'learning_rate': 4.792624400101036e-06, 'epoch': 0.29}
{'loss': 3.4312, 'learning_rate': 5.0452134377368025e-06, 'epoch': 0.3}
{'loss': 3.4588, 'learning_rate': 5.297802475372568e-06, 'epoch': 0.32}
{'loss': 3.3584, 'learning_rate': 5.550391513008336e-06, 'epoch': 0.33}
{'loss': 3.4479, 'learning_rate': 5.802980550644103e-06, 'epoch': 0.35}
{'loss': 3.3499, 'learning_rate': 6.055569588279869e-06, 'epoch': 0.36}
{'loss': 3.341, 'learning_rate': 6.308158625915636e-06, 'epoch': 0.38}
{'loss': 3.3743, 'learning_rate': 6.560747663551402e-06, 'epoch': 0.39}
{'loss': 3.1707, 'learning_rate': 6.8133367011871685e-06, 'epoch': 0.41}
{'loss': 3.1287, 'learning_rate': 7.065925738822935e-06, 'epoch': 0.42}
{'loss': 2.8476, 'learning_rate': 7.318514776458703e-06, 'epoch': 0.44}
{'loss': 2.6909, 'learning_rate': 7.570598636019198e-06, 'epoch': 0.45}
{'loss': 2.5256, 'learning_rate': 7.822682495579692e-06, 'epoch': 0.47}
{'loss': 2.4089, 'learning_rate': 8.07527153321546e-06, 'epoch': 0.48}
{'loss': 2.3351, 'learning_rate': 8.327860570851227e-06, 'epoch': 0.5}
{'loss': 2.2999, 'learning_rate': 8.580449608486993e-06, 'epoch': 0.52}
{'loss': 2.1803, 'learning_rate': 8.833038646122759e-06, 'epoch': 0.53}
{'loss': 2.2062, 'learning_rate': 9.085627683758526e-06, 'epoch': 0.55}
{'loss': 2.1524, 'learning_rate': 9.338216721394292e-06, 'epoch': 0.56}
{'loss': 2.094, 'learning_rate': 9.590805759030058e-06, 'epoch': 0.58}
{'loss': 2.063, 'learning_rate': 9.843394796665825e-06, 'epoch': 0.59}
{'loss': 1.9903, 'learning_rate': 9.976003435297684e-06, 'epoch': 0.61}
{'loss': 2.0064, 'learning_rate': 9.912854580817904e-06, 'epoch': 0.62}
{'loss': 2.0363, 'learning_rate': 9.849705726338125e-06, 'epoch': 0.64}
{'loss': 1.9223, 'learning_rate': 9.786556871858345e-06, 'epoch': 0.65}
{'loss': 1.8926, 'learning_rate': 9.723408017378566e-06, 'epoch': 0.67}
{'loss': 1.9212, 'learning_rate': 9.660259162898787e-06, 'epoch': 0.68}
{'loss': 1.8438, 'learning_rate': 9.597110308419007e-06, 'epoch': 0.7}
{'loss': 1.9313, 'learning_rate': 9.533961453939226e-06, 'epoch': 0.71}
{'loss': 1.8495, 'learning_rate': 9.470812599459447e-06, 'epoch': 0.73}
{'loss': 1.7919, 'learning_rate': 9.407663744979667e-06, 'epoch': 0.74}
{'loss': 1.8021, 'learning_rate': 9.344514890499888e-06, 'epoch': 0.76}
{'loss': 1.8187, 'learning_rate': 9.281492333729068e-06, 'epoch': 0.77}
{'loss': 1.8077, 'learning_rate': 9.218343479249287e-06, 'epoch': 0.79}
{'loss': 1.6752, 'learning_rate': 9.155194624769508e-06, 'epoch': 0.8}
{'loss': 1.7218, 'learning_rate': 9.092172067998686e-06, 'epoch': 0.82}
{'loss': 1.658, 'learning_rate': 9.029023213518907e-06, 'epoch': 0.83}
{'loss': 1.6302, 'learning_rate': 8.965874359039127e-06, 'epoch': 0.85}
{'loss': 1.681, 'learning_rate': 8.902725504559348e-06, 'epoch': 0.86}
{'loss': 1.6698, 'learning_rate': 8.839702947788528e-06, 'epoch': 0.88}
{'loss': 1.6672, 'learning_rate': 8.776554093308747e-06, 'epoch': 0.89}
{'loss': 1.5453, 'learning_rate': 8.713405238828968e-06, 'epoch': 0.91}
{'loss': 1.6609, 'learning_rate': 8.650256384349188e-06, 'epoch': 0.92}
{'loss': 1.5773, 'learning_rate': 8.587107529869409e-06, 'epoch': 0.94}
{'loss': 1.5592, 'learning_rate': 8.523958675389629e-06, 'epoch': 0.95}
{'loss': 1.511, 'learning_rate': 8.46080982090985e-06, 'epoch': 0.97}
{'loss': 1.5633, 'learning_rate': 8.39778726413903e-06, 'epoch': 0.99}
{'loss': 1.5295, 'learning_rate': 8.334638409659249e-06, 'epoch': 1.0}
{'loss': 1.5276, 'learning_rate': 8.27148955517947e-06, 'epoch': 1.02}
{'loss': 1.4831, 'learning_rate': 8.20834070069969e-06, 'epoch': 1.03}
{'loss': 1.4225, 'learning_rate': 8.145191846219909e-06, 'epoch': 1.05}
{'loss': 1.545, 'learning_rate': 8.08216928944909e-06, 'epoch': 1.06}
{'loss': 1.5119, 'learning_rate': 8.01902043496931e-06, 'epoch': 1.08}
{'loss': 1.3973, 'learning_rate': 7.955871580489531e-06, 'epoch': 1.09}
{'loss': 1.506, 'learning_rate': 7.89272272600975e-06, 'epoch': 1.11}
{'loss': 1.3897, 'learning_rate': 7.82957387152997e-06, 'epoch': 1.12}
{'loss': 1.4005, 'learning_rate': 7.766425017050191e-06, 'epoch': 1.14}
{'loss': 1.4206, 'learning_rate': 7.70327616257041e-06, 'epoch': 1.15}
{'loss': 1.4492, 'learning_rate': 7.640127308090632e-06, 'epoch': 1.17}
{'loss': 1.4263, 'learning_rate': 7.5771047513198115e-06, 'epoch': 1.18}
{'loss': 1.4141, 'learning_rate': 7.513955896840032e-06, 'epoch': 1.2}
{'loss': 1.3916, 'learning_rate': 7.450807042360252e-06, 'epoch': 1.21}
{'loss': 1.393, 'learning_rate': 7.387658187880472e-06, 'epoch': 1.23}
{'loss': 1.3877, 'learning_rate': 7.324509333400692e-06, 'epoch': 1.24}
{'loss': 1.38, 'learning_rate': 7.2616130743388325e-06, 'epoch': 1.26}
{'loss': 1.3771, 'learning_rate': 7.198464219859053e-06, 'epoch': 1.27}
{'loss': 1.3707, 'learning_rate': 7.135315365379273e-06, 'epoch': 1.29}
{'loss': 1.3484, 'learning_rate': 7.072166510899493e-06, 'epoch': 1.3}
{'loss': 1.341, 'learning_rate': 7.009143954128673e-06, 'epoch': 1.32}
{'loss': 1.3514, 'learning_rate': 6.9459950996488935e-06, 'epoch': 1.33}
{'loss': 1.3133, 'learning_rate': 6.882846245169114e-06, 'epoch': 1.35}
{'loss': 1.2915, 'learning_rate': 6.819697390689333e-06, 'epoch': 1.36}
{'loss': 1.2903, 'learning_rate': 6.756548536209554e-06, 'epoch': 1.38}
{'loss': 1.3005, 'learning_rate': 6.693399681729774e-06, 'epoch': 1.39}
{'loss': 1.3844, 'learning_rate': 6.6302508272499945e-06, 'epoch': 1.41}
{'loss': 1.2678, 'learning_rate': 6.567228270479175e-06, 'epoch': 1.42}
{'loss': 1.3171, 'learning_rate': 6.504079415999394e-06, 'epoch': 1.44}
{'loss': 1.3058, 'learning_rate': 6.440930561519615e-06, 'epoch': 1.45}
{'loss': 1.27, 'learning_rate': 6.377781707039835e-06, 'epoch': 1.47}
{'loss': 1.3647, 'learning_rate': 6.3146328525600555e-06, 'epoch': 1.49}
{'loss': 1.3068, 'learning_rate': 6.251483998080276e-06, 'epoch': 1.5}
{'loss': 1.3146, 'learning_rate': 6.188335143600495e-06, 'epoch': 1.52}
{'loss': 1.2376, 'learning_rate': 6.125186289120716e-06, 'epoch': 1.53}
{'loss': 1.3038, 'learning_rate': 6.062163732349896e-06, 'epoch': 1.55}
{'loss': 1.3485, 'learning_rate': 5.9990148778701164e-06, 'epoch': 1.56}
{'loss': 1.2063, 'learning_rate': 5.935992321099295e-06, 'epoch': 1.58}
{'loss': 1.2363, 'learning_rate': 5.8728434666195155e-06, 'epoch': 1.59}
{'loss': 1.2696, 'learning_rate': 5.809694612139736e-06, 'epoch': 1.61}
{'loss': 1.2698, 'learning_rate': 5.746545757659957e-06, 'epoch': 1.62}
{'loss': 1.2745, 'learning_rate': 5.6833969031801774e-06, 'epoch': 1.64}
{'loss': 1.2725, 'learning_rate': 5.620248048700398e-06, 'epoch': 1.65}
{'loss': 1.2831, 'learning_rate': 5.557099194220617e-06, 'epoch': 1.67}
{'loss': 1.1976, 'learning_rate': 5.493950339740838e-06, 'epoch': 1.68}
{'loss': 1.227, 'learning_rate': 5.430927782970017e-06, 'epoch': 1.7}
{'loss': 1.2193, 'learning_rate': 5.367778928490237e-06, 'epoch': 1.71}
{'loss': 1.1576, 'learning_rate': 5.304630074010459e-06, 'epoch': 1.73}
{'loss': 1.2276, 'learning_rate': 5.241481219530678e-06, 'epoch': 1.74}
{'loss': 1.2219, 'learning_rate': 5.178332365050899e-06, 'epoch': 1.76}
{'loss': 1.2265, 'learning_rate': 5.115183510571119e-06, 'epoch': 1.77}
{'loss': 1.1878, 'learning_rate': 5.052160953800298e-06, 'epoch': 1.79}
{'loss': 1.2317, 'learning_rate': 4.989012099320519e-06, 'epoch': 1.8}
{'loss': 1.172, 'learning_rate': 4.925863244840739e-06, 'epoch': 1.82}
{'loss': 1.2434, 'learning_rate': 4.862714390360959e-06, 'epoch': 1.83}
{'loss': 1.2242, 'learning_rate': 4.799565535881179e-06, 'epoch': 1.85}
{'loss': 1.1694, 'learning_rate': 4.7364166814013995e-06, 'epoch': 1.86}
{'loss': 1.1657, 'learning_rate': 4.67339412463058e-06, 'epoch': 1.88}
{'loss': 1.2187, 'learning_rate': 4.6102452701508e-06, 'epoch': 1.89}
{'loss': 1.2203, 'learning_rate': 4.54709641567102e-06, 'epoch': 1.91}
{'loss': 1.2311, 'learning_rate': 4.48394756119124e-06, 'epoch': 1.92}
{'loss': 1.1635, 'learning_rate': 4.4207987067114605e-06, 'epoch': 1.94}
{'loss': 1.1168, 'learning_rate': 4.357776149940641e-06, 'epoch': 1.96}
{'loss': 1.165, 'learning_rate': 4.294627295460861e-06, 'epoch': 1.97}
{'loss': 1.1474, 'learning_rate': 4.231478440981081e-06, 'epoch': 1.99}
{'loss': 1.1686, 'learning_rate': 4.168329586501301e-06, 'epoch': 2.0}
{'loss': 1.0845, 'learning_rate': 4.1051807320215215e-06, 'epoch': 2.02}
{'loss': 1.0745, 'learning_rate': 4.042031877541742e-06, 'epoch': 2.03}
{'loss': 1.0722, 'learning_rate': 3.978883023061962e-06, 'epoch': 2.05}
{'loss': 1.1353, 'learning_rate': 3.915734168582182e-06, 'epoch': 2.06}
{'loss': 1.0993, 'learning_rate': 3.852711611811362e-06, 'epoch': 2.08}
{'loss': 1.1285, 'learning_rate': 3.7895627573315825e-06, 'epoch': 2.09}
{'loss': 1.1176, 'learning_rate': 3.7264139028518024e-06, 'epoch': 2.11}
{'loss': 1.1047, 'learning_rate': 3.663265048372023e-06, 'epoch': 2.12}
{'loss': 1.0749, 'learning_rate': 3.600116193892243e-06, 'epoch': 2.14}
{'loss': 1.1189, 'learning_rate': 3.537093637121423e-06, 'epoch': 2.15}
{'loss': 1.0913, 'learning_rate': 3.4740710803506026e-06, 'epoch': 2.17}
{'loss': 1.0452, 'learning_rate': 3.410922225870823e-06, 'epoch': 2.18}
{'loss': 1.0868, 'learning_rate': 3.3477733713910434e-06, 'epoch': 2.2}
{'loss': 1.0632, 'learning_rate': 3.2846245169112633e-06, 'epoch': 2.21}
{'loss': 1.0797, 'learning_rate': 3.2214756624314837e-06, 'epoch': 2.23}
{'loss': 1.0872, 'learning_rate': 3.1584531056606636e-06, 'epoch': 2.24}
{'loss': 1.0893, 'learning_rate': 3.095304251180884e-06, 'epoch': 2.26}
{'loss': 1.0474, 'learning_rate': 3.0321553967011044e-06, 'epoch': 2.27}
{'loss': 1.0527, 'learning_rate': 2.9690065422213243e-06, 'epoch': 2.29}
{'loss': 1.0654, 'learning_rate': 2.9058576877415447e-06, 'epoch': 2.3}
{'loss': 1.0375, 'learning_rate': 2.8427088332617646e-06, 'epoch': 2.32}
{'loss': 1.064, 'learning_rate': 2.779686276490945e-06, 'epoch': 2.33}
{'loss': 1.0493, 'learning_rate': 2.7166637197201245e-06, 'epoch': 2.35}
{'loss': 1.0626, 'learning_rate': 2.653514865240345e-06, 'epoch': 2.36}
{'loss': 1.0229, 'learning_rate': 2.590366010760565e-06, 'epoch': 2.38}
{'loss': 1.071, 'learning_rate': 2.527217156280785e-06, 'epoch': 2.39}
{'loss': 1.1, 'learning_rate': 2.4640683018010055e-06, 'epoch': 2.41}
{'loss': 1.0478, 'learning_rate': 2.400919447321226e-06, 'epoch': 2.42}
{'loss': 1.0216, 'learning_rate': 2.337770592841446e-06, 'epoch': 2.44}
{'loss': 1.0568, 'learning_rate': 2.2746217383616666e-06, 'epoch': 2.46}
{'loss': 1.0655, 'learning_rate': 2.2114728838818866e-06, 'epoch': 2.47}
{'loss': 1.0514, 'learning_rate': 2.148324029402107e-06, 'epoch': 2.49}
{'loss': 0.9865, 'learning_rate': 2.085175174922327e-06, 'epoch': 2.5}
{'loss': 1.0268, 'learning_rate': 2.0220263204425472e-06, 'epoch': 2.52}
{'loss': 1.0466, 'learning_rate': 1.959003763671727e-06, 'epoch': 2.53}
{'loss': 1.0679, 'learning_rate': 1.8958549091919473e-06, 'epoch': 2.55}
{'loss': 1.0805, 'learning_rate': 1.8327060547121677e-06, 'epoch': 2.56}
{'loss': 1.0756, 'learning_rate': 1.769557200232388e-06, 'epoch': 2.58}
{'loss': 1.0445, 'learning_rate': 1.7064083457526082e-06, 'epoch': 2.59}
{'loss': 1.0292, 'learning_rate': 1.6432594912728284e-06, 'epoch': 2.61}
{'loss': 1.005, 'learning_rate': 1.5801106367930487e-06, 'epoch': 2.62}
{'loss': 1.0325, 'learning_rate': 1.516961782313269e-06, 'epoch': 2.64}
{'loss': 1.0352, 'learning_rate': 1.4538129278334893e-06, 'epoch': 2.65}
{'loss': 1.0224, 'learning_rate': 1.3907903710626692e-06, 'epoch': 2.67}
{'loss': 0.9841, 'learning_rate': 1.3276415165828894e-06, 'epoch': 2.68}
{'loss': 1.0273, 'learning_rate': 1.2644926621031095e-06, 'epoch': 2.7}
{'loss': 1.0424, 'learning_rate': 1.2013438076233299e-06, 'epoch': 2.71}
{'loss': 1.0615, 'learning_rate': 1.1384475485614692e-06, 'epoch': 2.73}
{'loss': 0.9937, 'learning_rate': 1.075424991790649e-06, 'epoch': 2.74}
{'loss': 1.0346, 'learning_rate': 1.0122761373108693e-06, 'epoch': 2.76}
{'loss': 1.0384, 'learning_rate': 9.491272828310895e-07, 'epoch': 2.77}
{'loss': 0.9388, 'learning_rate': 8.859784283513098e-07, 'epoch': 2.79}
{'loss': 1.0428, 'learning_rate': 8.2282957387153e-07, 'epoch': 2.8}
{'loss': 1.032, 'learning_rate': 7.596807193917504e-07, 'epoch': 2.82}
{'loss': 0.9999, 'learning_rate': 6.965318649119705e-07, 'epoch': 2.83}
{'loss': 0.9945, 'learning_rate': 6.333830104321909e-07, 'epoch': 2.85}
{'loss': 1.052, 'learning_rate': 5.70234155952411e-07, 'epoch': 2.86}
{'loss': 1.0124, 'learning_rate': 5.072115991815909e-07, 'epoch': 2.88}
{'loss': 1.0089, 'learning_rate': 4.4406274470181113e-07, 'epoch': 2.89}
{'loss': 1.0034, 'learning_rate': 3.810401879309909e-07, 'epoch': 2.91}
{'loss': 1.0267, 'learning_rate': 3.178913334512112e-07, 'epoch': 2.93}
{'loss': 1.0571, 'learning_rate': 2.547424789714315e-07, 'epoch': 2.94}
{'loss': 1.0262, 'learning_rate': 1.9159362449165175e-07, 'epoch': 2.96}
{'loss': 0.9933, 'learning_rate': 1.2844477001187198e-07, 'epoch': 2.97}
{'loss': 0.9867, 'learning_rate': 6.542221324105182e-08, 'epoch': 2.99}
{'train_runtime': 28326.5526, 'train_samples_per_second': 13.976, 'train_steps_per_second': 3.494, 'train_loss': 1.7259321277616828, 'epoch': 3.0}
2021-10-17 03:44:58.545994
FINISH
