Sat Oct  2 00:39:22 2021       
+-----------------------------------------------------------------------------+
| NVIDIA-SMI 460.80       Driver Version: 460.80       CUDA Version: 11.2     |
|-------------------------------+----------------------+----------------------+
| GPU  Name        Persistence-M| Bus-Id        Disp.A | Volatile Uncorr. ECC |
| Fan  Temp  Perf  Pwr:Usage/Cap|         Memory-Usage | GPU-Util  Compute M. |
|                               |                      |               MIG M. |
|===============================+======================+======================|
|   0  GeForce RTX 3090    Off  | 00000000:47:00.0 Off |                  N/A |
| 39%   25C    P8    21W / 350W |      0MiB / 24268MiB |      0%      Default |
|                               |                      |                  N/A |
+-------------------------------+----------------------+----------------------+
                                                                               
+-----------------------------------------------------------------------------+
| Processes:                                                                  |
|  GPU   GI   CI        PID   Type   Process name                  GPU Memory |
|        ID   ID                                                   Usage      |
|=============================================================================|
|  No running processes found                                                 |
+-----------------------------------------------------------------------------+
nvcc: NVIDIA (R) Cuda compiler driver
Copyright (c) 2005-2020 NVIDIA Corporation
Built on Mon_Oct_12_20:09:46_PDT_2020
Cuda compilation tools, release 11.1, V11.1.105
Build cuda_11.1.TC455_06.29190527_0
START
2021-10-02 00:40:04
Namespace(batch_size=8, block_size=512, epochs=50, eval_steps=5000, gradient_accumulation_steps=8, learning_rate=0.0001, mlm_probability=0.15, model_name='/gpfsnyu/scratch/yw3642/chaii/input/google-muril-base-case', output_dir='../model/muril-base-pretrained-wiki', save_steps=5000, seed=3407, stride=128, valid_ratio=0.1, warmup_ratio=0.1)
{'loss': 11.7512, 'learning_rate': 1.7686832740213522e-06, 'epoch': 0.09}
{'loss': 8.6029, 'learning_rate': 3.5480427046263343e-06, 'epoch': 0.18}
{'loss': 6.9843, 'learning_rate': 5.327402135231317e-06, 'epoch': 0.27}
{'loss': 6.1276, 'learning_rate': 7.106761565836299e-06, 'epoch': 0.36}
{'loss': 5.2784, 'learning_rate': 8.886120996441281e-06, 'epoch': 0.44}
{'loss': 4.4793, 'learning_rate': 1.0665480427046263e-05, 'epoch': 0.53}
{'loss': 3.8849, 'learning_rate': 1.2444839857651245e-05, 'epoch': 0.62}
{'loss': 3.4801, 'learning_rate': 1.422419928825623e-05, 'epoch': 0.71}
{'loss': 3.1975, 'learning_rate': 1.600355871886121e-05, 'epoch': 0.8}
{'loss': 2.9847, 'learning_rate': 1.7782918149466192e-05, 'epoch': 0.89}
{'eval_loss': 2.635739326477051, 'eval_runtime': 528.5883, 'eval_samples_per_second': 75.586, 'eval_steps_per_second': 9.45, 'epoch': 0.89}
{'loss': 2.8222, 'learning_rate': 1.9562277580071176e-05, 'epoch': 0.98}
{'loss': 2.6899, 'learning_rate': 2.1341637010676156e-05, 'epoch': 1.07}
{'loss': 2.6043, 'learning_rate': 2.312099644128114e-05, 'epoch': 1.16}
{'loss': 2.4967, 'learning_rate': 2.489679715302491e-05, 'epoch': 1.25}
{'loss': 2.4244, 'learning_rate': 2.6676156583629895e-05, 'epoch': 1.33}
{'loss': 2.3578, 'learning_rate': 2.845551601423488e-05, 'epoch': 1.42}
{'loss': 2.3003, 'learning_rate': 3.023487544483986e-05, 'epoch': 1.51}
{'loss': 2.2427, 'learning_rate': 3.201423487544484e-05, 'epoch': 1.6}
{'loss': 2.1896, 'learning_rate': 3.379359430604983e-05, 'epoch': 1.69}
{'loss': 2.1515, 'learning_rate': 3.557295373665481e-05, 'epoch': 1.78}
{'eval_loss': 1.9365631341934204, 'eval_runtime': 528.1147, 'eval_samples_per_second': 75.654, 'eval_steps_per_second': 9.458, 'epoch': 1.78}
{'loss': 2.1197, 'learning_rate': 3.735231316725979e-05, 'epoch': 1.87}
{'loss': 2.0852, 'learning_rate': 3.913167259786477e-05, 'epoch': 1.96}
{'loss': 2.0436, 'learning_rate': 4.0911032028469756e-05, 'epoch': 2.05}
{'loss': 2.0142, 'learning_rate': 4.2690391459074736e-05, 'epoch': 2.14}
{'loss': 1.9863, 'learning_rate': 4.446975088967972e-05, 'epoch': 2.22}
{'loss': 1.9601, 'learning_rate': 4.62491103202847e-05, 'epoch': 2.31}
{'loss': 1.9413, 'learning_rate': 4.8024911032028476e-05, 'epoch': 2.4}
{'loss': 1.9236, 'learning_rate': 4.9804270462633456e-05, 'epoch': 2.49}
{'loss': 1.9066, 'learning_rate': 5.157651245551601e-05, 'epoch': 2.58}
{'loss': 1.8801, 'learning_rate': 5.3355871886121e-05, 'epoch': 2.67}
{'eval_loss': 1.7138612270355225, 'eval_runtime': 527.8444, 'eval_samples_per_second': 75.693, 'eval_steps_per_second': 9.463, 'epoch': 2.67}
{'loss': 1.8756, 'learning_rate': 5.513523131672598e-05, 'epoch': 2.76}
{'loss': 1.8601, 'learning_rate': 5.691459074733097e-05, 'epoch': 2.85}
{'loss': 1.8455, 'learning_rate': 5.869395017793594e-05, 'epoch': 2.94}
{'loss': 1.827, 'learning_rate': 6.047330960854093e-05, 'epoch': 3.02}
{'loss': 1.8136, 'learning_rate': 6.22526690391459e-05, 'epoch': 3.11}
{'loss': 1.8031, 'learning_rate': 6.403202846975089e-05, 'epoch': 3.2}
{'loss': 1.8036, 'learning_rate': 6.581138790035588e-05, 'epoch': 3.29}
{'loss': 1.7868, 'learning_rate': 6.759074733096086e-05, 'epoch': 3.38}
{'loss': 1.7912, 'learning_rate': 6.937010676156585e-05, 'epoch': 3.47}
{'loss': 1.7807, 'learning_rate': 7.114946619217082e-05, 'epoch': 3.56}
{'eval_loss': 1.6325922012329102, 'eval_runtime': 527.641, 'eval_samples_per_second': 75.722, 'eval_steps_per_second': 9.467, 'epoch': 3.56}
{'loss': 1.7783, 'learning_rate': 7.292882562277581e-05, 'epoch': 3.65}
{'loss': 1.7782, 'learning_rate': 7.469750889679716e-05, 'epoch': 3.74}
{'loss': 1.7766, 'learning_rate': 7.647686832740215e-05, 'epoch': 3.83}
{'loss': 1.7761, 'learning_rate': 7.82491103202847e-05, 'epoch': 3.91}
{'loss': 1.7626, 'learning_rate': 8.002846975088968e-05, 'epoch': 4.0}
{'loss': 1.7422, 'learning_rate': 8.180782918149466e-05, 'epoch': 4.09}
{'loss': 1.7441, 'learning_rate': 8.358718861209964e-05, 'epoch': 4.18}
{'loss': 1.7459, 'learning_rate': 8.536654804270462e-05, 'epoch': 4.27}
{'loss': 1.74, 'learning_rate': 8.714590747330961e-05, 'epoch': 4.36}
{'loss': 1.7458, 'learning_rate': 8.89252669039146e-05, 'epoch': 4.45}
{'eval_loss': 1.6068378686904907, 'eval_runtime': 527.4895, 'eval_samples_per_second': 75.744, 'eval_steps_per_second': 9.469, 'epoch': 4.45}
{'loss': 1.7407, 'learning_rate': 9.070462633451959e-05, 'epoch': 4.54}
{'loss': 1.7444, 'learning_rate': 9.247686832740214e-05, 'epoch': 4.63}
{'loss': 1.7431, 'learning_rate': 9.425622775800712e-05, 'epoch': 4.72}
{'loss': 1.7406, 'learning_rate': 9.60355871886121e-05, 'epoch': 4.8}
{'loss': 1.7421, 'learning_rate': 9.781138790035588e-05, 'epoch': 4.89}
{'loss': 1.7405, 'learning_rate': 9.959074733096086e-05, 'epoch': 4.98}
{'loss': 1.722, 'learning_rate': 9.984776591538158e-05, 'epoch': 5.07}
{'loss': 1.7186, 'learning_rate': 9.965005931198102e-05, 'epoch': 5.16}
{'loss': 1.7212, 'learning_rate': 9.945235270858048e-05, 'epoch': 5.25}
{'loss': 1.7156, 'learning_rate': 9.925464610517992e-05, 'epoch': 5.34}
{'eval_loss': 1.5989491939544678, 'eval_runtime': 529.1455, 'eval_samples_per_second': 75.507, 'eval_steps_per_second': 9.44, 'epoch': 5.34}
{'loss': 1.7158, 'learning_rate': 9.905693950177936e-05, 'epoch': 5.43}
{'loss': 1.7225, 'learning_rate': 9.885962831158562e-05, 'epoch': 5.52}
{'loss': 1.7196, 'learning_rate': 9.866231712139186e-05, 'epoch': 5.6}
{'loss': 1.7086, 'learning_rate': 9.84646105179913e-05, 'epoch': 5.69}
{'loss': 1.711, 'learning_rate': 9.826690391459074e-05, 'epoch': 5.78}
{'loss': 1.7173, 'learning_rate': 9.80691973111902e-05, 'epoch': 5.87}
{'loss': 1.7166, 'learning_rate': 9.787149070778965e-05, 'epoch': 5.96}
{'loss': 1.7008, 'learning_rate': 9.767378410438908e-05, 'epoch': 6.05}
{'loss': 1.6866, 'learning_rate': 9.747607750098854e-05, 'epoch': 6.14}
{'loss': 1.6804, 'learning_rate': 9.727837089758799e-05, 'epoch': 6.23}
{'eval_loss': 1.584265112876892, 'eval_runtime': 528.9883, 'eval_samples_per_second': 75.529, 'eval_steps_per_second': 9.443, 'epoch': 6.23}
{'loss': 1.6804, 'learning_rate': 9.708066429418743e-05, 'epoch': 6.32}
{'loss': 1.6813, 'learning_rate': 9.688295769078687e-05, 'epoch': 6.41}
{'loss': 1.68, 'learning_rate': 9.668525108738632e-05, 'epoch': 6.49}
{'loss': 1.6767, 'learning_rate': 9.648754448398577e-05, 'epoch': 6.58}
{'loss': 1.6811, 'learning_rate': 9.628983788058523e-05, 'epoch': 6.67}
{'loss': 1.6762, 'learning_rate': 9.609252669039146e-05, 'epoch': 6.76}
{'loss': 1.6818, 'learning_rate': 9.589482008699091e-05, 'epoch': 6.85}
{'loss': 1.6727, 'learning_rate': 9.569711348359037e-05, 'epoch': 6.94}
{'loss': 1.668, 'learning_rate': 9.549940688018981e-05, 'epoch': 7.03}
{'loss': 1.65, 'learning_rate': 9.530170027678925e-05, 'epoch': 7.12}
{'eval_loss': 1.5635080337524414, 'eval_runtime': 528.4244, 'eval_samples_per_second': 75.61, 'eval_steps_per_second': 9.453, 'epoch': 7.12}
{'loss': 1.6526, 'learning_rate': 9.510399367338869e-05, 'epoch': 7.21}
{'loss': 1.6497, 'learning_rate': 9.490628706998814e-05, 'epoch': 7.3}
{'loss': 1.655, 'learning_rate': 9.47085804665876e-05, 'epoch': 7.38}
{'loss': 1.6547, 'learning_rate': 9.451087386318703e-05, 'epoch': 7.47}
{'loss': 1.6495, 'learning_rate': 9.431316725978648e-05, 'epoch': 7.56}
{'loss': 1.6492, 'learning_rate': 9.411546065638592e-05, 'epoch': 7.65}
{'loss': 1.6505, 'learning_rate': 9.391775405298538e-05, 'epoch': 7.74}
{'loss': 1.6519, 'learning_rate': 9.372004744958482e-05, 'epoch': 7.83}
{'loss': 1.6462, 'learning_rate': 9.352234084618426e-05, 'epoch': 7.92}
{'loss': 1.6464, 'learning_rate': 9.332502965599052e-05, 'epoch': 8.01}
{'eval_loss': 1.5453557968139648, 'eval_runtime': 527.2141, 'eval_samples_per_second': 75.783, 'eval_steps_per_second': 9.474, 'epoch': 8.01}
{'loss': 1.6325, 'learning_rate': 9.312811387900356e-05, 'epoch': 8.1}
{'loss': 1.6251, 'learning_rate': 9.2930407275603e-05, 'epoch': 8.19}
{'loss': 1.6168, 'learning_rate': 9.273270067220246e-05, 'epoch': 8.27}
{'loss': 1.6209, 'learning_rate': 9.25349940688019e-05, 'epoch': 8.36}
{'loss': 1.6282, 'learning_rate': 9.233728746540134e-05, 'epoch': 8.45}
{'loss': 1.6339, 'learning_rate': 9.21395808620008e-05, 'epoch': 8.54}
{'loss': 1.6224, 'learning_rate': 9.194187425860025e-05, 'epoch': 8.63}
{'loss': 1.6346, 'learning_rate': 9.174416765519968e-05, 'epoch': 8.72}
{'loss': 1.6271, 'learning_rate': 9.154646105179914e-05, 'epoch': 8.81}
{'loss': 1.6206, 'learning_rate': 9.134875444839858e-05, 'epoch': 8.9}
{'eval_loss': 1.5364477634429932, 'eval_runtime': 527.0893, 'eval_samples_per_second': 75.801, 'eval_steps_per_second': 9.477, 'epoch': 8.9}
{'loss': 1.6211, 'learning_rate': 9.115104784499803e-05, 'epoch': 8.99}
{'loss': 1.6088, 'learning_rate': 9.095334124159747e-05, 'epoch': 9.07}
{'loss': 1.6026, 'learning_rate': 9.075563463819692e-05, 'epoch': 9.16}
{'loss': 1.6007, 'learning_rate': 9.055792803479637e-05, 'epoch': 9.25}
{'loss': 1.6053, 'learning_rate': 9.036022143139581e-05, 'epoch': 9.34}
{'loss': 1.5977, 'learning_rate': 9.016291024120206e-05, 'epoch': 9.43}
{'loss': 1.6083, 'learning_rate': 8.996520363780151e-05, 'epoch': 9.52}
{'loss': 1.5976, 'learning_rate': 8.976749703440095e-05, 'epoch': 9.61}
{'loss': 1.6156, 'learning_rate': 8.95697904310004e-05, 'epoch': 9.7}
{'loss': 1.6094, 'learning_rate': 8.937247924080665e-05, 'epoch': 9.79}
{'eval_loss': 1.5303075313568115, 'eval_runtime': 526.8705, 'eval_samples_per_second': 75.833, 'eval_steps_per_second': 9.481, 'epoch': 9.79}
{'loss': 1.6083, 'learning_rate': 8.917477263740609e-05, 'epoch': 9.88}
{'loss': 1.606, 'learning_rate': 8.897706603400555e-05, 'epoch': 9.96}
{'loss': 1.5993, 'learning_rate': 8.877935943060499e-05, 'epoch': 10.05}
{'loss': 1.5876, 'learning_rate': 8.858165282720443e-05, 'epoch': 10.14}
{'loss': 1.5837, 'learning_rate': 8.838394622380388e-05, 'epoch': 10.23}
{'loss': 1.5796, 'learning_rate': 8.818623962040333e-05, 'epoch': 10.32}
{'loss': 1.595, 'learning_rate': 8.798853301700277e-05, 'epoch': 10.41}
{'loss': 1.5929, 'learning_rate': 8.779082641360222e-05, 'epoch': 10.5}
{'loss': 1.589, 'learning_rate': 8.759311981020166e-05, 'epoch': 10.59}
{'loss': 1.5832, 'learning_rate': 8.739541320680112e-05, 'epoch': 10.68}
{'eval_loss': 1.5206880569458008, 'eval_runtime': 527.3384, 'eval_samples_per_second': 75.765, 'eval_steps_per_second': 9.472, 'epoch': 10.68}
{'loss': 1.5892, 'learning_rate': 8.719770660340056e-05, 'epoch': 10.77}
{'loss': 1.5935, 'learning_rate': 8.7e-05, 'epoch': 10.85}
{'loss': 1.5904, 'learning_rate': 8.680229339659946e-05, 'epoch': 10.94}
{'loss': 1.5835, 'learning_rate': 8.66045867931989e-05, 'epoch': 11.03}
{'loss': 1.5658, 'learning_rate': 8.640727560300514e-05, 'epoch': 11.12}
{'loss': 1.5716, 'learning_rate': 8.62095689996046e-05, 'epoch': 11.21}
{'loss': 1.567, 'learning_rate': 8.601186239620404e-05, 'epoch': 11.3}
{'loss': 1.5837, 'learning_rate': 8.581415579280349e-05, 'epoch': 11.39}
{'loss': 1.5653, 'learning_rate': 8.561644918940292e-05, 'epoch': 11.48}
{'loss': 1.5703, 'learning_rate': 8.541913799920918e-05, 'epoch': 11.57}
{'eval_loss': 1.5158791542053223, 'eval_runtime': 527.4221, 'eval_samples_per_second': 75.753, 'eval_steps_per_second': 9.471, 'epoch': 11.57}
{'loss': 1.5681, 'learning_rate': 8.522143139580863e-05, 'epoch': 11.65}
{'loss': 1.5766, 'learning_rate': 8.502372479240806e-05, 'epoch': 11.74}
{'loss': 1.5728, 'learning_rate': 8.482601818900751e-05, 'epoch': 11.83}
{'loss': 1.5785, 'learning_rate': 8.462870699881377e-05, 'epoch': 11.92}
{'loss': 1.5749, 'learning_rate': 8.443139580862002e-05, 'epoch': 12.01}
{'loss': 1.553, 'learning_rate': 8.423368920521946e-05, 'epoch': 12.1}
{'loss': 1.5541, 'learning_rate': 8.40363780150257e-05, 'epoch': 12.19}
{'loss': 1.5574, 'learning_rate': 8.383867141162514e-05, 'epoch': 12.28}
{'loss': 1.5586, 'learning_rate': 8.36409648082246e-05, 'epoch': 12.37}
{'loss': 1.5598, 'learning_rate': 8.344325820482405e-05, 'epoch': 12.46}
{'eval_loss': 1.5053422451019287, 'eval_runtime': 526.8899, 'eval_samples_per_second': 75.83, 'eval_steps_per_second': 9.48, 'epoch': 12.46}
{'loss': 1.5582, 'learning_rate': 8.32455516014235e-05, 'epoch': 12.54}
{'loss': 1.5599, 'learning_rate': 8.304784499802293e-05, 'epoch': 12.63}
{'loss': 1.5581, 'learning_rate': 8.285013839462239e-05, 'epoch': 12.72}
{'loss': 1.5582, 'learning_rate': 8.265243179122183e-05, 'epoch': 12.81}
{'loss': 1.5573, 'learning_rate': 8.245472518782129e-05, 'epoch': 12.9}
{'loss': 1.5578, 'learning_rate': 8.225741399762752e-05, 'epoch': 12.99}
{'loss': 1.5429, 'learning_rate': 8.205970739422697e-05, 'epoch': 13.08}
{'loss': 1.5376, 'learning_rate': 8.186200079082643e-05, 'epoch': 13.17}
{'loss': 1.547, 'learning_rate': 8.166429418742585e-05, 'epoch': 13.26}
{'loss': 1.5448, 'learning_rate': 8.146658758402531e-05, 'epoch': 13.35}
{'eval_loss': 1.504193902015686, 'eval_runtime': 527.0428, 'eval_samples_per_second': 75.808, 'eval_steps_per_second': 9.477, 'epoch': 13.35}
{'loss': 1.5478, 'learning_rate': 8.126888098062476e-05, 'epoch': 13.43}
{'loss': 1.5431, 'learning_rate': 8.10711743772242e-05, 'epoch': 13.52}
{'loss': 1.5497, 'learning_rate': 8.087346777382365e-05, 'epoch': 13.61}
{'loss': 1.5455, 'learning_rate': 8.067615658362989e-05, 'epoch': 13.7}
{'loss': 1.5407, 'learning_rate': 8.047844998022934e-05, 'epoch': 13.79}
{'loss': 1.5391, 'learning_rate': 8.02807433768288e-05, 'epoch': 13.88}
{'loss': 1.5483, 'learning_rate': 8.008303677342823e-05, 'epoch': 13.97}
{'loss': 1.5335, 'learning_rate': 7.988572558323448e-05, 'epoch': 14.06}
{'loss': 1.5283, 'learning_rate': 7.968801897983394e-05, 'epoch': 14.15}
{'loss': 1.5263, 'learning_rate': 7.949031237643337e-05, 'epoch': 14.23}
{'eval_loss': 1.4971036911010742, 'eval_runtime': 526.6667, 'eval_samples_per_second': 75.862, 'eval_steps_per_second': 9.484, 'epoch': 14.23}
{'loss': 1.5282, 'learning_rate': 7.929260577303282e-05, 'epoch': 14.32}
{'loss': 1.5319, 'learning_rate': 7.909489916963228e-05, 'epoch': 14.41}
{'loss': 1.5289, 'learning_rate': 7.889719256623172e-05, 'epoch': 14.5}
{'loss': 1.5335, 'learning_rate': 7.869988137603796e-05, 'epoch': 14.59}
{'loss': 1.5301, 'learning_rate': 7.85021747726374e-05, 'epoch': 14.68}
{'loss': 1.5316, 'learning_rate': 7.830446816923686e-05, 'epoch': 14.77}
{'loss': 1.5359, 'learning_rate': 7.81067615658363e-05, 'epoch': 14.86}
{'loss': 1.5309, 'learning_rate': 7.790905496243574e-05, 'epoch': 14.95}
{'loss': 1.5242, 'learning_rate': 7.77113483590352e-05, 'epoch': 15.04}
{'loss': 1.5233, 'learning_rate': 7.751364175563465e-05, 'epoch': 15.12}
{'eval_loss': 1.4919382333755493, 'eval_runtime': 530.3747, 'eval_samples_per_second': 75.332, 'eval_steps_per_second': 9.418, 'epoch': 15.12}
{'loss': 1.5115, 'learning_rate': 7.731593515223409e-05, 'epoch': 15.21}
{'loss': 1.5192, 'learning_rate': 7.711862396204034e-05, 'epoch': 15.3}
{'loss': 1.5147, 'learning_rate': 7.692091735863978e-05, 'epoch': 15.39}
{'loss': 1.519, 'learning_rate': 7.672321075523923e-05, 'epoch': 15.48}
{'loss': 1.5157, 'learning_rate': 7.652589956504548e-05, 'epoch': 15.57}
{'loss': 1.5192, 'learning_rate': 7.632819296164492e-05, 'epoch': 15.66}
{'loss': 1.5253, 'learning_rate': 7.613048635824437e-05, 'epoch': 15.75}
{'loss': 1.5193, 'learning_rate': 7.593277975484381e-05, 'epoch': 15.84}
{'loss': 1.5196, 'learning_rate': 7.573507315144326e-05, 'epoch': 15.93}
{'loss': 1.5201, 'learning_rate': 7.553776196124951e-05, 'epoch': 16.01}
{'eval_loss': 1.4867513179779053, 'eval_runtime': 534.2398, 'eval_samples_per_second': 74.787, 'eval_steps_per_second': 9.35, 'epoch': 16.01}
{'loss': 1.5039, 'learning_rate': 7.534005535784895e-05, 'epoch': 16.1}
{'loss': 1.5121, 'learning_rate': 7.51423487544484e-05, 'epoch': 16.19}
{'loss': 1.502, 'learning_rate': 7.494464215104785e-05, 'epoch': 16.28}
{'loss': 1.5058, 'learning_rate': 7.474693554764729e-05, 'epoch': 16.37}
{'loss': 1.5044, 'learning_rate': 7.454922894424675e-05, 'epoch': 16.46}
{'loss': 1.5058, 'learning_rate': 7.435152234084619e-05, 'epoch': 16.55}
{'loss': 1.507, 'learning_rate': 7.415381573744563e-05, 'epoch': 16.64}
{'loss': 1.5042, 'learning_rate': 7.395610913404508e-05, 'epoch': 16.73}
{'loss': 1.5043, 'learning_rate': 7.375840253064454e-05, 'epoch': 16.81}
{'loss': 1.5094, 'learning_rate': 7.356069592724397e-05, 'epoch': 16.9}
{'eval_loss': 1.4743901491165161, 'eval_runtime': 532.5306, 'eval_samples_per_second': 75.027, 'eval_steps_per_second': 9.38, 'epoch': 16.9}
{'loss': 1.5108, 'learning_rate': 7.336298932384342e-05, 'epoch': 16.99}
{'loss': 1.4952, 'learning_rate': 7.316528272044286e-05, 'epoch': 17.08}
{'loss': 1.5013, 'learning_rate': 7.296757611704232e-05, 'epoch': 17.17}
{'loss': 1.4949, 'learning_rate': 7.277026492684856e-05, 'epoch': 17.26}
{'loss': 1.4894, 'learning_rate': 7.2572558323448e-05, 'epoch': 17.35}
{'loss': 1.4961, 'learning_rate': 7.237524713325425e-05, 'epoch': 17.44}
{'loss': 1.4963, 'learning_rate': 7.21775405298537e-05, 'epoch': 17.53}
{'loss': 1.4981, 'learning_rate': 7.197983392645314e-05, 'epoch': 17.62}
{'loss': 1.4966, 'learning_rate': 7.17821273230526e-05, 'epoch': 17.7}
{'loss': 1.4956, 'learning_rate': 7.158442071965204e-05, 'epoch': 17.79}
{'eval_loss': 1.4711259603500366, 'eval_runtime': 538.8772, 'eval_samples_per_second': 74.143, 'eval_steps_per_second': 9.269, 'epoch': 17.79}
{'loss': 1.5004, 'learning_rate': 7.138671411625148e-05, 'epoch': 17.88}
{'loss': 1.4906, 'learning_rate': 7.118900751285094e-05, 'epoch': 17.97}
{'loss': 1.4823, 'learning_rate': 7.099130090945038e-05, 'epoch': 18.06}
{'loss': 1.4793, 'learning_rate': 7.079398971925662e-05, 'epoch': 18.15}
{'loss': 1.4779, 'learning_rate': 7.059667852906288e-05, 'epoch': 18.24}
{'loss': 1.4809, 'learning_rate': 7.039897192566232e-05, 'epoch': 18.33}
{'loss': 1.4863, 'learning_rate': 7.020166073546856e-05, 'epoch': 18.42}
{'loss': 1.4889, 'learning_rate': 7.000395413206802e-05, 'epoch': 18.51}
{'loss': 1.4882, 'learning_rate': 6.980624752866746e-05, 'epoch': 18.59}
{'loss': 1.4873, 'learning_rate': 6.96089363384737e-05, 'epoch': 18.68}
{'eval_loss': 1.4726951122283936, 'eval_runtime': 534.4013, 'eval_samples_per_second': 74.764, 'eval_steps_per_second': 9.347, 'epoch': 18.68}
{'loss': 1.4852, 'learning_rate': 6.941122973507316e-05, 'epoch': 18.77}
{'loss': 1.4904, 'learning_rate': 6.92135231316726e-05, 'epoch': 18.86}
{'loss': 1.4893, 'learning_rate': 6.901581652827205e-05, 'epoch': 18.95}
{'loss': 1.4827, 'learning_rate': 6.88181099248715e-05, 'epoch': 19.04}
{'loss': 1.4729, 'learning_rate': 6.862040332147094e-05, 'epoch': 19.13}
{'loss': 1.468, 'learning_rate': 6.842269671807039e-05, 'epoch': 19.22}
{'loss': 1.4728, 'learning_rate': 6.822499011466983e-05, 'epoch': 19.31}
{'loss': 1.4825, 'learning_rate': 6.802728351126928e-05, 'epoch': 19.39}
{'loss': 1.4675, 'learning_rate': 6.782957690786873e-05, 'epoch': 19.48}
{'loss': 1.47, 'learning_rate': 6.763187030446817e-05, 'epoch': 19.57}
{'eval_loss': 1.4678558111190796, 'eval_runtime': 528.9861, 'eval_samples_per_second': 75.529, 'eval_steps_per_second': 9.443, 'epoch': 19.57}
{'loss': 1.4771, 'learning_rate': 6.743416370106763e-05, 'epoch': 19.66}
{'loss': 1.477, 'learning_rate': 6.723645709766705e-05, 'epoch': 19.75}
{'loss': 1.4795, 'learning_rate': 6.703875049426651e-05, 'epoch': 19.84}
{'loss': 1.4728, 'learning_rate': 6.684104389086596e-05, 'epoch': 19.93}
{'loss': 1.4699, 'learning_rate': 6.66433372874654e-05, 'epoch': 20.02}
{'loss': 1.4635, 'learning_rate': 6.644563068406485e-05, 'epoch': 20.11}
{'loss': 1.4662, 'learning_rate': 6.62483194938711e-05, 'epoch': 20.2}
{'loss': 1.4624, 'learning_rate': 6.605061289047055e-05, 'epoch': 20.28}
{'loss': 1.4643, 'learning_rate': 6.585330170027679e-05, 'epoch': 20.37}
{'loss': 1.4655, 'learning_rate': 6.565559509687624e-05, 'epoch': 20.46}
{'eval_loss': 1.4605870246887207, 'eval_runtime': 529.7171, 'eval_samples_per_second': 75.425, 'eval_steps_per_second': 9.43, 'epoch': 20.46}
{'loss': 1.4624, 'learning_rate': 6.545788849347569e-05, 'epoch': 20.55}
{'loss': 1.4637, 'learning_rate': 6.526057730328193e-05, 'epoch': 20.64}
{'loss': 1.469, 'learning_rate': 6.506287069988138e-05, 'epoch': 20.73}
{'loss': 1.4642, 'learning_rate': 6.486516409648083e-05, 'epoch': 20.82}
{'loss': 1.4635, 'learning_rate': 6.466745749308028e-05, 'epoch': 20.91}
{'loss': 1.471, 'learning_rate': 6.446975088967971e-05, 'epoch': 21.0}
{'loss': 1.453, 'learning_rate': 6.427204428627916e-05, 'epoch': 21.09}
{'loss': 1.4536, 'learning_rate': 6.407433768287862e-05, 'epoch': 21.17}
{'loss': 1.4484, 'learning_rate': 6.387663107947806e-05, 'epoch': 21.26}
{'loss': 1.4522, 'learning_rate': 6.36793198892843e-05, 'epoch': 21.35}
{'eval_loss': 1.4570294618606567, 'eval_runtime': 529.8355, 'eval_samples_per_second': 75.408, 'eval_steps_per_second': 9.427, 'epoch': 21.35}
{'loss': 1.4516, 'learning_rate': 6.348161328588376e-05, 'epoch': 21.44}
{'loss': 1.4598, 'learning_rate': 6.32839066824832e-05, 'epoch': 21.53}
{'loss': 1.4545, 'learning_rate': 6.308620007908264e-05, 'epoch': 21.62}
{'loss': 1.4591, 'learning_rate': 6.288849347568208e-05, 'epoch': 21.71}
{'loss': 1.456, 'learning_rate': 6.269078687228154e-05, 'epoch': 21.8}
{'loss': 1.4444, 'learning_rate': 6.249308026888099e-05, 'epoch': 21.89}
{'loss': 1.4553, 'learning_rate': 6.229537366548043e-05, 'epoch': 21.98}
{'loss': 1.4515, 'learning_rate': 6.209766706207987e-05, 'epoch': 22.06}
{'loss': 1.4424, 'learning_rate': 6.189996045867932e-05, 'epoch': 22.15}
{'loss': 1.4412, 'learning_rate': 6.170225385527877e-05, 'epoch': 22.24}
{'eval_loss': 1.4526984691619873, 'eval_runtime': 529.6606, 'eval_samples_per_second': 75.433, 'eval_steps_per_second': 9.431, 'epoch': 22.24}
{'loss': 1.4391, 'learning_rate': 6.150454725187823e-05, 'epoch': 22.33}
{'loss': 1.4464, 'learning_rate': 6.130723606168446e-05, 'epoch': 22.42}
{'loss': 1.4404, 'learning_rate': 6.110992487149071e-05, 'epoch': 22.51}
{'loss': 1.4494, 'learning_rate': 6.091221826809016e-05, 'epoch': 22.6}
{'loss': 1.4469, 'learning_rate': 6.07145116646896e-05, 'epoch': 22.69}
{'loss': 1.4441, 'learning_rate': 6.051680506128905e-05, 'epoch': 22.78}
{'loss': 1.4436, 'learning_rate': 6.03190984578885e-05, 'epoch': 22.86}
{'loss': 1.4441, 'learning_rate': 6.012139185448794e-05, 'epoch': 22.95}
{'loss': 1.4433, 'learning_rate': 5.992368525108739e-05, 'epoch': 23.04}
{'loss': 1.4362, 'learning_rate': 5.972597864768683e-05, 'epoch': 23.13}
{'eval_loss': 1.4481960535049438, 'eval_runtime': 526.4575, 'eval_samples_per_second': 75.892, 'eval_steps_per_second': 9.488, 'epoch': 23.13}
{'loss': 1.433, 'learning_rate': 5.9528272044286285e-05, 'epoch': 23.22}
{'loss': 1.4305, 'learning_rate': 5.9330960854092535e-05, 'epoch': 23.31}
{'loss': 1.4317, 'learning_rate': 5.913325425069197e-05, 'epoch': 23.4}
{'loss': 1.4347, 'learning_rate': 5.8935547647291425e-05, 'epoch': 23.49}
{'loss': 1.4377, 'learning_rate': 5.873784104389087e-05, 'epoch': 23.58}
{'loss': 1.429, 'learning_rate': 5.8540134440490314e-05, 'epoch': 23.67}
{'loss': 1.4332, 'learning_rate': 5.834242783708976e-05, 'epoch': 23.75}
{'loss': 1.4371, 'learning_rate': 5.8144721233689204e-05, 'epoch': 23.84}
{'loss': 1.4361, 'learning_rate': 5.794701463028865e-05, 'epoch': 23.93}
{'loss': 1.4318, 'learning_rate': 5.77497034400949e-05, 'epoch': 24.02}
{'eval_loss': 1.4475278854370117, 'eval_runtime': 528.3192, 'eval_samples_per_second': 75.625, 'eval_steps_per_second': 9.455, 'epoch': 24.02}
{'loss': 1.4212, 'learning_rate': 5.7551996836694344e-05, 'epoch': 24.11}
{'loss': 1.4266, 'learning_rate': 5.7354685646500595e-05, 'epoch': 24.2}
{'loss': 1.4209, 'learning_rate': 5.715697904310004e-05, 'epoch': 24.29}
{'loss': 1.431, 'learning_rate': 5.6959272439699484e-05, 'epoch': 24.38}
{'loss': 1.4204, 'learning_rate': 5.676156583629894e-05, 'epoch': 24.47}
{'loss': 1.4339, 'learning_rate': 5.656385923289839e-05, 'epoch': 24.56}
{'loss': 1.4306, 'learning_rate': 5.636615262949783e-05, 'epoch': 24.64}
{'loss': 1.4246, 'learning_rate': 5.6168446026097276e-05, 'epoch': 24.73}
{'loss': 1.4296, 'learning_rate': 5.597073942269672e-05, 'epoch': 24.82}
{'loss': 1.4229, 'learning_rate': 5.5773032819296166e-05, 'epoch': 24.91}
{'eval_loss': 1.4426219463348389, 'eval_runtime': 528.233, 'eval_samples_per_second': 75.637, 'eval_steps_per_second': 9.456, 'epoch': 24.91}
{'loss': 1.4297, 'learning_rate': 5.5575721629102417e-05, 'epoch': 25.0}
{'loss': 1.4162, 'learning_rate': 5.537801502570186e-05, 'epoch': 25.09}
{'loss': 1.4142, 'learning_rate': 5.5180308422301306e-05, 'epoch': 25.18}
{'loss': 1.4151, 'learning_rate': 5.498260181890076e-05, 'epoch': 25.27}
{'loss': 1.4188, 'learning_rate': 5.4784895215500195e-05, 'epoch': 25.36}
{'loss': 1.4196, 'learning_rate': 5.4587584025306446e-05, 'epoch': 25.44}
{'loss': 1.4181, 'learning_rate': 5.43898774219059e-05, 'epoch': 25.53}
{'loss': 1.4117, 'learning_rate': 5.419256623171214e-05, 'epoch': 25.62}
{'loss': 1.4165, 'learning_rate': 5.3994859628311586e-05, 'epoch': 25.71}
{'loss': 1.42, 'learning_rate': 5.379715302491104e-05, 'epoch': 25.8}
{'eval_loss': 1.4361428022384644, 'eval_runtime': 529.1203, 'eval_samples_per_second': 75.51, 'eval_steps_per_second': 9.44, 'epoch': 25.8}
{'loss': 1.4257, 'learning_rate': 5.359984183471728e-05, 'epoch': 25.89}
{'loss': 1.4132, 'learning_rate': 5.340213523131673e-05, 'epoch': 25.98}
{'loss': 1.4079, 'learning_rate': 5.320442862791617e-05, 'epoch': 26.07}
{'loss': 1.4001, 'learning_rate': 5.300672202451562e-05, 'epoch': 26.16}
{'loss': 1.4146, 'learning_rate': 5.280901542111507e-05, 'epoch': 26.25}
{'loss': 1.4034, 'learning_rate': 5.261130881771451e-05, 'epoch': 26.33}
{'loss': 1.4103, 'learning_rate': 5.241360221431396e-05, 'epoch': 26.42}
{'loss': 1.4066, 'learning_rate': 5.2215895610913415e-05, 'epoch': 26.51}
{'loss': 1.4122, 'learning_rate': 5.201818900751285e-05, 'epoch': 26.6}
{'loss': 1.4112, 'learning_rate': 5.1820482404112304e-05, 'epoch': 26.69}
{'eval_loss': 1.430436372756958, 'eval_runtime': 526.6882, 'eval_samples_per_second': 75.859, 'eval_steps_per_second': 9.484, 'epoch': 26.69}
{'loss': 1.4097, 'learning_rate': 5.162277580071174e-05, 'epoch': 26.78}
{'loss': 1.4069, 'learning_rate': 5.1425069197311194e-05, 'epoch': 26.87}
{'loss': 1.4158, 'learning_rate': 5.122736259391064e-05, 'epoch': 26.96}
{'loss': 1.4038, 'learning_rate': 5.1029655990510083e-05, 'epoch': 27.05}
{'loss': 1.3988, 'learning_rate': 5.0832344800316334e-05, 'epoch': 27.14}
{'loss': 1.3927, 'learning_rate': 5.063463819691578e-05, 'epoch': 27.22}
{'loss': 1.4019, 'learning_rate': 5.0436931593515223e-05, 'epoch': 27.31}
{'loss': 1.3977, 'learning_rate': 5.023922499011468e-05, 'epoch': 27.4}
{'loss': 1.4041, 'learning_rate': 5.004151838671411e-05, 'epoch': 27.49}
{'loss': 1.3994, 'learning_rate': 4.9844207196520364e-05, 'epoch': 27.58}
{'eval_loss': 1.4274407625198364, 'eval_runtime': 529.3338, 'eval_samples_per_second': 75.48, 'eval_steps_per_second': 9.436, 'epoch': 27.58}
{'loss': 1.4, 'learning_rate': 4.964650059311981e-05, 'epoch': 27.67}
{'loss': 1.4022, 'learning_rate': 4.944879398971926e-05, 'epoch': 27.76}
{'loss': 1.411, 'learning_rate': 4.9251482799525504e-05, 'epoch': 27.85}
{'loss': 1.3978, 'learning_rate': 4.905377619612495e-05, 'epoch': 27.94}
{'loss': 1.4011, 'learning_rate': 4.88560695927244e-05, 'epoch': 28.02}
{'loss': 1.3907, 'learning_rate': 4.865836298932385e-05, 'epoch': 28.11}
{'loss': 1.3847, 'learning_rate': 4.846065638592329e-05, 'epoch': 28.2}
{'loss': 1.3899, 'learning_rate': 4.826294978252274e-05, 'epoch': 28.29}
{'loss': 1.3876, 'learning_rate': 4.8065243179122186e-05, 'epoch': 28.38}
{'loss': 1.3905, 'learning_rate': 4.7867536575721634e-05, 'epoch': 28.47}
{'eval_loss': 1.4221763610839844, 'eval_runtime': 528.1889, 'eval_samples_per_second': 75.643, 'eval_steps_per_second': 9.457, 'epoch': 28.47}
{'loss': 1.3993, 'learning_rate': 4.7669829972321075e-05, 'epoch': 28.56}
{'loss': 1.3919, 'learning_rate': 4.7472518782127326e-05, 'epoch': 28.65}
{'loss': 1.3899, 'learning_rate': 4.7274812178726774e-05, 'epoch': 28.74}
{'loss': 1.3951, 'learning_rate': 4.707710557532622e-05, 'epoch': 28.83}
{'loss': 1.3909, 'learning_rate': 4.687939897192566e-05, 'epoch': 28.91}
{'loss': 1.3967, 'learning_rate': 4.6682087781731914e-05, 'epoch': 29.0}
{'loss': 1.383, 'learning_rate': 4.648438117833136e-05, 'epoch': 29.09}
{'loss': 1.3816, 'learning_rate': 4.6287069988137606e-05, 'epoch': 29.18}
{'loss': 1.3787, 'learning_rate': 4.609015421115065e-05, 'epoch': 29.27}
{'loss': 1.3833, 'learning_rate': 4.58924476077501e-05, 'epoch': 29.36}
{'eval_loss': 1.41940438747406, 'eval_runtime': 528.6675, 'eval_samples_per_second': 75.575, 'eval_steps_per_second': 9.448, 'epoch': 29.36}
{'loss': 1.3893, 'learning_rate': 4.569474100434955e-05, 'epoch': 29.45}
{'loss': 1.3864, 'learning_rate': 4.5497034400948996e-05, 'epoch': 29.54}
{'loss': 1.3878, 'learning_rate': 4.529932779754844e-05, 'epoch': 29.63}
{'loss': 1.3871, 'learning_rate': 4.5101621194147886e-05, 'epoch': 29.72}
{'loss': 1.3894, 'learning_rate': 4.4903914590747334e-05, 'epoch': 29.8}
{'loss': 1.3832, 'learning_rate': 4.470620798734678e-05, 'epoch': 29.89}
{'loss': 1.383, 'learning_rate': 4.450850138394623e-05, 'epoch': 29.98}
{'loss': 1.3682, 'learning_rate': 4.431079478054567e-05, 'epoch': 30.07}
{'loss': 1.3732, 'learning_rate': 4.411308817714512e-05, 'epoch': 30.16}
{'loss': 1.3705, 'learning_rate': 4.391538157374456e-05, 'epoch': 30.25}
{'eval_loss': 1.4150409698486328, 'eval_runtime': 528.192, 'eval_samples_per_second': 75.643, 'eval_steps_per_second': 9.457, 'epoch': 30.25}
{'loss': 1.375, 'learning_rate': 4.3717674970344016e-05, 'epoch': 30.34}
{'loss': 1.3778, 'learning_rate': 4.351996836694346e-05, 'epoch': 30.43}
{'loss': 1.3736, 'learning_rate': 4.3322261763542905e-05, 'epoch': 30.52}
{'loss': 1.3785, 'learning_rate': 4.312455516014235e-05, 'epoch': 30.6}
{'loss': 1.3763, 'learning_rate': 4.29268485567418e-05, 'epoch': 30.69}
{'loss': 1.3806, 'learning_rate': 4.272914195334124e-05, 'epoch': 30.78}
{'loss': 1.3731, 'learning_rate': 4.253143534994069e-05, 'epoch': 30.87}
{'loss': 1.3753, 'learning_rate': 4.233372874654013e-05, 'epoch': 30.96}
{'loss': 1.3678, 'learning_rate': 4.213641755634638e-05, 'epoch': 31.05}
{'loss': 1.3701, 'learning_rate': 4.193871095294583e-05, 'epoch': 31.14}
{'eval_loss': 1.412562608718872, 'eval_runtime': 577.4019, 'eval_samples_per_second': 69.196, 'eval_steps_per_second': 8.651, 'epoch': 31.14}
{'loss': 1.3621, 'learning_rate': 4.174100434954528e-05, 'epoch': 31.23}
{'loss': 1.3648, 'learning_rate': 4.154329774614472e-05, 'epoch': 31.32}
{'loss': 1.3683, 'learning_rate': 4.134559114274417e-05, 'epoch': 31.41}
{'loss': 1.3658, 'learning_rate': 4.114827995255042e-05, 'epoch': 31.49}
{'loss': 1.3719, 'learning_rate': 4.095057334914986e-05, 'epoch': 31.58}
{'loss': 1.3709, 'learning_rate': 4.075286674574931e-05, 'epoch': 31.67}
{'loss': 1.3772, 'learning_rate': 4.055516014234876e-05, 'epoch': 31.76}
{'loss': 1.3637, 'learning_rate': 4.0357453538948205e-05, 'epoch': 31.85}
{'loss': 1.3612, 'learning_rate': 4.016014234875445e-05, 'epoch': 31.94}
{'loss': 1.3623, 'learning_rate': 3.99624357453539e-05, 'epoch': 32.03}
{'eval_loss': 1.4077104330062866, 'eval_runtime': 528.7332, 'eval_samples_per_second': 75.566, 'eval_steps_per_second': 9.447, 'epoch': 32.03}
{'loss': 1.3584, 'learning_rate': 3.9764729141953345e-05, 'epoch': 32.12}
{'loss': 1.3555, 'learning_rate': 3.9567022538552787e-05, 'epoch': 32.21}
{'loss': 1.3578, 'learning_rate': 3.9369315935152235e-05, 'epoch': 32.3}
{'loss': 1.3605, 'learning_rate': 3.917160933175168e-05, 'epoch': 32.38}
{'loss': 1.357, 'learning_rate': 3.897429814155793e-05, 'epoch': 32.47}
{'loss': 1.367, 'learning_rate': 3.8776591538157375e-05, 'epoch': 32.56}
{'loss': 1.3562, 'learning_rate': 3.8579280347963625e-05, 'epoch': 32.65}
{'loss': 1.3644, 'learning_rate': 3.8381573744563074e-05, 'epoch': 32.74}
{'loss': 1.3607, 'learning_rate': 3.8183867141162515e-05, 'epoch': 32.83}
{'loss': 1.3626, 'learning_rate': 3.7986555950968765e-05, 'epoch': 32.92}
{'eval_loss': 1.4043829441070557, 'eval_runtime': 530.1165, 'eval_samples_per_second': 75.368, 'eval_steps_per_second': 9.422, 'epoch': 32.92}
{'loss': 1.3621, 'learning_rate': 3.7788849347568214e-05, 'epoch': 33.01}
{'loss': 1.3488, 'learning_rate': 3.7591142744167655e-05, 'epoch': 33.1}
{'loss': 1.3512, 'learning_rate': 3.73934361407671e-05, 'epoch': 33.19}
{'loss': 1.3552, 'learning_rate': 3.7195729537366544e-05, 'epoch': 33.27}
{'loss': 1.3517, 'learning_rate': 3.6998022933966e-05, 'epoch': 33.36}
{'loss': 1.356, 'learning_rate': 3.680031633056544e-05, 'epoch': 33.45}
{'loss': 1.3497, 'learning_rate': 3.660260972716489e-05, 'epoch': 33.54}
{'loss': 1.348, 'learning_rate': 3.640490312376433e-05, 'epoch': 33.63}
{'loss': 1.3472, 'learning_rate': 3.6207196520363785e-05, 'epoch': 33.72}
{'loss': 1.346, 'learning_rate': 3.6009489916963226e-05, 'epoch': 33.81}
{'eval_loss': 1.3972926139831543, 'eval_runtime': 529.3232, 'eval_samples_per_second': 75.481, 'eval_steps_per_second': 9.437, 'epoch': 33.81}
{'loss': 1.3562, 'learning_rate': 3.5811783313562674e-05, 'epoch': 33.9}
{'loss': 1.3473, 'learning_rate': 3.561407671016212e-05, 'epoch': 33.99}
{'loss': 1.3477, 'learning_rate': 3.5416370106761564e-05, 'epoch': 34.07}
{'loss': 1.3461, 'learning_rate': 3.521866350336102e-05, 'epoch': 34.16}
{'loss': 1.3409, 'learning_rate': 3.502095689996046e-05, 'epoch': 34.25}
{'loss': 1.3418, 'learning_rate': 3.4823645709766704e-05, 'epoch': 34.34}
{'loss': 1.3437, 'learning_rate': 3.4626334519572955e-05, 'epoch': 34.43}
{'loss': 1.3438, 'learning_rate': 3.44286279161724e-05, 'epoch': 34.52}
{'loss': 1.35, 'learning_rate': 3.4230921312771844e-05, 'epoch': 34.61}
{'loss': 1.3433, 'learning_rate': 3.40332147093713e-05, 'epoch': 34.7}
{'eval_loss': 1.3983856439590454, 'eval_runtime': 529.3947, 'eval_samples_per_second': 75.471, 'eval_steps_per_second': 9.435, 'epoch': 34.7}
{'loss': 1.3413, 'learning_rate': 3.383550810597074e-05, 'epoch': 34.79}
{'loss': 1.3455, 'learning_rate': 3.363780150257019e-05, 'epoch': 34.88}
{'loss': 1.346, 'learning_rate': 3.344049031237643e-05, 'epoch': 34.96}
{'loss': 1.3402, 'learning_rate': 3.324278370897588e-05, 'epoch': 35.05}
{'loss': 1.3393, 'learning_rate': 3.304507710557533e-05, 'epoch': 35.14}
{'loss': 1.3356, 'learning_rate': 3.284737050217478e-05, 'epoch': 35.23}
{'loss': 1.3337, 'learning_rate': 3.264966389877422e-05, 'epoch': 35.32}
{'loss': 1.338, 'learning_rate': 3.2451957295373666e-05, 'epoch': 35.41}
{'loss': 1.3417, 'learning_rate': 3.2254250691973114e-05, 'epoch': 35.5}
{'loss': 1.3397, 'learning_rate': 3.205693950177936e-05, 'epoch': 35.59}
{'eval_loss': 1.3961730003356934, 'eval_runtime': 529.261, 'eval_samples_per_second': 75.49, 'eval_steps_per_second': 9.438, 'epoch': 35.59}
{'loss': 1.3384, 'learning_rate': 3.1859232898378806e-05, 'epoch': 35.68}
{'loss': 1.3346, 'learning_rate': 3.166192170818506e-05, 'epoch': 35.77}
{'loss': 1.3346, 'learning_rate': 3.14642151047845e-05, 'epoch': 35.85}
{'loss': 1.3357, 'learning_rate': 3.1266508501383946e-05, 'epoch': 35.94}
{'loss': 1.3317, 'learning_rate': 3.1068801897983394e-05, 'epoch': 36.03}
{'loss': 1.3254, 'learning_rate': 3.087109529458284e-05, 'epoch': 36.12}
{'loss': 1.3308, 'learning_rate': 3.0673388691182284e-05, 'epoch': 36.21}
{'loss': 1.3251, 'learning_rate': 3.0475682087781732e-05, 'epoch': 36.3}
{'loss': 1.3357, 'learning_rate': 3.0277975484381184e-05, 'epoch': 36.39}
{'loss': 1.3284, 'learning_rate': 3.0080268880980628e-05, 'epoch': 36.48}
{'eval_loss': 1.3869456052780151, 'eval_runtime': 529.5506, 'eval_samples_per_second': 75.449, 'eval_steps_per_second': 9.433, 'epoch': 36.48}
{'loss': 1.3274, 'learning_rate': 2.9882562277580073e-05, 'epoch': 36.57}
{'loss': 1.3299, 'learning_rate': 2.9684855674179518e-05, 'epoch': 36.65}
{'loss': 1.3305, 'learning_rate': 2.9487149070778962e-05, 'epoch': 36.74}
{'loss': 1.3324, 'learning_rate': 2.9289442467378414e-05, 'epoch': 36.83}
{'loss': 1.3335, 'learning_rate': 2.9092131277184658e-05, 'epoch': 36.92}
{'loss': 1.3285, 'learning_rate': 2.8894424673784103e-05, 'epoch': 37.01}
{'loss': 1.3246, 'learning_rate': 2.8697113483590353e-05, 'epoch': 37.1}
{'loss': 1.3178, 'learning_rate': 2.8499406880189798e-05, 'epoch': 37.19}
{'loss': 1.3173, 'learning_rate': 2.8301700276789246e-05, 'epoch': 37.28}
{'loss': 1.3218, 'learning_rate': 2.810399367338869e-05, 'epoch': 37.37}
{'eval_loss': 1.3863366842269897, 'eval_runtime': 529.4061, 'eval_samples_per_second': 75.469, 'eval_steps_per_second': 9.435, 'epoch': 37.37}
{'loss': 1.3274, 'learning_rate': 2.790668248319494e-05, 'epoch': 37.46}
{'loss': 1.3237, 'learning_rate': 2.7708975879794386e-05, 'epoch': 37.54}
{'loss': 1.3206, 'learning_rate': 2.751126927639383e-05, 'epoch': 37.63}
{'loss': 1.3251, 'learning_rate': 2.7313562672993282e-05, 'epoch': 37.72}
{'loss': 1.3224, 'learning_rate': 2.7115856069592727e-05, 'epoch': 37.81}
{'loss': 1.3217, 'learning_rate': 2.6918149466192172e-05, 'epoch': 37.9}
{'loss': 1.3229, 'learning_rate': 2.6720442862791617e-05, 'epoch': 37.99}
{'loss': 1.315, 'learning_rate': 2.652273625939106e-05, 'epoch': 38.08}
{'loss': 1.3151, 'learning_rate': 2.6325425069197312e-05, 'epoch': 38.17}
{'loss': 1.3081, 'learning_rate': 2.6127718465796757e-05, 'epoch': 38.26}
{'eval_loss': 1.3822143077850342, 'eval_runtime': 529.4357, 'eval_samples_per_second': 75.465, 'eval_steps_per_second': 9.435, 'epoch': 38.26}
{'loss': 1.3191, 'learning_rate': 2.59300118623962e-05, 'epoch': 38.35}
{'loss': 1.3147, 'learning_rate': 2.5732305258995653e-05, 'epoch': 38.43}
{'loss': 1.3167, 'learning_rate': 2.55349940688019e-05, 'epoch': 38.52}
{'loss': 1.3214, 'learning_rate': 2.5337287465401345e-05, 'epoch': 38.61}
{'loss': 1.3165, 'learning_rate': 2.5139580862000793e-05, 'epoch': 38.7}
{'loss': 1.3138, 'learning_rate': 2.494187425860024e-05, 'epoch': 38.79}
{'loss': 1.3187, 'learning_rate': 2.4744563068406488e-05, 'epoch': 38.88}
{'loss': 1.3195, 'learning_rate': 2.4546856465005933e-05, 'epoch': 38.97}
{'loss': 1.3146, 'learning_rate': 2.4349149861605378e-05, 'epoch': 39.06}
{'loss': 1.31, 'learning_rate': 2.4151443258204826e-05, 'epoch': 39.15}
{'eval_loss': 1.378448247909546, 'eval_runtime': 529.3466, 'eval_samples_per_second': 75.478, 'eval_steps_per_second': 9.436, 'epoch': 39.15}
{'loss': 1.3103, 'learning_rate': 2.395373665480427e-05, 'epoch': 39.23}
{'loss': 1.3064, 'learning_rate': 2.375603005140372e-05, 'epoch': 39.32}
{'loss': 1.3083, 'learning_rate': 2.3558323448003163e-05, 'epoch': 39.41}
{'loss': 1.3093, 'learning_rate': 2.336061684460261e-05, 'epoch': 39.5}
{'loss': 1.3064, 'learning_rate': 2.3162910241202056e-05, 'epoch': 39.59}
{'loss': 1.3102, 'learning_rate': 2.2965599051008303e-05, 'epoch': 39.68}
{'loss': 1.3082, 'learning_rate': 2.2767892447607748e-05, 'epoch': 39.77}
{'loss': 1.3076, 'learning_rate': 2.2570185844207196e-05, 'epoch': 39.86}
{'loss': 1.3112, 'learning_rate': 2.2372479240806644e-05, 'epoch': 39.95}
{'loss': 1.3068, 'learning_rate': 2.2174772637406093e-05, 'epoch': 40.04}
{'eval_loss': 1.374319314956665, 'eval_runtime': 529.6599, 'eval_samples_per_second': 75.433, 'eval_steps_per_second': 9.431, 'epoch': 40.04}
{'loss': 1.3074, 'learning_rate': 2.197746144721234e-05, 'epoch': 40.12}
{'loss': 1.3025, 'learning_rate': 2.1779754843811785e-05, 'epoch': 40.21}
{'loss': 1.3018, 'learning_rate': 2.1582048240411233e-05, 'epoch': 40.3}
{'loss': 1.2998, 'learning_rate': 2.1384341637010677e-05, 'epoch': 40.39}
{'loss': 1.305, 'learning_rate': 2.1186635033610126e-05, 'epoch': 40.48}
{'loss': 1.3001, 'learning_rate': 2.098892843020957e-05, 'epoch': 40.57}
{'loss': 1.2986, 'learning_rate': 2.0791221826809015e-05, 'epoch': 40.66}
{'loss': 1.3027, 'learning_rate': 2.0593515223408463e-05, 'epoch': 40.75}
{'loss': 1.2989, 'learning_rate': 2.039620403321471e-05, 'epoch': 40.84}
{'loss': 1.305, 'learning_rate': 2.0198497429814155e-05, 'epoch': 40.93}
{'eval_loss': 1.372159719467163, 'eval_runtime': 529.2373, 'eval_samples_per_second': 75.494, 'eval_steps_per_second': 9.438, 'epoch': 40.93}
{'loss': 1.3066, 'learning_rate': 2.0000790826413603e-05, 'epoch': 41.01}
{'loss': 1.2921, 'learning_rate': 1.9803084223013048e-05, 'epoch': 41.1}
{'loss': 1.2941, 'learning_rate': 1.9605773032819295e-05, 'epoch': 41.19}
{'loss': 1.2908, 'learning_rate': 1.9408066429418743e-05, 'epoch': 41.28}
{'loss': 1.2905, 'learning_rate': 1.9210755239224994e-05, 'epoch': 41.37}
{'loss': 1.2979, 'learning_rate': 1.901304863582444e-05, 'epoch': 41.46}
{'loss': 1.2952, 'learning_rate': 1.8815342032423883e-05, 'epoch': 41.55}
{'loss': 1.2947, 'learning_rate': 1.861763542902333e-05, 'epoch': 41.64}
{'loss': 1.3028, 'learning_rate': 1.8419928825622776e-05, 'epoch': 41.73}
{'loss': 1.3038, 'learning_rate': 1.8222222222222224e-05, 'epoch': 41.81}
{'eval_loss': 1.3708692789077759, 'eval_runtime': 529.5493, 'eval_samples_per_second': 75.449, 'eval_steps_per_second': 9.433, 'epoch': 41.81}
{'loss': 1.302, 'learning_rate': 1.802451561882167e-05, 'epoch': 41.9}
{'loss': 1.2917, 'learning_rate': 1.7826809015421117e-05, 'epoch': 41.99}
{'loss': 1.2877, 'learning_rate': 1.7629102412020562e-05, 'epoch': 42.08}
{'loss': 1.2878, 'learning_rate': 1.7431395808620007e-05, 'epoch': 42.17}
{'loss': 1.278, 'learning_rate': 1.7234084618426254e-05, 'epoch': 42.26}
{'loss': 1.2876, 'learning_rate': 1.7036378015025702e-05, 'epoch': 42.35}
{'loss': 1.2957, 'learning_rate': 1.6838671411625147e-05, 'epoch': 42.44}
{'loss': 1.2947, 'learning_rate': 1.6641755634638196e-05, 'epoch': 42.53}
{'loss': 1.2969, 'learning_rate': 1.6444049031237645e-05, 'epoch': 42.62}
{'loss': 1.2902, 'learning_rate': 1.6246342427837093e-05, 'epoch': 42.7}
{'eval_loss': 1.364696741104126, 'eval_runtime': 529.511, 'eval_samples_per_second': 75.455, 'eval_steps_per_second': 9.433, 'epoch': 42.7}
{'loss': 1.2863, 'learning_rate': 1.6048635824436537e-05, 'epoch': 42.79}
{'loss': 1.292, 'learning_rate': 1.5850929221035986e-05, 'epoch': 42.88}
{'loss': 1.2881, 'learning_rate': 1.565322261763543e-05, 'epoch': 42.97}
{'loss': 1.2855, 'learning_rate': 1.5455516014234875e-05, 'epoch': 43.06}
{'loss': 1.2868, 'learning_rate': 1.5257809410834323e-05, 'epoch': 43.15}
{'loss': 1.28, 'learning_rate': 1.506049822064057e-05, 'epoch': 43.24}
{'loss': 1.2866, 'learning_rate': 1.4862791617240015e-05, 'epoch': 43.33}
{'loss': 1.2859, 'learning_rate': 1.4665480427046264e-05, 'epoch': 43.42}
{'loss': 1.2816, 'learning_rate': 1.446777382364571e-05, 'epoch': 43.51}
{'loss': 1.2847, 'learning_rate': 1.4270067220245157e-05, 'epoch': 43.59}
{'eval_loss': 1.3623437881469727, 'eval_runtime': 527.9386, 'eval_samples_per_second': 75.679, 'eval_steps_per_second': 9.461, 'epoch': 43.59}
{'loss': 1.2806, 'learning_rate': 1.4072360616844605e-05, 'epoch': 43.68}
{'loss': 1.2792, 'learning_rate': 1.387465401344405e-05, 'epoch': 43.77}
{'loss': 1.2789, 'learning_rate': 1.3676947410043498e-05, 'epoch': 43.86}
{'loss': 1.287, 'learning_rate': 1.3479240806642943e-05, 'epoch': 43.95}
{'loss': 1.2833, 'learning_rate': 1.3281534203242387e-05, 'epoch': 44.04}
{'loss': 1.2816, 'learning_rate': 1.3083827599841835e-05, 'epoch': 44.13}
{'loss': 1.2735, 'learning_rate': 1.2886120996441282e-05, 'epoch': 44.22}
{'loss': 1.2831, 'learning_rate': 1.2688414393040728e-05, 'epoch': 44.31}
{'loss': 1.2821, 'learning_rate': 1.2490707789640175e-05, 'epoch': 44.39}
{'loss': 1.2829, 'learning_rate': 1.2293396599446422e-05, 'epoch': 44.48}
{'eval_loss': 1.3575993776321411, 'eval_runtime': 527.1751, 'eval_samples_per_second': 75.789, 'eval_steps_per_second': 9.475, 'epoch': 44.48}
{'loss': 1.2741, 'learning_rate': 1.2095689996045868e-05, 'epoch': 44.57}
{'loss': 1.2763, 'learning_rate': 1.1898774219058916e-05, 'epoch': 44.66}
{'loss': 1.2787, 'learning_rate': 1.1701067615658363e-05, 'epoch': 44.75}
{'loss': 1.2788, 'learning_rate': 1.1503361012257811e-05, 'epoch': 44.84}
{'loss': 1.269, 'learning_rate': 1.1305654408857257e-05, 'epoch': 44.93}
{'loss': 1.2824, 'learning_rate': 1.1107947805456704e-05, 'epoch': 45.02}
{'loss': 1.2779, 'learning_rate': 1.091024120205615e-05, 'epoch': 45.11}
{'loss': 1.2747, 'learning_rate': 1.0712534598655595e-05, 'epoch': 45.2}
{'loss': 1.2711, 'learning_rate': 1.0514827995255041e-05, 'epoch': 45.28}
{'loss': 1.2759, 'learning_rate': 1.0317121391854488e-05, 'epoch': 45.37}
{'eval_loss': 1.3544840812683105, 'eval_runtime': 528.1941, 'eval_samples_per_second': 75.643, 'eval_steps_per_second': 9.457, 'epoch': 45.37}
{'loss': 1.2696, 'learning_rate': 1.0119414788453934e-05, 'epoch': 45.46}
{'loss': 1.28, 'learning_rate': 9.92170818505338e-06, 'epoch': 45.55}
{'loss': 1.278, 'learning_rate': 9.724001581652829e-06, 'epoch': 45.64}
{'loss': 1.271, 'learning_rate': 9.526690391459076e-06, 'epoch': 45.73}
{'loss': 1.2703, 'learning_rate': 9.328983788058522e-06, 'epoch': 45.82}
{'loss': 1.272, 'learning_rate': 9.13167259786477e-06, 'epoch': 45.91}
{'loss': 1.2702, 'learning_rate': 8.933965994464216e-06, 'epoch': 46.0}
{'loss': 1.2679, 'learning_rate': 8.73625939106366e-06, 'epoch': 46.09}
{'loss': 1.2652, 'learning_rate': 8.538552787663107e-06, 'epoch': 46.17}
{'loss': 1.2698, 'learning_rate': 8.340846184262555e-06, 'epoch': 46.26}
{'eval_loss': 1.3537747859954834, 'eval_runtime': 526.4833, 'eval_samples_per_second': 75.888, 'eval_steps_per_second': 9.487, 'epoch': 46.26}
{'loss': 1.2594, 'learning_rate': 8.143139580862002e-06, 'epoch': 46.35}
{'loss': 1.2642, 'learning_rate': 7.945432977461448e-06, 'epoch': 46.44}
{'loss': 1.2712, 'learning_rate': 7.747726374060895e-06, 'epoch': 46.53}
{'loss': 1.2742, 'learning_rate': 7.550019770660341e-06, 'epoch': 46.62}
{'loss': 1.2683, 'learning_rate': 7.352708580466588e-06, 'epoch': 46.71}
{'loss': 1.2654, 'learning_rate': 7.155001977066034e-06, 'epoch': 46.8}
{'loss': 1.2713, 'learning_rate': 6.95729537366548e-06, 'epoch': 46.89}
{'loss': 1.2668, 'learning_rate': 6.759588770264927e-06, 'epoch': 46.98}
{'loss': 1.2657, 'learning_rate': 6.562277580071175e-06, 'epoch': 47.06}
{'loss': 1.2619, 'learning_rate': 6.364966389877422e-06, 'epoch': 47.15}
{'eval_loss': 1.3511484861373901, 'eval_runtime': 526.7328, 'eval_samples_per_second': 75.853, 'eval_steps_per_second': 9.483, 'epoch': 47.15}
{'loss': 1.2623, 'learning_rate': 6.167259786476868e-06, 'epoch': 47.24}
{'loss': 1.2613, 'learning_rate': 5.969553183076315e-06, 'epoch': 47.33}
{'loss': 1.2702, 'learning_rate': 5.771846579675762e-06, 'epoch': 47.42}
{'loss': 1.266, 'learning_rate': 5.574139976275208e-06, 'epoch': 47.51}
