Fri Aug 20 13:25:14 2021       
+-----------------------------------------------------------------------------+
| NVIDIA-SMI 460.80       Driver Version: 460.80       CUDA Version: 11.2     |
|-------------------------------+----------------------+----------------------+
| GPU  Name        Persistence-M| Bus-Id        Disp.A | Volatile Uncorr. ECC |
| Fan  Temp  Perf  Pwr:Usage/Cap|         Memory-Usage | GPU-Util  Compute M. |
|                               |                      |               MIG M. |
|===============================+======================+======================|
|   0  GeForce RTX 3090    Off  | 00000000:46:00.0 Off |                  N/A |
| 42%   30C    P0    53W / 350W |      0MiB / 24268MiB |      0%      Default |
|                               |                      |                  N/A |
+-------------------------------+----------------------+----------------------+
                                                                               
+-----------------------------------------------------------------------------+
| Processes:                                                                  |
|  GPU   GI   CI        PID   Type   Process name                  GPU Memory |
|        ID   ID                                                   Usage      |
|=============================================================================|
|  No running processes found                                                 |
+-----------------------------------------------------------------------------+
nvcc: NVIDIA (R) Cuda compiler driver
Copyright (c) 2005-2020 NVIDIA Corporation
Built on Mon_Oct_12_20:09:46_PDT_2020
Cuda compilation tools, release 11.1, V11.1.105
Build cuda_11.1.TC455_06.29190527_0
START
----------------------------------------
2021-08-20 13:25:39.330227
{'accumulation_steps': 1,
 'batch_size': 4,
 'doc_stride': 128,
 'dropout': True,
 'epochs': 1,
 'eval_steps': 100,
 'experiment_name': 'xrobl-ep3-bs4-lr2.71e-6-adamw-wd1e-2-cosann-wu5e-2-stage2-ep1-lr1e-6',
 'lr': 1e-06,
 'max_length': 512,
 'model_checkpoint': '../../input/deepset-xlm-roberta-large-squad2',
 'optimizer': 'adamw',
 'scheduler': 'cosann',
 'stage1_checkpoint': '../model/xrobl-ep3-bs4-lr2.71e-6-adamw-wd1e-2-cosann-wu5e-2',
 'train_path': '../../input/chaii-hindi-and-tamil-question-answering/chaii-mlqa-xquad-5folds-count_leq15.csv',
 'warmup_ratio': 0.05,
 'weight_decay': 0.01}
----------------------------------------
fold 0
fold0 t/v: 845/212
initial score 0.6721099131476489
batch 25, tloss 0.13631971836090087, vscore 0.6721099131476489, best score 0.6721099131476489
batch 50, tloss 0.19051136553287507, vscore 0.6736822401916741, best score 0.6736822401916741
batch 75, tloss 0.0692703515291214, vscore 0.6665393830488169, best score 0.6736822401916741
batch 100, tloss 0.07815550327301025, vscore 0.6692348008385745, best score 0.6736822401916741
batch 125, tloss 0.1177013224363327, vscore 0.6633947289607668, best score 0.6736822401916741
batch 150, tloss 0.13617175042629243, vscore 0.6680555555555556, best score 0.6736822401916741
batch 175, tloss 0.21239507496356963, vscore 0.6574985025456724, best score 0.6736822401916741
batch 200, tloss 0.15685993671417237, vscore 0.6622154836777479, best score 0.6736822401916741
batch 225, tloss 0.07270027339458465, vscore 0.6586215932914047, best score 0.6736822401916741
batch 250, tloss 0.14590421199798584, vscore 0.6633385744234802, best score 0.6736822401916741
batch 275, tloss 0.15690978169441222, vscore 0.6614293201557352, best score 0.6736822401916741
batch 300, tloss 0.16365091145038604, vscore 0.6567123390236598, best score 0.6736822401916741
batch 325, tloss 0.09754656374454498, vscore 0.6630016471997604, best score 0.6736822401916741
batch 350, tloss 0.2029068273305893, vscore 0.654353848457622, best score 0.6736822401916741
batch 375, tloss 0.05920619070529938, vscore 0.6519953578915842, best score 0.6736822401916741
batch 400, tloss 0.17784028768539428, vscore 0.6567123390236598, best score 0.6736822401916741
batch 425, tloss 0.11065820574760438, vscore 0.6719863731656185, best score 0.6736822401916741
batch 450, tloss 0.12462910115718842, vscore 0.6767033542976939, best score 0.6767033542976939
batch 475, tloss 0.066285959482193, vscore 0.6740079365079364, best score 0.6767033542976939
batch 500, tloss 0.20846223711967468, vscore 0.6669324648098234, best score 0.6767033542976939
batch 525, tloss 0.03807798624038696, vscore 0.6645739742437856, best score 0.6767033542976939
batch 550, tloss 0.29259600639343264, vscore 0.6609052111410603, best score 0.6767033542976939
batch 575, tloss 0.09664256691932678, vscore 0.6640498652291106, best score 0.6767033542976939
batch 600, tloss 0.2795344054698944, vscore 0.6628706199460916, best score 0.6767033542976939
batch 625, tloss 0.10934223353862763, vscore 0.6589398023360288, best score 0.6767033542976939
batch 650, tloss 0.0706020575761795, vscore 0.6652291105121293, best score 0.6767033542976939
batch 675, tloss 0.1392883062362671, vscore 0.6554020664869722, best score 0.6767033542976939
batch 700, tloss 0.22077515482902527, vscore 0.6561882300089849, best score 0.6767033542976939
batch 725, tloss 0.12253150939941407, vscore 0.6585467205750224, best score 0.6767033542976939
batch 750, tloss 0.14197660744190216, vscore 0.6585467205750224, best score 0.6767033542976939
batch 775, tloss 0.13133508145809172, vscore 0.663263701707098, best score 0.6767033542976939
batch 800, tloss 0.09541848361492157, vscore 0.6624775381850854, best score 0.6767033542976939
batch 825, tloss 0.23856527745723724, vscore 0.6546159029649595, best score 0.6767033542976939
batch 850, tloss 0.060687713623046875, vscore 0.6671945193171608, best score 0.6767033542976939
batch 875, tloss 0.1325066864490509, vscore 0.6636567834681042, best score 0.6767033542976939
batch 900, tloss 0.38761562049388887, vscore 0.6627583108715185, best score 0.6767033542976939
batch 925, tloss 0.08681439757347106, vscore 0.6612982929020665, best score 0.6767033542976939
batch 950, tloss 0.11772328615188599, vscore 0.6577605570530098, best score 0.6767033542976939
batch 975, tloss 0.14449021577835083, vscore 0.6624775381850854, best score 0.6767033542976939
batch 1000, tloss 0.06566293478012085, vscore 0.663263701707098, best score 0.6767033542976939
batch 1025, tloss 0.3191849112510681, vscore 0.6616913746630728, best score 0.6767033542976939
batch 1050, tloss 0.11244501650333405, vscore 0.6648360287511231, best score 0.6767033542976939
batch 1075, tloss 0.201187362074852, vscore 0.666015274034142, best score 0.6767033542976939
batch 1100, tloss 0.04437672197818756, vscore 0.6730907457322551, best score 0.6767033542976939
batch 1125, tloss 0.06089418351650238, vscore 0.6730907457322551, best score 0.6767033542976939
batch 1150, tloss 0.09750989556312561, vscore 0.666015274034142, best score 0.6767033542976939
batch 1175, tloss 0.17563474118709566, vscore 0.6636567834681042, best score 0.6767033542976939
batch 1200, tloss 0.05216682434082031, vscore 0.6636567834681042, best score 0.6767033542976939
batch 1225, tloss 0.13599128663539886, vscore 0.6624775381850854, best score 0.6767033542976939
batch 1250, tloss 0.08148715317249298, vscore 0.6699460916442049, best score 0.6767033542976939
batch 1275, tloss 0.07623895347118377, vscore 0.6746630727762803, best score 0.6767033542976939
batch 1300, tloss 0.1851143503189087, vscore 0.6715184186882301, best score 0.6767033542976939
batch 1325, tloss 0.12816203355789185, vscore 0.6699460916442049, best score 0.6767033542976939
batch 1350, tloss 0.2795517522096634, vscore 0.6668014375561546, best score 0.6767033542976939
batch 1375, tloss 0.18955506443977355, vscore 0.6746630727762803, best score 0.6767033542976939
batch 1400, tloss 0.16424574017524718, vscore 0.6746630727762803, best score 0.6767033542976939
batch 1425, tloss 0.09711947500705718, vscore 0.6746630727762803, best score 0.6767033542976939
batch 1450, tloss 0.14907533764839173, vscore 0.6746630727762803, best score 0.6767033542976939
batch 1475, tloss 0.1184778892993927, vscore 0.6746630727762803, best score 0.6767033542976939
batch 1500, tloss 0.17905131101608276, vscore 0.6746630727762803, best score 0.6767033542976939
batch 1525, tloss 0.1576090121269226, vscore 0.6746630727762803, best score 0.6767033542976939
batch 1550, tloss 0.18908463418483734, vscore 0.6746630727762803, best score 0.6767033542976939
batch 1575, tloss 0.10398216843605042, vscore 0.6746630727762803, best score 0.6767033542976939
batch 1600, tloss 0.11731723427772522, vscore 0.6746630727762803, best score 0.6767033542976939
batch 1625, tloss 0.09310015201568604, vscore 0.6746630727762803, best score 0.6767033542976939
batch 1650, tloss 0.09613538265228272, vscore 0.6746630727762803, best score 0.6767033542976939
batch 1675, tloss 0.0858456140756607, vscore 0.6746630727762803, best score 0.6767033542976939
batch 1700, tloss 0.1888952946662903, vscore 0.6746630727762803, best score 0.6767033542976939
batch 1725, tloss 0.17980986177921296, vscore 0.6723045822102426, best score 0.6767033542976939
batch 1750, tloss 0.12707484841346742, vscore 0.6746630727762803, best score 0.6767033542976939
batch 1775, tloss 0.243781356215477, vscore 0.6723045822102426, best score 0.6767033542976939
batch 1800, tloss 0.08139019429683686, vscore 0.6723045822102426, best score 0.6767033542976939
batch 1825, tloss 0.05785785317420959, vscore 0.6723045822102426, best score 0.6767033542976939
fold 0 best score 0.6767033542976939
fold 1
fold1 t/v: 845/212
initial score 0.6788513373419034
batch 25, tloss 0.28883635997772217, vscore 0.6788513373419034, best score 0.6788513373419034
batch 50, tloss 0.1719187706708908, vscore 0.6741343562098279, best score 0.6788513373419034
batch 75, tloss 0.09467722833156586, vscore 0.6804236643859285, best score 0.6804236643859285
batch 100, tloss 0.10033590257167817, vscore 0.6801091989771235, best score 0.6804236643859285
batch 125, tloss 0.14911617815494538, vscore 0.6741343562098279, best score 0.6804236643859285
batch 150, tloss 0.21592296421527862, vscore 0.671214320270924, best score 0.6804236643859285
batch 175, tloss 0.21335410177707673, vscore 0.6664973391388486, best score 0.6804236643859285
batch 200, tloss 0.17651509046554564, vscore 0.6704281567489114, best score 0.6804236643859285
batch 225, tloss 0.2135913246870041, vscore 0.6690804478540326, best score 0.6804236643859285
batch 250, tloss 0.13233161568641663, vscore 0.6711768839127329, best score 0.6804236643859285
batch 275, tloss 0.15384840667247773, vscore 0.6711768839127329, best score 0.6804236643859285
batch 300, tloss 0.09375869393348694, vscore 0.6819585550717625, best score 0.6819585550717625
batch 325, tloss 0.18605408012866975, vscore 0.6819585550717625, best score 0.6819585550717625
batch 350, tloss 0.07406861543655395, vscore 0.66993025318497, best score 0.6819585550717625
batch 375, tloss 0.05619620621204376, vscore 0.6738086598935655, best score 0.6819585550717625
batch 400, tloss 0.30479608833789823, vscore 0.6730749072730204, best score 0.6819585550717625
batch 425, tloss 0.13762518644332886, vscore 0.6813296242541526, best score 0.6819585550717625
batch 450, tloss 0.3834268009662628, vscore 0.6799931462667311, best score 0.6819585550717625
batch 475, tloss 0.23662584483623506, vscore 0.6786828737300434, best score 0.6819585550717625
batch 500, tloss 0.08788814187049866, vscore 0.6661791300942244, best score 0.6819585550717625
batch 525, tloss 0.11506794273853302, vscore 0.6677514571382496, best score 0.6819585550717625
batch 550, tloss 0.21597358226776123, vscore 0.673844224433847, best score 0.6819585550717625
batch 575, tloss 0.1480976015329361, vscore 0.6801335326099477, best score 0.6819585550717625
batch 600, tloss 0.16954697787761688, vscore 0.6797966053862281, best score 0.6819585550717625
batch 625, tloss 0.202129048705101, vscore 0.6737319153592738, best score 0.6819585550717625
batch 650, tloss 0.24808214724063873, vscore 0.6855243681894625, best score 0.6855243681894625
batch 675, tloss 0.2903595167398453, vscore 0.6822224813970097, best score 0.6855243681894625
batch 700, tloss 0.21662009716033936, vscore 0.6806501543529845, best score 0.6855243681894625
batch 725, tloss 0.10857322514057159, vscore 0.6824470995461562, best score 0.6855243681894625
batch 750, tloss 0.09334060609340668, vscore 0.6800043771741885, best score 0.6855243681894625
batch 775, tloss 0.03578104436397553, vscore 0.6800043771741885, best score 0.6855243681894625
batch 800, tloss 0.10994493067264557, vscore 0.6776458866081507, best score 0.6855243681894625
batch 825, tloss 0.1864740937948227, vscore 0.6886521759163269, best score 0.6886521759163269
batch 850, tloss 0.24710192620754243, vscore 0.6851144400672703, best score 0.6886521759163269
batch 875, tloss 0.14904159665107727, vscore 0.6851144400672703, best score 0.6886521759163269
batch 900, tloss 0.08761189937591553, vscore 0.6756804778031194, best score 0.6886521759163269
batch 925, tloss 0.13770484507083894, vscore 0.6662465155389684, best score 0.6886521759163269
batch 950, tloss 0.13963963866233825, vscore 0.6756804778031194, best score 0.6886521759163269
batch 975, tloss 0.23676910281181335, vscore 0.679049750040316, best score 0.6886521759163269
batch 1000, tloss 0.17089645624160765, vscore 0.6648988066440895, best score 0.6886521759163269
batch 1025, tloss 0.1768996983766556, vscore 0.6731535236252216, best score 0.6886521759163269
batch 1050, tloss 0.1725407600402832, vscore 0.669615787776165, best score 0.6886521759163269
batch 1075, tloss 0.11476193428039551, vscore 0.669615787776165, best score 0.6886521759163269
batch 1100, tloss 0.22579356133937836, vscore 0.669615787776165, best score 0.6886521759163269
batch 1125, tloss 0.1094125372171402, vscore 0.6648988066440895, best score 0.6886521759163269
batch 1150, tloss 0.15047985851764678, vscore 0.6709634966710438, best score 0.6886521759163269
batch 1175, tloss 0.14014671325683595, vscore 0.6709634966710438, best score 0.6886521759163269
batch 1200, tloss 0.1478918355703354, vscore 0.6709634966710438, best score 0.6886521759163269
batch 1225, tloss 0.1316130602359772, vscore 0.6709634966710438, best score 0.6886521759163269
batch 1250, tloss 0.05677643418312073, vscore 0.6709634966710438, best score 0.6886521759163269
batch 1275, tloss 0.17396620213985442, vscore 0.6709634966710438, best score 0.6886521759163269
batch 1300, tloss 0.08215903222560883, vscore 0.6709634966710438, best score 0.6886521759163269
batch 1325, tloss 0.10416500687599183, vscore 0.6709634966710438, best score 0.6886521759163269
batch 1350, tloss 0.2076848828792572, vscore 0.6709634966710438, best score 0.6886521759163269
batch 1375, tloss 0.15666344463825227, vscore 0.6709634966710438, best score 0.6886521759163269
batch 1400, tloss 0.1267697924375534, vscore 0.6709634966710438, best score 0.6886521759163269
batch 1425, tloss 0.1776762670278549, vscore 0.6709634966710438, best score 0.6886521759163269
batch 1450, tloss 0.0890353673696518, vscore 0.6709634966710438, best score 0.6886521759163269
batch 1475, tloss 0.12112270653247834, vscore 0.6709634966710438, best score 0.6886521759163269
batch 1500, tloss 0.12373025000095367, vscore 0.6709634966710438, best score 0.6886521759163269
batch 1525, tloss 0.09512598276138305, vscore 0.6745012325201004, best score 0.6886521759163269
batch 1550, tloss 0.12571518898010253, vscore 0.6745012325201004, best score 0.6886521759163269
batch 1575, tloss 0.1851933169364929, vscore 0.6745012325201004, best score 0.6886521759163269
batch 1600, tloss 0.1892964094877243, vscore 0.6745012325201004, best score 0.6886521759163269
batch 1625, tloss 0.061076635122299196, vscore 0.6745012325201004, best score 0.6886521759163269
batch 1650, tloss 0.1434053122997284, vscore 0.6745012325201004, best score 0.6886521759163269
batch 1675, tloss 0.10252422273159027, vscore 0.6745012325201004, best score 0.6886521759163269
batch 1700, tloss 0.08330249845981598, vscore 0.6745012325201004, best score 0.6886521759163269
batch 1725, tloss 0.08710223436355591, vscore 0.6745012325201004, best score 0.6886521759163269
batch 1750, tloss 0.13718294799327851, vscore 0.6745012325201004, best score 0.6886521759163269
batch 1775, tloss 0.1304945296049118, vscore 0.6745012325201004, best score 0.6886521759163269
fold 1 best score 0.6886521759163269
fold 2
fold2 t/v: 846/211
initial score 0.695651846836681
batch 25, tloss 0.06733166575431823, vscore 0.686173173850899, best score 0.695651846836681
batch 50, tloss 0.10081806838512421, vscore 0.681433837358008, best score 0.695651846836681
batch 75, tloss 0.16369367957115175, vscore 0.6850673286692244, best score 0.695651846836681
batch 100, tloss 0.2175478196144104, vscore 0.6882268863311518, best score 0.695651846836681
batch 125, tloss 0.1781817376613617, vscore 0.6792221469946589, best score 0.695651846836681
batch 150, tloss 0.10576329112052918, vscore 0.6743248326186715, best score 0.695651846836681
batch 175, tloss 0.08928487002849579, vscore 0.6743248326186715, best score 0.695651846836681
batch 200, tloss 0.09774267256259918, vscore 0.6902016098698563, best score 0.695651846836681
batch 225, tloss 0.14150645971298217, vscore 0.6740088768524787, best score 0.695651846836681
batch 250, tloss 0.24672991275787354, vscore 0.6767734898066652, best score 0.695651846836681
batch 275, tloss 0.20862235248088837, vscore 0.6866471075001881, best score 0.695651846836681
batch 300, tloss 0.16189058780670165, vscore 0.6951045663130971, best score 0.695651846836681
batch 325, tloss 0.2251061886548996, vscore 0.6978635372000301, best score 0.6978635372000301
batch 350, tloss 0.07658702433109284, vscore 0.7041826525238847, best score 0.7041826525238847
batch 375, tloss 0.10293350994586944, vscore 0.7010230948619575, best score 0.7041826525238847
batch 400, tloss 0.11188982903957367, vscore 0.7013390506281502, best score 0.7041826525238847
batch 425, tloss 0.06731212079524994, vscore 0.6928477394117205, best score 0.7041826525238847
batch 450, tloss 0.2549991488456726, vscore 0.6918603776423683, best score 0.7041826525238847
batch 475, tloss 0.1509965652227402, vscore 0.6942300458888138, best score 0.7041826525238847
batch 500, tloss 0.06315781712532044, vscore 0.6930452117655911, best score 0.7041826525238847
batch 525, tloss 0.08003631114959717, vscore 0.6887008199804409, best score 0.7041826525238847
batch 550, tloss 0.10107807636260986, vscore 0.6844015647333184, best score 0.7041826525238847
batch 575, tloss 0.2740733861923218, vscore 0.6867712329797638, best score 0.7041826525238847
batch 600, tloss 0.2793924683332443, vscore 0.69351914541488, best score 0.7041826525238847
batch 625, tloss 0.19183277249336242, vscore 0.6879899195065072, best score 0.7041826525238847
batch 650, tloss 0.15282646119594573, vscore 0.6777664936432708, best score 0.7041826525238847
batch 675, tloss 0.2040993720293045, vscore 0.6768186263446927, best score 0.7041826525238847
batch 700, tloss 0.20243347883224488, vscore 0.6856202512600617, best score 0.7041826525238847
batch 725, tloss 0.1457894438505173, vscore 0.6906755435191454, best score 0.7041826525238847
batch 750, tloss 0.1449202138185501, vscore 0.6966787030768073, best score 0.7041826525238847
batch 775, tloss 0.23612139582633973, vscore 0.6938351011810727, best score 0.7041826525238847
batch 800, tloss 0.1022611391544342, vscore 0.6926502670578499, best score 0.7041826525238847
batch 825, tloss 0.3146898257732391, vscore 0.6864101406755435, best score 0.7041826525238847
batch 850, tloss 0.05708335757255554, vscore 0.6946249905965546, best score 0.7041826525238847
batch 875, tloss 0.09444689750671387, vscore 0.7011020838035056, best score 0.7041826525238847
batch 900, tloss 0.23755983650684356, vscore 0.6963627473106145, best score 0.7041826525238847
batch 925, tloss 0.19651192247867585, vscore 0.6916234108177237, best score 0.7041826525238847
batch 950, tloss 0.139451824426651, vscore 0.6932031896486872, best score 0.7041826525238847
batch 975, tloss 0.0984873229265213, vscore 0.6932031896486872, best score 0.7041826525238847
batch 1000, tloss 0.04807398974895477, vscore 0.6946249905965546, best score 0.7041826525238847
batch 1025, tloss 0.06692476630210877, vscore 0.6946249905965546, best score 0.7041826525238847
batch 1050, tloss 0.2541996800899506, vscore 0.6930452117655911, best score 0.7041826525238847
batch 1075, tloss 0.21369268655776977, vscore 0.6950199353042956, best score 0.7041826525238847
batch 1100, tloss 0.1636849182844162, vscore 0.6967971864891297, best score 0.7041826525238847
batch 1125, tloss 0.1546715408563614, vscore 0.6958098247197774, best score 0.7041826525238847
batch 1150, tloss 0.21924349844455718, vscore 0.6958098247197774, best score 0.7041826525238847
batch 1175, tloss 0.14444375693798064, vscore 0.6910704882268863, best score 0.7041826525238847
batch 1200, tloss 0.3211670619249344, vscore 0.685738734672384, best score 0.7041826525238847
batch 1225, tloss 0.16189325153827666, vscore 0.690478071165275, best score 0.7041826525238847
batch 1250, tloss 0.14869686245918273, vscore 0.6873185135033476, best score 0.7041826525238847
batch 1275, tloss 0.13633839190006256, vscore 0.6873185135033476, best score 0.7041826525238847
batch 1300, tloss 0.09550306022167206, vscore 0.6873185135033476, best score 0.7041826525238847
batch 1325, tloss 0.24414091885089875, vscore 0.6920578499962385, best score 0.7041826525238847
batch 1350, tloss 0.048989906907081604, vscore 0.6920578499962385, best score 0.7041826525238847
batch 1375, tloss 0.114164297580719, vscore 0.6888982923343113, best score 0.7041826525238847
batch 1400, tloss 0.27014702320098877, vscore 0.6841589558414203, best score 0.7041826525238847
batch 1425, tloss 0.0956562215089798, vscore 0.6841589558414203, best score 0.7041826525238847
batch 1450, tloss 0.11167331576347352, vscore 0.6841589558414203, best score 0.7041826525238847
batch 1475, tloss 0.13592811286449433, vscore 0.6841589558414203, best score 0.7041826525238847
batch 1500, tloss 0.15819684863090516, vscore 0.6888982923343113, best score 0.7041826525238847
batch 1525, tloss 0.15753986716270446, vscore 0.6888982923343113, best score 0.7041826525238847
batch 1550, tloss 0.22585446298122405, vscore 0.6888982923343113, best score 0.7041826525238847
batch 1575, tloss 0.12364753425121307, vscore 0.6888982923343113, best score 0.7041826525238847
batch 1600, tloss 0.16024985074996947, vscore 0.6888982923343113, best score 0.7041826525238847
batch 1625, tloss 0.1227584308385849, vscore 0.6888982923343113, best score 0.7041826525238847
batch 1650, tloss 0.1816523402929306, vscore 0.6888982923343113, best score 0.7041826525238847
batch 1675, tloss 0.07807441532611847, vscore 0.6888982923343113, best score 0.7041826525238847
batch 1700, tloss 0.10719233214855194, vscore 0.6888982923343113, best score 0.7041826525238847
batch 1725, tloss 0.184746356010437, vscore 0.6888982923343113, best score 0.7041826525238847
batch 1750, tloss 0.24221584022045137, vscore 0.6888982923343113, best score 0.7041826525238847
fold 2 best score 0.7041826525238847
fold 3
fold3 t/v: 846/211
initial score 0.7258698187015722
batch 25, tloss 0.1373988890647888, vscore 0.7258698187015722, best score 0.7258698187015722
batch 50, tloss 0.10284997761249542, vscore 0.7211304822086813, best score 0.7258698187015722
batch 75, tloss 0.08837358355522155, vscore 0.7191557586699767, best score 0.7258698187015722
batch 100, tloss 0.09092728734016418, vscore 0.7223153163319039, best score 0.7258698187015722
batch 125, tloss 0.14881475567817687, vscore 0.7207355375009403, best score 0.7258698187015722
batch 150, tloss 0.21027742385864256, vscore 0.7207355375009403, best score 0.7258698187015722
batch 175, tloss 0.17403533816337585, vscore 0.726659708117054, best score 0.726659708117054
batch 200, tloss 0.1320462441444397, vscore 0.726659708117054, best score 0.726659708117054
batch 225, tloss 0.2257816630601883, vscore 0.7215254269164222, best score 0.726659708117054
batch 250, tloss 0.12960769414901732, vscore 0.7136265327616039, best score 0.726659708117054
batch 275, tloss 0.08871659278869629, vscore 0.7199456480854585, best score 0.726659708117054
batch 300, tloss 0.25243220627307894, vscore 0.7167860904235313, best score 0.726659708117054
batch 325, tloss 0.07977333545684814, vscore 0.7112568645151585, best score 0.726659708117054
batch 350, tloss 0.2748995226621628, vscore 0.7009883021138945, best score 0.726659708117054
batch 375, tloss 0.25575376152992246, vscore 0.7116518092228993, best score 0.726659708117054
batch 400, tloss 0.07747154116630554, vscore 0.7148113668848265, best score 0.726659708117054
batch 425, tloss 0.213885737657547, vscore 0.7156012563003085, best score 0.726659708117054
batch 450, tloss 0.08597087860107422, vscore 0.7143302524226695, best score 0.726659708117054
batch 475, tloss 0.17333737134933472, vscore 0.7156012563003085, best score 0.726659708117054
batch 500, tloss 0.22894391059875488, vscore 0.7203405927931994, best score 0.726659708117054
batch 525, tloss 0.13586142182350158, vscore 0.7195507033777175, best score 0.726659708117054
batch 550, tloss 0.10926789999008178, vscore 0.7131751673813286, best score 0.726659708117054
batch 575, tloss 0.20586655378341676, vscore 0.7163911457157902, best score 0.726659708117054
batch 600, tloss 0.18340109765529633, vscore 0.7187608139622358, best score 0.726659708117054
batch 625, tloss 0.14857430756092072, vscore 0.7171810351312721, best score 0.726659708117054
batch 650, tloss 0.14918541848659517, vscore 0.7195507033777175, best score 0.726659708117054
batch 675, tloss 0.16036743462085723, vscore 0.7207355375009403, best score 0.726659708117054
batch 700, tloss 0.15150340616703034, vscore 0.7159100312536332, best score 0.726659708117054
batch 725, tloss 0.28169386386871337, vscore 0.7151201418381512, best score 0.726659708117054
batch 750, tloss 0.20953812181949616, vscore 0.7116518092228993, best score 0.726659708117054
batch 775, tloss 0.1852922582626343, vscore 0.713231588053863, best score 0.726659708117054
batch 800, tloss 0.18559495747089386, vscore 0.713231588053863, best score 0.726659708117054
batch 825, tloss 0.0571459287405014, vscore 0.713231588053863, best score 0.726659708117054
batch 850, tloss 0.18918171048164367, vscore 0.7076161923910739, best score 0.726659708117054
batch 875, tloss 0.11895957887172699, vscore 0.7076161923910739, best score 0.726659708117054
batch 900, tloss 0.24998500764369966, vscore 0.7111706947607421, best score 0.726659708117054
batch 925, tloss 0.1438351911306381, vscore 0.7115656394684832, best score 0.726659708117054
batch 950, tloss 0.04184966564178467, vscore 0.7159100312536332, best score 0.726659708117054
batch 975, tloss 0.07894425213336945, vscore 0.7139353077149286, best score 0.726659708117054
batch 1000, tloss 0.1468031406402588, vscore 0.7182796995000786, best score 0.726659708117054
batch 1025, tloss 0.11690760910511017, vscore 0.7182796995000786, best score 0.726659708117054
batch 1050, tloss 0.12029488742351532, vscore 0.7159100312536332, best score 0.726659708117054
batch 1075, tloss 0.200749551653862, vscore 0.717094865376856, best score 0.726659708117054
batch 1100, tloss 0.24526700913906097, vscore 0.7099858606375195, best score 0.726659708117054
batch 1125, tloss 0.20230309903621674, vscore 0.714093285598025, best score 0.726659708117054
batch 1150, tloss 0.37688966035842897, vscore 0.714093285598025, best score 0.726659708117054
batch 1175, tloss 0.14960077822208404, vscore 0.716699920669115, best score 0.726659708117054
batch 1200, tloss 0.11104172766208649, vscore 0.7093539491051339, best score 0.726659708117054
batch 1225, tloss 0.1517375135421753, vscore 0.7099858606375195, best score 0.726659708117054
batch 1250, tloss 0.18836767315864564, vscore 0.7076161923910739, best score 0.726659708117054
batch 1275, tloss 0.13224876821041107, vscore 0.7099858606375195, best score 0.726659708117054
batch 1300, tloss 0.10346204817295074, vscore 0.711565639468483, best score 0.726659708117054
batch 1325, tloss 0.09921911060810089, vscore 0.7080111370988149, best score 0.726659708117054
batch 1350, tloss 0.3117839378118515, vscore 0.7119605841762241, best score 0.726659708117054
batch 1375, tloss 0.144102720618248, vscore 0.7119605841762241, best score 0.726659708117054
batch 1400, tloss 0.13256029665470123, vscore 0.7119605841762241, best score 0.726659708117054
batch 1425, tloss 0.15677849292755128, vscore 0.7103808053452604, best score 0.726659708117054
batch 1450, tloss 0.10437683582305908, vscore 0.7123555288839649, best score 0.726659708117054
batch 1475, tloss 0.20064116418361663, vscore 0.7123555288839649, best score 0.726659708117054
batch 1500, tloss 0.12750765502452852, vscore 0.711565639468483, best score 0.726659708117054
batch 1525, tloss 0.18455722749233247, vscore 0.7123555288839649, best score 0.726659708117054
batch 1550, tloss 0.2175377768278122, vscore 0.7139353077149285, best score 0.726659708117054
batch 1575, tloss 0.07026379644870757, vscore 0.7123555288839649, best score 0.726659708117054
batch 1600, tloss 0.06484873056411743, vscore 0.7123555288839649, best score 0.726659708117054
batch 1625, tloss 0.08578470468521118, vscore 0.7123555288839649, best score 0.726659708117054
batch 1650, tloss 0.17722828090190887, vscore 0.712441698638381, best score 0.726659708117054
batch 1675, tloss 0.1716030555963516, vscore 0.712441698638381, best score 0.726659708117054
batch 1700, tloss 0.06427445352077484, vscore 0.712441698638381, best score 0.726659708117054
batch 1725, tloss 0.16405346870422363, vscore 0.712441698638381, best score 0.726659708117054
batch 1750, tloss 0.0821441251039505, vscore 0.712441698638381, best score 0.726659708117054
batch 1775, tloss 0.19758938372135162, vscore 0.712441698638381, best score 0.726659708117054
batch 1800, tloss 0.18733103215694427, vscore 0.712441698638381, best score 0.726659708117054
fold 3 best score 0.726659708117054
fold 4
fold4 t/v: 846/211
initial score 0.7139518064873516
batch 25, tloss 0.19217291593551636, vscore 0.7107922488254242, best score 0.7139518064873516
batch 50, tloss 0.16826469719409942, vscore 0.7107922488254242, best score 0.7139518064873516
batch 75, tloss 0.2095838814973831, vscore 0.7075142077511746, best score 0.7139518064873516
batch 100, tloss 0.192142231464386, vscore 0.7059908495927454, best score 0.7139518064873516
batch 125, tloss 0.19208736658096315, vscore 0.7165979360292156, best score 0.7165979360292156
batch 150, tloss 0.12777376770973206, vscore 0.7063293736279518, best score 0.7165979360292156
batch 175, tloss 0.14256745159626008, vscore 0.7091504072546727, best score 0.7165979360292156
batch 200, tloss 0.06743406653404235, vscore 0.7109276584395068, best score 0.7165979360292156
batch 225, tloss 0.1337680673599243, vscore 0.7121914815042778, best score 0.7165979360292156
batch 250, tloss 0.08052909672260285, vscore 0.713968732689112, best score 0.7165979360292156
batch 275, tloss 0.20727187931537627, vscore 0.712704909624341, best score 0.7165979360292156
batch 300, tloss 0.14914941906929016, vscore 0.7138897437475636, best score 0.7165979360292156
batch 325, tloss 0.1569802248477936, vscore 0.7080445620729982, best score 0.7165979360292156
batch 350, tloss 0.2271999442577362, vscore 0.7010540407459839, best score 0.7165979360292156
batch 375, tloss 0.10501131057739257, vscore 0.7057933772388748, best score 0.7165979360292156
batch 400, tloss 0.21135828137397766, vscore 0.6978944830840565, best score 0.7165979360292156
batch 425, tloss 0.08947486221790314, vscore 0.6997375583868475, best score 0.7165979360292156
batch 450, tloss 0.3183184862136841, vscore 0.7057933772388748, best score 0.7165979360292156
batch 475, tloss 0.15874188244342805, vscore 0.7022388748692067, best score 0.7165979360292156
batch 500, tloss 0.08572629809379578, vscore 0.7006590960382431, best score 0.7165979360292156
batch 525, tloss 0.18509420454502107, vscore 0.7017122819255521, best score 0.7165979360292156
batch 550, tloss 0.16049446582794188, vscore 0.706846563126184, best score 0.7165979360292156
batch 575, tloss 0.14207774758338929, vscore 0.7081630454853204, best score 0.7165979360292156
batch 600, tloss 0.17115576803684235, vscore 0.7065042777128085, best score 0.7165979360292156
batch 625, tloss 0.163914492726326, vscore 0.6966306600192855, best score 0.7165979360292156
batch 650, tloss 0.19567776799201966, vscore 0.6966306600192855, best score 0.7165979360292156
batch 675, tloss 0.17069291174411774, vscore 0.7098048870560719, best score 0.7165979360292156
batch 700, tloss 0.11183415651321411, vscore 0.6991413799470673, best score 0.7165979360292156
batch 725, tloss 0.11559925258159637, vscore 0.7038807164399582, best score 0.7165979360292156
batch 750, tloss 0.17847263038158417, vscore 0.7075142077511746, best score 0.7165979360292156
batch 775, tloss 0.19191375136375427, vscore 0.7051445395047291, best score 0.7165979360292156
batch 800, tloss 0.20265935122966766, vscore 0.7119150202088591, best score 0.7165979360292156
batch 825, tloss 0.08251244187355042, vscore 0.707570628423709, best score 0.7165979360292156
batch 850, tloss 0.148857005238533, vscore 0.702831291930818, best score 0.7165979360292156
batch 875, tloss 0.11334592163562775, vscore 0.702831291930818, best score 0.7165979360292156
batch 900, tloss 0.21689339578151703, vscore 0.702831291930818, best score 0.7165979360292156
batch 925, tloss 0.12977907657623292, vscore 0.7043320818202334, best score 0.7165979360292156
batch 950, tloss 0.14773643553256988, vscore 0.7025548306353994, best score 0.7165979360292156
batch 975, tloss 0.14363794803619384, vscore 0.7023573582815289, best score 0.7165979360292156
batch 1000, tloss 0.1468038749694824, vscore 0.7047270265279744, best score 0.7165979360292156
batch 1025, tloss 0.278594673871994, vscore 0.7080840565437723, best score 0.7165979360292156
batch 1050, tloss 0.08990499019622802, vscore 0.7031472476970106, best score 0.7165979360292156
batch 1075, tloss 0.07663347780704498, vscore 0.7031472476970106, best score 0.7165979360292156
batch 1100, tloss 0.12593643128871918, vscore 0.7063068053589381, best score 0.7165979360292156
batch 1125, tloss 0.05682130992412567, vscore 0.7063068053589381, best score 0.7165979360292156
batch 1150, tloss 0.1859644442796707, vscore 0.7063068053589381, best score 0.7165979360292156
batch 1175, tloss 0.2077152806520462, vscore 0.7001851623889538, best score 0.7165979360292156
batch 1200, tloss 0.16446502447128297, vscore 0.7031472476970106, best score 0.7165979360292156
batch 1225, tloss 0.1700538295507431, vscore 0.7031472476970106, best score 0.7165979360292156
batch 1250, tloss 0.13239405453205108, vscore 0.7031472476970106, best score 0.7165979360292156
batch 1275, tloss 0.0933391958475113, vscore 0.7007775794505652, best score 0.7165979360292156
batch 1300, tloss 0.12898734986782073, vscore 0.6984079112041197, best score 0.7165979360292156
batch 1325, tloss 0.12233179092407226, vscore 0.6984079112041197, best score 0.7165979360292156
batch 1350, tloss 0.23985813736915587, vscore 0.7007775794505652, best score 0.7165979360292156
batch 1375, tloss 0.19454695224761964, vscore 0.7007775794505652, best score 0.7165979360292156
batch 1400, tloss 0.1231648313999176, vscore 0.7007775794505652, best score 0.7165979360292156
batch 1425, tloss 0.32470747888088225, vscore 0.7012515130998545, best score 0.7165979360292156
batch 1450, tloss 0.10178230345249176, vscore 0.6957222871914815, best score 0.7165979360292156
batch 1475, tloss 0.11702783763408661, vscore 0.6988818448534089, best score 0.7165979360292156
batch 1500, tloss 0.11600145041942596, vscore 0.6988818448534089, best score 0.7165979360292156
batch 1525, tloss 0.08636444389820098, vscore 0.6988818448534089, best score 0.7165979360292156
batch 1550, tloss 0.09843658149242401, vscore 0.6960382429576742, best score 0.7165979360292156
batch 1575, tloss 0.05980808198451996, vscore 0.6960382429576742, best score 0.7165979360292156
batch 1600, tloss 0.21655557215213775, vscore 0.6988818448534089, best score 0.7165979360292156
batch 1625, tloss 0.061580220460891726, vscore 0.6960382429576742, best score 0.7165979360292156
batch 1650, tloss 0.22671390295028687, vscore 0.6988818448534089, best score 0.7165979360292156
batch 1675, tloss 0.20617822289466858, vscore 0.6988818448534089, best score 0.7165979360292156
batch 1700, tloss 0.11898105323314667, vscore 0.6988818448534089, best score 0.7165979360292156
batch 1725, tloss 0.21311573028564454, vscore 0.6988818448534089, best score 0.7165979360292156
batch 1750, tloss 0.16110015749931336, vscore 0.6988818448534089, best score 0.7165979360292156
batch 1775, tloss 0.07872404158115387, vscore 0.6988818448534089, best score 0.7165979360292156
batch 1800, tloss 0.11796584963798523, vscore 0.6988818448534089, best score 0.7165979360292156
fold 4 best score 0.7165979360292156
5 fold cv jaccard 0.702559165376835
FINISH
