Mon Sep  6 11:42:45 2021       
+-----------------------------------------------------------------------------+
| NVIDIA-SMI 460.80       Driver Version: 460.80       CUDA Version: 11.2     |
|-------------------------------+----------------------+----------------------+
| GPU  Name        Persistence-M| Bus-Id        Disp.A | Volatile Uncorr. ECC |
| Fan  Temp  Perf  Pwr:Usage/Cap|         Memory-Usage | GPU-Util  Compute M. |
|                               |                      |               MIG M. |
|===============================+======================+======================|
|   0  GeForce RTX 3090    Off  | 00000000:45:00.0 Off |                  N/A |
| 39%   28C    P8    18W / 350W |      0MiB / 24268MiB |      0%      Default |
|                               |                      |                  N/A |
+-------------------------------+----------------------+----------------------+
                                                                               
+-----------------------------------------------------------------------------+
| Processes:                                                                  |
|  GPU   GI   CI        PID   Type   Process name                  GPU Memory |
|        ID   ID                                                   Usage      |
|=============================================================================|
|  No running processes found                                                 |
+-----------------------------------------------------------------------------+
nvcc: NVIDIA (R) Cuda compiler driver
Copyright (c) 2005-2020 NVIDIA Corporation
Built on Mon_Oct_12_20:09:46_PDT_2020
Cuda compilation tools, release 11.1, V11.1.105
Build cuda_11.1.TC455_06.29190527_0
START
----------------------------------------
2021-09-06 11:42:53.388276
infoxlm512enta-ep3-bs4-ga1-lr1e-05-adamw-wd0-cosann-wu0.1-dropout0.1-evalsteps1000-metricnonzero_jaccard_per-geolossFalse
{'accumulation_steps': 1,
 'batch_size': 4,
 'doc_stride': 128,
 'dropout': 0.1,
 'epochs': 3,
 'eval_steps': 1000,
 'geoloss': False,
 'lr': 1e-05,
 'max_length': 512,
 'metric': 'nonzero_jaccard_per',
 'model_checkpoint': '../../input/microsoft-infoxlm-large-squad2-enta-512/checkpoint-12360',
 'optimizer': 'adamw',
 'scheduler': 'cosann',
 'train_path': '../../input/chaii-hindi-and-tamil-question-answering/chaii-mlqa-xquad-5folds-count_leq15.csv',
 'warmup_ratio': 0.1,
 'weight_decay': 0}
----------------------------------------
fold 0
fold 0, only_chaii False, lang None, removecite False, splitjoin False
fold0 t/v: 7455/212
initial mean jaccard 0.6633385744234802
initial nonzero jaccard percentage 0.7594339622641509
using metric: nonzero_jaccard_per
batch 250, tloss 1.0808975193500518, vscore 0.6637912663856059, nonzero_jaccard_per 0.7971698113207547 best nonzero_jaccard_per 0.7971698113207547
batch 500, tloss 0.8912429440021515, vscore 0.6742774782869123, nonzero_jaccard_per 0.7971698113207547 best nonzero_jaccard_per 0.7971698113207547
batch 750, tloss 0.7787736588716507, vscore 0.6628219526804433, nonzero_jaccard_per 0.7783018867924528 best nonzero_jaccard_per 0.7971698113207547
batch 1000, tloss 0.7913747289180756, vscore 0.6915393830488169, nonzero_jaccard_per 0.8018867924528302 best nonzero_jaccard_per 0.8018867924528302
batch 1250, tloss 0.8722038810253143, vscore 0.6584344115004492, nonzero_jaccard_per 0.7688679245283019 best nonzero_jaccard_per 0.8018867924528302
batch 1500, tloss 0.7973595501184464, vscore 0.656448102397048, nonzero_jaccard_per 0.7783018867924528 best nonzero_jaccard_per 0.8018867924528302
batch 1750, tloss 0.8817035713195801, vscore 0.689590990770236, nonzero_jaccard_per 0.7830188679245284 best nonzero_jaccard_per 0.8018867924528302
batch 2000, tloss 0.7997630883455277, vscore 0.6616770807808543, nonzero_jaccard_per 0.7783018867924528 best nonzero_jaccard_per 0.8018867924528302
batch 2250, tloss 0.8652389246821404, vscore 0.6725853548966756, nonzero_jaccard_per 0.7877358490566038 best nonzero_jaccard_per 0.8018867924528302
batch 2500, tloss 0.7605873110294342, vscore 0.6502470799640611, nonzero_jaccard_per 0.7594339622641509 best nonzero_jaccard_per 0.8018867924528302
batch 2750, tloss 0.7917286331057548, vscore 0.6511588254512783, nonzero_jaccard_per 0.7735849056603774 best nonzero_jaccard_per 0.8018867924528302
batch 3000, tloss 0.7384556359052659, vscore 0.6315476190476189, nonzero_jaccard_per 0.7405660377358491 best nonzero_jaccard_per 0.8018867924528302
batch 3250, tloss 0.7688322808146477, vscore 0.6290843066786462, nonzero_jaccard_per 0.7641509433962265 best nonzero_jaccard_per 0.8018867924528302
batch 3500, tloss 0.7924994369745254, vscore 0.6472326323325212, nonzero_jaccard_per 0.7783018867924528 best nonzero_jaccard_per 0.8018867924528302
batch 250, tloss 0.5293325242996216, vscore 0.6499176400119795, nonzero_jaccard_per 0.7924528301886793 best nonzero_jaccard_per 0.8018867924528302
batch 500, tloss 0.3908904837965965, vscore 0.6675277029050614, nonzero_jaccard_per 0.8066037735849056 best nonzero_jaccard_per 0.8066037735849056
batch 750, tloss 0.422721416592598, vscore 0.6470350404312669, nonzero_jaccard_per 0.7830188679245284 best nonzero_jaccard_per 0.8066037735849056
batch 1000, tloss 0.4480423239469528, vscore 0.6880465708295896, nonzero_jaccard_per 0.8113207547169812 best nonzero_jaccard_per 0.8113207547169812
batch 1250, tloss 0.4004758202433586, vscore 0.6473018595660105, nonzero_jaccard_per 0.7735849056603774 best nonzero_jaccard_per 0.8113207547169812
batch 1500, tloss 0.37948490434885024, vscore 0.6618336328241988, nonzero_jaccard_per 0.8113207547169812 best nonzero_jaccard_per 0.8113207547169812
batch 1750, tloss 0.4433088243603706, vscore 0.653376759508835, nonzero_jaccard_per 0.7830188679245284 best nonzero_jaccard_per 0.8113207547169812
batch 2000, tloss 0.33961520504951476, vscore 0.6746817909553757, nonzero_jaccard_per 0.7830188679245284 best nonzero_jaccard_per 0.8113207547169812
batch 2250, tloss 0.43560065066814424, vscore 0.6392145852051512, nonzero_jaccard_per 0.7877358490566038 best nonzero_jaccard_per 0.8113207547169812
batch 2500, tloss 0.4415545709133148, vscore 0.6528264450434261, nonzero_jaccard_per 0.7877358490566038 best nonzero_jaccard_per 0.8113207547169812
batch 2750, tloss 0.39099511712789536, vscore 0.6310497154836776, nonzero_jaccard_per 0.75 best nonzero_jaccard_per 0.8113207547169812
batch 3000, tloss 0.44655996197462083, vscore 0.6351377657981431, nonzero_jaccard_per 0.7688679245283019 best nonzero_jaccard_per 0.8113207547169812
batch 3250, tloss 0.38648192781209945, vscore 0.6194999183206731, nonzero_jaccard_per 0.7641509433962265 best nonzero_jaccard_per 0.8113207547169812
batch 3500, tloss 0.384075893163681, vscore 0.6584701462059952, nonzero_jaccard_per 0.7783018867924528 best nonzero_jaccard_per 0.8113207547169812
batch 250, tloss 0.2843002092838287, vscore 0.6529312668463613, nonzero_jaccard_per 0.7783018867924528 best nonzero_jaccard_per 0.8113207547169812
batch 500, tloss 0.13441431432962417, vscore 0.6525381850853548, nonzero_jaccard_per 0.7783018867924528 best nonzero_jaccard_per 0.8113207547169812
batch 750, tloss 0.11362506687641144, vscore 0.6537174303683736, nonzero_jaccard_per 0.7830188679245284 best nonzero_jaccard_per 0.8113207547169812
batch 1000, tloss 0.10706292283535003, vscore 0.6652478286912248, nonzero_jaccard_per 0.7924528301886793 best nonzero_jaccard_per 0.8113207547169812
batch 1250, tloss 0.10113958674669266, vscore 0.6392258161126085, nonzero_jaccard_per 0.7688679245283019 best nonzero_jaccard_per 0.8113207547169812
batch 1500, tloss 0.12065101563930511, vscore 0.6569144953578916, nonzero_jaccard_per 0.7830188679245284 best nonzero_jaccard_per 0.8113207547169812
batch 1750, tloss 0.1258220967054367, vscore 0.6683924827792752, nonzero_jaccard_per 0.7830188679245284 best nonzero_jaccard_per 0.8113207547169812
batch 2000, tloss 0.09712761652469636, vscore 0.6652478286912248, nonzero_jaccard_per 0.7735849056603774 best nonzero_jaccard_per 0.8113207547169812
batch 2250, tloss 0.11623406690359116, vscore 0.6617100928421682, nonzero_jaccard_per 0.7735849056603774 best nonzero_jaccard_per 0.8113207547169812
batch 2500, tloss 0.11185434800386429, vscore 0.6558138664270738, nonzero_jaccard_per 0.7688679245283019 best nonzero_jaccard_per 0.8113207547169812
batch 2750, tloss 0.08213679629564286, vscore 0.6597446840371369, nonzero_jaccard_per 0.7735849056603774 best nonzero_jaccard_per 0.8113207547169812
batch 3000, tloss 0.12041287678480149, vscore 0.6597446840371369, nonzero_jaccard_per 0.7735849056603774 best nonzero_jaccard_per 0.8113207547169812
batch 3250, tloss 0.09213806074857712, vscore 0.6597446840371369, nonzero_jaccard_per 0.7735849056603774 best nonzero_jaccard_per 0.8113207547169812
batch 3500, tloss 0.08984795850515366, vscore 0.6597446840371369, nonzero_jaccard_per 0.7735849056603774 best nonzero_jaccard_per 0.8113207547169812
fold 0 best nonzero_jaccard_per 0.8113207547169812
fold 1
fold 1, only_chaii False, lang None, removecite False, splitjoin False
fold1 t/v: 7455/212
initial mean jaccard 0.619115004492363
initial nonzero jaccard percentage 0.7311320754716981
using metric: nonzero_jaccard_per
batch 250, tloss 1.1081839623451233, vscore 0.6033018867924529, nonzero_jaccard_per 0.7169811320754716 best nonzero_jaccard_per 0.7311320754716981
batch 500, tloss 0.7361549121141434, vscore 0.6349061008051019, nonzero_jaccard_per 0.7594339622641509 best nonzero_jaccard_per 0.7594339622641509
batch 750, tloss 0.7726307446956635, vscore 0.6377616310191225, nonzero_jaccard_per 0.7641509433962265 best nonzero_jaccard_per 0.7641509433962265
batch 1000, tloss 0.9223886787295341, vscore 0.6319454523463958, nonzero_jaccard_per 0.7311320754716981 best nonzero_jaccard_per 0.7641509433962265
batch 1250, tloss 0.8058549590706825, vscore 0.6127822125463636, nonzero_jaccard_per 0.7264150943396226 best nonzero_jaccard_per 0.7641509433962265
batch 1500, tloss 0.7823253047466278, vscore 0.6353157324855438, nonzero_jaccard_per 0.7594339622641509 best nonzero_jaccard_per 0.7641509433962265
batch 1750, tloss 0.8179809851646423, vscore 0.6090881079088625, nonzero_jaccard_per 0.7169811320754716 best nonzero_jaccard_per 0.7641509433962265
batch 2000, tloss 0.8548208281993867, vscore 0.6447851153039833, nonzero_jaccard_per 0.7452830188679245 best nonzero_jaccard_per 0.7641509433962265
batch 2250, tloss 0.812895410656929, vscore 0.6361691374663072, nonzero_jaccard_per 0.7594339622641509 best nonzero_jaccard_per 0.7641509433962265
batch 2500, tloss 0.8756057629585267, vscore 0.6251339069735296, nonzero_jaccard_per 0.75 best nonzero_jaccard_per 0.7641509433962265
batch 2750, tloss 0.7898613719940185, vscore 0.6145964360587001, nonzero_jaccard_per 0.7405660377358491 best nonzero_jaccard_per 0.7641509433962265
batch 3000, tloss 0.7562419630885124, vscore 0.619639113507038, nonzero_jaccard_per 0.7264150943396226 best nonzero_jaccard_per 0.7641509433962265
batch 3250, tloss 0.8379273381233215, vscore 0.6330966203607712, nonzero_jaccard_per 0.75 best nonzero_jaccard_per 0.7641509433962265
batch 3500, tloss 0.8026446511149407, vscore 0.6148463957426221, nonzero_jaccard_per 0.7216981132075472 best nonzero_jaccard_per 0.7641509433962265
batch 250, tloss 0.5339600297808648, vscore 0.652447473909738, nonzero_jaccard_per 0.7641509433962265 best nonzero_jaccard_per 0.7641509433962265
batch 500, tloss 0.37580469536781314, vscore 0.6475676446195314, nonzero_jaccard_per 0.7594339622641509 best nonzero_jaccard_per 0.7641509433962265
batch 750, tloss 0.4088694346547127, vscore 0.6549463508189924, nonzero_jaccard_per 0.7547169811320755 best nonzero_jaccard_per 0.7641509433962265
batch 1000, tloss 0.4390943146348, vscore 0.6595060992466654, nonzero_jaccard_per 0.7594339622641509 best nonzero_jaccard_per 0.7641509433962265
batch 1250, tloss 0.4543004978299141, vscore 0.664196874928007, nonzero_jaccard_per 0.7735849056603774 best nonzero_jaccard_per 0.7735849056603774
batch 1500, tloss 0.3823423645496368, vscore 0.6490894325799985, nonzero_jaccard_per 0.7641509433962265 best nonzero_jaccard_per 0.7735849056603774
batch 1750, tloss 0.4022758024930954, vscore 0.655306603773585, nonzero_jaccard_per 0.7688679245283019 best nonzero_jaccard_per 0.7735849056603774
batch 2000, tloss 0.3750498130321503, vscore 0.6554638364779873, nonzero_jaccard_per 0.7594339622641509 best nonzero_jaccard_per 0.7735849056603774
batch 2250, tloss 0.38984709161520004, vscore 0.6637682286267191, nonzero_jaccard_per 0.7688679245283019 best nonzero_jaccard_per 0.7735849056603774
batch 2500, tloss 0.388343080163002, vscore 0.6599384891837722, nonzero_jaccard_per 0.7688679245283019 best nonzero_jaccard_per 0.7735849056603774
batch 2750, tloss 0.3445080160498619, vscore 0.6635388589398024, nonzero_jaccard_per 0.7594339622641509 best nonzero_jaccard_per 0.7735849056603774
batch 3000, tloss 0.40116888880729673, vscore 0.6661893530997305, nonzero_jaccard_per 0.7688679245283019 best nonzero_jaccard_per 0.7735849056603774
batch 3250, tloss 0.42895498114824293, vscore 0.6682731183910428, nonzero_jaccard_per 0.7688679245283019 best nonzero_jaccard_per 0.7735849056603774
batch 3500, tloss 0.3683262090086937, vscore 0.6597203504043125, nonzero_jaccard_per 0.7547169811320755 best nonzero_jaccard_per 0.7735849056603774
batch 250, tloss 0.2829466220140457, vscore 0.6610119047619047, nonzero_jaccard_per 0.7641509433962265 best nonzero_jaccard_per 0.7735849056603774
batch 500, tloss 0.09797746580839158, vscore 0.6590914195867026, nonzero_jaccard_per 0.7594339622641509 best nonzero_jaccard_per 0.7735849056603774
batch 750, tloss 0.14606966865062715, vscore 0.6581480233602875, nonzero_jaccard_per 0.7547169811320755 best nonzero_jaccard_per 0.7735849056603774
batch 1000, tloss 0.12236178594827651, vscore 0.6692553908355796, nonzero_jaccard_per 0.7688679245283019 best nonzero_jaccard_per 0.7735849056603774
batch 1250, tloss 0.10675379061698914, vscore 0.6645384097035041, nonzero_jaccard_per 0.7641509433962265 best nonzero_jaccard_per 0.7735849056603774
batch 1500, tloss 0.10237068885564804, vscore 0.6718497304582209, nonzero_jaccard_per 0.7688679245283019 best nonzero_jaccard_per 0.7735849056603774
batch 1750, tloss 0.1296192901134491, vscore 0.6557333782569632, nonzero_jaccard_per 0.7547169811320755 best nonzero_jaccard_per 0.7735849056603774
batch 2000, tloss 0.10094144636392594, vscore 0.6575968449789205, nonzero_jaccard_per 0.7547169811320755 best nonzero_jaccard_per 0.7735849056603774
batch 2250, tloss 0.10296311575174331, vscore 0.6575968449789205, nonzero_jaccard_per 0.7547169811320755 best nonzero_jaccard_per 0.7735849056603774
batch 2500, tloss 0.09394830405712128, vscore 0.6521956424079066, nonzero_jaccard_per 0.75 best nonzero_jaccard_per 0.7735849056603774
batch 2750, tloss 0.11372232288122178, vscore 0.6533748876909254, nonzero_jaccard_per 0.75 best nonzero_jaccard_per 0.7735849056603774
batch 3000, tloss 0.08822547286748886, vscore 0.6531390386343217, nonzero_jaccard_per 0.75 best nonzero_jaccard_per 0.7735849056603774
batch 3250, tloss 0.10268323147296905, vscore 0.6531390386343217, nonzero_jaccard_per 0.75 best nonzero_jaccard_per 0.7735849056603774
batch 3500, tloss 0.14168056535720824, vscore 0.6531390386343217, nonzero_jaccard_per 0.75 best nonzero_jaccard_per 0.7735849056603774
fold 1 best nonzero_jaccard_per 0.7735849056603774
fold 2
fold 2, only_chaii False, lang None, removecite False, splitjoin False
fold2 t/v: 7456/211
initial mean jaccard 0.6291944315765717
initial nonzero jaccard percentage 0.7488151658767772
using metric: nonzero_jaccard_per
batch 250, tloss 1.0588058261871338, vscore 0.6558150906492138, nonzero_jaccard_per 0.7819905213270142 best nonzero_jaccard_per 0.7819905213270142
batch 500, tloss 0.8433045010566711, vscore 0.6858126602202432, nonzero_jaccard_per 0.7867298578199052 best nonzero_jaccard_per 0.7867298578199052
batch 750, tloss 0.7973468281030655, vscore 0.6884375235086136, nonzero_jaccard_per 0.7867298578199052 best nonzero_jaccard_per 0.7867298578199052
batch 1000, tloss 0.7514203462600708, vscore 0.6540064464235081, nonzero_jaccard_per 0.7677725118483413 best nonzero_jaccard_per 0.7867298578199052
batch 1250, tloss 0.9021156492233277, vscore 0.625641314977808, nonzero_jaccard_per 0.7535545023696683 best nonzero_jaccard_per 0.7867298578199052
batch 1500, tloss 0.7834012172222138, vscore 0.6407808621078763, nonzero_jaccard_per 0.7582938388625592 best nonzero_jaccard_per 0.7867298578199052
batch 1750, tloss 0.9523203001022339, vscore 0.6553755880770099, nonzero_jaccard_per 0.7440758293838863 best nonzero_jaccard_per 0.7867298578199052
batch 2000, tloss 0.8046428664922715, vscore 0.6858045587903409, nonzero_jaccard_per 0.7962085308056872 best nonzero_jaccard_per 0.7962085308056872
batch 2250, tloss 0.8969445298910141, vscore 0.6667682238772286, nonzero_jaccard_per 0.7677725118483413 best nonzero_jaccard_per 0.7962085308056872
batch 2500, tloss 0.7996528923511506, vscore 0.6646546712897424, nonzero_jaccard_per 0.7914691943127962 best nonzero_jaccard_per 0.7962085308056872
batch 2750, tloss 0.8009521859884262, vscore 0.6561837057097719, nonzero_jaccard_per 0.7772511848341233 best nonzero_jaccard_per 0.7962085308056872
batch 3000, tloss 0.8248765754699707, vscore 0.6550609343263373, nonzero_jaccard_per 0.7819905213270142 best nonzero_jaccard_per 0.7962085308056872
batch 3250, tloss 0.7565780548453331, vscore 0.6432821785902356, nonzero_jaccard_per 0.7630331753554502 best nonzero_jaccard_per 0.7962085308056872
batch 3500, tloss 0.7686458330154419, vscore 0.6738245693221997, nonzero_jaccard_per 0.7725118483412322 best nonzero_jaccard_per 0.7962085308056872
batch 250, tloss 0.5649150868058205, vscore 0.6425186188219363, nonzero_jaccard_per 0.7582938388625592 best nonzero_jaccard_per 0.7962085308056872
batch 500, tloss 0.4322446209192276, vscore 0.6463100880162491, nonzero_jaccard_per 0.7535545023696683 best nonzero_jaccard_per 0.7962085308056872
batch 750, tloss 0.440314107477665, vscore 0.6767998194538479, nonzero_jaccard_per 0.7772511848341233 best nonzero_jaccard_per 0.7962085308056872
batch 1000, tloss 0.4099543719887733, vscore 0.6626967029810631, nonzero_jaccard_per 0.7819905213270142 best nonzero_jaccard_per 0.7962085308056872
batch 1250, tloss 0.43400895404815676, vscore 0.6769051380425789, nonzero_jaccard_per 0.8009478672985783 best nonzero_jaccard_per 0.8009478672985783
batch 1500, tloss 0.38632357251644134, vscore 0.6728767020236214, nonzero_jaccard_per 0.7962085308056872 best nonzero_jaccard_per 0.8009478672985783
batch 1750, tloss 0.40637043231725695, vscore 0.6536146844203716, nonzero_jaccard_per 0.8009478672985783 best nonzero_jaccard_per 0.8009478672985783
batch 2000, tloss 0.438318799495697, vscore 0.6648856541036636, nonzero_jaccard_per 0.7914691943127962 best nonzero_jaccard_per 0.8009478672985783
batch 2250, tloss 0.4111789662241936, vscore 0.6783795982848114, nonzero_jaccard_per 0.8104265402843602 best nonzero_jaccard_per 0.8104265402843602
batch 2500, tloss 0.43129159396886824, vscore 0.6694538478898668, nonzero_jaccard_per 0.7819905213270142 best nonzero_jaccard_per 0.8104265402843602
batch 2750, tloss 0.4260696306824684, vscore 0.6896750169262018, nonzero_jaccard_per 0.7914691943127962 best nonzero_jaccard_per 0.8104265402843602
batch 3000, tloss 0.3706747355461121, vscore 0.6720604829609569, nonzero_jaccard_per 0.8009478672985783 best nonzero_jaccard_per 0.8104265402843602
batch 3250, tloss 0.41947510874271393, vscore 0.6952832317761228, nonzero_jaccard_per 0.8009478672985783 best nonzero_jaccard_per 0.8104265402843602
batch 3500, tloss 0.3290998222231865, vscore 0.7066049800646957, nonzero_jaccard_per 0.8104265402843602 best nonzero_jaccard_per 0.8104265402843602
batch 250, tloss 0.26185441881418225, vscore 0.6733506356729106, nonzero_jaccard_per 0.7819905213270142 best nonzero_jaccard_per 0.8104265402843602
batch 500, tloss 0.150633773624897, vscore 0.6756808094485819, nonzero_jaccard_per 0.7914691943127962 best nonzero_jaccard_per 0.8104265402843602
batch 750, tloss 0.10903830963373184, vscore 0.6711389453095615, nonzero_jaccard_per 0.7962085308056872 best nonzero_jaccard_per 0.8104265402843602
batch 1000, tloss 0.11573599100112915, vscore 0.6607650643195667, nonzero_jaccard_per 0.7867298578199052 best nonzero_jaccard_per 0.8104265402843602
batch 1250, tloss 0.1153310124874115, vscore 0.6533401038140375, nonzero_jaccard_per 0.7819905213270142 best nonzero_jaccard_per 0.8104265402843602
batch 1500, tloss 0.12995271646976472, vscore 0.6646618521026103, nonzero_jaccard_per 0.7914691943127962 best nonzero_jaccard_per 0.8104265402843602
batch 1750, tloss 0.09044316893815994, vscore 0.6679793876476341, nonzero_jaccard_per 0.8009478672985783 best nonzero_jaccard_per 0.8104265402843602
batch 2000, tloss 0.11949386078119278, vscore 0.6585007146618521, nonzero_jaccard_per 0.7914691943127962 best nonzero_jaccard_per 0.8104265402843602
batch 2250, tloss 0.09355332100391388, vscore 0.6569209358308884, nonzero_jaccard_per 0.7914691943127962 best nonzero_jaccard_per 0.8104265402843602
batch 2500, tloss 0.0961051162481308, vscore 0.6624501617392613, nonzero_jaccard_per 0.7914691943127962 best nonzero_jaccard_per 0.8104265402843602
batch 2750, tloss 0.09366554868221283, vscore 0.6600804934928158, nonzero_jaccard_per 0.7914691943127962 best nonzero_jaccard_per 0.8104265402843602
batch 3000, tloss 0.09476634782552719, vscore 0.6600804934928158, nonzero_jaccard_per 0.7914691943127962 best nonzero_jaccard_per 0.8104265402843602
batch 3250, tloss 0.11875039315223694, vscore 0.6600804934928158, nonzero_jaccard_per 0.7914691943127962 best nonzero_jaccard_per 0.8104265402843602
batch 3500, tloss 0.08813972467184067, vscore 0.6600804934928158, nonzero_jaccard_per 0.7914691943127962 best nonzero_jaccard_per 0.8104265402843602
fold 2 best nonzero_jaccard_per 0.8104265402843602
fold 3
fold 3, only_chaii False, lang None, removecite False, splitjoin False
fold3 t/v: 7456/211
initial mean jaccard 0.6813125329120591
initial nonzero jaccard percentage 0.8009478672985783
using metric: nonzero_jaccard_per
batch 250, tloss 1.0662534594535829, vscore 0.6810492364402316, nonzero_jaccard_per 0.8009478672985783 best nonzero_jaccard_per 0.8009478672985783
batch 500, tloss 0.8093657065629959, vscore 0.6926925825622506, nonzero_jaccard_per 0.8246445497630331 best nonzero_jaccard_per 0.8246445497630331
batch 750, tloss 0.8013513623476028, vscore 0.7057539682539683, nonzero_jaccard_per 0.8293838862559242 best nonzero_jaccard_per 0.8293838862559242
batch 1000, tloss 0.7761864275932312, vscore 0.6993596253667343, nonzero_jaccard_per 0.8104265402843602 best nonzero_jaccard_per 0.8293838862559242
batch 1250, tloss 0.8304480996131897, vscore 0.6947914315805311, nonzero_jaccard_per 0.8151658767772512 best nonzero_jaccard_per 0.8293838862559242
batch 1500, tloss 0.8153967224359512, vscore 0.7163911457157901, nonzero_jaccard_per 0.8341232227488151 best nonzero_jaccard_per 0.8341232227488151
batch 1750, tloss 0.8342530798316002, vscore 0.6818428872338824, nonzero_jaccard_per 0.8104265402843602 best nonzero_jaccard_per 0.8341232227488151
batch 2000, tloss 0.8894682015180588, vscore 0.6891267960580757, nonzero_jaccard_per 0.8151658767772512 best nonzero_jaccard_per 0.8341232227488151
batch 2250, tloss 0.8136319538354874, vscore 0.7142437407247834, nonzero_jaccard_per 0.8293838862559242 best nonzero_jaccard_per 0.8341232227488151
batch 2500, tloss 0.8052712604999542, vscore 0.7101773489806665, nonzero_jaccard_per 0.8293838862559242 best nonzero_jaccard_per 0.8341232227488151
batch 2750, tloss 0.8187768071889877, vscore 0.7008002332054464, nonzero_jaccard_per 0.8104265402843602 best nonzero_jaccard_per 0.8341232227488151
batch 3000, tloss 0.8353524817824364, vscore 0.7160450989242458, nonzero_jaccard_per 0.8151658767772512 best nonzero_jaccard_per 0.8341232227488151
batch 3250, tloss 0.7439434443712234, vscore 0.7316510569472655, nonzero_jaccard_per 0.8625592417061612 best nonzero_jaccard_per 0.8625592417061612
batch 3500, tloss 0.8745593592524529, vscore 0.7048475287219363, nonzero_jaccard_per 0.8151658767772512 best nonzero_jaccard_per 0.8625592417061612
batch 250, tloss 0.5659417484998703, vscore 0.7338909576468818, nonzero_jaccard_per 0.8483412322274881 best nonzero_jaccard_per 0.8625592417061612
batch 500, tloss 0.4312214603424072, vscore 0.7275891104682575, nonzero_jaccard_per 0.8341232227488151 best nonzero_jaccard_per 0.8625592417061612
batch 750, tloss 0.4488289860486984, vscore 0.7383240837624725, nonzero_jaccard_per 0.8530805687203792 best nonzero_jaccard_per 0.8625592417061612
batch 1000, tloss 0.43801252281665803, vscore 0.7331179944331603, nonzero_jaccard_per 0.8388625592417062 best nonzero_jaccard_per 0.8625592417061612
batch 1250, tloss 0.3771345881819725, vscore 0.7173108026781012, nonzero_jaccard_per 0.8341232227488151 best nonzero_jaccard_per 0.8625592417061612
batch 1500, tloss 0.38970501309633254, vscore 0.707181411269089, nonzero_jaccard_per 0.8388625592417062 best nonzero_jaccard_per 0.8625592417061612
batch 1750, tloss 0.46285555297136305, vscore 0.728495602606977, nonzero_jaccard_per 0.8483412322274881 best nonzero_jaccard_per 0.8625592417061612
batch 2000, tloss 0.4157035196423531, vscore 0.7280570601068233, nonzero_jaccard_per 0.8530805687203792 best nonzero_jaccard_per 0.8625592417061612
batch 2250, tloss 0.36141514778137207, vscore 0.7131867934593054, nonzero_jaccard_per 0.8578199052132701 best nonzero_jaccard_per 0.8625592417061612
batch 2500, tloss 0.36457788133621216, vscore 0.7146007297073648, nonzero_jaccard_per 0.8436018957345972 best nonzero_jaccard_per 0.8625592417061612
batch 2750, tloss 0.3608334845304489, vscore 0.7299922891747536, nonzero_jaccard_per 0.8530805687203792 best nonzero_jaccard_per 0.8625592417061612
batch 3000, tloss 0.37491676265001295, vscore 0.7237521627924471, nonzero_jaccard_per 0.8483412322274881 best nonzero_jaccard_per 0.8625592417061612
batch 3250, tloss 0.38242145895957946, vscore 0.7415246746407883, nonzero_jaccard_per 0.8625592417061612 best nonzero_jaccard_per 0.8625592417061612
batch 3500, tloss 0.3646891475915909, vscore 0.7108769653200933, nonzero_jaccard_per 0.8436018957345972 best nonzero_jaccard_per 0.8625592417061612
batch 250, tloss 0.2670514147281647, vscore 0.7236235830492502, nonzero_jaccard_per 0.8578199052132701 best nonzero_jaccard_per 0.8625592417061612
batch 500, tloss 0.1030309692621231, vscore 0.7195161580887447, nonzero_jaccard_per 0.8530805687203792 best nonzero_jaccard_per 0.8625592417061612
batch 750, tloss 0.11993904173374176, vscore 0.7188955306908662, nonzero_jaccard_per 0.8625592417061612 best nonzero_jaccard_per 0.8625592417061612
batch 1000, tloss 0.11577483969926834, vscore 0.7141324381253291, nonzero_jaccard_per 0.8530805687203792 best nonzero_jaccard_per 0.8625592417061612
batch 1250, tloss 0.11365840721130371, vscore 0.7193468960711414, nonzero_jaccard_per 0.8578199052132701 best nonzero_jaccard_per 0.8625592417061612
batch 1500, tloss 0.10782370293140411, vscore 0.7140546369874132, nonzero_jaccard_per 0.8530805687203792 best nonzero_jaccard_per 0.8625592417061612
batch 1750, tloss 0.1160419630408287, vscore 0.710895079325486, nonzero_jaccard_per 0.8483412322274881 best nonzero_jaccard_per 0.8625592417061612
batch 2000, tloss 0.11251565599441528, vscore 0.7139700059786117, nonzero_jaccard_per 0.8483412322274881 best nonzero_jaccard_per 0.8625592417061612
batch 2250, tloss 0.11069016951322555, vscore 0.7125482050307443, nonzero_jaccard_per 0.8530805687203792 best nonzero_jaccard_per 0.8625592417061612
batch 2500, tloss 0.11043555289506912, vscore 0.7194992318869845, nonzero_jaccard_per 0.8483412322274881 best nonzero_jaccard_per 0.8625592417061612
batch 2750, tloss 0.09610700505971909, vscore 0.7163396742250572, nonzero_jaccard_per 0.8530805687203792 best nonzero_jaccard_per 0.8625592417061612
batch 3000, tloss 0.09959904515743255, vscore 0.7147598953940935, nonzero_jaccard_per 0.8483412322274881 best nonzero_jaccard_per 0.8625592417061612
batch 3250, tloss 0.08714315861463547, vscore 0.7147598953940935, nonzero_jaccard_per 0.8483412322274881 best nonzero_jaccard_per 0.8625592417061612
batch 3500, tloss 0.11092506444454193, vscore 0.7147598953940935, nonzero_jaccard_per 0.8483412322274881 best nonzero_jaccard_per 0.8625592417061612
fold 3 best nonzero_jaccard_per 0.8625592417061612
fold 4
fold 4, only_chaii False, lang None, removecite False, splitjoin False
fold4 t/v: 7456/211
initial mean jaccard 0.6488987710551692
initial nonzero jaccard percentage 0.7725118483412322
using metric: nonzero_jaccard_per
batch 250, tloss 1.101352212190628, vscore 0.6518439301614657, nonzero_jaccard_per 0.7725118483412322 best nonzero_jaccard_per 0.7725118483412322
batch 500, tloss 0.8348141722679138, vscore 0.642049301409491, nonzero_jaccard_per 0.7819905213270142 best nonzero_jaccard_per 0.7819905213270142
batch 750, tloss 0.7731026250123978, vscore 0.6698534088344515, nonzero_jaccard_per 0.7914691943127962 best nonzero_jaccard_per 0.7914691943127962
batch 1000, tloss 0.8033178384304047, vscore 0.6422862682341356, nonzero_jaccard_per 0.7677725118483413 best nonzero_jaccard_per 0.7914691943127962
batch 1250, tloss 0.7881535365581512, vscore 0.6681946410619396, nonzero_jaccard_per 0.8009478672985783 best nonzero_jaccard_per 0.8009478672985783
batch 1500, tloss 0.8771871790885926, vscore 0.6394088139348802, nonzero_jaccard_per 0.7535545023696683 best nonzero_jaccard_per 0.8009478672985783
batch 1750, tloss 0.855568352341652, vscore 0.6342858168687553, nonzero_jaccard_per 0.7393364928909952 best nonzero_jaccard_per 0.8009478672985783
batch 2000, tloss 0.7999060172438621, vscore 0.6563519418969657, nonzero_jaccard_per 0.7772511848341233 best nonzero_jaccard_per 0.8009478672985783
batch 2250, tloss 0.7318724134564399, vscore 0.6911409285816869, nonzero_jaccard_per 0.8056872037914692 best nonzero_jaccard_per 0.8056872037914692
batch 2500, tloss 0.8040377254486084, vscore 0.6875243634722307, nonzero_jaccard_per 0.7962085308056872 best nonzero_jaccard_per 0.8056872037914692
batch 2750, tloss 0.776509606719017, vscore 0.6686685747112286, nonzero_jaccard_per 0.7867298578199052 best nonzero_jaccard_per 0.8056872037914692
batch 3000, tloss 0.7666129546165467, vscore 0.65380172749841, nonzero_jaccard_per 0.7725118483412322 best nonzero_jaccard_per 0.8056872037914692
batch 3250, tloss 0.8202826038002968, vscore 0.6646213318014266, nonzero_jaccard_per 0.7867298578199052 best nonzero_jaccard_per 0.8056872037914692
batch 3500, tloss 0.8673852834701538, vscore 0.6869941801221423, nonzero_jaccard_per 0.8056872037914692 best nonzero_jaccard_per 0.8056872037914692
batch 250, tloss 0.5483462514281273, vscore 0.6891003809250253, nonzero_jaccard_per 0.8056872037914692 best nonzero_jaccard_per 0.8056872037914692
batch 500, tloss 0.4043967560529709, vscore 0.6785534765392585, nonzero_jaccard_per 0.7962085308056872 best nonzero_jaccard_per 0.8056872037914692
batch 750, tloss 0.4500400401353836, vscore 0.6565832666543567, nonzero_jaccard_per 0.7725118483412322 best nonzero_jaccard_per 0.8056872037914692
batch 1000, tloss 0.43681032973527906, vscore 0.6746002680836803, nonzero_jaccard_per 0.7962085308056872 best nonzero_jaccard_per 0.8056872037914692
batch 1250, tloss 0.42357420778274535, vscore 0.6773517162142755, nonzero_jaccard_per 0.7867298578199052 best nonzero_jaccard_per 0.8056872037914692
batch 1500, tloss 0.42958209377527234, vscore 0.686915020208859, nonzero_jaccard_per 0.8151658767772512 best nonzero_jaccard_per 0.8151658767772512
batch 1750, tloss 0.40501991778612134, vscore 0.6679125376992676, nonzero_jaccard_per 0.8104265402843602 best nonzero_jaccard_per 0.8151658767772512
batch 2000, tloss 0.40254644787311555, vscore 0.6764828378572455, nonzero_jaccard_per 0.8009478672985783 best nonzero_jaccard_per 0.8151658767772512
batch 2250, tloss 0.39474648040533067, vscore 0.6735038263474282, nonzero_jaccard_per 0.7962085308056872 best nonzero_jaccard_per 0.8151658767772512
batch 2500, tloss 0.39547625082731247, vscore 0.7006732012063767, nonzero_jaccard_per 0.8151658767772512 best nonzero_jaccard_per 0.8151658767772512
batch 2750, tloss 0.36451265060901644, vscore 0.7249256272952955, nonzero_jaccard_per 0.8388625592417062 best nonzero_jaccard_per 0.8388625592417062
batch 3000, tloss 0.4096825236678123, vscore 0.6839303666317884, nonzero_jaccard_per 0.8151658767772512 best nonzero_jaccard_per 0.8388625592417062
batch 3250, tloss 0.4312752105593681, vscore 0.7018608563632261, nonzero_jaccard_per 0.8199052132701422 best nonzero_jaccard_per 0.8388625592417062
batch 3500, tloss 0.36779690915346147, vscore 0.7006760222400032, nonzero_jaccard_per 0.8293838862559242 best nonzero_jaccard_per 0.8388625592417062
batch 250, tloss 0.32034398674964903, vscore 0.7171188869056169, nonzero_jaccard_per 0.8293838862559242 best nonzero_jaccard_per 0.8388625592417062
batch 500, tloss 0.13544166105985642, vscore 0.7040913536174199, nonzero_jaccard_per 0.8341232227488151 best nonzero_jaccard_per 0.8388625592417062
batch 750, tloss 0.13361269229650496, vscore 0.6919082497281549, nonzero_jaccard_per 0.8151658767772512 best nonzero_jaccard_per 0.8388625592417062
batch 1000, tloss 0.1309204359650612, vscore 0.689670229717623, nonzero_jaccard_per 0.8104265402843602 best nonzero_jaccard_per 0.8388625592417062
batch 1250, tloss 0.12716738677024841, vscore 0.6930667542041948, nonzero_jaccard_per 0.8199052132701422 best nonzero_jaccard_per 0.8388625592417062
batch 1500, tloss 0.10627950942516327, vscore 0.6987539579956642, nonzero_jaccard_per 0.8199052132701422 best nonzero_jaccard_per 0.8388625592417062
batch 1750, tloss 0.08501371258497238, vscore 0.6892752850098822, nonzero_jaccard_per 0.8199052132701422 best nonzero_jaccard_per 0.8388625592417062
batch 2000, tloss 0.11656404620409012, vscore 0.6918819200809722, nonzero_jaccard_per 0.8199052132701422 best nonzero_jaccard_per 0.8388625592417062
batch 2250, tloss 0.11575330674648285, vscore 0.6975691238724414, nonzero_jaccard_per 0.8246445497630331 best nonzero_jaccard_per 0.8388625592417062
batch 2500, tloss 0.10095552521944046, vscore 0.7041252060209406, nonzero_jaccard_per 0.8293838862559242 best nonzero_jaccard_per 0.8388625592417062
batch 2750, tloss 0.09826038867235183, vscore 0.7050730733195187, nonzero_jaccard_per 0.8293838862559242 best nonzero_jaccard_per 0.8388625592417062
batch 3000, tloss 0.10505704486370086, vscore 0.7106587199004261, nonzero_jaccard_per 0.8341232227488151 best nonzero_jaccard_per 0.8388625592417062
batch 3250, tloss 0.11552577424049378, vscore 0.7090789410694623, nonzero_jaccard_per 0.8341232227488151 best nonzero_jaccard_per 0.8388625592417062
batch 3500, tloss 0.13860276961326598, vscore 0.7078941069462397, nonzero_jaccard_per 0.8341232227488151 best nonzero_jaccard_per 0.8388625592417062
fold 4 best nonzero_jaccard_per 0.8388625592417062
5 fold cv nonzero_jaccard_per: 0.8193508003219172
FINISH
