Tue Aug 24 11:03:55 2021       
+-----------------------------------------------------------------------------+
| NVIDIA-SMI 460.80       Driver Version: 460.80       CUDA Version: 11.2     |
|-------------------------------+----------------------+----------------------+
| GPU  Name        Persistence-M| Bus-Id        Disp.A | Volatile Uncorr. ECC |
| Fan  Temp  Perf  Pwr:Usage/Cap|         Memory-Usage | GPU-Util  Compute M. |
|                               |                      |               MIG M. |
|===============================+======================+======================|
|   0  GeForce RTX 3090    Off  | 00000000:41:00.0 Off |                  N/A |
| 43%   28C    P0    26W / 350W |      0MiB / 24268MiB |      0%      Default |
|                               |                      |                  N/A |
+-------------------------------+----------------------+----------------------+
                                                                               
+-----------------------------------------------------------------------------+
| Processes:                                                                  |
|  GPU   GI   CI        PID   Type   Process name                  GPU Memory |
|        ID   ID                                                   Usage      |
|=============================================================================|
|  No running processes found                                                 |
+-----------------------------------------------------------------------------+
nvcc: NVIDIA (R) Cuda compiler driver
Copyright (c) 2005-2020 NVIDIA Corporation
Built on Mon_Oct_12_20:09:46_PDT_2020
Cuda compilation tools, release 11.1, V11.1.105
Build cuda_11.1.TC455_06.29190527_0
START
----------------------------------------
2021-08-24 11:05:04.454550
xrobl-ep3-bs4-ga1-lr1e-05-adamw-wd0-cosann-wu0.1-dropout0.2-evalsteps1000
{'accumulation_steps': 1,
 'batch_size': 4,
 'doc_stride': 128,
 'dropout': 0.2,
 'epochs': 3,
 'eval_steps': 1000,
 'lr': 1e-05,
 'max_length': 512,
 'model_checkpoint': '../../input/deepset-xlm-roberta-large-squad2',
 'optimizer': 'adamw',
 'scheduler': 'cosann',
 'train_path': '../../input/chaii-hindi-and-tamil-question-answering/chaii-mlqa-xquad-5folds-count_leq15.csv',
 'warmup_ratio': 0.1,
 'weight_decay': 0}
----------------------------------------
fold 0
fold0 t/v: 7455/212
initial score 0.6155510631925726
batch 250, tloss 1.7264888210296632, vscore 0.6415843066786463, best score 0.6415843066786463
batch 500, tloss 1.0426993863582612, vscore 0.6305068882899072, best score 0.6415843066786463
batch 750, tloss 0.859815993309021, vscore 0.6481431566337227, best score 0.6481431566337227
batch 1000, tloss 0.8322304134368896, vscore 0.6547918538484576, best score 0.6547918538484576
batch 1250, tloss 0.9312618181705475, vscore 0.641468253968254, best score 0.6547918538484576
batch 1500, tloss 0.8321329627633095, vscore 0.6332846660676849, best score 0.6547918538484576
batch 1750, tloss 0.9464140008091927, vscore 0.6223008385744235, best score 0.6547918538484576
batch 2000, tloss 0.863194218814373, vscore 0.6448674752920035, best score 0.6547918538484576
batch 2250, tloss 0.9011809476017952, vscore 0.6290393830488169, best score 0.6547918538484576
batch 2500, tloss 0.8049855967760086, vscore 0.6300426774483378, best score 0.6547918538484576
batch 2750, tloss 0.8465748509168625, vscore 0.6060721772985924, best score 0.6547918538484576
batch 3000, tloss 0.7686379751563073, vscore 0.6008423180592992, best score 0.6547918538484576
batch 3250, tloss 0.7901075541973114, vscore 0.6020664869721474, best score 0.6547918538484576
batch 3500, tloss 0.8358721885681152, vscore 0.6603548966756513, best score 0.6603548966756513
batch 250, tloss 0.7794347915649414, vscore 0.6172918538484575, best score 0.6603548966756513
batch 500, tloss 0.46620097970962526, vscore 0.6505727762803235, best score 0.6603548966756513
batch 750, tloss 0.45182625633478163, vscore 0.640669157886139, best score 0.6603548966756513
batch 1000, tloss 0.4995269131064415, vscore 0.6541986577363936, best score 0.6603548966756513
batch 1250, tloss 0.4694477074742317, vscore 0.6495582509733454, best score 0.6603548966756513
batch 1500, tloss 0.414438124537468, vscore 0.6344526804432464, best score 0.6603548966756513
batch 1750, tloss 0.497642274081707, vscore 0.6200434261755017, best score 0.6603548966756513
batch 2000, tloss 0.4064021273255348, vscore 0.6637765798143155, best score 0.6637765798143155
batch 2250, tloss 0.487784233212471, vscore 0.6573861934710992, best score 0.6637765798143155
batch 2500, tloss 0.4992010033726692, vscore 0.6058063791554357, best score 0.6637765798143155
batch 2750, tloss 0.45597992557287215, vscore 0.6529761904761905, best score 0.6637765798143155
batch 3000, tloss 0.4918607989549637, vscore 0.6438080263551961, best score 0.6637765798143155
batch 3250, tloss 0.4456800092458725, vscore 0.6067460317460318, best score 0.6637765798143155
batch 3500, tloss 0.4200310634374618, vscore 0.6386455525606467, best score 0.6637765798143155
batch 250, tloss 0.563091230392456, vscore 0.6299715483677748, best score 0.6637765798143155
batch 500, tloss 0.1586008690595627, vscore 0.6529312668463613, best score 0.6637765798143155
batch 750, tloss 0.12273959451913834, vscore 0.6533563396770944, best score 0.6637765798143155
batch 1000, tloss 0.1514107772707939, vscore 0.6523697214734949, best score 0.6637765798143155
batch 1250, tloss 0.12667337048053742, vscore 0.6521076669661575, best score 0.6637765798143155
batch 1500, tloss 0.15721995109319686, vscore 0.6495395327942498, best score 0.6637765798143155
batch 1750, tloss 0.1571571959257126, vscore 0.6495395327942498, best score 0.6637765798143155
batch 2000, tloss 0.11800120669603348, vscore 0.6542565139263253, best score 0.6637765798143155
batch 2250, tloss 0.13727118104696273, vscore 0.6550426774483379, best score 0.6637765798143155
batch 2500, tloss 0.1293569663167, vscore 0.6483602875112309, best score 0.6637765798143155
batch 2750, tloss 0.1245644012093544, vscore 0.6507187780772685, best score 0.6637765798143155
batch 3000, tloss 0.14103297364711762, vscore 0.6507187780772685, best score 0.6637765798143155
batch 3250, tloss 0.1337492572069168, vscore 0.6522911051212937, best score 0.6637765798143155
batch 3500, tloss 0.11706972688436508, vscore 0.6522911051212937, best score 0.6637765798143155
fold 0 best score 0.6637765798143155
fold 1
fold1 t/v: 7455/212
initial score 0.6062547515377705
batch 250, tloss 1.7605645141601562, vscore 0.6060223581449996, best score 0.6062547515377705
batch 500, tloss 0.8949736578464508, vscore 0.6313670606123437, best score 0.6313670606123437
batch 750, tloss 0.8320736871957779, vscore 0.6395712385099178, best score 0.6395712385099178
batch 1000, tloss 0.9416773411035537, vscore 0.6348205646554703, best score 0.6395712385099178
batch 1250, tloss 0.8544096862077712, vscore 0.5897565484829635, best score 0.6395712385099178
batch 1500, tloss 0.8484682404994964, vscore 0.6159994355749072, best score 0.6395712385099178
batch 1750, tloss 0.851653939962387, vscore 0.6137815015173504, best score 0.6395712385099178
batch 2000, tloss 0.8969051337838173, vscore 0.6410164521013578, best score 0.6410164521013578
batch 2250, tloss 0.8532556829452514, vscore 0.6350058746285161, best score 0.6410164521013578
batch 2500, tloss 0.9292608253955841, vscore 0.6422610408459466, best score 0.6422610408459466
batch 2750, tloss 0.8345168993473053, vscore 0.6077428467758655, best score 0.6422610408459466
batch 3000, tloss 0.8199587024450302, vscore 0.6581912191582002, best score 0.6581912191582002
batch 3250, tloss 0.8915162090659141, vscore 0.6570296841523255, best score 0.6581912191582002
batch 3500, tloss 0.8611775454878807, vscore 0.6686536733706545, best score 0.6686536733706545
batch 250, tloss 0.8405107233524323, vscore 0.6662277973598727, best score 0.6686536733706545
batch 500, tloss 0.4358445356488228, vscore 0.6338210138917687, best score 0.6686536733706545
batch 750, tloss 0.46156322258710863, vscore 0.6484455272191122, best score 0.6686536733706545
batch 1000, tloss 0.5062787375450134, vscore 0.6748374659931263, best score 0.6748374659931263
batch 1250, tloss 0.5124939557313919, vscore 0.6796318854101873, best score 0.6796318854101873
batch 1500, tloss 0.4466320035457611, vscore 0.6810469797498099, best score 0.6810469797498099
batch 1750, tloss 0.4709839255809784, vscore 0.6476743382403759, best score 0.6810469797498099
batch 2000, tloss 0.4239197733998299, vscore 0.6395150839726312, best score 0.6810469797498099
batch 2250, tloss 0.4428930710554123, vscore 0.6597531792107263, best score 0.6810469797498099
batch 2500, tloss 0.4435622236132622, vscore 0.6576979231460364, best score 0.6810469797498099
batch 2750, tloss 0.39433256363868713, vscore 0.6709054703158476, best score 0.6810469797498099
batch 3000, tloss 0.46743272787332535, vscore 0.663605380468588, best score 0.6810469797498099
batch 3250, tloss 0.465072385430336, vscore 0.6671431163176446, best score 0.6810469797498099
batch 3500, tloss 0.4486114463210106, vscore 0.6820352996060544, best score 0.6820352996060544
batch 250, tloss 0.5588037716150284, vscore 0.674499360702191, best score 0.6820352996060544
batch 500, tloss 0.14019081938266753, vscore 0.6760716877462161, best score 0.6820352996060544
batch 750, tloss 0.15525137829780578, vscore 0.6762289204506184, best score 0.6820352996060544
batch 1000, tloss 0.16437785023450852, vscore 0.6771386239546616, best score 0.6820352996060544
batch 1250, tloss 0.12100410914421081, vscore 0.6692769887345359, best score 0.6820352996060544
batch 1500, tloss 0.11488128465414048, vscore 0.6784301783122538, best score 0.6820352996060544
batch 1750, tloss 0.1433581730723381, vscore 0.679104032759693, best score 0.6820352996060544
batch 2000, tloss 0.1270051122903824, vscore 0.6755662969106364, best score 0.6820352996060544
batch 2250, tloss 0.12173201560974121, vscore 0.677531705715668, best score 0.6820352996060544
batch 2500, tloss 0.12042145323753357, vscore 0.6771386239546617, best score 0.6820352996060544
batch 2750, tloss 0.1265991525053978, vscore 0.6755662969106366, best score 0.6820352996060544
batch 3000, tloss 0.10456284976005555, vscore 0.6777675547722717, best score 0.6820352996060544
batch 3250, tloss 0.13752002424001694, vscore 0.6824845359043471, best score 0.6824845359043471
batch 3500, tloss 0.16978491115570069, vscore 0.6824845359043471, best score 0.6824845359043471
fold 1 best score 0.6824845359043471
fold 2
fold2 t/v: 7456/211
initial score 0.6111675317836456
batch 250, tloss 1.6949159183502198, vscore 0.6291694877002934, best score 0.6291694877002934
batch 500, tloss 0.9941853609085083, vscore 0.6508651169788611, best score 0.6508651169788611
batch 750, tloss 0.8824943935871125, vscore 0.6328556383058752, best score 0.6508651169788611
batch 1000, tloss 0.8027179795503616, vscore 0.6463627473106146, best score 0.6508651169788611
batch 1250, tloss 0.9585089302062988, vscore 0.6201384187166178, best score 0.6508651169788611
batch 1500, tloss 0.8596785954236984, vscore 0.6143963856049164, best score 0.6508651169788611
batch 1750, tloss 0.9846433798074722, vscore 0.6432821785902353, best score 0.6508651169788611
batch 2000, tloss 0.8672543396949768, vscore 0.628142631460167, best score 0.6508651169788611
batch 2250, tloss 0.9284118204116821, vscore 0.6613236289776574, best score 0.6613236289776574
batch 2500, tloss 0.8285759568214417, vscore 0.6718953242649925, best score 0.6718953242649925
batch 2750, tloss 0.8636656560897827, vscore 0.6580399458361544, best score 0.6718953242649925
batch 3000, tloss 0.8692879008054734, vscore 0.6671091235196998, best score 0.6718953242649925
batch 3250, tloss 0.7809733936786651, vscore 0.6486910403972016, best score 0.6718953242649925
batch 3500, tloss 0.8230975122451782, vscore 0.6809862333559016, best score 0.6809862333559016
batch 250, tloss 0.8291295095682144, vscore 0.6814601670051906, best score 0.6814601670051906
batch 500, tloss 0.4943574879169464, vscore 0.65260533305557, best score 0.6814601670051906
batch 750, tloss 0.4787788468003273, vscore 0.6925793795462042, best score 0.6925793795462042
batch 1000, tloss 0.479573568880558, vscore 0.6628977657413676, best score 0.6925793795462042
batch 1250, tloss 0.5041044173836708, vscore 0.6705860227187241, best score 0.6925793795462042
batch 1500, tloss 0.4278144461512566, vscore 0.6892010832769127, best score 0.6925793795462042
batch 1750, tloss 0.44368124729394914, vscore 0.644572331302189, best score 0.6925793795462042
batch 2000, tloss 0.49950905752182007, vscore 0.6648329948092982, best score 0.6925793795462042
batch 2250, tloss 0.4592082095742226, vscore 0.7081979237192507, best score 0.7081979237192507
batch 2500, tloss 0.48265352338552475, vscore 0.6916158880613856, best score 0.7081979237192507
batch 2750, tloss 0.47066470223665235, vscore 0.6792930345063046, best score 0.7081979237192507
batch 3000, tloss 0.43109517282247545, vscore 0.6763258858045587, best score 0.7081979237192507
batch 3250, tloss 0.47242384815216065, vscore 0.7094485819604303, best score 0.7094485819604303
batch 3500, tloss 0.40100723546743394, vscore 0.7131873918603777, best score 0.7131873918603777
batch 250, tloss 0.5062031224370003, vscore 0.7176502670578501, best score 0.7176502670578501
batch 500, tloss 0.18286732345819473, vscore 0.7004833370947114, best score 0.7176502670578501
batch 750, tloss 0.15282018280029297, vscore 0.7156887083427368, best score 0.7176502670578501
batch 1000, tloss 0.1699641652703285, vscore 0.7168735424659595, best score 0.7176502670578501
batch 1250, tloss 0.14331550830602646, vscore 0.7023659068682765, best score 0.7176502670578501
batch 1500, tloss 0.15025304752588273, vscore 0.7028398405175658, best score 0.7176502670578501
batch 1750, tloss 0.11977484661340713, vscore 0.7052095087640112, best score 0.7176502670578501
batch 2000, tloss 0.13200861823558807, vscore 0.7053674866471075, best score 0.7176502670578501
batch 2250, tloss 0.12749611485004425, vscore 0.7210072970736479, best score 0.7210072970736479
batch 2500, tloss 0.10588154077529907, vscore 0.7160309937561122, best score 0.7210072970736479
batch 2750, tloss 0.11789519035816193, vscore 0.7179267283532687, best score 0.7210072970736479
batch 3000, tloss 0.113048444211483, vscore 0.7179267283532687, best score 0.7210072970736479
batch 3250, tloss 0.1557646581530571, vscore 0.7131873918603776, best score 0.7210072970736479
batch 3500, tloss 0.11851416438817979, vscore 0.7179267283532687, best score 0.7210072970736479
fold 2 best score 0.7210072970736479
fold 3
fold3 t/v: 7456/211
initial score 0.6482631836304822
batch 250, tloss 1.6739349479675294, vscore 0.6957524637027007, best score 0.6957524637027007
batch 500, tloss 0.9139893431663513, vscore 0.6770151583540208, best score 0.6957524637027007
batch 750, tloss 0.8806347460746765, vscore 0.6926324005115474, best score 0.6957524637027007
batch 1000, tloss 0.862580276966095, vscore 0.6916209317275668, best score 0.6957524637027007
batch 1250, tloss 0.8314042930006981, vscore 0.6725221921311969, best score 0.6957524637027007
batch 1500, tloss 0.871448106765747, vscore 0.7054060407733393, best score 0.7054060407733393
batch 1750, tloss 0.8822106671333313, vscore 0.699925712781163, best score 0.7054060407733393
batch 2000, tloss 0.9274295370578766, vscore 0.6959555781238247, best score 0.7054060407733393
batch 2250, tloss 0.8241169518232345, vscore 0.7021825396825396, best score 0.7054060407733393
batch 2500, tloss 0.8574450966715813, vscore 0.694086173173851, best score 0.7054060407733393
batch 2750, tloss 0.8507352155447007, vscore 0.7160905774057433, best score 0.7160905774057433
batch 3000, tloss 0.8988405420184136, vscore 0.7183285974162751, best score 0.7183285974162751
batch 3250, tloss 0.7735845282077789, vscore 0.6925628150154216, best score 0.7183285974162751
batch 3500, tloss 0.9580073945522308, vscore 0.6850930599153349, best score 0.7183285974162751
batch 250, tloss 0.8712231665849686, vscore 0.693774320729297, best score 0.7183285974162751
batch 500, tloss 0.5208430534601212, vscore 0.6667860904235311, best score 0.7183285974162751
batch 750, tloss 0.49227308243513107, vscore 0.6964182276386067, best score 0.7183285974162751
batch 1000, tloss 0.48448507487773895, vscore 0.7200001880689084, best score 0.7200001880689084
batch 1250, tloss 0.42640168535709383, vscore 0.7026003946027642, best score 0.7200001880689084
batch 1500, tloss 0.461638378739357, vscore 0.6374044268001614, best score 0.7200001880689084
batch 1750, tloss 0.5285775349140167, vscore 0.6914118332957194, best score 0.7200001880689084
batch 2000, tloss 0.45210315310955046, vscore 0.7047707098062548, best score 0.7200001880689084
batch 2250, tloss 0.4220069484114647, vscore 0.6998395430267469, best score 0.7200001880689084
batch 2500, tloss 0.4244624070525169, vscore 0.7193477329327915, best score 0.7200001880689084
batch 2750, tloss 0.42090006762743, vscore 0.7006591815241104, best score 0.7200001880689084
batch 3000, tloss 0.4399584683179855, vscore 0.7132522756337922, best score 0.7200001880689084
batch 3250, tloss 0.42985745775699613, vscore 0.6854707364778454, best score 0.7200001880689084
batch 3500, tloss 0.3998476047515869, vscore 0.6755012036410141, best score 0.7200001880689084
batch 250, tloss 0.5980977650880813, vscore 0.685414315805311, best score 0.7200001880689084
batch 500, tloss 0.16106475639343262, vscore 0.6935106823139998, best score 0.7200001880689084
batch 750, tloss 0.1670751006603241, vscore 0.7008002332054464, best score 0.7200001880689084
batch 1000, tloss 0.15835407429933548, vscore 0.6983459339501994, best score 0.7200001880689084
batch 1250, tloss 0.14145887696743012, vscore 0.7032432483261866, best score 0.7200001880689084
batch 1500, tloss 0.1302249711751938, vscore 0.6965291882945911, best score 0.7200001880689084
batch 1750, tloss 0.15810476326942444, vscore 0.6958239298879109, best score 0.7200001880689084
batch 2000, tloss 0.14440525448322297, vscore 0.6925797412171819, best score 0.7200001880689084
batch 2250, tloss 0.13410767030715942, vscore 0.7004786353720003, best score 0.7200001880689084
batch 2500, tloss 0.15163490861654283, vscore 0.6965291882945911, best score 0.7200001880689084
batch 2750, tloss 0.12669844901561736, vscore 0.6981089671255548, best score 0.7200001880689084
batch 3000, tloss 0.13584053701162338, vscore 0.7004786353720003, best score 0.7200001880689084
