Fri Aug 20 10:57:37 2021       
+-----------------------------------------------------------------------------+
| NVIDIA-SMI 460.80       Driver Version: 460.80       CUDA Version: 11.2     |
|-------------------------------+----------------------+----------------------+
| GPU  Name        Persistence-M| Bus-Id        Disp.A | Volatile Uncorr. ECC |
| Fan  Temp  Perf  Pwr:Usage/Cap|         Memory-Usage | GPU-Util  Compute M. |
|                               |                      |               MIG M. |
|===============================+======================+======================|
|   0  GeForce RTX 3090    Off  | 00000000:41:00.0 Off |                  N/A |
| 43%   32C    P0    47W / 350W |      0MiB / 24268MiB |      3%      Default |
|                               |                      |                  N/A |
+-------------------------------+----------------------+----------------------+
                                                                               
+-----------------------------------------------------------------------------+
| Processes:                                                                  |
|  GPU   GI   CI        PID   Type   Process name                  GPU Memory |
|        ID   ID                                                   Usage      |
|=============================================================================|
|  No running processes found                                                 |
+-----------------------------------------------------------------------------+
nvcc: NVIDIA (R) Cuda compiler driver
Copyright (c) 2005-2020 NVIDIA Corporation
Built on Mon_Oct_12_20:09:46_PDT_2020
Cuda compilation tools, release 11.1, V11.1.105
Build cuda_11.1.TC455_06.29190527_0
START
----------------------------------------
2021-08-20 10:58:14.123891
{'accumulation_steps': 1,
 'batch_size': 4,
 'doc_stride': 128,
 'dropout': True,
 'epochs': 3,
 'eval_steps': 1000,
 'experiment_name': 'xrobl-ep3-bs4-lr3.5e-6-adamw-wd1e-2-cosann-wu5e-2-usedropout-stepeval',
 'lr': 3.5e-06,
 'max_length': 512,
 'model_checkpoint': '../../input/deepset-xlm-roberta-large-squad2',
 'optimizer': 'adamw',
 'scheduler': 'cosann',
 'train_path': '../../input/chaii-hindi-and-tamil-question-answering/chaii-mlqa-xquad-5folds-count_leq15.csv',
 'warmup_ratio': 0.05,
 'weight_decay': 0.01}
----------------------------------------
fold 0
fold0 t/v: 7455/212
initial score 0.6155510631925726
batch 250, tloss 1.4046670875549316, vscore 0.6448974243785565, best score 0.6448974243785565
batch 500, tloss 1.052068475484848, vscore 0.6295335429769392, best score 0.6448974243785565
batch 750, tloss 0.8605349159240723, vscore 0.6373614854746931, best score 0.6448974243785565
batch 1000, tloss 0.8183662030696869, vscore 0.631128331835879, best score 0.6448974243785565
batch 1250, tloss 0.900496434211731, vscore 0.6512878107217731, best score 0.6512878107217731
batch 1500, tloss 0.7864697719812394, vscore 0.6602500748727164, best score 0.6602500748727164
batch 1750, tloss 0.8819517914056778, vscore 0.6388664270739742, best score 0.6602500748727164
batch 2000, tloss 0.7902540856599808, vscore 0.6399333632824199, best score 0.6602500748727164
batch 2250, tloss 0.8404334305524827, vscore 0.6499513327343516, best score 0.6602500748727164
batch 2500, tloss 0.7429826219081879, vscore 0.6258947289607667, best score 0.6602500748727164
batch 2750, tloss 0.7962700488567352, vscore 0.6251085654387541, best score 0.6602500748727164
batch 3000, tloss 0.7167041190266609, vscore 0.6407532195268044, best score 0.6602500748727164
batch 3250, tloss 0.7209147830605507, vscore 0.6304806828391735, best score 0.6602500748727164
batch 3500, tloss 0.7867699446678161, vscore 0.6509995507637016, best score 0.6602500748727164
batch 250, tloss 0.5452398057579995, vscore 0.6423517520215632, best score 0.6602500748727164
batch 500, tloss 0.4291871110796928, vscore 0.6437631027253667, best score 0.6602500748727164
batch 750, tloss 0.44789399766921995, vscore 0.6332322551662175, best score 0.6602500748727164
batch 1000, tloss 0.48981454479694364, vscore 0.6539607666966157, best score 0.6602500748727164
batch 1250, tloss 0.4650095353126526, vscore 0.6679544773884396, best score 0.6679544773884396
batch 1500, tloss 0.4025947181582451, vscore 0.6541179994010182, best score 0.6679544773884396
batch 1750, tloss 0.4781831399798393, vscore 0.6555780173704701, best score 0.6679544773884396
batch 2000, tloss 0.3865055420398712, vscore 0.6501871817909554, best score 0.6679544773884396
batch 2250, tloss 0.4897753015160561, vscore 0.6490341419586702, best score 0.6679544773884396
batch 2500, tloss 0.5108558554649353, vscore 0.6440700808625337, best score 0.6679544773884396
batch 2750, tloss 0.44760947954654695, vscore 0.6514712488769092, best score 0.6679544773884396
batch 3000, tloss 0.48286740958690644, vscore 0.6567123390236598, best score 0.6679544773884396
batch 3250, tloss 0.442595267534256, vscore 0.649232554657083, best score 0.6679544773884396
batch 3500, tloss 0.4456814622282982, vscore 0.6683363282419886, best score 0.6683363282419886
batch 250, tloss 0.4183444415330887, vscore 0.6599019167415393, best score 0.6683363282419886
batch 500, tloss 0.20768290120363236, vscore 0.64547020065888, best score 0.6683363282419886
batch 750, tloss 0.18018093717098235, vscore 0.6456948188080263, best score 0.6683363282419886
batch 1000, tloss 0.20203851419687271, vscore 0.6429544773884397, best score 0.6683363282419886
batch 1250, tloss 0.18113269382715225, vscore 0.6399670560047918, best score 0.6683363282419886
batch 1500, tloss 0.22151780408620833, vscore 0.6432165318957771, best score 0.6683363282419886
batch 1750, tloss 0.20957621002197266, vscore 0.6335205151242886, best score 0.6683363282419886
batch 2000, tloss 0.20544223183393479, vscore 0.6319481880802635, best score 0.6683363282419886
batch 2250, tloss 0.18555546456575395, vscore 0.6311620245582509, best score 0.6683363282419886
batch 2500, tloss 0.21511641079187394, vscore 0.627231206948188, best score 0.6683363282419886
batch 2750, tloss 0.16969953608512878, vscore 0.627231206948188, best score 0.6683363282419886
batch 3000, tloss 0.21116127616167069, vscore 0.6288035339922131, best score 0.6683363282419886
batch 3250, tloss 0.1919477380514145, vscore 0.6288035339922131, best score 0.6683363282419886
batch 3500, tloss 0.17676018750667571, vscore 0.6288035339922131, best score 0.6683363282419886
fold 0 best score 0.6683363282419886
fold 1
fold1 t/v: 7455/212
initial score 0.6062547515377705
batch 250, tloss 1.4681465454101563, vscore 0.6277092404450895, best score 0.6277092404450895
batch 500, tloss 0.8970614948272705, vscore 0.6349834128136015, best score 0.6349834128136015
batch 750, tloss 0.8393657042980194, vscore 0.6390209240445089, best score 0.6390209240445089
batch 1000, tloss 0.913289645433426, vscore 0.6419184981684981, best score 0.6419184981684981
batch 1250, tloss 0.8081513720750809, vscore 0.6546262699564586, best score 0.6546262699564586
batch 1500, tloss 0.7971068475246429, vscore 0.6538681837030893, best score 0.6546262699564586
batch 1750, tloss 0.7862524933815003, vscore 0.6370442843320201, best score 0.6546262699564586
batch 2000, tloss 0.8456549808979035, vscore 0.6386952277282465, best score 0.6546262699564586
batch 2250, tloss 0.8072350192070007, vscore 0.6532167910705647, best score 0.6546262699564586
batch 2500, tloss 0.8700455594062805, vscore 0.6552460118497855, best score 0.6552460118497855
batch 2750, tloss 0.7719450421333313, vscore 0.6612188126339069, best score 0.6612188126339069
batch 3000, tloss 0.756329699575901, vscore 0.6710065484829636, best score 0.6710065484829636
batch 3250, tloss 0.838539131462574, vscore 0.6581246976294145, best score 0.6710065484829636
batch 3500, tloss 0.7874670777320861, vscore 0.6644140058055152, best score 0.6710065484829636
batch 250, tloss 0.6000493727326394, vscore 0.6600114900822448, best score 0.6710065484829636
batch 500, tloss 0.4100065775513649, vscore 0.6514984622295943, best score 0.6710065484829636
batch 750, tloss 0.43074684542417524, vscore 0.6679311516575668, best score 0.6710065484829636
batch 1000, tloss 0.49094814306497575, vscore 0.6630962459971894, best score 0.6710065484829636
batch 1250, tloss 0.4662587141394615, vscore 0.6673883244637961, best score 0.6710065484829636
batch 1500, tloss 0.4243312628269196, vscore 0.671893790172092, best score 0.671893790172092
batch 1750, tloss 0.4607636955976486, vscore 0.6569810168866772, best score 0.671893790172092
batch 2000, tloss 0.4073551102280617, vscore 0.660836961780358, best score 0.671893790172092
batch 2250, tloss 0.4218358221054077, vscore 0.6555660927123191, best score 0.671893790172092
batch 2500, tloss 0.45076595366001126, vscore 0.6596296392286959, best score 0.671893790172092
batch 2750, tloss 0.3921450355052948, vscore 0.6704393876563688, best score 0.671893790172092
batch 3000, tloss 0.4532456890940666, vscore 0.6707033139816159, best score 0.671893790172092
batch 3250, tloss 0.4645354959964752, vscore 0.6647284712143202, best score 0.671893790172092
batch 3500, tloss 0.43572956800460816, vscore 0.6592253265602322, best score 0.671893790172092
batch 250, tloss 0.42032129913568494, vscore 0.6541152636671504, best score 0.671893790172092
batch 500, tloss 0.17862246119976044, vscore 0.6470397919690372, best score 0.671893790172092
batch 750, tloss 0.20350365287065506, vscore 0.6586076266500795, best score 0.671893790172092
batch 1000, tloss 0.2175349154472351, vscore 0.6523183184739788, best score 0.671893790172092
batch 1250, tloss 0.17495864349603654, vscore 0.6542837272790102, best score 0.671893790172092
batch 1500, tloss 0.17488265877962111, vscore 0.646646710208031, best score 0.671893790172092
batch 1750, tloss 0.20539455634355544, vscore 0.6542837272790102, best score 0.671893790172092
batch 2000, tloss 0.17422806638479232, vscore 0.6466467102080309, best score 0.671893790172092
batch 2250, tloss 0.1560333999991417, vscore 0.6497913642960812, best score 0.671893790172092
batch 2500, tloss 0.15689178794622421, vscore 0.6482190372520561, best score 0.671893790172092
batch 2750, tloss 0.1692865399122238, vscore 0.6482190372520561, best score 0.671893790172092
batch 3000, tloss 0.15716700744628906, vscore 0.6442882196419932, best score 0.671893790172092
batch 3250, tloss 0.1703728646636009, vscore 0.6442882196419932, best score 0.671893790172092
batch 3500, tloss 0.22738128328323365, vscore 0.6442882196419932, best score 0.671893790172092
fold 1 best score 0.671893790172092
fold 2
fold2 t/v: 7456/211
initial score 0.6111675317836456
batch 250, tloss 1.3925256338119507, vscore 0.6310652222974498, best score 0.6310652222974498
batch 500, tloss 1.00048166513443, vscore 0.6437034529451591, best score 0.6437034529451591
batch 750, tloss 0.884091111421585, vscore 0.6122658542089822, best score 0.6437034529451591
batch 1000, tloss 0.7931371912956238, vscore 0.6353042954938689, best score 0.6437034529451591
batch 1250, tloss 0.9126153550148011, vscore 0.6287482133453696, best score 0.6437034529451591
batch 1500, tloss 0.7945444229841232, vscore 0.6397276762205673, best score 0.6437034529451591
batch 1750, tloss 0.9164895280599594, vscore 0.6408335214022417, best score 0.6437034529451591
batch 2000, tloss 0.8111810297966003, vscore 0.668269013766644, best score 0.668269013766644
batch 2250, tloss 0.8792128984928131, vscore 0.6620815466787031, best score 0.668269013766644
batch 2500, tloss 0.7743304786682129, vscore 0.6646881817497932, best score 0.668269013766644
batch 2750, tloss 0.8044659178256989, vscore 0.6739298879109306, best score 0.6739298879109306
batch 3000, tloss 0.823675899028778, vscore 0.655604453471752, best score 0.6739298879109306
batch 3250, tloss 0.7462091921567917, vscore 0.6726660648461597, best score 0.6739298879109306
batch 3500, tloss 0.7673542113900185, vscore 0.666820883171594, best score 0.6739298879109306
batch 250, tloss 0.6068076556921005, vscore 0.6541826525238847, best score 0.6739298879109306
batch 500, tloss 0.4715629335641861, vscore 0.6576581659520048, best score 0.6739298879109306
batch 750, tloss 0.47100154459476473, vscore 0.6593169337245167, best score 0.6739298879109306
batch 1000, tloss 0.4599189234375954, vscore 0.6377830437072143, best score 0.6739298879109306
batch 1250, tloss 0.4815428638458252, vscore 0.6441510569472655, best score 0.6739298879109306
batch 1500, tloss 0.43051440626382825, vscore 0.6408861806966072, best score 0.6739298879109306
batch 1750, tloss 0.4369637815356255, vscore 0.6462611901000527, best score 0.6739298879109306
batch 2000, tloss 0.4846282618045807, vscore 0.658132099601294, best score 0.6739298879109306
batch 2250, tloss 0.4249782428741455, vscore 0.6587640111336794, best score 0.6739298879109306
batch 2500, tloss 0.48875214636325837, vscore 0.6850673286692244, best score 0.6850673286692244
batch 2750, tloss 0.4997400559186935, vscore 0.682697660422779, best score 0.6850673286692244
batch 3000, tloss 0.4076851701140404, vscore 0.6696644850673287, best score 0.6850673286692244
batch 3250, tloss 0.48612358552217483, vscore 0.6725080869630632, best score 0.6850673286692244
batch 3500, tloss 0.39512677878141406, vscore 0.6771684345144061, best score 0.6850673286692244
batch 250, tloss 0.3994678313136101, vscore 0.6636613255096668, best score 0.6850673286692244
batch 500, tloss 0.21307824236154557, vscore 0.667610772587076, best score 0.6850673286692244
batch 750, tloss 0.2062181561589241, vscore 0.6707703302490032, best score 0.6850673286692244
batch 1000, tloss 0.2166228746175766, vscore 0.6699804408335215, best score 0.6850673286692244
batch 1250, tloss 0.206257652759552, vscore 0.667610772587076, best score 0.6850673286692244
batch 1500, tloss 0.20107173800468445, vscore 0.6699804408335215, best score 0.6850673286692244
batch 1750, tloss 0.1789235225915909, vscore 0.6747197773264125, best score 0.6850673286692244
batch 2000, tloss 0.18339722341299056, vscore 0.6747197773264125, best score 0.6850673286692244
batch 2250, tloss 0.18971064776182175, vscore 0.6747197773264125, best score 0.6850673286692244
batch 2500, tloss 0.166814355969429, vscore 0.6747197773264125, best score 0.6850673286692244
batch 2750, tloss 0.17787221521139146, vscore 0.6747197773264125, best score 0.6850673286692244
batch 3000, tloss 0.1849895383119583, vscore 0.6747197773264125, best score 0.6850673286692244
batch 3250, tloss 0.21152272582054138, vscore 0.6747197773264125, best score 0.6850673286692244
batch 3500, tloss 0.18297293490171432, vscore 0.6747197773264125, best score 0.6850673286692244
fold 2 best score 0.6850673286692244
fold 3
fold3 t/v: 7456/211
initial score 0.6482631836304822
batch 250, tloss 1.388388677597046, vscore 0.6814216128789589, best score 0.6814216128789589
batch 500, tloss 0.9145174751281738, vscore 0.6906576769728429, best score 0.6906576769728429
batch 750, tloss 0.8715368320941925, vscore 0.6768910328744452, best score 0.6906576769728429
batch 1000, tloss 0.8393379017114639, vscore 0.7024762691231886, best score 0.7024762691231886
batch 1250, tloss 0.8005396959781647, vscore 0.6865728202813511, best score 0.7024762691231886
batch 1500, tloss 0.8276398611068726, vscore 0.6938341608365305, best score 0.7024762691231886
batch 1750, tloss 0.8265051574707031, vscore 0.6822227864289476, best score 0.7024762691231886
batch 2000, tloss 0.8894097812175751, vscore 0.7095586022718724, best score 0.7095586022718724
batch 2250, tloss 0.7691959499716758, vscore 0.7093423230271572, best score 0.7095586022718724
batch 2500, tloss 0.7854162286520004, vscore 0.7014772812758595, best score 0.7095586022718724
batch 2750, tloss 0.7979708448648453, vscore 0.6890086545892233, best score 0.7095586022718724
batch 3000, tloss 0.8370239760875702, vscore 0.7093084706236364, best score 0.7095586022718724
batch 3250, tloss 0.7375722234249115, vscore 0.7231146091928083, best score 0.7231146091928083
batch 3500, tloss 0.870826322555542, vscore 0.7069729967241815, best score 0.7231146091928083
batch 250, tloss 0.6292560039162636, vscore 0.7092335850037271, best score 0.7231146091928083
batch 500, tloss 0.48815716689825056, vscore 0.6897759757356914, best score 0.7231146091928083
batch 750, tloss 0.4772179780602455, vscore 0.717568799026145, best score 0.7231146091928083
batch 1000, tloss 0.459494012594223, vscore 0.7131792707029674, best score 0.7231146091928083
batch 1250, tloss 0.38286217653751375, vscore 0.7018217893217893, best score 0.7231146091928083
batch 1500, tloss 0.43429188477993014, vscore 0.6989255281316893, best score 0.7231146091928083
batch 1750, tloss 0.5290288771986962, vscore 0.6983346498156924, best score 0.7231146091928083
batch 2000, tloss 0.45069496297836303, vscore 0.7056072745053787, best score 0.7231146091928083
batch 2250, tloss 0.4127012059688568, vscore 0.7091222824042729, best score 0.7231146091928083
batch 2500, tloss 0.42291103476285935, vscore 0.7128084330098547, best score 0.7231146091928083
batch 2750, tloss 0.42115441226959227, vscore 0.7112173700443842, best score 0.7231146091928083
batch 3000, tloss 0.4548948370218277, vscore 0.718589671255548, best score 0.7231146091928083
batch 3250, tloss 0.4062982152700424, vscore 0.6929182652523884, best score 0.7231146091928083
batch 3500, tloss 0.40270957189798356, vscore 0.6983816670428046, best score 0.7231146091928083
batch 250, tloss 0.3701786180734634, vscore 0.7062805611976228, best score 0.7231146091928083
batch 500, tloss 0.19202854096889496, vscore 0.7021731362371174, best score 0.7231146091928083
batch 750, tloss 0.21488904750347138, vscore 0.7077023621454901, best score 0.7231146091928083
batch 1000, tloss 0.19641848903894424, vscore 0.7077399759271796, best score 0.7231146091928083
batch 1250, tloss 0.19800745874643325, vscore 0.711689423004589, best score 0.7231146091928083
batch 1500, tloss 0.19157558238506317, vscore 0.7051333408560897, best score 0.7231146091928083
batch 1750, tloss 0.19634417992830278, vscore 0.6953913713984805, best score 0.7231146091928083
batch 2000, tloss 0.17738436126708984, vscore 0.7018158053110659, best score 0.7231146091928083
batch 2250, tloss 0.1679930537343025, vscore 0.6976030617618296, best score 0.7231146091928083
batch 2500, tloss 0.1802767310142517, vscore 0.6994085232829309, best score 0.7231146091928083
batch 2750, tloss 0.1722660054564476, vscore 0.6960232829308659, best score 0.7231146091928083
batch 3000, tloss 0.18392496699094774, vscore 0.6960232829308659, best score 0.7231146091928083
batch 3250, tloss 0.16202638590335847, vscore 0.6960232829308659, best score 0.7231146091928083
batch 3500, tloss 0.2184958820939064, vscore 0.6960232829308659, best score 0.7231146091928083
fold 3 best score 0.7231146091928083
fold 4
fold4 t/v: 7456/211
initial score 0.6382014115426438
batch 250, tloss 1.4642956809997558, vscore 0.6715347448759771, best score 0.6715347448759771
batch 500, tloss 0.9552490100860596, vscore 0.6515956792023143, best score 0.6715347448759771
batch 750, tloss 0.8810810489654541, vscore 0.6335128536550338, best score 0.6715347448759771
batch 1000, tloss 0.857039568901062, vscore 0.6589698611025626, best score 0.6715347448759771
batch 1250, tloss 0.8244831111431122, vscore 0.6482950698590509, best score 0.6715347448759771
batch 1500, tloss 0.8586590099334717, vscore 0.65224451693646, best score 0.6715347448759771
batch 1750, tloss 0.8423847259879113, vscore 0.667730110858073, best score 0.6715347448759771
batch 2000, tloss 0.7812079672813416, vscore 0.6665753677602019, best score 0.6715347448759771
batch 2250, tloss 0.7472744406461715, vscore 0.6796517989645952, best score 0.6796517989645952
batch 2500, tloss 0.7896997265815735, vscore 0.6727365052009602, best score 0.6796517989645952
batch 2750, tloss 0.7652478172779084, vscore 0.6831009827455324, best score 0.6831009827455324
batch 3000, tloss 0.7667697812318802, vscore 0.665745983873946, best score 0.6831009827455324
batch 3250, tloss 0.8193485276699066, vscore 0.6883706735602471, best score 0.6883706735602471
batch 3500, tloss 0.8491104917526245, vscore 0.6982499333210234, best score 0.6982499333210234
batch 250, tloss 0.5673149082660675, vscore 0.6774758416938512, best score 0.6982499333210234
batch 500, tloss 0.42709638553857804, vscore 0.6768439301614656, best score 0.6982499333210234
batch 750, tloss 0.4947860022187233, vscore 0.6683751872140498, best score 0.6982499333210234
batch 1000, tloss 0.43299127846956253, vscore 0.671393693194641, best score 0.6982499333210234
batch 1250, tloss 0.4254970043897629, vscore 0.6731935126484889, best score 0.6982499333210234
batch 1500, tloss 0.47408442437648773, vscore 0.7004446974826122, best score 0.7004446974826122
batch 1750, tloss 0.4798281609416008, vscore 0.6945205268664983, best score 0.7004446974826122
batch 2000, tloss 0.4457067137360573, vscore 0.6981201657741942, best score 0.7004446974826122
batch 2250, tloss 0.44432710093259814, vscore 0.6968337744404095, best score 0.7004446974826122
batch 2500, tloss 0.44966773211956024, vscore 0.6888220389405223, best score 0.7004446974826122
batch 2750, tloss 0.4329531802535057, vscore 0.677678956114975, best score 0.7004446974826122
batch 3000, tloss 0.45332759428024294, vscore 0.686723189922242, best score 0.7004446974826122
batch 3250, tloss 0.4833786393404007, vscore 0.6767762253544245, best score 0.7004446974826122
batch 3500, tloss 0.43017713791131973, vscore 0.6786663178843274, best score 0.7004446974826122
batch 250, tloss 0.4463542474508286, vscore 0.6791176832646026, best score 0.7004446974826122
batch 500, tloss 0.22271417140960692, vscore 0.6738141400463675, best score 0.7004446974826122
batch 750, tloss 0.2030802788734436, vscore 0.6742880736956566, best score 0.7004446974826122
batch 1000, tloss 0.2274819149374962, vscore 0.6780651812642334, best score 0.7004446974826122
batch 1250, tloss 0.20717811852693557, vscore 0.6742090847541085, best score 0.7004446974826122
batch 1500, tloss 0.19933251243829728, vscore 0.6756647381054963, best score 0.7004446974826122
batch 1750, tloss 0.15738698267936707, vscore 0.6792192404751646, best score 0.7004446974826122
batch 2000, tloss 0.1859576916694641, vscore 0.6682736300034877, best score 0.7004446974826122
batch 2250, tloss 0.2039579046368599, vscore 0.676962413573788, best score 0.7004446974826122
batch 2500, tloss 0.19539693677425385, vscore 0.6717152910280871, best score 0.7004446974826122
batch 2750, tloss 0.18260037916898728, vscore 0.6717152910280871, best score 0.7004446974826122
batch 3000, tloss 0.16097996425628663, vscore 0.6717152910280871, best score 0.7004446974826122
batch 3250, tloss 0.20731102800369264, vscore 0.6685557333661599, best score 0.7004446974826122
batch 3500, tloss 0.21468466705083847, vscore 0.6685557333661599, best score 0.7004446974826122
fold 4 best score 0.7004446974826122
5 fold cv jaccard 0.6897713507517451
FINISH
