Tue Aug 24 01:56:51 2021       
+-----------------------------------------------------------------------------+
| NVIDIA-SMI 460.80       Driver Version: 460.80       CUDA Version: 11.2     |
|-------------------------------+----------------------+----------------------+
| GPU  Name        Persistence-M| Bus-Id        Disp.A | Volatile Uncorr. ECC |
| Fan  Temp  Perf  Pwr:Usage/Cap|         Memory-Usage | GPU-Util  Compute M. |
|                               |                      |               MIG M. |
|===============================+======================+======================|
|   0  GeForce RTX 3090    Off  | 00000000:41:00.0 Off |                  N/A |
| 42%   28C    P0    47W / 350W |      0MiB / 24268MiB |      0%      Default |
|                               |                      |                  N/A |
+-------------------------------+----------------------+----------------------+
                                                                               
+-----------------------------------------------------------------------------+
| Processes:                                                                  |
|  GPU   GI   CI        PID   Type   Process name                  GPU Memory |
|        ID   ID                                                   Usage      |
|=============================================================================|
|  No running processes found                                                 |
+-----------------------------------------------------------------------------+
nvcc: NVIDIA (R) Cuda compiler driver
Copyright (c) 2005-2020 NVIDIA Corporation
Built on Mon_Oct_12_20:09:46_PDT_2020
Cuda compilation tools, release 11.1, V11.1.105
Build cuda_11.1.TC455_06.29190527_0
START
----------------------------------------
2021-08-24 01:58:51.745495
xrobl-ep3-bs4-ga1-lr1e-05-adamw-wd0-cosann-wu0.1-dropout0.5-evalsteps1000
{'accumulation_steps': 1,
 'batch_size': 4,
 'doc_stride': 128,
 'dropout': 0.5,
 'epochs': 3,
 'eval_steps': 1000,
 'lr': 1e-05,
 'max_length': 512,
 'model_checkpoint': '../../input/deepset-xlm-roberta-large-squad2',
 'optimizer': 'adamw',
 'scheduler': 'cosann',
 'train_path': '../../input/chaii-hindi-and-tamil-question-answering/chaii-mlqa-xquad-5folds-count_leq15.csv',
 'warmup_ratio': 0.1,
 'weight_decay': 0}
----------------------------------------
fold 0
fold0 t/v: 7455/212
initial score 0.6155510631925726
batch 250, tloss 5.650409912109375, vscore 0.6173592392932015, best score 0.6173592392932015
batch 500, tloss 1.2644544701576232, vscore 0.6319369571728062, best score 0.6319369571728062
batch 750, tloss 0.9329676647186279, vscore 0.6453466606768494, best score 0.6453466606768494
batch 1000, tloss 0.8627427654266357, vscore 0.6601377657981432, best score 0.6601377657981432
batch 1250, tloss 0.9263077073097229, vscore 0.6454926624737946, best score 0.6601377657981432
batch 1500, tloss 0.8132715213298798, vscore 0.645234351602276, best score 0.6601377657981432
batch 1750, tloss 0.9182445777654648, vscore 0.6506588799041629, best score 0.6601377657981432
batch 2000, tloss 0.8014351341724396, vscore 0.6498727163821504, best score 0.6601377657981432
batch 2250, tloss 0.8433061240911484, vscore 0.6566674153938304, best score 0.6601377657981432
batch 2500, tloss 0.7815158543586731, vscore 0.6484126984126983, best score 0.6601377657981432
batch 2750, tloss 0.8296627824306488, vscore 0.6281296795447738, best score 0.6601377657981432
batch 3000, tloss 0.7421587058901786, vscore 0.6092280622941, best score 0.6601377657981432
batch 3250, tloss 0.7822985888719559, vscore 0.6411126085654387, best score 0.6601377657981432
batch 3500, tloss 0.7985506021976471, vscore 0.6587825696316261, best score 0.6601377657981432
batch 250, tloss 5.052752960205078, vscore 0.6237309074573225, best score 0.6601377657981432
batch 500, tloss 0.6496875967979431, vscore 0.6301063192572626, best score 0.6601377657981432
batch 750, tloss 0.6051104590892792, vscore 0.6268177053554412, best score 0.6601377657981432
batch 1000, tloss 0.6625719423294067, vscore 0.6349131476489968, best score 0.6601377657981432
batch 1250, tloss 0.6121713449954986, vscore 0.6426308230553514, best score 0.6601377657981432
batch 1500, tloss 0.529669408082962, vscore 0.6430106319257263, best score 0.6601377657981432
batch 1750, tloss 0.6342130213975906, vscore 0.6425222576165972, best score 0.6601377657981432
batch 2000, tloss 0.512500902891159, vscore 0.6263888888888889, best score 0.6601377657981432
batch 2250, tloss 0.6273550539016723, vscore 0.6202118897873614, best score 0.6601377657981432
batch 2500, tloss 0.6367144452333451, vscore 0.6262765798143156, best score 0.6601377657981432
batch 2750, tloss 0.5608126690387726, vscore 0.6336685589044079, best score 0.6601377657981432
batch 3000, tloss 0.6120211205482483, vscore 0.6175052410901467, best score 0.6601377657981432
batch 3250, tloss 0.5729591741561889, vscore 0.6106094639113507, best score 0.6601377657981432
batch 3500, tloss 0.5901102821826935, vscore 0.6343740640910451, best score 0.6601377657981432
batch 250, tloss 5.051403137207031, vscore 0.6066956628277382, best score 0.6601377657981432
batch 500, tloss 0.32701153588294984, vscore 0.6056117100928421, best score 0.6601377657981432
batch 750, tloss 0.2963163868188858, vscore 0.6306566337226714, best score 0.6601377657981432
batch 1000, tloss 0.33395349949598313, vscore 0.6267258161126087, best score 0.6601377657981432
batch 1250, tloss 0.287709130525589, vscore 0.6219302186283318, best score 0.6601377657981432
batch 1500, tloss 0.3318814935684204, vscore 0.6219302186283319, best score 0.6601377657981432
batch 1750, tloss 0.3254808320403099, vscore 0.6052972446840372, best score 0.6601377657981432
batch 2000, tloss 0.2867278224229813, vscore 0.6147312069481882, best score 0.6601377657981432
batch 2250, tloss 0.29245527350902556, vscore 0.6191337226714586, best score 0.6601377657981432
batch 2500, tloss 0.3150160803794861, vscore 0.6111934710991316, best score 0.6601377657981432
batch 2750, tloss 0.2565384415984154, vscore 0.6041179994010184, best score 0.6601377657981432
batch 3000, tloss 0.35326616817712786, vscore 0.6088349805330938, best score 0.6601377657981432
batch 3250, tloss 0.31181934696435926, vscore 0.6088349805330938, best score 0.6601377657981432
batch 3500, tloss 0.282975395321846, vscore 0.6088349805330938, best score 0.6601377657981432
fold 0 best score 0.6601377657981432
fold 1
fold1 t/v: 7455/212
initial score 0.6062547515377705
batch 250, tloss 5.493541259765625, vscore 0.6062547515377705, best score 0.6062547515377705
batch 500, tloss 1.1007789103984833, vscore 0.6037390282673302, best score 0.6062547515377705
batch 750, tloss 0.9071942527294159, vscore 0.6259032241343562, best score 0.6259032241343562
batch 1000, tloss 0.9598919992446899, vscore 0.6389535385997649, best score 0.6389535385997649
batch 1250, tloss 0.8427063455581665, vscore 0.6318275278180939, best score 0.6389535385997649
batch 1500, tloss 0.83130393242836, vscore 0.6368084352754164, best score 0.6389535385997649
batch 1750, tloss 0.8229232678413391, vscore 0.6199957668118045, best score 0.6389535385997649
batch 2000, tloss 0.8767536025047302, vscore 0.6111366228111512, best score 0.6389535385997649
batch 2250, tloss 0.8257422080039978, vscore 0.6400449786062993, best score 0.6400449786062993
batch 2500, tloss 0.9039967737197876, vscore 0.6487843262607415, best score 0.6487843262607415
batch 2750, tloss 0.7940000433921814, vscore 0.6283684083212385, best score 0.6487843262607415
batch 3000, tloss 0.7733218990564347, vscore 0.6644645448890732, best score 0.6644645448890732
batch 3250, tloss 0.8612949124574661, vscore 0.6635773031999447, best score 0.6644645448890732
batch 3500, tloss 0.8225997886657714, vscore 0.6624149042781118, best score 0.6644645448890732
batch 250, tloss 4.45975048828125, vscore 0.5459813771134525, best score 0.6644645448890732
batch 500, tloss 0.5801258348822593, vscore 0.6366680489321999, best score 0.6644645448890732
batch 750, tloss 0.5537210212945938, vscore 0.6481930019665869, best score 0.6644645448890732
batch 1000, tloss 0.5682506306767464, vscore 0.6402920585703604, best score 0.6644645448890732
batch 1250, tloss 0.5270738837718963, vscore 0.669956458635704, best score 0.669956458635704
batch 1500, tloss 0.5019892203807831, vscore 0.6666508282074318, best score 0.669956458635704
batch 1750, tloss 0.5213627014160156, vscore 0.6361139908309719, best score 0.669956458635704
batch 2000, tloss 0.47590966403484347, vscore 0.6241455871172853, best score 0.669956458635704
batch 2250, tloss 0.5032407782077789, vscore 0.6395038530651738, best score 0.669956458635704
batch 2500, tloss 0.5366617866754532, vscore 0.6636278422835026, best score 0.669956458635704
batch 2750, tloss 0.4506250436902046, vscore 0.6687491360840416, best score 0.669956458635704
batch 3000, tloss 0.5341228694915772, vscore 0.6561584249084249, best score 0.669956458635704
batch 3250, tloss 0.5294827669858932, vscore 0.6442451678300735, best score 0.669956458635704
batch 3500, tloss 0.5186562684774398, vscore 0.6621169972585067, best score 0.669956458635704
batch 250, tloss 4.408006622314453, vscore 0.6467384292855991, best score 0.669956458635704
batch 500, tloss 0.22945036363601684, vscore 0.6454019512981777, best score 0.669956458635704
batch 750, tloss 0.23976997351646423, vscore 0.6511671504596033, best score 0.669956458635704
batch 1000, tloss 0.26888865149021146, vscore 0.6381571520722464, best score 0.669956458635704
batch 1250, tloss 0.21344085067510604, vscore 0.6397294791162714, best score 0.669956458635704
batch 1500, tloss 0.20524742442369462, vscore 0.6378426866634413, best score 0.669956458635704
batch 1750, tloss 0.2303237847685814, vscore 0.6386288501854539, best score 0.669956458635704
batch 2000, tloss 0.21336483389139174, vscore 0.6322306885986132, best score 0.669956458635704
batch 2250, tloss 0.20690228444337844, vscore 0.6298721980325754, best score 0.669956458635704
batch 2500, tloss 0.18593270343542098, vscore 0.6326540074181584, best score 0.669956458635704
batch 2750, tloss 0.2115019620656967, vscore 0.6356373971940009, best score 0.669956458635704
batch 3000, tloss 0.20674024271965027, vscore 0.6322306885986132, best score 0.669956458635704
batch 3250, tloss 0.228280218064785, vscore 0.6322306885986132, best score 0.669956458635704
batch 3500, tloss 0.2765291255712509, vscore 0.6322306885986132, best score 0.669956458635704
fold 1 best score 0.669956458635704
fold 2
fold2 t/v: 7456/211
initial score 0.6111675317836456
batch 250, tloss 5.545353881835937, vscore 0.6117965669680195, best score 0.6117965669680195
batch 500, tloss 1.1947151494026185, vscore 0.6401226209283082, best score 0.6401226209283082
batch 750, tloss 0.9359215402603149, vscore 0.6306439479425262, best score 0.6401226209283082
batch 1000, tloss 0.8137234106063843, vscore 0.6484164597908674, best score 0.6484164597908674
batch 1250, tloss 0.9533330111503601, vscore 0.6167456556082148, best score 0.6484164597908674
batch 1500, tloss 0.8114192569255829, vscore 0.6301963439404199, best score 0.6484164597908674
batch 1750, tloss 0.9352302136421203, vscore 0.6312532912058978, best score 0.6484164597908674
batch 2000, tloss 0.836180837392807, vscore 0.6262468968630105, best score 0.6484164597908674
batch 2250, tloss 0.9159344298839569, vscore 0.6593959226660648, best score 0.6593959226660648
batch 2500, tloss 0.7996748340129852, vscore 0.6697231283724174, best score 0.6697231283724174
batch 2750, tloss 0.8351741178035736, vscore 0.6606465809072446, best score 0.6697231283724174
batch 3000, tloss 0.8577499663829804, vscore 0.6558621078763259, best score 0.6697231283724174
batch 3250, tloss 0.7723459267616272, vscore 0.6424608961338819, best score 0.6697231283724174
batch 3500, tloss 0.8124612410068512, vscore 0.6588862559241705, best score 0.6697231283724174
batch 250, tloss 5.587800415039062, vscore 0.0034672698827981794, best score 0.6697231283724174
batch 500, tloss 6.2337509765625, vscore 0.0033548181122389155, best score 0.6697231283724174
batch 750, tloss 6.237515625, vscore 0.003213689943547764, best score 0.6697231283724174
batch 1000, tloss 6.235447265625, vscore 0.0012942906432554723, best score 0.6697231283724174
batch 1250, tloss 6.232646484375, vscore 0.002228123024234587, best score 0.6697231283724174
batch 1500, tloss 6.23385546875, vscore 0.0013823064770932068, best score 0.6697231283724174
batch 1750, tloss 6.2321533203125, vscore 0.00036456434560699967, best score 0.6697231283724174
batch 2000, tloss 6.237451171875, vscore 0.0013378209468256862, best score 0.6697231283724174
batch 2250, tloss 6.2316337890625, vscore 0.0020786563565311383, best score 0.6697231283724174
batch 2500, tloss 6.23691015625, vscore 0.0008911572892615547, best score 0.6697231283724174
batch 2750, tloss 6.236470703125, vscore 0.00047393364928909954, best score 0.6697231283724174
batch 3000, tloss 6.234642578125, vscore 0.0013540961408259986, best score 0.6697231283724174
batch 3250, tloss 6.23676953125, vscore 0.0009221333447706462, best score 0.6697231283724174
batch 3500, tloss 6.2347734375, vscore 0.0015054362977418455, best score 0.6697231283724174
batch 250, tloss 6.3083515625, vscore 0.0018140101078489702, best score 0.6697231283724174
batch 500, tloss 6.237236328125, vscore 0.004508662743259899, best score 0.6697231283724174
batch 750, tloss 6.235919921875, vscore 0.002949088544917049, best score 0.6697231283724174
batch 1000, tloss 6.2380234375, vscore 0.0028602519929950025, best score 0.6697231283724174
batch 1250, tloss 6.23332470703125, vscore 0.00972940032739308, best score 0.6697231283724174
batch 1500, tloss 6.23755078125, vscore 0.003987002633430523, best score 0.6697231283724174
batch 1750, tloss 6.2375546875, vscore 0.0019046593217209333, best score 0.6697231283724174
batch 2000, tloss 6.23762890625, vscore 0.004255576095746058, best score 0.6697231283724174
batch 2250, tloss 6.238107421875, vscore 0.0034192459338821205, best score 0.6697231283724174
batch 2500, tloss 6.22809521484375, vscore 0.0028381306591619584, best score 0.6697231283724174
batch 2750, tloss 6.235662109375, vscore 0.005540510042879711, best score 0.6697231283724174
batch 3000, tloss 6.23803515625, vscore 0.0035920544508558435, best score 0.6697231283724174
batch 3250, tloss 6.230646728515625, vscore 0.010456868658708637, best score 0.6697231283724174
batch 3500, tloss 6.23371484375, vscore 0.0025145339126381784, best score 0.6697231283724174
fold 2 best score 0.6697231283724174
fold 3
fold3 t/v: 7456/211
initial score 0.6482631836304822
batch 250, tloss 5.407491943359375, vscore 0.6640609719401189, best score 0.6640609719401189
batch 500, tloss 1.1108004550933839, vscore 0.6673390130143685, best score 0.6673390130143685
batch 750, tloss 0.9261920576095581, vscore 0.6875714661852103, best score 0.6875714661852103
batch 1000, tloss 0.8841105632781983, vscore 0.6913685774467765, best score 0.6913685774467765
batch 1250, tloss 0.8211748013496399, vscore 0.6689977807868803, best score 0.6913685774467765
batch 1500, tloss 0.8513145244121552, vscore 0.6909962010080494, best score 0.6913685774467765
batch 1750, tloss 0.8451475558280945, vscore 0.6815118859550139, best score 0.6913685774467765
batch 2000, tloss 0.9162388014793396, vscore 0.6955211389453095, best score 0.6955211389453095
batch 2250, tloss 0.7986875768899918, vscore 0.7113621831038893, best score 0.7113621831038893
batch 2500, tloss 0.8189355654716491, vscore 0.705118295343414, best score 0.7113621831038893
batch 2750, tloss 0.8292230923175812, vscore 0.7071648270107986, best score 0.7113621831038893
batch 3000, tloss 0.8602516694068909, vscore 0.7098542124016058, best score 0.7113621831038893
batch 3250, tloss 0.7716076267957688, vscore 0.7071757692018356, best score 0.7113621831038893
batch 3500, tloss 0.9111316659450531, vscore 0.7006877338038476, best score 0.7113621831038893
batch 250, tloss 4.802813598632812, vscore 0.486048108026781, best score 0.7113621831038893
batch 500, tloss 0.655921147108078, vscore 0.6943870834273678, best score 0.7113621831038893
batch 750, tloss 0.5669159586429596, vscore 0.6895220827092865, best score 0.7113621831038893
batch 1000, tloss 0.5739783339500427, vscore 0.7098899454942109, best score 0.7113621831038893
batch 1250, tloss 0.47068383800983427, vscore 0.690302226735876, best score 0.7113621831038893
batch 1500, tloss 0.48786172962188723, vscore 0.664567219247314, best score 0.7113621831038893
batch 1750, tloss 0.5859513566493988, vscore 0.7048515794368875, best score 0.7113621831038893
batch 2000, tloss 0.5059362140893936, vscore 0.6966138193033927, best score 0.7113621831038893
batch 2250, tloss 0.46786763978004453, vscore 0.6886773113668849, best score 0.7113621831038893
batch 2500, tloss 0.48489486408233645, vscore 0.7134459866094938, best score 0.7134459866094938
batch 2750, tloss 0.4808537496328354, vscore 0.697354810802678, best score 0.7134459866094938
batch 3000, tloss 0.5064991335868836, vscore 0.7001194237568646, best score 0.7134459866094938
batch 3250, tloss 0.4914930312633514, vscore 0.6901141578274279, best score 0.7134459866094938
batch 3500, tloss 0.46469135999679567, vscore 0.6904827728879861, best score 0.7134459866094938
batch 250, tloss 4.058708068847657, vscore 0.7091015948243437, best score 0.7134459866094938
batch 500, tloss 0.2446187670826912, vscore 0.6959367712329798, best score 0.7134459866094938
batch 750, tloss 0.23881817024946211, vscore 0.7015976453772662, best score 0.7134459866094938
batch 1000, tloss 0.24039261621236802, vscore 0.7067319265778982, best score 0.7134459866094938
batch 1250, tloss 0.20835928124189376, vscore 0.7043622583314527, best score 0.7134459866094938
batch 1500, tloss 0.20439790469408034, vscore 0.7035723689159707, best score 0.7134459866094938
batch 1750, tloss 0.22222456282377243, vscore 0.7043622583314527, best score 0.7134459866094938
batch 2000, tloss 0.20514494824409485, vscore 0.7019925900850071, best score 0.7134459866094938
batch 2250, tloss 0.1903224771618843, vscore 0.7047007823666591, best score 0.7134459866094938
batch 2500, tloss 0.2098718627691269, vscore 0.7054906717821411, best score 0.7134459866094938
batch 2750, tloss 0.19664246958494186, vscore 0.7047007823666591, best score 0.7134459866094938
batch 3000, tloss 0.1933007326722145, vscore 0.7047007823666591, best score 0.7134459866094938
batch 3250, tloss 0.19855232632160186, vscore 0.7039108929511774, best score 0.7134459866094938
batch 3500, tloss 0.24849781650304795, vscore 0.7047007823666591, best score 0.7134459866094938
fold 3 best score 0.7134459866094938
fold 4
fold4 t/v: 7456/211
initial score 0.6382014115426438
batch 250, tloss 5.48767041015625, vscore 0.6335410639913008, best score 0.6382014115426438
batch 500, tloss 1.1659390425682068, vscore 0.6529723436121541, best score 0.6529723436121541
batch 750, tloss 0.942738712310791, vscore 0.6526507457787077, best score 0.6529723436121541
batch 1000, tloss 0.9075435724258423, vscore 0.6521768121294188, best score 0.6529723436121541
batch 1250, tloss 0.8643870553970336, vscore 0.647070741265054, best score 0.6529723436121541
batch 1500, tloss 0.8929160933494568, vscore 0.6347879608543117, best score 0.6529723436121541
batch 1750, tloss 0.863291048526764, vscore 0.659797364299734, best score 0.659797364299734
batch 2000, tloss 0.8133114584684372, vscore 0.6754541009280346, best score 0.6754541009280346
batch 2250, tloss 0.7586534872055054, vscore 0.6632070536098973, best score 0.6754541009280346
batch 2500, tloss 0.8072218062877655, vscore 0.6436065119714409, best score 0.6754541009280346
batch 2750, tloss 0.8049242660999298, vscore 0.6706489403171868, best score 0.6754541009280346
batch 3000, tloss 0.7905618060827255, vscore 0.6621294187644897, best score 0.6754541009280346
batch 3250, tloss 0.839929146528244, vscore 0.6864467286268234, best score 0.6864467286268234
batch 3500, tloss 0.8726165602207184, vscore 0.6849459387374079, best score 0.6864467286268234
batch 250, tloss 4.541215270996093, vscore 0.5712480252764612, best score 0.6864467286268234
batch 500, tloss 0.5302577649950981, vscore 0.6666035780964691, best score 0.6864467286268234
batch 750, tloss 0.6048962155580521, vscore 0.7056692517592991, best score 0.7056692517592991
batch 1000, tloss 0.5316633995771408, vscore 0.6711172318992225, best score 0.7056692517592991
batch 1250, tloss 0.5075412347316742, vscore 0.6878666488856063, best score 0.7056692517592991
batch 1500, tloss 0.5666122133731842, vscore 0.6820572003036458, best score 0.7056692517592991
batch 1750, tloss 0.5607656438350678, vscore 0.6875525738084981, best score 0.7056692517592991
batch 2000, tloss 0.5022322860956192, vscore 0.688049075726801, best score 0.7056692517592991
batch 2250, tloss 0.4942367061972618, vscore 0.6922336089397702, best score 0.7056692517592991
batch 2500, tloss 0.5157280378341674, vscore 0.7069161486223099, best score 0.7069161486223099
batch 2750, tloss 0.5088511457443238, vscore 0.6921847110235736, best score 0.7069161486223099
batch 3000, tloss 0.5228866533637047, vscore 0.7149109579204366, best score 0.7149109579204366
batch 3250, tloss 0.563949266076088, vscore 0.6855778502697933, best score 0.7149109579204366
batch 3500, tloss 0.48852415841817853, vscore 0.6850587800824768, best score 0.7149109579204366
batch 250, tloss 4.336648406982422, vscore 0.6651535668123346, best score 0.7149109579204366
batch 500, tloss 0.27839829909801483, vscore 0.670090375659096, best score 0.7149109579204366
batch 750, tloss 0.24609923899173736, vscore 0.6655880059908496, best score 0.7149109579204366
batch 1000, tloss 0.24694482743740082, vscore 0.6706564630735247, best score 0.7149109579204366
batch 1250, tloss 0.2556472862362862, vscore 0.6710514077812655, best score 0.7149109579204366
batch 1500, tloss 0.24269768911600112, vscore 0.6687212340055941, best score 0.7149109579204366
batch 1750, tloss 0.1949457814693451, vscore 0.6710909022520397, best score 0.7149109579204366
batch 2000, tloss 0.20038830882310868, vscore 0.6671414551746304, best score 0.7149109579204366
batch 2250, tloss 0.22656241261959076, vscore 0.6704589907196541, best score 0.7149109579204366
batch 2500, tloss 0.21507878863811494, vscore 0.6620335036211813, best score 0.7149109579204366
batch 2750, tloss 0.19836153173446655, vscore 0.6653510391662051, best score 0.7149109579204366
batch 3000, tloss 0.17549348199367523, vscore 0.6614015920887958, best score 0.7149109579204366
batch 3250, tloss 0.2659341431260109, vscore 0.6724600439055415, best score 0.7149109579204366
batch 3500, tloss 0.25716259217262266, vscore 0.6724600439055415, best score 0.7149109579204366
fold 4 best score 0.7149109579204366
5 fold cv jaccard 0.6856348594672389
FINISH
