Fri Aug 20 00:29:48 2021       
+-----------------------------------------------------------------------------+
| NVIDIA-SMI 460.73.01    Driver Version: 460.73.01    CUDA Version: 11.2     |
|-------------------------------+----------------------+----------------------+
| GPU  Name        Persistence-M| Bus-Id        Disp.A | Volatile Uncorr. ECC |
| Fan  Temp  Perf  Pwr:Usage/Cap|         Memory-Usage | GPU-Util  Compute M. |
|                               |                      |               MIG M. |
|===============================+======================+======================|
|   0  Tesla P100-PCIE...  Off  | 00000000:02:00.0 Off |                    0 |
| N/A   34C    P0    26W / 250W |      0MiB / 16280MiB |      0%      Default |
|                               |                      |                  N/A |
+-------------------------------+----------------------+----------------------+
                                                                               
+-----------------------------------------------------------------------------+
| Processes:                                                                  |
|  GPU   GI   CI        PID   Type   Process name                  GPU Memory |
|        ID   ID                                                   Usage      |
|=============================================================================|
|  No running processes found                                                 |
+-----------------------------------------------------------------------------+
nvcc: NVIDIA (R) Cuda compiler driver
Copyright (c) 2005-2020 NVIDIA Corporation
Built on Mon_Oct_12_20:09:46_PDT_2020
Cuda compilation tools, release 11.1, V11.1.105
Build cuda_11.1.TC455_06.29190527_0
START
----------------------------------------
2021-08-20 00:31:01.695385
{'accumulation_steps': 4,
 'batch_size': 1,
 'doc_stride': 128,
 'dropout': False,
 'epochs': 3,
 'eval_steps': 1000,
 'experiment_name': 'xrobl-ep3-bs4-lr3.5e-6-adamw-wd1e-2-cosann-wu5e-2-nodropout-stepeval',
 'lr': 3.5e-06,
 'max_length': 512,
 'model_checkpoint': '../../input/deepset-xlm-roberta-large-squad2',
 'optimizer': 'adamw',
 'scheduler': 'cosann',
 'train_path': '../../input/chaii-hindi-and-tamil-question-answering/chaii-mlqa-xquad-5folds-count_leq15.csv',
 'warmup_ratio': 0.05,
 'weight_decay': 0.01}
----------------------------------------
fold 0
fold0 t/v: 7455/212
initial score 0.6155510631925726
batch 999, tloss 0.33831458592414854, vscore 0.6331611260856544, best score 0.6155510631925726
batch 1999, tloss 0.2922216925621033, vscore 0.6483565438754118, best score 0.6331611260856544
batch 2999, tloss 0.24001302456855775, vscore 0.6315251572327044, best score 0.6483565438754118
batch 3999, tloss 0.22551591765880585, vscore 0.6446428571428571, best score 0.6483565438754118
batch 4999, tloss 0.243927070915699, vscore 0.627680443246481, best score 0.6483565438754118
batch 5999, tloss 0.22249293768405914, vscore 0.6161993928503362, best score 0.6483565438754118
batch 6999, tloss 0.24106333589553833, vscore 0.6097671458520514, best score 0.6483565438754118
batch 7999, tloss 0.2170277609229088, vscore 0.6627994908655285, best score 0.6483565438754118
batch 8999, tloss 0.23291247293353082, vscore 0.6106768493560946, best score 0.6627994908655285
batch 9999, tloss 0.20347743120789527, vscore 0.6133610362383947, best score 0.6627994908655285
batch 10999, tloss 0.2200074506998062, vscore 0.6257711889787362, best score 0.6627994908655285
batch 11999, tloss 0.20116132375597953, vscore 0.6235025456723571, best score 0.6627994908655285
batch 12999, tloss 0.20827994626760482, vscore 0.6182209561926544, best score 0.6627994908655285
batch 13999, tloss 0.22355091819167136, vscore 0.6209868224019167, best score 0.6627994908655285
batch 999, tloss 0.17300023552775384, vscore 0.6114293201557351, best score 0.6627994908655285
batch 1999, tloss 0.18940750604867934, vscore 0.6212226714585205, best score 0.6627994908655285
batch 2999, tloss 0.18362244039773942, vscore 0.6279724468403712, best score 0.6627994908655285
batch 3999, tloss 0.19869287109375, vscore 0.6205151242887091, best score 0.6627994908655285
batch 4999, tloss 0.1897948145866394, vscore 0.6413484576220425, best score 0.6627994908655285
batch 5999, tloss 0.16658760631084443, vscore 0.6550277029050614, best score 0.6627994908655285
batch 6999, tloss 0.1866487275362015, vscore 0.6488956274333633, best score 0.6627994908655285
batch 7999, tloss 0.15571863889694215, vscore 0.6379679544773884, best score 0.6627994908655285
batch 8999, tloss 0.19268754601478577, vscore 0.6367100928421682, best score 0.6627994908655285
batch 9999, tloss 0.1924418354034424, vscore 0.6438641808924829, best score 0.6627994908655285
batch 10999, tloss 0.1779560447782278, vscore 0.6367100928421683, best score 0.6627994908655285
batch 11999, tloss 0.19886368060112, vscore 0.6277478286912249, best score 0.6627994908655285
batch 12999, tloss 0.1717532603740692, vscore 0.6331723569931116, best score 0.6627994908655285
batch 13999, tloss 0.1838582992553711, vscore 0.6335654387541181, best score 0.6627994908655285
batch 999, tloss 0.15000077784061433, vscore 0.629634621144055, best score 0.6627994908655285
batch 1999, tloss 0.14448993510007857, vscore 0.6332509733453129, best score 0.6627994908655285
batch 2999, tloss 0.1360169352889061, vscore 0.6316000299490865, best score 0.6627994908655285
batch 3999, tloss 0.16302147629857064, vscore 0.6269616651692123, best score 0.6627994908655285
batch 4999, tloss 0.14089314183592797, vscore 0.629634621144055, best score 0.6627994908655285
batch 5999, tloss 0.15381073105335236, vscore 0.6269616651692123, best score 0.6627994908655285
batch 6999, tloss 0.15138658237457275, vscore 0.6258610362383946, best score 0.6627994908655285
batch 7999, tloss 0.1440024656057358, vscore 0.6258610362383946, best score 0.6627994908655285
batch 8999, tloss 0.1370978381037712, vscore 0.6258610362383946, best score 0.6627994908655285
batch 9999, tloss 0.16862456291913985, vscore 0.6274333632824198, best score 0.6627994908655285
batch 10999, tloss 0.1421906903386116, vscore 0.6269616651692123, best score 0.6627994908655285
batch 11999, tloss 0.1649996344447136, vscore 0.6269616651692123, best score 0.6627994908655285
batch 12999, tloss 0.1556764316558838, vscore 0.6269616651692123, best score 0.6627994908655285
batch 13999, tloss 0.1378882810473442, vscore 0.6269616651692123, best score 0.6627994908655285
fold 0 best score 0.6627994908655285
fold 1
fold1 t/v: 7455/212
initial score 0.6062547515377705
batch 999, tloss 0.3486655297279358, vscore 0.6172947335683185, best score 0.6062547515377705
batch 1999, tloss 0.24742062854766847, vscore 0.611881436173889, best score 0.6172947335683185
batch 2999, tloss 0.2326507991552353, vscore 0.6104551109268092, best score 0.6172947335683185
batch 3999, tloss 0.25296229314804075, vscore 0.6521386239546617, best score 0.6172947335683185
batch 4999, tloss 0.22544961893558502, vscore 0.620188734221753, best score 0.6521386239546617
batch 5999, tloss 0.21953485727310182, vscore 0.6444585550717626, best score 0.6521386239546617
batch 6999, tloss 0.2218183286190033, vscore 0.6684234397677793, best score 0.6521386239546617
batch 7999, tloss 0.22250900793075562, vscore 0.6484548863086599, best score 0.6684234397677793
batch 8999, tloss 0.2143703675866127, vscore 0.656445676964545, best score 0.6684234397677793
batch 9999, tloss 0.23351481926441192, vscore 0.6631954523463958, best score 0.6684234397677793
batch 10999, tloss 0.21296091988682747, vscore 0.647988803649181, best score 0.6684234397677793
batch 11999, tloss 0.21188404256105423, vscore 0.6550605317114752, best score 0.6684234397677793
batch 12999, tloss 0.22737399238348008, vscore 0.6556033589052456, best score 0.6684234397677793
batch 13999, tloss 0.21741682070493698, vscore 0.6485110408459464, best score 0.6684234397677793
batch 999, tloss 0.1885758517086506, vscore 0.6622520561199806, best score 0.6684234397677793
batch 1999, tloss 0.18877729389071465, vscore 0.6477978782224064, best score 0.6684234397677793
batch 2999, tloss 0.17859098756313324, vscore 0.6494881297947336, best score 0.6684234397677793
batch 3999, tloss 0.18569286966323853, vscore 0.660005874628516, best score 0.6684234397677793
batch 4999, tloss 0.18644669604301453, vscore 0.6514423076923077, best score 0.6684234397677793
batch 5999, tloss 0.17738814222812652, vscore 0.6527338620498997, best score 0.6684234397677793
batch 6999, tloss 0.19212558996677398, vscore 0.6452653085907804, best score 0.6684234397677793
batch 7999, tloss 0.17215549325942994, vscore 0.6603989563895224, best score 0.6684234397677793
batch 8999, tloss 0.18059329813718797, vscore 0.6543061890939249, best score 0.6684234397677793
batch 9999, tloss 0.19285803836584092, vscore 0.6614209689681388, best score 0.6684234397677793
batch 10999, tloss 0.1597844957113266, vscore 0.6615501244038979, best score 0.6684234397677793
batch 11999, tloss 0.19132466635107995, vscore 0.6723224364733797, best score 0.6684234397677793
batch 12999, tloss 0.1806295988559723, vscore 0.6598169911849157, best score 0.6723224364733797
batch 13999, tloss 0.18332486295700073, vscore 0.6716094440151044, best score 0.6723224364733797
batch 999, tloss 0.14774922958016395, vscore 0.666375841139992, best score 0.6723224364733797
batch 1999, tloss 0.14898873513936997, vscore 0.67187898579408, best score 0.6723224364733797
batch 2999, tloss 0.1529573059082031, vscore 0.671564520385275, best score 0.6723224364733797
batch 3999, tloss 0.16305342727899552, vscore 0.672822382020495, best score 0.6723224364733797
batch 4999, tloss 0.13672959867119788, vscore 0.6665330738443945, best score 0.672822382020495
batch 5999, tloss 0.15092300525307656, vscore 0.6717217530896775, best score 0.672822382020495
batch 6999, tloss 0.1596036788225174, vscore 0.6717217530896775, best score 0.672822382020495
batch 7999, tloss 0.15168499425053597, vscore 0.667004771957602, best score 0.672822382020495
batch 8999, tloss 0.1334752382338047, vscore 0.667004771957602, best score 0.672822382020495
batch 9999, tloss 0.14431299737095832, vscore 0.667004771957602, best score 0.672822382020495
batch 10999, tloss 0.13655127096176148, vscore 0.667004771957602, best score 0.672822382020495
batch 11999, tloss 0.150510566085577, vscore 0.667004771957602, best score 0.672822382020495
batch 12999, tloss 0.13874980339407922, vscore 0.667004771957602, best score 0.672822382020495
batch 13999, tloss 0.1708407171368599, vscore 0.667004771957602, best score 0.672822382020495
fold 1 best score 0.672822382020495
fold 2
fold2 t/v: 7456/211
initial score 0.6111675317836456
batch 999, tloss 0.33673698890209197, vscore 0.6201384187166178, best score 0.6111675317836456
batch 1999, tloss 0.27269590938091276, vscore 0.6373617693522906, best score 0.6201384187166178
batch 2999, tloss 0.23732256495952606, vscore 0.6347908673738057, best score 0.6373617693522906
batch 3999, tloss 0.22447334611415862, vscore 0.6327057618526812, best score 0.6373617693522906
batch 4999, tloss 0.24371229299902916, vscore 0.5935680433310765, best score 0.6373617693522906
