Fri Aug 20 00:21:33 2021       
+-----------------------------------------------------------------------------+
| NVIDIA-SMI 460.80       Driver Version: 460.80       CUDA Version: 11.2     |
|-------------------------------+----------------------+----------------------+
| GPU  Name        Persistence-M| Bus-Id        Disp.A | Volatile Uncorr. ECC |
| Fan  Temp  Perf  Pwr:Usage/Cap|         Memory-Usage | GPU-Util  Compute M. |
|                               |                      |               MIG M. |
|===============================+======================+======================|
|   0  GeForce RTX 208...  On   | 00000000:1A:00.0 Off |                  N/A |
| 35%   38C    P8     1W / 250W |      0MiB / 11019MiB |      0%      Default |
|                               |                      |                  N/A |
+-------------------------------+----------------------+----------------------+
                                                                               
+-----------------------------------------------------------------------------+
| Processes:                                                                  |
|  GPU   GI   CI        PID   Type   Process name                  GPU Memory |
|        ID   ID                                                   Usage      |
|=============================================================================|
|  No running processes found                                                 |
+-----------------------------------------------------------------------------+
nvcc: NVIDIA (R) Cuda compiler driver
Copyright (c) 2005-2020 NVIDIA Corporation
Built on Mon_Oct_12_20:09:46_PDT_2020
Cuda compilation tools, release 11.1, V11.1.105
Build cuda_11.1.TC455_06.29190527_0
START
----------------------------------------
2021-08-20 00:22:05.062960
{'accumulation_steps': 4,
 'batch_size': 1,
 'doc_stride': 128,
 'dropout': True,
 'epochs': 3,
 'eval_steps': 1000,
 'experiment_name': 'xrobl-ep3-bs4-lr3.5e-6-adamw-wd1e-2-cosann-wu5e-2-withdropout-stepeval',
 'lr': 3.5e-06,
 'max_length': 512,
 'model_checkpoint': '../../input/deepset-xlm-roberta-large-squad2',
 'optimizer': 'adamw',
 'scheduler': 'cosann',
 'train_path': '../../input/chaii-hindi-and-tamil-question-answering/chaii-mlqa-xquad-5folds-count_leq15.csv',
 'warmup_ratio': 0.05,
 'weight_decay': 0.01}
----------------------------------------
fold 0
fold0 t/v: 7455/212
