Fri Aug 20 21:42:12 2021       
+-----------------------------------------------------------------------------+
| NVIDIA-SMI 460.80       Driver Version: 460.80       CUDA Version: 11.2     |
|-------------------------------+----------------------+----------------------+
| GPU  Name        Persistence-M| Bus-Id        Disp.A | Volatile Uncorr. ECC |
| Fan  Temp  Perf  Pwr:Usage/Cap|         Memory-Usage | GPU-Util  Compute M. |
|                               |                      |               MIG M. |
|===============================+======================+======================|
|   0  GeForce RTX 3090    Off  | 00000000:41:00.0 Off |                  N/A |
| 43%   44C    P0    50W / 350W |      0MiB / 24268MiB |      3%      Default |
|                               |                      |                  N/A |
+-------------------------------+----------------------+----------------------+
                                                                               
+-----------------------------------------------------------------------------+
| Processes:                                                                  |
|  GPU   GI   CI        PID   Type   Process name                  GPU Memory |
|        ID   ID                                                   Usage      |
|=============================================================================|
|  No running processes found                                                 |
+-----------------------------------------------------------------------------+
nvcc: NVIDIA (R) Cuda compiler driver
Copyright (c) 2005-2020 NVIDIA Corporation
Built on Mon_Oct_12_20:09:46_PDT_2020
Cuda compilation tools, release 11.1, V11.1.105
Build cuda_11.1.TC455_06.29190527_0
START
----------------------------------------
2021-08-20 21:42:37.715001
xrobl-ep3-bs4-ga1-lr1e-05-adamw-wd0.0-cosann-wu0.1-dropoutTrue-evalsteps1000
{'accumulation_steps': 1,
 'batch_size': 4,
 'doc_stride': 128,
 'dropout': True,
 'epochs': 3,
 'eval_steps': 1000,
 'lr': 1e-05,
 'max_length': 512,
 'model_checkpoint': '../../input/deepset-xlm-roberta-large-squad2',
 'optimizer': 'adamw',
 'scheduler': 'cosann',
 'train_path': '../../input/chaii-hindi-and-tamil-question-answering/chaii-mlqa-xquad-5folds-count_leq15.csv',
 'warmup_ratio': 0.1,
 'weight_decay': 0.0}
----------------------------------------
fold 0
fold0 t/v: 7455/212
initial score 0.6155510631925726
batch 250, tloss 1.3629912147521972, vscore 0.6405735250074872, best score 0.6405735250074872
batch 500, tloss 1.014082554578781, vscore 0.6175351901766996, best score 0.6405735250074872
batch 750, tloss 0.8623713958263397, vscore 0.6391022761305779, best score 0.6405735250074872
batch 1000, tloss 0.8417860635519028, vscore 0.6522312069481881, best score 0.6522312069481881
batch 1250, tloss 0.9438921704292297, vscore 0.6462451332734351, best score 0.6522312069481881
batch 1500, tloss 0.8591955671906472, vscore 0.6280360886492963, best score 0.6522312069481881
batch 1750, tloss 0.9451197858452797, vscore 0.6225628930817609, best score 0.6522312069481881
batch 2000, tloss 0.8970437597632408, vscore 0.6301325247079964, best score 0.6522312069481881
batch 2250, tloss 0.9250909498929978, vscore 0.6075771188978735, best score 0.6522312069481881
batch 2500, tloss 0.7940137479305267, vscore 0.6269317160826595, best score 0.6522312069481881
batch 2750, tloss 0.8773374416828156, vscore 0.6023605325492118, best score 0.6522312069481881
batch 3000, tloss 0.7485850328803062, vscore 0.5982554657082959, best score 0.6522312069481881
batch 3250, tloss 0.8184628980159759, vscore 0.5984276729559749, best score 0.6522312069481881
batch 3500, tloss 0.8433387323617935, vscore 0.6436096136567835, best score 0.6522312069481881
batch 250, tloss 0.5373811886310578, vscore 0.6303928775626889, best score 0.6522312069481881
batch 500, tloss 0.4465101266503334, vscore 0.6606356693620844, best score 0.6606356693620844
batch 750, tloss 0.47569208800792695, vscore 0.6410152740341419, best score 0.6606356693620844
batch 1000, tloss 0.5004634168148041, vscore 0.6448582863677202, best score 0.6606356693620844
batch 1250, tloss 0.4573030745387077, vscore 0.6230645402815215, best score 0.6606356693620844
batch 1500, tloss 0.43098326164484024, vscore 0.6612608565438755, best score 0.6612608565438755
batch 1750, tloss 0.500334137737751, vscore 0.6596136567834681, best score 0.6612608565438755
batch 2000, tloss 0.3970524678826332, vscore 0.6305892482779274, best score 0.6612608565438755
batch 2250, tloss 0.47615503978729246, vscore 0.6367100928421683, best score 0.6612608565438755
batch 2500, tloss 0.5058664363026619, vscore 0.6392183288409703, best score 0.6612608565438755
batch 2750, tloss 0.4383844675421715, vscore 0.6357666966157531, best score 0.6612608565438755
batch 3000, tloss 0.46548733735084535, vscore 0.6325658879904162, best score 0.6612608565438755
batch 3250, tloss 0.4330007051229477, vscore 0.6382308898402128, best score 0.6612608565438755
batch 3500, tloss 0.42385171288251877, vscore 0.662122773637757, best score 0.662122773637757
batch 250, tloss 0.2508794747591019, vscore 0.6345013477088949, best score 0.662122773637757
batch 500, tloss 0.1284154979586601, vscore 0.6245058400718777, best score 0.662122773637757
batch 750, tloss 0.12185612291097642, vscore 0.6274258760107816, best score 0.662122773637757
batch 1000, tloss 0.1183446478843689, vscore 0.6147349505840072, best score 0.662122773637757
batch 1250, tloss 0.09990420806407928, vscore 0.6209119496855345, best score 0.662122773637757
batch 1500, tloss 0.13933077192306517, vscore 0.611945941898772, best score 0.662122773637757
batch 1750, tloss 0.1393116666674614, vscore 0.6225591494459419, best score 0.662122773637757
batch 2000, tloss 0.10695100784301757, vscore 0.6055780173704702, best score 0.662122773637757
batch 2250, tloss 0.12034391510486603, vscore 0.6257038035339921, best score 0.662122773637757
batch 2500, tloss 0.12406524801254272, vscore 0.6071503444144953, best score 0.662122773637757
batch 2750, tloss 0.11044808185100555, vscore 0.6105196166516921, best score 0.662122773637757
batch 3000, tloss 0.122124607026577, vscore 0.6105196166516921, best score 0.662122773637757
batch 3250, tloss 0.1182428457736969, vscore 0.6024333632824198, best score 0.662122773637757
batch 3500, tloss 0.09008298003673554, vscore 0.6024333632824198, best score 0.662122773637757
fold 0 best score 0.662122773637757
fold 1
fold1 t/v: 7455/212
initial score 0.6062547515377705
batch 250, tloss 1.4167788515090942, vscore 0.6231101838413159, best score 0.6231101838413159
batch 500, tloss 0.8706279678344726, vscore 0.6422161172161172, best score 0.6422161172161172
batch 750, tloss 0.8377485177516937, vscore 0.6335851648351648, best score 0.6422161172161172
batch 1000, tloss 0.9503931937217712, vscore 0.6470060992466652, best score 0.6470060992466652
batch 1250, tloss 0.866235175549984, vscore 0.6159208192227059, best score 0.6470060992466652
batch 1500, tloss 0.8584010555744171, vscore 0.6391669258414541, best score 0.6470060992466652
batch 1750, tloss 0.8464743971824646, vscore 0.6231947036192319, best score 0.6470060992466652
batch 2000, tloss 0.9098718441724777, vscore 0.6357471145206993, best score 0.6470060992466652
batch 2250, tloss 0.8704477574825287, vscore 0.6250272133526851, best score 0.6470060992466652
batch 2500, tloss 0.9311816439628601, vscore 0.6486364526458867, best score 0.6486364526458867
batch 2750, tloss 0.8322524853944778, vscore 0.6336974739097381, best score 0.6486364526458867
batch 3000, tloss 0.8250532789230347, vscore 0.6465680938558296, best score 0.6486364526458867
batch 3250, tloss 0.8779798157215118, vscore 0.6454786958324694, best score 0.6486364526458867
batch 3500, tloss 0.8867680840492248, vscore 0.6428974589351947, best score 0.6486364526458867
batch 250, tloss 0.5698347212076187, vscore 0.6442489114658927, best score 0.6486364526458867
batch 500, tloss 0.4137794843316078, vscore 0.6554180489321999, best score 0.6554180489321999
batch 750, tloss 0.44920742326974866, vscore 0.6472662819360933, best score 0.6554180489321999
batch 1000, tloss 0.48292172807455064, vscore 0.6627630624092888, best score 0.6627630624092888
batch 1250, tloss 0.4806309276819229, vscore 0.6622576715737093, best score 0.6627630624092888
batch 1500, tloss 0.4179214870929718, vscore 0.6524746872624231, best score 0.6627630624092888
batch 1750, tloss 0.45809038484096526, vscore 0.6417163418342664, best score 0.6627630624092888
batch 2000, tloss 0.44579486882686614, vscore 0.6407504837929366, best score 0.6627630624092888
batch 2250, tloss 0.44942469960451126, vscore 0.6508021459672402, best score 0.6627630624092888
batch 2500, tloss 0.44569739782810214, vscore 0.6739594132282811, best score 0.6739594132282811
batch 2750, tloss 0.41164360880851747, vscore 0.6776215529753266, best score 0.6776215529753266
batch 3000, tloss 0.43478173822164534, vscore 0.6541377254820651, best score 0.6776215529753266
batch 3250, tloss 0.4511010745763779, vscore 0.6580797739995853, best score 0.6776215529753266
batch 3500, tloss 0.42502009856700895, vscore 0.680384356209828, best score 0.680384356209828
batch 250, tloss 0.2668705856204033, vscore 0.6762842110719468, best score 0.680384356209828
batch 500, tloss 0.11404891157150268, vscore 0.6610326387449029, best score 0.680384356209828
batch 750, tloss 0.13112244552373886, vscore 0.6604037079272929, best score 0.680384356209828
batch 1000, tloss 0.15362207579612733, vscore 0.6744319752574469, best score 0.680384356209828
batch 1250, tloss 0.12216670405864716, vscore 0.6634818404865575, best score 0.680384356209828
batch 1500, tloss 0.10652980720996856, vscore 0.6623691167323242, best score 0.680384356209828
batch 1750, tloss 0.1261077264547348, vscore 0.6652900165871863, best score 0.680384356209828
batch 2000, tloss 0.11563870674371719, vscore 0.661830897090331, best score 0.680384356209828
batch 2250, tloss 0.10722539442777633, vscore 0.6690515066694313, best score 0.680384356209828
batch 2500, tloss 0.10441636949777604, vscore 0.6737684878015068, best score 0.680384356209828
batch 2750, tloss 0.11390062260627747, vscore 0.6679629725620293, best score 0.680384356209828
batch 3000, tloss 0.0968894070982933, vscore 0.6726799536941047, best score 0.680384356209828
batch 3250, tloss 0.11595239865779877, vscore 0.6726799536941047, best score 0.680384356209828
batch 3500, tloss 0.14455862283706666, vscore 0.6726799536941047, best score 0.680384356209828
fold 1 best score 0.680384356209828
fold 2
fold2 t/v: 7456/211
initial score 0.6111675317836456
batch 250, tloss 1.3529435987472533, vscore 0.6230083502595349, best score 0.6230083502595349
batch 500, tloss 0.9750068020820618, vscore 0.638924621981494, best score 0.638924621981494
batch 750, tloss 0.8785699400901794, vscore 0.6393327315128262, best score 0.6393327315128262
batch 1000, tloss 0.8095000214576721, vscore 0.6389641164522681, best score 0.6393327315128262
batch 1250, tloss 0.977282428264618, vscore 0.601263823064771, best score 0.6393327315128262
batch 1500, tloss 0.8629592056274414, vscore 0.6184248216238738, best score 0.6393327315128262
batch 1750, tloss 0.9926968145370484, vscore 0.6088862559241706, best score 0.6393327315128262
batch 2000, tloss 0.8674735012054443, vscore 0.6333333333333333, best score 0.6393327315128262
batch 2250, tloss 0.9438222675323487, vscore 0.6536297299330476, best score 0.6536297299330476
batch 2500, tloss 0.84024263048172, vscore 0.6544986082900776, best score 0.6544986082900776
batch 2750, tloss 0.8658394620418549, vscore 0.6412679605807567, best score 0.6544986082900776
batch 3000, tloss 0.8969954056739807, vscore 0.6687956067102986, best score 0.6687956067102986
batch 3250, tloss 0.7944265425801277, vscore 0.6664654329346273, best score 0.6687956067102986
batch 3500, tloss 0.8259387956857681, vscore 0.6779714887534793, best score 0.6779714887534793
batch 250, tloss 0.5785898673534393, vscore 0.6681636951779132, best score 0.6779714887534793
batch 500, tloss 0.4650854568481445, vscore 0.6903238546603475, best score 0.6903238546603475
batch 750, tloss 0.47925725185871126, vscore 0.69844278943805, best score 0.69844278943805
batch 1000, tloss 0.45150564396381376, vscore 0.6560294892048446, best score 0.69844278943805
batch 1250, tloss 0.47575093853473666, vscore 0.6638456330399457, best score 0.69844278943805
batch 1500, tloss 0.42440879124403, vscore 0.6598341232227488, best score 0.69844278943805
batch 1750, tloss 0.46344960933923723, vscore 0.664612954186414, best score 0.69844278943805
batch 2000, tloss 0.47979406690597537, vscore 0.678537576167908, best score 0.69844278943805
batch 2250, tloss 0.4395578480362892, vscore 0.6790284360189573, best score 0.69844278943805
batch 2500, tloss 0.4733762171268463, vscore 0.6922872940645453, best score 0.69844278943805
batch 2750, tloss 0.44877354419231413, vscore 0.6834875498382607, best score 0.69844278943805
batch 3000, tloss 0.42572833359241485, vscore 0.6781952907545323, best score 0.69844278943805
batch 3250, tloss 0.4671512532234192, vscore 0.7050515308809148, best score 0.7050515308809148
batch 3500, tloss 0.3865081397891045, vscore 0.711173173850899, best score 0.711173173850899
batch 250, tloss 0.2338642599582672, vscore 0.7045775972316257, best score 0.711173173850899
batch 500, tloss 0.14380083137750627, vscore 0.7082637478372076, best score 0.711173173850899
batch 750, tloss 0.13528130984306336, vscore 0.7010230948619575, best score 0.711173173850899
batch 1000, tloss 0.13929166597127915, vscore 0.6829346272474234, best score 0.711173173850899
batch 1250, tloss 0.11845423257350922, vscore 0.6802490032347851, best score 0.711173173850899
batch 1500, tloss 0.13374763089418412, vscore 0.6914654329346271, best score 0.711173173850899
batch 1750, tloss 0.09294367974996567, vscore 0.69004363198676, best score 0.711173173850899
batch 2000, tloss 0.11901180672645569, vscore 0.692458436771233, best score 0.711173173850899
batch 2250, tloss 0.09678653812408447, vscore 0.6881478973896036, best score 0.711173173850899
batch 2500, tloss 0.09718673020601272, vscore 0.6900097795832393, best score 0.711173173850899
batch 2750, tloss 0.09678337818384171, vscore 0.6928082449409464, best score 0.711173173850899
batch 3000, tloss 0.09784379756450653, vscore 0.6940720680057173, best score 0.711173173850899
batch 3250, tloss 0.12896439921855926, vscore 0.6917023997592718, best score 0.711173173850899
batch 3500, tloss 0.12369929432868958, vscore 0.6917023997592718, best score 0.711173173850899
fold 2 best score 0.711173173850899
fold 3
fold3 t/v: 7456/211
initial score 0.6482631836304822
batch 250, tloss 1.354898401260376, vscore 0.6756913242102816, best score 0.6756913242102816
batch 500, tloss 0.881260895729065, vscore 0.6930273452192883, best score 0.6930273452192883
batch 750, tloss 0.8729019982814789, vscore 0.6870241856616264, best score 0.6930273452192883
batch 1000, tloss 0.8727828826904297, vscore 0.7071817532125589, best score 0.7071817532125589
batch 1250, tloss 0.855978180527687, vscore 0.6778671105092907, best score 0.7071817532125589
batch 1500, tloss 0.8826283226609231, vscore 0.7063426239374108, best score 0.7071817532125589
batch 1750, tloss 0.8816417326927185, vscore 0.6904244715263673, best score 0.7071817532125589
batch 2000, tloss 0.9483839473724365, vscore 0.6912162416309336, best score 0.7071817532125589
batch 2250, tloss 0.8368550915718078, vscore 0.6842520499511021, best score 0.7071817532125589
batch 2500, tloss 0.8610796090364456, vscore 0.7022220341533139, best score 0.7071817532125589
batch 2750, tloss 0.8689580724835396, vscore 0.7288262619423757, best score 0.7288262619423757
batch 3000, tloss 0.8901117939949036, vscore 0.6861120514556533, best score 0.7288262619423757
batch 3250, tloss 0.7802452732324601, vscore 0.6785140675543521, best score 0.7288262619423757
batch 3500, tloss 0.946234970331192, vscore 0.7023515123633608, best score 0.7288262619423757
batch 250, tloss 0.6085405352115631, vscore 0.70740501530287, best score 0.7288262619423757
batch 500, tloss 0.48246850025653837, vscore 0.7017198901677576, best score 0.7288262619423757
batch 750, tloss 0.46362743723392486, vscore 0.7093418357231028, best score 0.7288262619423757
batch 1000, tloss 0.5257851746082306, vscore 0.7008150807508502, best score 0.7288262619423757
batch 1250, tloss 0.4096398831009865, vscore 0.6951842976319155, best score 0.7288262619423757
batch 1500, tloss 0.4486742650270462, vscore 0.6750385541262319, best score 0.7288262619423757
batch 1750, tloss 0.5015367817878723, vscore 0.7120053787707815, best score 0.7288262619423757
batch 2000, tloss 0.4387936789393425, vscore 0.7130809349598325, best score 0.7288262619423757
batch 2250, tloss 0.39484774392843247, vscore 0.6923371323252839, best score 0.7288262619423757
batch 2500, tloss 0.42609162563085556, vscore 0.7124038868894194, best score 0.7288262619423757
batch 2750, tloss 0.41618368273973466, vscore 0.7166918580020352, best score 0.7288262619423757
batch 3000, tloss 0.43412571024894714, vscore 0.7233776163278534, best score 0.7288262619423757
batch 3250, tloss 0.4010064982771874, vscore 0.6999482810501767, best score 0.7288262619423757
batch 3500, tloss 0.38065486115217206, vscore 0.70046170917024, best score 0.7288262619423757
batch 250, tloss 0.24946627658605575, vscore 0.7045275610036148, best score 0.7288262619423757
batch 500, tloss 0.12277869153022766, vscore 0.7030706674454932, best score 0.7288262619423757
batch 750, tloss 0.1413965802192688, vscore 0.7058747748704536, best score 0.7288262619423757
batch 1000, tloss 0.13647494399547577, vscore 0.703860556860975, best score 0.7288262619423757
batch 1250, tloss 0.10501706594228745, vscore 0.7020833056761409, best score 0.7288262619423757
batch 1500, tloss 0.12019895547628402, vscore 0.7054008412211646, best score 0.7288262619423757
batch 1750, tloss 0.12343189376592636, vscore 0.6978968917740871, best score 0.7288262619423757
batch 2000, tloss 0.1176440903544426, vscore 0.6978968917740871, best score 0.7288262619423757
batch 2250, tloss 0.10709671360254287, vscore 0.698291836481828, best score 0.7288262619423757
batch 2500, tloss 0.10432997339963913, vscore 0.6967120576508643, best score 0.7288262619423757
batch 2750, tloss 0.10260909157991409, vscore 0.6967120576508643, best score 0.7288262619423757
batch 3000, tloss 0.11293328016996383, vscore 0.6967120576508643, best score 0.7288262619423757
batch 3250, tloss 0.0807776894569397, vscore 0.6967120576508643, best score 0.7288262619423757
batch 3500, tloss 0.12043521070480347, vscore 0.6967120576508643, best score 0.7288262619423757
fold 3 best score 0.7288262619423757
fold 4
fold4 t/v: 7456/211
initial score 0.6382014115426438
batch 250, tloss 1.4188590335845948, vscore 0.6651027882070536, best score 0.6651027882070536
batch 500, tloss 0.9240777621269226, vscore 0.6374905110687102, best score 0.6651027882070536
batch 750, tloss 0.8682024238109589, vscore 0.6320177058328718, best score 0.6651027882070536
batch 1000, tloss 0.8782336049079895, vscore 0.6382183377444042, best score 0.6651027882070536
batch 1250, tloss 0.8630544711351394, vscore 0.6866705306278765, best score 0.6866705306278765
batch 1500, tloss 0.9409710636138916, vscore 0.603750948893129, best score 0.6866705306278765
batch 1750, tloss 0.8979194984436035, vscore 0.653508340001231, best score 0.6866705306278765
batch 2000, tloss 0.8519873478412628, vscore 0.6538807164399582, best score 0.6866705306278765
batch 2250, tloss 0.7703562914133072, vscore 0.6325461794656108, best score 0.6866705306278765
batch 2500, tloss 0.8435290763378144, vscore 0.6444114468995986, best score 0.6866705306278765
batch 2750, tloss 0.8305932700634002, vscore 0.635749334919951, best score 0.6866705306278765
batch 3000, tloss 0.8394517288804054, vscore 0.6394915642545975, best score 0.6866705306278765
batch 3250, tloss 0.8795333414077758, vscore 0.6513906840921058, best score 0.6866705306278765
batch 3500, tloss 0.9143124033212662, vscore 0.6578414476518742, best score 0.6866705306278765
batch 250, tloss 0.5419912440776825, vscore 0.6867175478549886, best score 0.6867175478549886
batch 500, tloss 0.43016170418262484, vscore 0.667777128085185, best score 0.6867175478549886
batch 750, tloss 0.5089828307032586, vscore 0.6894200980693871, best score 0.6894200980693871
batch 1000, tloss 0.4471062661409378, vscore 0.6631957694753903, best score 0.6894200980693871
batch 1250, tloss 0.4425004211068153, vscore 0.6859445846412672, best score 0.6894200980693871
batch 1500, tloss 0.4894245193004608, vscore 0.6824493239777599, best score 0.6894200980693871
batch 1750, tloss 0.4759172747731209, vscore 0.6758565683921134, best score 0.6894200980693871
batch 2000, tloss 0.4496376125216484, vscore 0.6653284708971912, best score 0.6894200980693871
batch 2250, tloss 0.44305765414237974, vscore 0.6620109353521676, best score 0.6894200980693871
batch 2500, tloss 0.4342354111075401, vscore 0.6698308405654377, best score 0.6894200980693871
batch 2750, tloss 0.41205037593841554, vscore 0.688472230770809, best score 0.6894200980693871
batch 3000, tloss 0.4439360429644585, vscore 0.666509543642245, best score 0.6894200980693871
batch 3250, tloss 0.4563505003452301, vscore 0.6848613077286064, best score 0.6894200980693871
batch 3500, tloss 0.4358934648036957, vscore 0.6727759996717343, best score 0.6894200980693871
batch 250, tloss 0.279372083902359, vscore 0.6576552594325107, best score 0.6894200980693871
batch 500, tloss 0.1277042868733406, vscore 0.655590262817751, best score 0.6894200980693871
batch 750, tloss 0.11893990284204484, vscore 0.6442948441763607, best score 0.6894200980693871
batch 1000, tloss 0.12722603046894074, vscore 0.6500948893128987, best score 0.6894200980693871
batch 1250, tloss 0.13864172118902207, vscore 0.6564591411747809, best score 0.6894200980693871
batch 1500, tloss 0.1271300358772278, vscore 0.6633424632239798, best score 0.6894200980693871
batch 1750, tloss 0.08174546736478805, vscore 0.6700452391210685, best score 0.6894200980693871
batch 2000, tloss 0.11864510643482208, vscore 0.6766126054040746, best score 0.6894200980693871
batch 2250, tloss 0.13302866667509078, vscore 0.6679238218337744, best score 0.6894200980693871
batch 2500, tloss 0.11232950341701507, vscore 0.6742429371576292, best score 0.6894200980693871
batch 2750, tloss 0.0990854812860489, vscore 0.6747845756139594, best score 0.6894200980693871
batch 3000, tloss 0.09721676456928253, vscore 0.6747845756139594, best score 0.6894200980693871
batch 3250, tloss 0.11872176569700241, vscore 0.6747845756139594, best score 0.6894200980693871
batch 3500, tloss 0.13570891773700713, vscore 0.6747845756139594, best score 0.6894200980693871
fold 4 best score 0.6894200980693871
5 fold cv jaccard 0.6943853327420493
FINISH
