Sun Aug 22 00:24:58 2021       
+-----------------------------------------------------------------------------+
| NVIDIA-SMI 460.80       Driver Version: 460.80       CUDA Version: 11.2     |
|-------------------------------+----------------------+----------------------+
| GPU  Name        Persistence-M| Bus-Id        Disp.A | Volatile Uncorr. ECC |
| Fan  Temp  Perf  Pwr:Usage/Cap|         Memory-Usage | GPU-Util  Compute M. |
|                               |                      |               MIG M. |
|===============================+======================+======================|
|   0  GeForce RTX 3090    Off  | 00000000:3E:00.0 Off |                  N/A |
| 43%   35C    P0    34W / 350W |      0MiB / 24268MiB |      0%      Default |
|                               |                      |                  N/A |
+-------------------------------+----------------------+----------------------+
                                                                               
+-----------------------------------------------------------------------------+
| Processes:                                                                  |
|  GPU   GI   CI        PID   Type   Process name                  GPU Memory |
|        ID   ID                                                   Usage      |
|=============================================================================|
|  No running processes found                                                 |
+-----------------------------------------------------------------------------+
nvcc: NVIDIA (R) Cuda compiler driver
Copyright (c) 2005-2020 NVIDIA Corporation
Built on Mon_Oct_12_20:09:46_PDT_2020
Cuda compilation tools, release 11.1, V11.1.105
Build cuda_11.1.TC455_06.29190527_0
START
----------------------------------------
2021-08-22 00:25:26.101820
xrobl-ep4-bs4-ga1-lr7.4e-06-adamw-wd0.01-cosann-wu0.05-dropoutTrue-evalsteps1000
{'accumulation_steps': 1,
 'batch_size': 4,
 'doc_stride': 128,
 'dropout': True,
 'epochs': 4,
 'eval_steps': 1000,
 'lr': 7.4e-06,
 'max_length': 512,
 'model_checkpoint': '../../input/deepset-xlm-roberta-large-squad2',
 'optimizer': 'adamw',
 'scheduler': 'cosann',
 'train_path': '../../input/chaii-hindi-and-tamil-question-answering/chaii-mlqa-xquad-5folds-count_leq15.csv',
 'warmup_ratio': 0.05,
 'weight_decay': 0.01}
----------------------------------------
fold 0
fold0 t/v: 7455/212
initial score 0.6155510631925726
batch 250, tloss 1.3524726123809814, vscore 0.6435609463911351, best score 0.6435609463911351
batch 500, tloss 1.0012504711151122, vscore 0.6304881701108115, best score 0.6435609463911351
batch 750, tloss 0.8607403202056885, vscore 0.6332846660676849, best score 0.6435609463911351
batch 1000, tloss 0.8391382813453674, vscore 0.6585205151242887, best score 0.6585205151242887
batch 1250, tloss 0.928313942193985, vscore 0.646207696915244, best score 0.6585205151242887
batch 1500, tloss 0.8072343462109566, vscore 0.6507038035339923, best score 0.6585205151242887
batch 1750, tloss 0.9176262500286102, vscore 0.6385070380353399, best score 0.6585205151242887
batch 2000, tloss 0.8430276712775231, vscore 0.6273023360287512, best score 0.6585205151242887
batch 2250, tloss 0.879625798523426, vscore 0.637013327343516, best score 0.6585205151242887
batch 2500, tloss 0.791636516213417, vscore 0.6248652291105122, best score 0.6585205151242887
batch 2750, tloss 0.8441701628565789, vscore 0.6296009284216831, best score 0.6585205151242887
batch 3000, tloss 0.7485115599036217, vscore 0.6061620245582511, best score 0.6585205151242887
batch 3250, tloss 0.784673929810524, vscore 0.6131513926325247, best score 0.6585205151242887
batch 3500, tloss 0.8203817880153657, vscore 0.6430592991913746, best score 0.6585205151242887
batch 250, tloss 0.5302958595752716, vscore 0.6674041629230307, best score 0.6674041629230307
batch 500, tloss 0.43131217813491823, vscore 0.6428683737646003, best score 0.6674041629230307
batch 750, tloss 0.42985487991571425, vscore 0.6332958969751422, best score 0.6674041629230307
batch 1000, tloss 0.4987390465140343, vscore 0.6679694519317161, best score 0.6679694519317161
batch 1250, tloss 0.4672659777402878, vscore 0.6449348607367476, best score 0.6679694519317161
batch 1500, tloss 0.40063704723119736, vscore 0.6630353399221323, best score 0.6679694519317161
batch 1750, tloss 0.46475366860628126, vscore 0.6608116202455825, best score 0.6679694519317161
batch 2000, tloss 0.39236407732963563, vscore 0.6413147648996705, best score 0.6679694519317161
batch 2250, tloss 0.4680336558818817, vscore 0.6291329739442946, best score 0.6679694519317161
batch 2500, tloss 0.49996087020635605, vscore 0.6520103324348607, best score 0.6679694519317161
batch 2750, tloss 0.4494029743671417, vscore 0.6373390236597783, best score 0.6679694519317161
batch 3000, tloss 0.4751606492996216, vscore 0.6395627433363281, best score 0.6679694519317161
batch 3250, tloss 0.43245710974931717, vscore 0.6302672955974843, best score 0.6679694519317161
batch 3500, tloss 0.42261507046222685, vscore 0.6601377657981432, best score 0.6679694519317161
batch 250, tloss 0.2879820442199707, vscore 0.6324985025456724, best score 0.6679694519317161
batch 500, tloss 0.14852366954088211, vscore 0.6229522312069482, best score 0.6679694519317161
batch 750, tloss 0.12027081364393234, vscore 0.614270739742438, best score 0.6679694519317161
batch 1000, tloss 0.1399872037768364, vscore 0.6175501647199761, best score 0.6679694519317161
batch 1250, tloss 0.1120800051689148, vscore 0.6053908355795148, best score 0.6679694519317161
batch 1500, tloss 0.17045980709791184, vscore 0.5977088948787062, best score 0.6679694519317161
batch 1750, tloss 0.15996983379125596, vscore 0.6166891284815813, best score 0.6679694519317161
batch 2000, tloss 0.12354643070697785, vscore 0.6040768194070081, best score 0.6679694519317161
batch 2250, tloss 0.13222232198715209, vscore 0.6135332434860737, best score 0.6679694519317161
batch 2500, tloss 0.15465031898021697, vscore 0.6168089248277928, best score 0.6679694519317161
batch 2750, tloss 0.12730040603876114, vscore 0.6235699311171009, best score 0.6679694519317161
batch 3000, tloss 0.15515228986740112, vscore 0.6154612159329139, best score 0.6679694519317161
batch 3250, tloss 0.12709416913986207, vscore 0.6230982330038934, best score 0.6679694519317161
batch 3500, tloss 0.10944985473155976, vscore 0.614450434261755, best score 0.6679694519317161
batch 250, tloss 0.18190940612554551, vscore 0.6097896076669661, best score 0.6679694519317161
batch 500, tloss 0.04149421256780624, vscore 0.6062518718179095, best score 0.6679694519317161
batch 750, tloss 0.03893995934724808, vscore 0.6055780173704702, best score 0.6679694519317161
batch 1000, tloss 0.02488147610425949, vscore 0.6110811620245582, best score 0.6679694519317161
batch 1250, tloss 0.03499054402112961, vscore 0.6200658879904163, best score 0.6679694519317161
batch 1500, tloss 0.028313802063465118, vscore 0.6133834980533094, best score 0.6679694519317161
batch 1750, tloss 0.01896866297721863, vscore 0.6173143156633722, best score 0.6679694519317161
batch 2000, tloss 0.042928853094577786, vscore 0.6090595986822402, best score 0.6679694519317161
batch 2250, tloss 0.026583856761455537, vscore 0.612990416292303, best score 0.6679694519317161
batch 2500, tloss 0.0361977287530899, vscore 0.6165281521413596, best score 0.6679694519317161
batch 2750, tloss 0.023879639446735382, vscore 0.6165281521413596, best score 0.6679694519317161
batch 3000, tloss 0.03384748065471649, vscore 0.6165281521413596, best score 0.6679694519317161
batch 3250, tloss 0.03127845197916031, vscore 0.6165281521413596, best score 0.6679694519317161
batch 3500, tloss 0.04712329137325287, vscore 0.6165281521413596, best score 0.6679694519317161
fold 0 best score 0.6679694519317161
fold 1
fold1 t/v: 7455/212
initial score 0.6062547515377705
batch 250, tloss 1.3833212718963623, vscore 0.6324676895431613, best score 0.6324676895431613
batch 500, tloss 0.9593837890625, vscore 0.656327752436243, best score 0.656327752436243
batch 750, tloss 0.8590909240245819, vscore 0.6594480728914691, best score 0.6594480728914691
batch 1000, tloss 0.8999665364027023, vscore 0.650858300504527, best score 0.6594480728914691
batch 1250, tloss 0.8836282548904419, vscore 0.6486158626488816, best score 0.6594480728914691
batch 1500, tloss 0.8433111268281936, vscore 0.6840287856797291, best score 0.6840287856797291
batch 1750, tloss 0.8856198141574859, vscore 0.6358219872370815, best score 0.6840287856797291
batch 2000, tloss 0.7710900894403457, vscore 0.6469490807934204, best score 0.6840287856797291
batch 2250, tloss 0.8331121788024902, vscore 0.6349471676122619, best score 0.6840287856797291
batch 2500, tloss 0.8402353913784028, vscore 0.6327596931370516, best score 0.6840287856797291
batch 2750, tloss 0.7206943640708924, vscore 0.6321307623194415, best score 0.6840287856797291
batch 3000, tloss 0.8783050601482392, vscore 0.6247576715737093, best score 0.6840287856797291
batch 3250, tloss 0.8408368943929673, vscore 0.6432541122399612, best score 0.6840287856797291
batch 3500, tloss 0.8678371654748916, vscore 0.6495555152394776, best score 0.6840287856797291
batch 250, tloss 0.5828214423656464, vscore 0.6463940147902412, best score 0.6840287856797291
batch 500, tloss 0.41090581578016283, vscore 0.6565636014928468, best score 0.6840287856797291
batch 750, tloss 0.45268703263998034, vscore 0.6726790897781464, best score 0.6840287856797291
batch 1000, tloss 0.47812673372030257, vscore 0.641061375731187, best score 0.6840287856797291
batch 1250, tloss 0.40705480307340625, vscore 0.6344518165272882, best score 0.6840287856797291
batch 1500, tloss 0.4050985206961632, vscore 0.6533964855898817, best score 0.6840287856797291
batch 1750, tloss 0.47408757281303404, vscore 0.6523070875665216, best score 0.6840287856797291
batch 2000, tloss 0.4365938930511475, vscore 0.6438709744134271, best score 0.6840287856797291
batch 2250, tloss 0.39865791422128677, vscore 0.648827378072661, best score 0.6840287856797291
batch 2500, tloss 0.4094022591710091, vscore 0.6503435505793995, best score 0.6840287856797291
batch 2750, tloss 0.4045929285287857, vscore 0.6638599477042874, best score 0.6840287856797291
batch 3000, tloss 0.4097626792788506, vscore 0.6851602445525865, best score 0.6851602445525865
batch 3250, tloss 0.4372823472619057, vscore 0.6498362879259106, best score 0.6851602445525865
batch 3500, tloss 0.5090956010818481, vscore 0.679678680857926, best score 0.6851602445525865
batch 250, tloss 0.27451840466260913, vscore 0.6750159824452278, best score 0.6851602445525865
batch 500, tloss 0.13032769417762757, vscore 0.6519305641947151, best score 0.6851602445525865
batch 750, tloss 0.11197312903404236, vscore 0.6489172253323197, best score 0.6851602445525865
batch 1000, tloss 0.11754096400737762, vscore 0.6593732001750869, best score 0.6851602445525865
batch 1250, tloss 0.13690369457006454, vscore 0.6578233349459763, best score 0.6851602445525865
batch 1500, tloss 0.12744979763031006, vscore 0.6662914391687976, best score 0.6851602445525865
batch 1750, tloss 0.16076635563373565, vscore 0.6832164167069827, best score 0.6851602445525865
batch 2000, tloss 0.12034605956077575, vscore 0.6803731253023705, best score 0.6851602445525865
batch 2250, tloss 0.13302370911836625, vscore 0.654272496371553, best score 0.6851602445525865
batch 2500, tloss 0.1017517015337944, vscore 0.6646610857695762, best score 0.6851602445525865
batch 2750, tloss 0.1460572962164879, vscore 0.6647319268781533, best score 0.6851602445525865
batch 3000, tloss 0.14965524393320084, vscore 0.6743196661828736, best score 0.6851602445525865
batch 3250, tloss 0.12818985617160797, vscore 0.6617669673094202, best score 0.6851602445525865
batch 3500, tloss 0.14400962817668914, vscore 0.6653349402170157, best score 0.6851602445525865
batch 250, tloss 0.16505706763267516, vscore 0.6474104119151288, best score 0.6851602445525865
batch 500, tloss 0.035436750650405885, vscore 0.6487166528440113, best score 0.6851602445525865
batch 750, tloss 0.03781917476654053, vscore 0.6542197974980994, best score 0.6851602445525865
batch 1000, tloss 0.029116002798080444, vscore 0.6526474704540742, best score 0.6851602445525865
batch 1250, tloss 0.02818033593893051, vscore 0.6518613069320617, best score 0.6851602445525865
batch 1500, tloss 0.03333670377731323, vscore 0.651075143410049, best score 0.6851602445525865
batch 1750, tloss 0.042926493704319, vscore 0.6479304893219986, best score 0.6851602445525865
batch 2000, tloss 0.022406838476657868, vscore 0.6518613069320617, best score 0.6851602445525865
batch 2250, tloss 0.025130431175231935, vscore 0.6518613069320617, best score 0.6851602445525865
batch 2500, tloss 0.01806361746788025, vscore 0.6562154433616697, best score 0.6851602445525865
batch 2750, tloss 0.031068980157375334, vscore 0.6562154433616697, best score 0.6851602445525865
batch 3000, tloss 0.02309987837076187, vscore 0.6562154433616697, best score 0.6851602445525865
batch 3250, tloss 0.01787778091430664, vscore 0.6562154433616697, best score 0.6851602445525865
batch 3500, tloss 0.027069468200206757, vscore 0.6562154433616697, best score 0.6851602445525865
fold 1 best score 0.6851602445525865
fold 2
fold2 t/v: 7456/211
initial score 0.6111675317836456
batch 250, tloss 1.3300883674621582, vscore 0.6436771232979764, best score 0.6436771232979764
batch 500, tloss 0.9645846252441406, vscore 0.6662679605807569, best score 0.6662679605807569
batch 750, tloss 0.905605714082718, vscore 0.6411494771684344, best score 0.6662679605807569
batch 1000, tloss 0.8653950269222259, vscore 0.6537914691943127, best score 0.6662679605807569
batch 1250, tloss 0.9013304726481438, vscore 0.604696080643948, best score 0.6662679605807569
batch 1500, tloss 0.8413714828491211, vscore 0.6241762581809976, best score 0.6662679605807569
batch 1750, tloss 0.8656888048648834, vscore 0.636419544120966, best score 0.6662679605807569
batch 2000, tloss 0.8725900558233262, vscore 0.6339652448657187, best score 0.6662679605807569
batch 2250, tloss 0.898871326804161, vscore 0.6507109004739335, best score 0.6662679605807569
batch 2500, tloss 0.7802153914570809, vscore 0.6563798760481225, best score 0.6662679605807569
batch 2750, tloss 0.8197879256606102, vscore 0.6778436018957348, best score 0.6778436018957348
batch 3000, tloss 0.8137245131731033, vscore 0.6515797788309637, best score 0.6778436018957348
batch 3250, tloss 0.8618976631164551, vscore 0.6564588649896708, best score 0.6778436018957348
batch 3500, tloss 0.8301805009841919, vscore 0.6280028817943509, best score 0.6778436018957348
batch 250, tloss 0.5916604427099228, vscore 0.6776686978108779, best score 0.6778436018957348
batch 500, tloss 0.4178280036449432, vscore 0.6823503116157145, best score 0.6823503116157145
batch 750, tloss 0.42472689682245257, vscore 0.6616903633491311, best score 0.6823503116157145
batch 1000, tloss 0.42842355024814605, vscore 0.646710096117679, best score 0.6823503116157145
batch 1250, tloss 0.40875922137498855, vscore 0.6493643270894456, best score 0.6823503116157145
batch 1500, tloss 0.45837715595960615, vscore 0.6717106747912435, best score 0.6823503116157145
batch 1750, tloss 0.4801213532686234, vscore 0.6711126156623788, best score 0.6823503116157145
batch 2000, tloss 0.4149016842842102, vscore 0.6728108779056647, best score 0.6823503116157145
batch 2250, tloss 0.524882233440876, vscore 0.6617524260889189, best score 0.6823503116157145
batch 2500, tloss 0.41545882320404054, vscore 0.694282705183179, best score 0.694282705183179
batch 2750, tloss 0.44754359996318815, vscore 0.665873015873016, best score 0.694282705183179
batch 3000, tloss 0.39636940085887906, vscore 0.6726660648461597, best score 0.694282705183179
batch 3250, tloss 0.4669477800130844, vscore 0.6837245166629052, best score 0.694282705183179
batch 3500, tloss 0.4739206230044365, vscore 0.6860283607913941, best score 0.694282705183179
batch 250, tloss 0.2772887178063393, vscore 0.6742101105845182, best score 0.694282705183179
batch 500, tloss 0.14516662526130678, vscore 0.691390205371248, best score 0.694282705183179
batch 750, tloss 0.12521884489059448, vscore 0.6794628751974724, best score 0.694282705183179
batch 1000, tloss 0.11852429354190827, vscore 0.6752238020010533, best score 0.694282705183179
batch 1250, tloss 0.11935633790493011, vscore 0.6819378620326488, best score 0.694282705183179
batch 1500, tloss 0.1589990708231926, vscore 0.6765496878056121, best score 0.694282705183179
batch 1750, tloss 0.11685034894943237, vscore 0.6641390205371248, best score 0.694282705183179
batch 2000, tloss 0.11170167601108551, vscore 0.674091627172196, best score 0.694282705183179
batch 2250, tloss 0.12112840461730957, vscore 0.678041074249605, best score 0.694282705183179
batch 2500, tloss 0.14728495657444, vscore 0.6780467163168585, best score 0.694282705183179
batch 2750, tloss 0.10807330894470214, vscore 0.6867298578199053, best score 0.694282705183179
batch 3000, tloss 0.13313925582170485, vscore 0.6725118483412322, best score 0.694282705183179
batch 3250, tloss 0.15454212844371795, vscore 0.6578988941548183, best score 0.694282705183179
batch 3500, tloss 0.10244834899902344, vscore 0.6654028436018957, best score 0.694282705183179
batch 250, tloss 0.1864696127176285, vscore 0.6839652448657187, best score 0.694282705183179
batch 500, tloss 0.04824121403694153, vscore 0.6731663281426316, best score 0.694282705183179
batch 750, tloss 0.028073943197727203, vscore 0.6712480252764612, best score 0.694282705183179
batch 1000, tloss 0.03712590086460114, vscore 0.6658767772511849, best score 0.694282705183179
batch 1250, tloss 0.027613643825054168, vscore 0.6700857594222523, best score 0.694282705183179
batch 1500, tloss 0.024719969034194947, vscore 0.6716429699842024, best score 0.694282705183179
batch 1750, tloss 0.029133713066577912, vscore 0.6727713834348905, best score 0.694282705183179
batch 2000, tloss 0.02584630447626114, vscore 0.6677160911758069, best score 0.694282705183179
batch 2250, tloss 0.024179497361183168, vscore 0.6708756488377341, best score 0.694282705183179
batch 2500, tloss 0.03131285089254379, vscore 0.6756149853306251, best score 0.694282705183179
batch 2750, tloss 0.030868089735507965, vscore 0.6677160911758069, best score 0.694282705183179
batch 3000, tloss 0.027143412590026856, vscore 0.6677160911758069, best score 0.694282705183179
batch 3250, tloss 0.03013628387451172, vscore 0.6677160911758069, best score 0.694282705183179
batch 3500, tloss 0.02529084897041321, vscore 0.6677160911758069, best score 0.694282705183179
fold 2 best score 0.694282705183179
fold 3
fold3 t/v: 7456/211
initial score 0.6482631836304822
batch 250, tloss 1.2371779127120972, vscore 0.698618633867449, best score 0.698618633867449
batch 500, tloss 0.8650746338367462, vscore 0.660777288798616, best score 0.698618633867449
batch 750, tloss 0.9592449929714203, vscore 0.6697240687169597, best score 0.698618633867449
batch 1000, tloss 0.9012240653038025, vscore 0.681989922925942, best score 0.698618633867449
batch 1250, tloss 0.8765560107231141, vscore 0.7036099826976604, best score 0.7036099826976604
batch 1500, tloss 0.9201955317258835, vscore 0.7174935714627658, best score 0.7174935714627658
batch 1750, tloss 0.8361406574249267, vscore 0.6990737606258933, best score 0.7174935714627658
batch 2000, tloss 0.8279545390605927, vscore 0.713795794779207, best score 0.7174935714627658
batch 2250, tloss 0.8191989127397538, vscore 0.694172684871737, best score 0.7174935714627658
batch 2500, tloss 0.8278823289871216, vscore 0.6910582637478372, best score 0.7174935714627658
batch 2750, tloss 0.8373462816476822, vscore 0.7039233648893165, best score 0.7174935714627658
batch 3000, tloss 0.8323538384437561, vscore 0.7030006394342887, best score 0.7174935714627658
batch 3250, tloss 0.8801003451943398, vscore 0.7106456405627021, best score 0.7174935714627658
batch 3500, tloss 0.8033374695777893, vscore 0.710512111637704, best score 0.7174935714627658
batch 250, tloss 0.5337277161478996, vscore 0.6851058827954563, best score 0.7174935714627658
batch 500, tloss 0.44119079995155336, vscore 0.6908701948393892, best score 0.7174935714627658
batch 750, tloss 0.41038142144680023, vscore 0.6964558414202965, best score 0.7174935714627658
batch 1000, tloss 0.4401963886618614, vscore 0.7034538855036486, best score 0.7174935714627658
batch 1250, tloss 0.4331769645214081, vscore 0.7008944116358684, best score 0.7174935714627658
batch 1500, tloss 0.4365835846066475, vscore 0.7191820883171594, best score 0.7191820883171594
batch 1750, tloss 0.41152210587263105, vscore 0.7014037364342927, best score 0.7191820883171594
batch 2000, tloss 0.4918645048737526, vscore 0.6802800346046791, best score 0.7191820883171594
batch 2250, tloss 0.43234661501646043, vscore 0.6720050026329647, best score 0.7191820883171594
batch 2500, tloss 0.48621578234434126, vscore 0.702774956744151, best score 0.7191820883171594
batch 2750, tloss 0.49259983575344085, vscore 0.7052010456631309, best score 0.7191820883171594
batch 3000, tloss 0.4051420760154724, vscore 0.7199494094636275, best score 0.7199494094636275
batch 3250, tloss 0.36014285224676135, vscore 0.7146402241781389, best score 0.7199494094636275
batch 3500, tloss 0.4578740980625153, vscore 0.7096018581208156, best score 0.7199494094636275
batch 250, tloss 0.27792161792516706, vscore 0.6847824042729256, best score 0.7199494094636275
batch 500, tloss 0.12244102394580841, vscore 0.7034632889490708, best score 0.7199494094636275
batch 750, tloss 0.14858652943372727, vscore 0.6995928308132099, best score 0.7199494094636275
batch 1000, tloss 0.11838559132814408, vscore 0.6984079966899872, best score 0.7199494094636275
batch 1250, tloss 0.1412453264594078, vscore 0.6882184232302716, best score 0.7199494094636275
batch 1500, tloss 0.11696770286560058, vscore 0.6859333859926275, best score 0.7199494094636275
batch 1750, tloss 0.13657598239183427, vscore 0.683958662453923, best score 0.7199494094636275
batch 2000, tloss 0.14006964141130449, vscore 0.6876711427066876, best score 0.7199494094636275
batch 2250, tloss 0.10456266188621521, vscore 0.6929577597231626, best score 0.7199494094636275
batch 2500, tloss 0.12328691333532334, vscore 0.6809570826750923, best score 0.7199494094636275
batch 2750, tloss 0.1447306256890297, vscore 0.6811150605581885, best score 0.7199494094636275
batch 3000, tloss 0.1307764438390732, vscore 0.6719861957421199, best score 0.7199494094636275
batch 3250, tloss 0.16254558485746384, vscore 0.6964727676220568, best score 0.7199494094636275
batch 3500, tloss 0.11969859111309052, vscore 0.7086032122169562, best score 0.7199494094636275
batch 250, tloss 0.14419357323646545, vscore 0.6880660874144287, best score 0.7199494094636275
batch 500, tloss 0.030311475515365602, vscore 0.6943852027382833, best score 0.7199494094636275
batch 750, tloss 0.032862557291984555, vscore 0.6896458662453924, best score 0.7199494094636275
batch 1000, tloss 0.023059320449829102, vscore 0.6862888362295944, best score 0.7199494094636275
batch 1250, tloss 0.03278370320796967, vscore 0.6862888362295944, best score 0.7199494094636275
batch 1500, tloss 0.01703278511762619, vscore 0.6894483938915218, best score 0.7199494094636275
batch 1750, tloss 0.03160610157251358, vscore 0.6862888362295944, best score 0.7199494094636275
batch 2000, tloss 0.02534736490249634, vscore 0.6862888362295944, best score 0.7199494094636275
batch 2250, tloss 0.029345245003700258, vscore 0.6862888362295944, best score 0.7199494094636275
batch 2500, tloss 0.02886068308353424, vscore 0.6862888362295944, best score 0.7199494094636275
batch 2750, tloss 0.02748446625471115, vscore 0.6862888362295944, best score 0.7199494094636275
batch 3000, tloss 0.023629501819610595, vscore 0.6862888362295944, best score 0.7199494094636275
batch 3250, tloss 0.027786359190940857, vscore 0.6862888362295944, best score 0.7199494094636275
batch 3500, tloss 0.04199016743898392, vscore 0.6862888362295944, best score 0.7199494094636275
fold 3 best score 0.7199494094636275
fold 4
fold4 t/v: 7456/211
initial score 0.6382014115426438
batch 250, tloss 1.3245904493331908, vscore 0.6642677622535442, best score 0.6642677622535442
batch 500, tloss 1.0183157272338867, vscore 0.6557820931043681, best score 0.6642677622535442
batch 750, tloss 0.8493995261192322, vscore 0.6695017199756537, best score 0.6695017199756537
batch 1000, tloss 0.8301055557131767, vscore 0.6802442160262065, best score 0.6802442160262065
batch 1250, tloss 0.9065415458679199, vscore 0.6599967173426888, best score 0.6802442160262065
batch 1500, tloss 0.9018584177494049, vscore 0.6808892923821834, best score 0.6808892923821834
batch 1750, tloss 0.7666132128238679, vscore 0.6627274778933546, best score 0.6808892923821834
batch 2000, tloss 0.7349930428862572, vscore 0.6577342483740588, best score 0.6808892923821834
batch 2250, tloss 0.8503932594656944, vscore 0.6704984851904283, best score 0.6808892923821834
batch 2500, tloss 0.8386281947493553, vscore 0.6666468339454121, best score 0.6808892923821834
batch 2750, tloss 0.8547629115581512, vscore 0.6748391155974094, best score 0.6808892923821834
batch 3000, tloss 0.732759474158287, vscore 0.6712394766897136, best score 0.6808892923821834
batch 3250, tloss 0.7892414879202843, vscore 0.6797195037716365, best score 0.6808892923821834
batch 3500, tloss 0.9394073023796081, vscore 0.6762327062090095, best score 0.6808892923821834
batch 250, tloss 0.5621440261602402, vscore 0.6738028559118606, best score 0.6808892923821834
batch 500, tloss 0.3702613427042961, vscore 0.6583210233684168, best score 0.6808892923821834
batch 750, tloss 0.4360221338868141, vscore 0.6659603824295768, best score 0.6808892923821834
batch 1000, tloss 0.4328182502985001, vscore 0.654134609466363, best score 0.6808892923821834
batch 1250, tloss 0.4390527872443199, vscore 0.6592293961962209, best score 0.6808892923821834
batch 1500, tloss 0.43651476728916166, vscore 0.6511668820910528, best score 0.6808892923821834
batch 1750, tloss 0.4509913728237152, vscore 0.6600192856117025, best score 0.6808892923821834
batch 2000, tloss 0.462705498278141, vscore 0.6515618267987936, best score 0.6808892923821834
batch 2250, tloss 0.4230747437477112, vscore 0.670626372048173, best score 0.6808892923821834
batch 2500, tloss 0.41609689819812773, vscore 0.6952145011386717, best score 0.6952145011386717
batch 2750, tloss 0.4209967347979546, vscore 0.6478944830840566, best score 0.6952145011386717
batch 3000, tloss 0.4437826897501945, vscore 0.6861288921715462, best score 0.6952145011386717
batch 3250, tloss 0.3906648405790329, vscore 0.6437306374510167, best score 0.6952145011386717
batch 3500, tloss 0.4668930920958519, vscore 0.6773235058780082, best score 0.6952145011386717
batch 250, tloss 0.2648616397976875, vscore 0.6618191050655506, best score 0.6952145011386717
batch 500, tloss 0.13238125306367873, vscore 0.6735884573562299, best score 0.6952145011386717
batch 750, tloss 0.1258347717523575, vscore 0.6603973041176833, best score 0.6952145011386717
batch 1000, tloss 0.10667605501413345, vscore 0.6520244763135757, best score 0.6952145011386717
batch 1250, tloss 0.1590922405719757, vscore 0.6563350156952054, best score 0.6952145011386717
batch 1500, tloss 0.13053692150115967, vscore 0.6386527769229191, best score 0.6952145011386717
batch 1750, tloss 0.12485490202903747, vscore 0.6421847110235736, best score 0.6952145011386717
batch 2000, tloss 0.13144467067718507, vscore 0.6380923315757439, best score 0.6952145011386717
batch 2250, tloss 0.12179895269870758, vscore 0.6399955889292382, best score 0.6952145011386717
batch 2500, tloss 0.12063218820095062, vscore 0.6391267105722082, best score 0.6952145011386717
batch 2750, tloss 0.11962122976779938, vscore 0.6320966947744199, best score 0.6952145011386717
batch 3000, tloss 0.11287805527448654, vscore 0.6389913009581257, best score 0.6952145011386717
batch 3250, tloss 0.13175971537828446, vscore 0.6339360086990419, best score 0.6952145011386717
batch 3500, tloss 0.12821586751937866, vscore 0.6537622330276358, best score 0.6952145011386717
batch 250, tloss 0.1788838210105896, vscore 0.6314873515110483, best score 0.6952145011386717
batch 500, tloss 0.032980862081050874, vscore 0.6347710346525514, best score 0.6952145011386717
batch 750, tloss 0.0281812846660614, vscore 0.6388333230750292, best score 0.6952145011386717
batch 1000, tloss 0.0324493402838707, vscore 0.6369037360743522, best score 0.6952145011386717
batch 1250, tloss 0.024471677899360656, vscore 0.6392282677827703, best score 0.6952145011386717
batch 1500, tloss 0.03227186799049377, vscore 0.6392282677827703, best score 0.6952145011386717
batch 1750, tloss 0.01732553917169571, vscore 0.6392282677827703, best score 0.6952145011386717
batch 2000, tloss 0.015280462026596069, vscore 0.6382804004841919, best score 0.6952145011386717
batch 2250, tloss 0.01783849412202835, vscore 0.6392282677827703, best score 0.6952145011386717
batch 2500, tloss 0.03680495411157608, vscore 0.6378064668349029, best score 0.6952145011386717
batch 2750, tloss 0.03276504009962082, vscore 0.6401761350813484, best score 0.6952145011386717
batch 3000, tloss 0.03191927260160446, vscore 0.6392282677827702, best score 0.6952145011386717
batch 3250, tloss 0.024910965144634246, vscore 0.6392282677827702, best score 0.6952145011386717
batch 3500, tloss 0.02432884180545807, vscore 0.6392282677827702, best score 0.6952145011386717
fold 4 best score 0.6952145011386717
5 fold cv jaccard 0.6925152624539562
FINISH
