Thu Aug 26 00:09:24 2021       
+-----------------------------------------------------------------------------+
| NVIDIA-SMI 460.80       Driver Version: 460.80       CUDA Version: 11.2     |
|-------------------------------+----------------------+----------------------+
| GPU  Name        Persistence-M| Bus-Id        Disp.A | Volatile Uncorr. ECC |
| Fan  Temp  Perf  Pwr:Usage/Cap|         Memory-Usage | GPU-Util  Compute M. |
|                               |                      |               MIG M. |
|===============================+======================+======================|
|   0  GeForce RTX 3090    Off  | 00000000:3E:00.0 Off |                  N/A |
| 43%   36C    P0    34W / 350W |      0MiB / 24268MiB |      0%      Default |
|                               |                      |                  N/A |
+-------------------------------+----------------------+----------------------+
                                                                               
+-----------------------------------------------------------------------------+
| Processes:                                                                  |
|  GPU   GI   CI        PID   Type   Process name                  GPU Memory |
|        ID   ID                                                   Usage      |
|=============================================================================|
|  No running processes found                                                 |
+-----------------------------------------------------------------------------+
nvcc: NVIDIA (R) Cuda compiler driver
Copyright (c) 2005-2020 NVIDIA Corporation
Built on Mon_Oct_12_20:09:46_PDT_2020
Cuda compilation tools, release 11.1, V11.1.105
Build cuda_11.1.TC455_06.29190527_0
START
----------------------------------------
2021-08-26 00:10:04.639563
rembert-ep3-bs4-ga1-lr1e-05-adamw-wd0-cosann-wu0.1-dropout0.1-evalsteps1000
{'accumulation_steps': 1,
 'batch_size': 4,
 'doc_stride': 128,
 'dropout': 0.1,
 'epochs': 3,
 'eval_steps': 1000,
 'lr': 1e-05,
 'max_length': 512,
 'model_checkpoint': '../../input/google-rembert-squad2',
 'optimizer': 'adamw',
 'scheduler': 'cosann',
 'train_path': '../../input/chaii-hindi-and-tamil-question-answering/chaii-mlqa-xquad-5folds-count_leq15.csv',
 'warmup_ratio': 0.1,
 'weight_decay': 0}
----------------------------------------
fold 0
fold0 t/v: 7455/212
initial score 0.6132068665087532
batch 250, tloss 1.3260854692459108, vscore 0.639801655367693, best score 0.639801655367693
batch 500, tloss 0.9103808355331421, vscore 0.6264419804514144, best score 0.639801655367693
batch 750, tloss 0.9264035682678222, vscore 0.6214666884478205, best score 0.639801655367693
batch 1000, tloss 0.8675843631625175, vscore 0.6113701026436875, best score 0.639801655367693
batch 1250, tloss 0.8190907059907914, vscore 0.6227987421383646, best score 0.639801655367693
batch 1500, tloss 0.9294723533391952, vscore 0.6282777233248931, best score 0.639801655367693
batch 1750, tloss 0.8576867260932922, vscore 0.6074729777559966, best score 0.639801655367693
batch 2000, tloss 0.8825821059942246, vscore 0.6283206049715483, best score 0.639801655367693
batch 2250, tloss 0.8102319395542145, vscore 0.6492887091943695, best score 0.6492887091943695
batch 2500, tloss 0.7342669537067413, vscore 0.6520984780418743, best score 0.6520984780418743
batch 2750, tloss 0.9300944491624832, vscore 0.6394616651692123, best score 0.6520984780418743
batch 3000, tloss 0.8934152072668076, vscore 0.6460712243731113, best score 0.6520984780418743
batch 3250, tloss 0.8466118543148041, vscore 0.6265565317035906, best score 0.6520984780418743
batch 3500, tloss 0.8500178835391998, vscore 0.6225591494459419, best score 0.6520984780418743
batch 250, tloss 1.0113121316432954, vscore 0.6492887091943695, best score 0.6520984780418743
batch 500, tloss 0.48988067817687986, vscore 0.6499681790955376, best score 0.6520984780418743
batch 750, tloss 0.47804229593276976, vscore 0.6542396675651393, best score 0.6542396675651393
batch 1000, tloss 0.4541775280237198, vscore 0.6254679544773885, best score 0.6542396675651393
batch 1250, tloss 0.4874181197285652, vscore 0.6378107217729858, best score 0.6542396675651393
batch 1500, tloss 0.5052773712873458, vscore 0.634924378556454, best score 0.6542396675651393
batch 1750, tloss 0.4684978879094124, vscore 0.6401916741539383, best score 0.6542396675651393
batch 2000, tloss 0.46107702547311785, vscore 0.6408767595088349, best score 0.6542396675651393
batch 2250, tloss 0.4398047033548355, vscore 0.6282981431566337, best score 0.6542396675651393
batch 2500, tloss 0.4571895403265953, vscore 0.6516471997604073, best score 0.6542396675651393
batch 2750, tloss 0.470213327229023, vscore 0.65755772005772, best score 0.65755772005772
batch 3000, tloss 0.48237954753637313, vscore 0.6611859838274933, best score 0.6611859838274933
batch 3250, tloss 0.4024168385863304, vscore 0.6418463611859837, best score 0.6611859838274933
batch 3500, tloss 0.3952212342619896, vscore 0.6438117699910152, best score 0.6611859838274933
batch 250, tloss 0.7129106269478798, vscore 0.6355589248277927, best score 0.6611859838274933
batch 500, tloss 0.20909234821796419, vscore 0.6494740191674154, best score 0.6611859838274933
batch 750, tloss 0.1616279177069664, vscore 0.6160059149445942, best score 0.6611859838274933
batch 1000, tloss 0.17123205572366715, vscore 0.625260182689428, best score 0.6611859838274933
batch 1250, tloss 0.1750441625714302, vscore 0.6166123839472897, best score 0.6611859838274933
batch 1500, tloss 0.18327041351795195, vscore 0.6221155286013776, best score 0.6611859838274933
batch 1750, tloss 0.14213655316829682, vscore 0.6372098682240191, best score 0.6611859838274933
batch 2000, tloss 0.14724287289381027, vscore 0.631942572626535, best score 0.6611859838274933
batch 2250, tloss 0.1437752588391304, vscore 0.6403264450434263, best score 0.6611859838274933
batch 2500, tloss 0.1788484206199646, vscore 0.6426849356094639, best score 0.6611859838274933
batch 2750, tloss 0.14469217151403427, vscore 0.6278264450434261, best score 0.6611859838274933
batch 3000, tloss 0.18205339336395263, vscore 0.633250973345313, best score 0.6611859838274933
batch 3250, tloss 0.1396853415966034, vscore 0.6303421683138665, best score 0.6611859838274933
batch 3500, tloss 0.15260579687356948, vscore 0.6303421683138665, best score 0.6611859838274933
fold 0 best score 0.6611859838274933
fold 1
fold1 t/v: 7455/212
initial score 0.6259546271338725
batch 250, tloss 1.3506285665035247, vscore 0.657811096136568, best score 0.657811096136568
batch 500, tloss 0.9932790980935097, vscore 0.6514768643306379, best score 0.657811096136568
batch 750, tloss 0.9134743939638138, vscore 0.657693171608266, best score 0.657811096136568
batch 1000, tloss 0.8690311492681503, vscore 0.6620414046121594, best score 0.6620414046121594
batch 1250, tloss 0.894988981962204, vscore 0.6475171055359734, best score 0.6620414046121594
batch 1500, tloss 0.9007724661827088, vscore 0.6250276453106641, best score 0.6620414046121594
batch 1750, tloss 0.8974298158884049, vscore 0.6228488492639436, best score 0.6620414046121594
batch 2000, tloss 0.8685729891061783, vscore 0.6467084801990461, best score 0.6620414046121594
batch 2250, tloss 0.9382819285392762, vscore 0.6628585251226762, best score 0.6628585251226762
batch 2500, tloss 0.8307494106292724, vscore 0.6443537332688275, best score 0.6628585251226762
batch 2750, tloss 0.8151193571686745, vscore 0.645068087049219, best score 0.6628585251226762
batch 3000, tloss 0.7865086145401001, vscore 0.6595816526241054, best score 0.6628585251226762
batch 3250, tloss 0.9218379804491996, vscore 0.6066590642062338, best score 0.6628585251226762
batch 3500, tloss 0.8435233054757119, vscore 0.6767960812772134, best score 0.6767960812772134
batch 250, tloss 1.1048596249818803, vscore 0.639947473909738, best score 0.6767960812772134
batch 500, tloss 0.4853164885044098, vscore 0.6619151288962608, best score 0.6767960812772134
batch 750, tloss 0.4762469763159752, vscore 0.661168273550349, best score 0.6767960812772134
batch 1000, tloss 0.5031835382580757, vscore 0.6700687677102771, best score 0.6767960812772134
batch 1250, tloss 0.517571552336216, vscore 0.6537558746285159, best score 0.6767960812772134
batch 1500, tloss 0.49303373670578005, vscore 0.6774867820858387, best score 0.6774867820858387
batch 1750, tloss 0.48493650686740875, vscore 0.6884313014029995, best score 0.6884313014029995
batch 2000, tloss 0.46796157902479174, vscore 0.6584279321307622, best score 0.6884313014029995
batch 2250, tloss 0.45773925858736036, vscore 0.6580479530951229, best score 0.6884313014029995
batch 2500, tloss 0.5039271545410157, vscore 0.6561611606422927, best score 0.6884313014029995
batch 2750, tloss 0.4057955741882324, vscore 0.6688970096988964, best score 0.6884313014029995
batch 3000, tloss 0.4448164793252945, vscore 0.6644944939756259, best score 0.6884313014029995
batch 3250, tloss 0.5128829176425934, vscore 0.6680883843619692, best score 0.6884313014029995
batch 3500, tloss 0.4800718687772751, vscore 0.6556220770843413, best score 0.6884313014029995
batch 250, tloss 0.6692694877386093, vscore 0.6855187527357337, best score 0.6884313014029995
batch 500, tloss 0.22864565193653108, vscore 0.6644252367129725, best score 0.6884313014029995
batch 750, tloss 0.18802048516273498, vscore 0.6609118344967402, best score 0.6884313014029995
batch 1000, tloss 0.18983288222551345, vscore 0.6614097380606815, best score 0.6884313014029995
batch 1250, tloss 0.19570687389373778, vscore 0.6738198908010229, best score 0.6884313014029995
batch 1500, tloss 0.15912964588403702, vscore 0.6670701154191719, best score 0.6884313014029995
batch 1750, tloss 0.18135426265001298, vscore 0.661398507153224, best score 0.6884313014029995
batch 2000, tloss 0.18194809037446977, vscore 0.6633639159582556, best score 0.6884313014029995
batch 2250, tloss 0.16805514818429948, vscore 0.6684739788513372, best score 0.6884313014029995
