Thu Aug 26 00:41:22 2021       
+-----------------------------------------------------------------------------+
| NVIDIA-SMI 460.80       Driver Version: 460.80       CUDA Version: 11.2     |
|-------------------------------+----------------------+----------------------+
| GPU  Name        Persistence-M| Bus-Id        Disp.A | Volatile Uncorr. ECC |
| Fan  Temp  Perf  Pwr:Usage/Cap|         Memory-Usage | GPU-Util  Compute M. |
|                               |                      |               MIG M. |
|===============================+======================+======================|
|   0  GeForce RTX 3090    Off  | 00000000:45:00.0 Off |                  N/A |
| 42%   33C    P0    30W / 350W |      0MiB / 24268MiB |      0%      Default |
|                               |                      |                  N/A |
+-------------------------------+----------------------+----------------------+
                                                                               
+-----------------------------------------------------------------------------+
| Processes:                                                                  |
|  GPU   GI   CI        PID   Type   Process name                  GPU Memory |
|        ID   ID                                                   Usage      |
|=============================================================================|
|  No running processes found                                                 |
+-----------------------------------------------------------------------------+
nvcc: NVIDIA (R) Cuda compiler driver
Copyright (c) 2005-2020 NVIDIA Corporation
Built on Mon_Oct_12_20:09:46_PDT_2020
Cuda compilation tools, release 11.1, V11.1.105
Build cuda_11.1.TC455_06.29190527_0
START
----------------------------------------
2021-08-26 00:41:54.501768
rembert-ep3-bs4-ga1-lr1e-05-adamw-wd0-cosann-wu0.1-dropout0-evalsteps1000
{'accumulation_steps': 1,
 'batch_size': 4,
 'doc_stride': 128,
 'dropout': 0,
 'epochs': 3,
 'eval_steps': 1000,
 'lr': 1e-05,
 'max_length': 512,
 'model_checkpoint': '../../input/google-rembert-squad2',
 'optimizer': 'adamw',
 'scheduler': 'cosann',
 'train_path': '../../input/chaii-hindi-and-tamil-question-answering/chaii-mlqa-xquad-5folds-count_leq15.csv',
 'warmup_ratio': 0.1,
 'weight_decay': 0}
----------------------------------------
fold 0
fold0 t/v: 7455/212
initial score 0.6132068665087532
batch 250, tloss 1.1727897436618806, vscore 0.6419100029949086, best score 0.6419100029949086
batch 500, tloss 0.9033021426200867, vscore 0.6348090065071197, best score 0.6419100029949086
batch 750, tloss 0.9256204516887665, vscore 0.6264756731737864, best score 0.6419100029949086
batch 1000, tloss 0.8692313340902329, vscore 0.6091868823000899, best score 0.6419100029949086
batch 1250, tloss 0.836063767015934, vscore 0.6151249693702524, best score 0.6419100029949086
batch 1500, tloss 0.929973305106163, vscore 0.6352032794249776, best score 0.6419100029949086
batch 1750, tloss 0.84283012342453, vscore 0.6121562661657001, best score 0.6419100029949086
batch 2000, tloss 0.858809179365635, vscore 0.6281921301968472, best score 0.6419100029949086
batch 2250, tloss 0.8278691961765289, vscore 0.6322146668844781, best score 0.6419100029949086
batch 2500, tloss 0.789308254301548, vscore 0.624164148220752, best score 0.6419100029949086
batch 2750, tloss 0.9538283898830414, vscore 0.6093880176427346, best score 0.6419100029949086
batch 3000, tloss 1.0050775809288024, vscore 0.6435721772985924, best score 0.6435721772985924
batch 3250, tloss 0.8638392682671547, vscore 0.6113289226496774, best score 0.6435721772985924
batch 3500, tloss 0.8408111369609833, vscore 0.6413746630727762, best score 0.6435721772985924
batch 250, tloss 0.49567999827861786, vscore 0.6413746630727762, best score 0.6435721772985924
batch 500, tloss 0.45782321494817735, vscore 0.6240004492362983, best score 0.6435721772985924
batch 750, tloss 0.4865760707259178, vscore 0.629425998529772, best score 0.6435721772985924
batch 1000, tloss 0.5005916501879693, vscore 0.6587226714585205, best score 0.6587226714585205
batch 1250, tloss 0.48053048068284987, vscore 0.6443416646246836, best score 0.6587226714585205
batch 1500, tloss 0.5014203990101814, vscore 0.6221660676849355, best score 0.6587226714585205
batch 1750, tloss 0.5075934979915618, vscore 0.6448730907457323, best score 0.6587226714585205
batch 2000, tloss 0.4614472987651825, vscore 0.6401055705300989, best score 0.6587226714585205
batch 2250, tloss 0.46055436265468597, vscore 0.6228212039532794, best score 0.6587226714585205
batch 2500, tloss 0.45986633574962615, vscore 0.6463274932614556, best score 0.6587226714585205
batch 2750, tloss 0.48019646310806274, vscore 0.6438117699910153, best score 0.6587226714585205
batch 3000, tloss 0.4888772563934326, vscore 0.6381513926325247, best score 0.6587226714585205
batch 3250, tloss 0.4411955394744873, vscore 0.65348158131177, best score 0.6587226714585205
batch 3500, tloss 0.44205580580234527, vscore 0.6508872416891285, best score 0.6587226714585205
batch 250, tloss 0.20775127530097962, vscore 0.6488432165318958, best score 0.6587226714585205
batch 500, tloss 0.16152309638261794, vscore 0.626044474393531, best score 0.6587226714585205
batch 750, tloss 0.14599557387828827, vscore 0.623607367475292, best score 0.6587226714585205
batch 1000, tloss 0.1550773298740387, vscore 0.6077156334231806, best score 0.6587226714585205
batch 1250, tloss 0.19308904433250426, vscore 0.5951067800124403, best score 0.6587226714585205
batch 1500, tloss 0.1608727038502693, vscore 0.6051325247079964, best score 0.6587226714585205
batch 1750, tloss 0.13554629307985305, vscore 0.6099281221922731, best score 0.6587226714585205
batch 2000, tloss 0.13992970252037049, vscore 0.6099281221922731, best score 0.6587226714585205
batch 2250, tloss 0.14737512785196305, vscore 0.6091419586702604, best score 0.6587226714585205
batch 2500, tloss 0.1604290850162506, vscore 0.6079627133872416, best score 0.6587226714585205
batch 2750, tloss 0.13908033287525176, vscore 0.6146451033243486, best score 0.6587226714585205
batch 3000, tloss 0.16818858110904694, vscore 0.6146451033243486, best score 0.6587226714585205
batch 3250, tloss 0.13366850471496583, vscore 0.6146451033243486, best score 0.6587226714585205
batch 3500, tloss 0.14652833998203277, vscore 0.6146451033243486, best score 0.6587226714585205
fold 0 best score 0.6587226714585205
fold 1
fold1 t/v: 7455/212
initial score 0.6259546271338725
batch 250, tloss 1.2317791764736175, vscore 0.6437780772686432, best score 0.6437780772686432
batch 500, tloss 0.9805493416190147, vscore 0.6618196661828737, best score 0.6618196661828737
batch 750, tloss 0.9157455173730851, vscore 0.6445633768746977, best score 0.6618196661828737
batch 1000, tloss 0.9025058990716934, vscore 0.5970575022461815, best score 0.6618196661828737
batch 1250, tloss 0.9177836223244668, vscore 0.6316759105674199, best score 0.6618196661828737
batch 1500, tloss 0.8938675545454026, vscore 0.6321307623194415, best score 0.6618196661828737
batch 1750, tloss 0.8946076755523682, vscore 0.6175703227590019, best score 0.6618196661828737
batch 2000, tloss 0.8744330441951752, vscore 0.61229697974981, best score 0.6618196661828737
batch 2250, tloss 0.8677751433849334, vscore 0.6463228857096781, best score 0.6618196661828737
batch 2500, tloss 0.8503208713531494, vscore 0.6146427995484599, best score 0.6618196661828737
batch 2750, tloss 0.8400459374785423, vscore 0.6507172335002523, best score 0.6618196661828737
batch 3000, tloss 0.7844401648640633, vscore 0.6578121040385192, best score 0.6618196661828737
batch 3250, tloss 0.8766865408420563, vscore 0.6244488216186329, best score 0.6618196661828737
batch 3500, tloss 0.8375798645019531, vscore 0.6583362130531941, best score 0.6618196661828737
batch 250, tloss 0.5167459096312523, vscore 0.647522720989702, best score 0.6618196661828737
batch 500, tloss 0.4308903602361679, vscore 0.6836244730112653, best score 0.6836244730112653
batch 750, tloss 0.4535356742143631, vscore 0.6461207293754463, best score 0.6836244730112653
batch 1000, tloss 0.4617584550976753, vscore 0.6804517416545717, best score 0.6836244730112653
batch 1250, tloss 0.46662927204370497, vscore 0.6412540028106065, best score 0.6836244730112653
batch 1500, tloss 0.5054337614774704, vscore 0.6653592738498398, best score 0.6836244730112653
batch 1750, tloss 0.48857705265283585, vscore 0.6679012025710138, best score 0.6836244730112653
batch 2000, tloss 0.45400115782022477, vscore 0.6522303430322298, best score 0.6836244730112653
batch 2250, tloss 0.4390540593266487, vscore 0.6489284562397771, best score 0.6836244730112653
batch 2500, tloss 0.47949107992649076, vscore 0.6590699656737392, best score 0.6836244730112653
batch 2750, tloss 0.4081098657846451, vscore 0.6744787707051857, best score 0.6836244730112653
batch 3000, tloss 0.42575956976413726, vscore 0.6659545119450779, best score 0.6836244730112653
batch 3250, tloss 0.4992992072105408, vscore 0.6676054553413043, best score 0.6836244730112653
batch 3500, tloss 0.4740623540878296, vscore 0.6550605317114749, best score 0.6836244730112653
batch 250, tloss 0.14025190061330794, vscore 0.6630269887345358, best score 0.6836244730112653
batch 500, tloss 0.16592147451639175, vscore 0.6519271085308821, best score 0.6836244730112653
batch 750, tloss 0.14621599811315536, vscore 0.6537240537240536, best score 0.6836244730112653
batch 1000, tloss 0.14686149764060974, vscore 0.6494001543529845, best score 0.6836244730112653
batch 1250, tloss 0.1377760635614395, vscore 0.649871852466192, best score 0.6836244730112653
batch 1500, tloss 0.11960670566558838, vscore 0.6563970096988965, best score 0.6836244730112653
batch 1750, tloss 0.1330972449183464, vscore 0.6505007832838021, best score 0.6836244730112653
batch 2000, tloss 0.13205630826950074, vscore 0.6469630474347455, best score 0.6836244730112653
batch 2250, tloss 0.12584997230768205, vscore 0.6494787707051857, best score 0.6836244730112653
batch 2500, tloss 0.14193454885482787, vscore 0.6573404059253115, best score 0.6836244730112653
batch 2750, tloss 0.14078928858041764, vscore 0.653252355610846, best score 0.6836244730112653
batch 3000, tloss 0.125257275223732, vscore 0.653252355610846, best score 0.6836244730112653
batch 3250, tloss 0.1329849636554718, vscore 0.653252355610846, best score 0.6836244730112653
batch 3500, tloss 0.1436411285996437, vscore 0.653252355610846, best score 0.6836244730112653
fold 1 best score 0.6836244730112653
fold 2
fold2 t/v: 7456/211
initial score 0.6070695102685626
batch 250, tloss 1.0959156575202942, vscore 0.6435736853983298, best score 0.6435736853983298
batch 500, tloss 1.007544787466526, vscore 0.6641503046716317, best score 0.6641503046716317
batch 750, tloss 0.8943894680738449, vscore 0.677172195892575, best score 0.677172195892575
batch 1000, tloss 0.855731474518776, vscore 0.640047393364929, best score 0.677172195892575
batch 1250, tloss 0.8775948014259338, vscore 0.5867693522906793, best score 0.677172195892575
batch 1500, tloss 0.8216596016287804, vscore 0.6333464981569248, best score 0.677172195892575
batch 1750, tloss 0.8872134578227997, vscore 0.6295236359217401, best score 0.677172195892575
batch 2000, tloss 0.9474108135104179, vscore 0.6584518167456557, best score 0.677172195892575
batch 2250, tloss 0.9484036146402359, vscore 0.6753817798841496, best score 0.677172195892575
batch 2500, tloss 0.8714306950569153, vscore 0.6695497630331754, best score 0.677172195892575
batch 2750, tloss 0.9446343802213669, vscore 0.6523743146547718, best score 0.677172195892575
batch 3000, tloss 0.8890014221668243, vscore 0.6934439178515007, best score 0.6934439178515007
batch 3250, tloss 0.860574905514717, vscore 0.6394549763033176, best score 0.6934439178515007
batch 3500, tloss 0.8504649511575699, vscore 0.6700743306193543, best score 0.6934439178515007
batch 250, tloss 0.5058187390565873, vscore 0.6520988490182804, best score 0.6934439178515007
batch 500, tloss 0.43684654295444486, vscore 0.6876438727149626, best score 0.6934439178515007
batch 750, tloss 0.45446637415885927, vscore 0.6787745429925526, best score 0.6934439178515007
batch 1000, tloss 0.4927606464624405, vscore 0.648736176935229, best score 0.6934439178515007
batch 1250, tloss 0.4843384529948235, vscore 0.686650868878357, best score 0.6934439178515007
batch 1500, tloss 0.4887739250063896, vscore 0.6586097946287518, best score 0.6934439178515007
batch 1750, tloss 0.5249463322758675, vscore 0.6857111030096812, best score 0.6934439178515007
batch 2000, tloss 0.48485239988565443, vscore 0.6794841414509661, best score 0.6934439178515007
batch 2250, tloss 0.4571230125427246, vscore 0.6760268562401265, best score 0.6934439178515007
batch 2500, tloss 0.49300321912765505, vscore 0.6717614533965245, best score 0.6934439178515007
batch 2750, tloss 0.4796755707859993, vscore 0.6689178515007899, best score 0.6934439178515007
batch 3000, tloss 0.4450054267048836, vscore 0.6560294892048446, best score 0.6934439178515007
batch 3250, tloss 0.43096407693624494, vscore 0.6807266982622433, best score 0.6934439178515007
batch 3500, tloss 0.4315015691518784, vscore 0.6761039644925899, best score 0.6934439178515007
batch 250, tloss 0.16461877161264418, vscore 0.6650868878357029, best score 0.6934439178515007
batch 500, tloss 0.14587954533100128, vscore 0.6683649289099525, best score 0.6934439178515007
batch 750, tloss 0.13508659380674362, vscore 0.6683762130444595, best score 0.6934439178515007
batch 1000, tloss 0.15793024146556855, vscore 0.6835364477544572, best score 0.6934439178515007
batch 1250, tloss 0.15375811970233919, vscore 0.6680627166409157, best score 0.6934439178515007
batch 1500, tloss 0.14051872199773788, vscore 0.675539757767246, best score 0.6934439178515007
batch 1750, tloss 0.14597197687625885, vscore 0.6775934702474987, best score 0.6934439178515007
batch 2000, tloss 0.13276736849546433, vscore 0.6779094260136914, best score 0.6934439178515007
batch 2250, tloss 0.12736681991815568, vscore 0.6720642443391258, best score 0.6934439178515007
batch 2500, tloss 0.16733110916614533, vscore 0.6806740389678777, best score 0.6934439178515007
batch 2750, tloss 0.13190880572795868, vscore 0.6759347024749868, best score 0.6934439178515007
batch 3000, tloss 0.15570064985752105, vscore 0.6775144813059505, best score 0.6934439178515007
batch 3250, tloss 0.1465913729071617, vscore 0.6696155871511322, best score 0.6934439178515007
batch 3500, tloss 0.15125148004293443, vscore 0.6743549236440232, best score 0.6934439178515007
fold 2 best score 0.6934439178515007
fold 3
fold3 t/v: 7456/211
initial score 0.6702583373916625
batch 250, tloss 1.1154647929668426, vscore 0.6959692378655961, best score 0.6959692378655961
batch 500, tloss 0.892012477517128, vscore 0.6917089821710674, best score 0.6959692378655961
batch 750, tloss 0.9193564603328704, vscore 0.6870941131012221, best score 0.6959692378655961
batch 1000, tloss 0.8586602103710175, vscore 0.6814520458477805, best score 0.6959692378655961
batch 1250, tloss 0.8683777235746384, vscore 0.6823281050176785, best score 0.6959692378655961
batch 1500, tloss 0.9305525535345077, vscore 0.6678148273527421, best score 0.6959692378655961
batch 1750, tloss 0.9467889199852944, vscore 0.6987578048597005, best score 0.6987578048597005
batch 2000, tloss 0.9042241412997246, vscore 0.6656749451180731, best score 0.6987578048597005
batch 2250, tloss 0.9757728181481361, vscore 0.6698553750094035, best score 0.6987578048597005
batch 2500, tloss 0.8489566780328751, vscore 0.6984515944824002, best score 0.6987578048597005
batch 2750, tloss 0.8175968265533448, vscore 0.672812313168387, best score 0.6987578048597005
batch 3000, tloss 0.8492661615610123, vscore 0.689245774388578, best score 0.6987578048597005
batch 3250, tloss 0.8720601092576981, vscore 0.6875425629634908, best score 0.6987578048597005
batch 3500, tloss 0.8077754390239715, vscore 0.6830966139677788, best score 0.6987578048597005
batch 250, tloss 0.506524444937706, vscore 0.6529019032573534, best score 0.6987578048597005
batch 500, tloss 0.4604533463716507, vscore 0.6914287594974798, best score 0.6987578048597005
batch 750, tloss 0.42308921402692795, vscore 0.671156811855864, best score 0.6987578048597005
batch 1000, tloss 0.5219842472076416, vscore 0.6787736026480102, best score 0.6987578048597005
batch 1250, tloss 0.4587535034418106, vscore 0.6712809373354397, best score 0.6987578048597005
batch 1500, tloss 0.523123441696167, vscore 0.6678392763108403, best score 0.6987578048597005
batch 1750, tloss 0.4719984647035599, vscore 0.6672938764763409, best score 0.6987578048597005
batch 2000, tloss 0.4406330969333649, vscore 0.6581762957947792, best score 0.6987578048597005
batch 2250, tloss 0.4985669003129005, vscore 0.710664447453547, best score 0.710664447453547
batch 2500, tloss 0.42357487344741823, vscore 0.6870411118633867, best score 0.710664447453547
batch 2750, tloss 0.4492200111746788, vscore 0.6907954621941901, best score 0.710664447453547
batch 3000, tloss 0.4771947098970413, vscore 0.7066078010983224, best score 0.710664447453547
batch 3250, tloss 0.4512179832458496, vscore 0.6965931317234634, best score 0.710664447453547
batch 3500, tloss 0.4456237543225288, vscore 0.6866630933574062, best score 0.710664447453547
batch 250, tloss 0.14206856560707093, vscore 0.6802593470247499, best score 0.710664447453547
batch 500, tloss 0.17640712863206864, vscore 0.6799885065858056, best score 0.710664447453547
batch 750, tloss 0.17841183787584305, vscore 0.6771674729590847, best score 0.710664447453547
batch 1000, tloss 0.1575747833251953, vscore 0.6745846151714199, best score 0.710664447453547
batch 1250, tloss 0.1387028358578682, vscore 0.6833874278904212, best score 0.710664447453547
batch 1500, tloss 0.14041490024328232, vscore 0.6855539817157428, best score 0.710664447453547
batch 1750, tloss 0.13894590717554092, vscore 0.6735239065277728, best score 0.710664447453547
batch 2000, tloss 0.13712168908119202, vscore 0.6721810945214537, best score 0.710664447453547
batch 2250, tloss 0.13670347440242767, vscore 0.6740655449841033, best score 0.710664447453547
batch 2500, tloss 0.13145235246419906, vscore 0.6763324470055755, best score 0.710664447453547
batch 2750, tloss 0.1197645503282547, vscore 0.6705110426144351, best score 0.710664447453547
batch 3000, tloss 0.12962344884872437, vscore 0.6718651387552611, best score 0.710664447453547
batch 3250, tloss 0.16797174561023712, vscore 0.6705110426144351, best score 0.710664447453547
batch 3500, tloss 0.12863187921047212, vscore 0.6705110426144351, best score 0.710664447453547
fold 3 best score 0.710664447453547
fold 4
fold4 t/v: 7456/211
initial score 0.6247902176812129
batch 250, tloss 1.1234807014465331, vscore 0.6451975749369114, best score 0.6451975749369114
batch 500, tloss 0.8475151872634887, vscore 0.6538581481709443, best score 0.6538581481709443
batch 750, tloss 0.8549633040428162, vscore 0.6076251684071589, best score 0.6538581481709443
batch 1000, tloss 0.8760833576917648, vscore 0.6292791331890858, best score 0.6538581481709443
batch 1250, tloss 0.875995854139328, vscore 0.6435200002735547, best score 0.6538581481709443
batch 1500, tloss 0.9283876173496246, vscore 0.6395611497507232, best score 0.6538581481709443
batch 1750, tloss 0.9472437640428543, vscore 0.6208238444020435, best score 0.6538581481709443
batch 2000, tloss 0.9092920142412185, vscore 0.5943681910506554, best score 0.6538581481709443
batch 2250, tloss 1.0597541865706444, vscore 0.6064513290816609, best score 0.6538581481709443
batch 2500, tloss 0.8420184562206269, vscore 0.6455747254325452, best score 0.6538581481709443
batch 2750, tloss 0.9189822407364845, vscore 0.64790012515131, best score 0.6538581481709443
batch 3000, tloss 0.8430721955895424, vscore 0.6136885100155243, best score 0.6538581481709443
batch 3250, tloss 0.810954733133316, vscore 0.6462469994460516, best score 0.6538581481709443
batch 3500, tloss 0.8174580839872361, vscore 0.6507211587780307, best score 0.6538581481709443
batch 250, tloss 0.5201731118559837, vscore 0.6553927904638807, best score 0.6553927904638807
batch 500, tloss 0.4639588356614113, vscore 0.6833774440409511, best score 0.6833774440409511
batch 750, tloss 0.4396209093928337, vscore 0.665554153587329, best score 0.6833774440409511
batch 1000, tloss 0.5238861218094826, vscore 0.6982047967829959, best score 0.6982047967829959
batch 1250, tloss 0.4976460104584694, vscore 0.6712300732442912, best score 0.6982047967829959
batch 1500, tloss 0.46999534702301027, vscore 0.6981483761104614, best score 0.6982047967829959
batch 1750, tloss 0.46337763804197313, vscore 0.6827681007775795, best score 0.6982047967829959
batch 2000, tloss 0.4690051937103272, vscore 0.6990059703329846, best score 0.6990059703329846
batch 2250, tloss 0.49148711895942687, vscore 0.6656218583943702, best score 0.6990059703329846
batch 2500, tloss 0.4464100956320763, vscore 0.6759129890646478, best score 0.6990059703329846
batch 2750, tloss 0.42975858587026594, vscore 0.6819556430930839, best score 0.6990059703329846
batch 3000, tloss 0.45119639855623245, vscore 0.6632126956771507, best score 0.6990059703329846
batch 3250, tloss 0.42718084222078323, vscore 0.6806297572885252, best score 0.6990059703329846
batch 3500, tloss 0.4652284396290779, vscore 0.705155823639236, best score 0.705155823639236
batch 250, tloss 0.14219803762435912, vscore 0.6807877351716214, best score 0.705155823639236
batch 500, tloss 0.14900555199384688, vscore 0.6807482407008473, best score 0.705155823639236
batch 750, tloss 0.16166652768850326, vscore 0.6852901048398679, best score 0.705155823639236
batch 1000, tloss 0.17277523511648177, vscore 0.6967435013643544, best score 0.705155823639236
batch 1250, tloss 0.1607379797101021, vscore 0.6833153813011633, best score 0.705155823639236
batch 1500, tloss 0.12761751168966293, vscore 0.6810021337272523, best score 0.705155823639236
batch 1750, tloss 0.1640856376886368, vscore 0.6846581933074823, best score 0.705155823639236
batch 2000, tloss 0.18261390382051468, vscore 0.6785760448082724, best score 0.705155823639236
batch 2250, tloss 0.13590002417564392, vscore 0.672414907367514, best score 0.705155823639236
batch 2500, tloss 0.13451466709375381, vscore 0.6793659342237541, best score 0.705155823639236
batch 2750, tloss 0.1222547800540924, vscore 0.6825254918856815, best score 0.705155823639236
batch 3000, tloss 0.13593275022506715, vscore 0.6730468188998994, best score 0.705155823639236
batch 3250, tloss 0.15140722525119782, vscore 0.6730468188998994, best score 0.705155823639236
batch 3500, tloss 0.13508378940820695, vscore 0.6730468188998994, best score 0.705155823639236
fold 4 best score 0.705155823639236
5 fold cv jaccard 0.6903222666828139
FINISH
