Tue Aug 24 02:02:36 2021       
+-----------------------------------------------------------------------------+
| NVIDIA-SMI 460.80       Driver Version: 460.80       CUDA Version: 11.2     |
|-------------------------------+----------------------+----------------------+
| GPU  Name        Persistence-M| Bus-Id        Disp.A | Volatile Uncorr. ECC |
| Fan  Temp  Perf  Pwr:Usage/Cap|         Memory-Usage | GPU-Util  Compute M. |
|                               |                      |               MIG M. |
|===============================+======================+======================|
|   0  GeForce RTX 3090    Off  | 00000000:42:00.0 Off |                  N/A |
| 43%   31C    P0    44W / 350W |      0MiB / 24268MiB |      4%      Default |
|                               |                      |                  N/A |
+-------------------------------+----------------------+----------------------+
                                                                               
+-----------------------------------------------------------------------------+
| Processes:                                                                  |
|  GPU   GI   CI        PID   Type   Process name                  GPU Memory |
|        ID   ID                                                   Usage      |
|=============================================================================|
|  No running processes found                                                 |
+-----------------------------------------------------------------------------+
nvcc: NVIDIA (R) Cuda compiler driver
Copyright (c) 2005-2020 NVIDIA Corporation
Built on Mon_Oct_12_20:09:46_PDT_2020
Cuda compilation tools, release 11.1, V11.1.105
Build cuda_11.1.TC455_06.29190527_0
START
----------------------------------------
2021-08-24 02:03:50.233867
xrobl-ep3-bs4-ga1-lr1e-05-adamw-wd0-cosann-wu0.1-dropout0.3-evalsteps1000
{'accumulation_steps': 1,
 'batch_size': 4,
 'doc_stride': 128,
 'dropout': 0.3,
 'epochs': 3,
 'eval_steps': 1000,
 'lr': 1e-05,
 'max_length': 512,
 'model_checkpoint': '../../input/deepset-xlm-roberta-large-squad2',
 'optimizer': 'adamw',
 'scheduler': 'cosann',
 'train_path': '../../input/chaii-hindi-and-tamil-question-answering/chaii-mlqa-xquad-5folds-count_leq15.csv',
 'warmup_ratio': 0.1,
 'weight_decay': 0}
----------------------------------------
fold 0
fold0 t/v: 7455/212
initial score 0.6155510631925726
batch 250, tloss 2.7114449081420897, vscore 0.6192348008385744, best score 0.6192348008385744
batch 500, tloss 1.0920612647533416, vscore 0.6464360587002096, best score 0.6464360587002096
batch 750, tloss 0.8717169151306152, vscore 0.6467168313866427, best score 0.6467168313866427
batch 1000, tloss 0.8414017008543014, vscore 0.6458520515124289, best score 0.6467168313866427
batch 1250, tloss 0.9289532916545868, vscore 0.6413724809535021, best score 0.6467168313866427
batch 1500, tloss 0.8173660144805909, vscore 0.6445268044324649, best score 0.6467168313866427
batch 1750, tloss 0.92628209233284, vscore 0.656300539083558, best score 0.656300539083558
batch 2000, tloss 0.8492353870272636, vscore 0.619429469901168, best score 0.656300539083558
batch 2250, tloss 0.8958978737592698, vscore 0.6405510631925726, best score 0.656300539083558
batch 2500, tloss 0.8056765356063843, vscore 0.6158992213237496, best score 0.656300539083558
batch 2750, tloss 0.8432583161592484, vscore 0.6227650494159928, best score 0.656300539083558
batch 3000, tloss 0.778385669708252, vscore 0.6209418987720875, best score 0.656300539083558
batch 3250, tloss 0.7947465354800224, vscore 0.6286725067385446, best score 0.656300539083558
batch 3500, tloss 0.8421181364059448, vscore 0.6430187998584225, best score 0.656300539083558
batch 250, tloss 1.4302430233955383, vscore 0.6220986822401917, best score 0.656300539083558
batch 500, tloss 0.5049318168163299, vscore 0.6642520215633423, best score 0.6642520215633423
batch 750, tloss 0.4832795825600624, vscore 0.6428442102970404, best score 0.6642520215633423
batch 1000, tloss 0.5229212501049042, vscore 0.6498448092787715, best score 0.6642520215633423
batch 1250, tloss 0.4972163338661194, vscore 0.6575658879904162, best score 0.6642520215633423
batch 1500, tloss 0.42682225584983824, vscore 0.6507262653489068, best score 0.6642520215633423
batch 1750, tloss 0.5053401412963867, vscore 0.6674715483677748, best score 0.6674715483677748
batch 2000, tloss 0.404082523226738, vscore 0.6633095061924139, best score 0.6674715483677748
batch 2250, tloss 0.48178269267082213, vscore 0.6504117999401018, best score 0.6674715483677748
batch 2500, tloss 0.4846255733966827, vscore 0.6479269066117013, best score 0.6674715483677748
batch 2750, tloss 0.45100411581993105, vscore 0.6553646301287811, best score 0.6674715483677748
batch 3000, tloss 0.501716959476471, vscore 0.6385856543875411, best score 0.6674715483677748
batch 3250, tloss 0.4279296032190323, vscore 0.6235250074872717, best score 0.6674715483677748
batch 3500, tloss 0.4308640770316124, vscore 0.6515461215932915, best score 0.6674715483677748
batch 250, tloss 1.2732423429489135, vscore 0.661317011081162, best score 0.6674715483677748
batch 500, tloss 0.20563414961099624, vscore 0.6488507038035338, best score 0.6674715483677748
batch 750, tloss 0.17423420763015748, vscore 0.6573075771188979, best score 0.6674715483677748
batch 1000, tloss 0.18283894091844557, vscore 0.6522761305780173, best score 0.6674715483677748
batch 1250, tloss 0.1654342235326767, vscore 0.6409553758610362, best score 0.6674715483677748
batch 1500, tloss 0.18488368821144105, vscore 0.6402029050613957, best score 0.6674715483677748
batch 1750, tloss 0.18937332826852799, vscore 0.6224019167415393, best score 0.6674715483677748
batch 2000, tloss 0.15338017588853836, vscore 0.6387990416292303, best score 0.6674715483677748
batch 2250, tloss 0.14735011279582977, vscore 0.6404836777478286, best score 0.6674715483677748
batch 2500, tloss 0.15308295756578447, vscore 0.6326220425277028, best score 0.6674715483677748
batch 2750, tloss 0.13582576233148574, vscore 0.6285789158430667, best score 0.6674715483677748
batch 3000, tloss 0.18357659441232682, vscore 0.6294773884396526, best score 0.6674715483677748
batch 3250, tloss 0.15576408636569977, vscore 0.6294773884396526, best score 0.6674715483677748
batch 3500, tloss 0.14517871314287187, vscore 0.625939652590596, best score 0.6674715483677748
fold 0 best score 0.6674715483677748
fold 1
fold1 t/v: 7455/212
initial score 0.6062547515377705
batch 250, tloss 2.750004333496094, vscore 0.5933841315916787, best score 0.6062547515377705
batch 500, tloss 0.9490439858436585, vscore 0.6211469348261801, best score 0.6211469348261801
batch 750, tloss 0.8451241265535354, vscore 0.6378295839380744, best score 0.6378295839380744
batch 1000, tloss 0.9361097514629364, vscore 0.6606179590849403, best score 0.6606179590849403
batch 1250, tloss 0.8306178231239318, vscore 0.6252125233257307, best score 0.6606179590849403
batch 1500, tloss 0.8268613185882568, vscore 0.6354045718432512, best score 0.6606179590849403
batch 1750, tloss 0.8295769846439361, vscore 0.624662208860322, best score 0.6606179590849403
batch 2000, tloss 0.8802920535206795, vscore 0.6141689678246282, best score 0.6606179590849403
batch 2250, tloss 0.8556052494049072, vscore 0.6096914092197111, best score 0.6606179590849403
batch 2500, tloss 0.9132008299827575, vscore 0.6457070576174349, best score 0.6606179590849403
batch 2750, tloss 0.7960673894882202, vscore 0.6222868719330983, best score 0.6606179590849403
batch 3000, tloss 0.7992224298715591, vscore 0.6617204598336675, best score 0.6617204598336675
batch 3250, tloss 0.8719981124997139, vscore 0.6514591540534936, best score 0.6617204598336675
batch 3500, tloss 0.8548526226282119, vscore 0.6411042573778423, best score 0.6617204598336675
batch 250, tloss 1.8461686987876893, vscore 0.6251133169765245, best score 0.6617204598336675
batch 500, tloss 0.5011975418329239, vscore 0.652971582924413, best score 0.6617204598336675
batch 750, tloss 0.49577943193912505, vscore 0.6662802082613403, best score 0.6662802082613403
batch 1000, tloss 0.5040644032955169, vscore 0.6756224514479232, best score 0.6756224514479232
batch 1250, tloss 0.49950999712944033, vscore 0.6619768988872763, best score 0.6756224514479232
batch 1500, tloss 0.4528477157354355, vscore 0.6734679890340266, best score 0.6756224514479232
batch 1750, tloss 0.4776031505465507, vscore 0.648005650010367, best score 0.6756224514479232
batch 2000, tloss 0.4280446235537529, vscore 0.6460963957426221, best score 0.6756224514479232
batch 2250, tloss 0.4387202167510986, vscore 0.6726687227866472, best score 0.6756224514479232
batch 2500, tloss 0.4507440224885941, vscore 0.6749336224572073, best score 0.6756224514479232
batch 2750, tloss 0.41265785682201384, vscore 0.6584145414334093, best score 0.6756224514479232
batch 3000, tloss 0.4557499608397484, vscore 0.6555022807381297, best score 0.6756224514479232
batch 3250, tloss 0.465511167049408, vscore 0.6653180938558296, best score 0.6756224514479232
batch 3500, tloss 0.4548524696826935, vscore 0.6627630624092888, best score 0.6756224514479232
batch 250, tloss 1.3126403074264525, vscore 0.6864509180546916, best score 0.6864509180546916
batch 500, tloss 0.18797423487901688, vscore 0.6983743981385491, best score 0.6983743981385491
batch 750, tloss 0.19503495347499847, vscore 0.6907748174257609, best score 0.6983743981385491
batch 1000, tloss 0.21443550384044646, vscore 0.6844855092496602, best score 0.6983743981385491
batch 1250, tloss 0.16096333062648774, vscore 0.6852716727716728, best score 0.6983743981385491
batch 1500, tloss 0.1399124482870102, vscore 0.682913182205635, best score 0.6983743981385491
batch 1750, tloss 0.19168722313642503, vscore 0.6833848803188426, best score 0.6983743981385491
batch 2000, tloss 0.16291451919078828, vscore 0.6818125532748174, best score 0.6983743981385491
batch 2250, tloss 0.14030858623981476, vscore 0.6739509180546917, best score 0.6983743981385491
batch 2500, tloss 0.14547127938270568, vscore 0.6731647545326791, best score 0.6983743981385491
batch 2750, tloss 0.1581735087633133, vscore 0.6811836224572073, best score 0.6983743981385491
batch 3000, tloss 0.15335806107521058, vscore 0.6786678991867671, best score 0.6983743981385491
batch 3250, tloss 0.16079219657182695, vscore 0.6786678991867671, best score 0.6983743981385491
batch 3500, tloss 0.2086434388756752, vscore 0.6786678991867671, best score 0.6983743981385491
fold 1 best score 0.6983743981385491
fold 2
fold2 t/v: 7456/211
initial score 0.6111675317836456
batch 250, tloss 2.635532455444336, vscore 0.5929925524712254, best score 0.6111675317836456
batch 500, tloss 1.0451658611297607, vscore 0.6187956067102987, best score 0.6187956067102987
batch 750, tloss 0.8871963798999787, vscore 0.6263785450989242, best score 0.6263785450989242
batch 1000, tloss 0.798869824886322, vscore 0.6545775972316257, best score 0.6545775972316257
batch 1250, tloss 0.9464461100101471, vscore 0.6198619574211991, best score 0.6545775972316257
batch 1500, tloss 0.8251737384796143, vscore 0.6440983976529001, best score 0.6545775972316257
batch 1750, tloss 0.9657755813598633, vscore 0.6268167456556082, best score 0.6545775972316257
batch 2000, tloss 0.8510421800613404, vscore 0.6550778605280976, best score 0.6550778605280976
batch 2250, tloss 0.9224229617118835, vscore 0.6605017678477395, best score 0.6605017678477395
batch 2500, tloss 0.8140903286933899, vscore 0.6582828966715222, best score 0.6605017678477395
batch 2750, tloss 0.8498645734786987, vscore 0.6795249379372603, best score 0.6795249379372603
batch 3000, tloss 0.8578050165176392, vscore 0.6662679605807568, best score 0.6795249379372603
batch 3250, tloss 0.7797452855110169, vscore 0.6836272995040769, best score 0.6836272995040769
batch 3500, tloss 0.8182923921346664, vscore 0.6646919431279621, best score 0.6836272995040769
batch 250, tloss 1.5843717823028565, vscore 0.6585533739562176, best score 0.6836272995040769
batch 500, tloss 0.5334706147313117, vscore 0.6673424127215596, best score 0.6836272995040769
batch 750, tloss 0.5334182314276695, vscore 0.6534403590090794, best score 0.6836272995040769
batch 1000, tloss 0.4784440656900406, vscore 0.6539757767245918, best score 0.6836272995040769
batch 1250, tloss 0.49048302400112154, vscore 0.6636481606860755, best score 0.6836272995040769
batch 1500, tloss 0.43719603568315507, vscore 0.684185285488603, best score 0.684185285488603
batch 1750, tloss 0.4601898361444473, vscore 0.659659219137892, best score 0.684185285488603
batch 2000, tloss 0.4951976637840271, vscore 0.6858440532611149, best score 0.6858440532611149
batch 2250, tloss 0.4397715865969658, vscore 0.6800596323108171, best score 0.6858440532611149
batch 2500, tloss 0.4950464187860489, vscore 0.6865211013315279, best score 0.6865211013315279
batch 2750, tloss 0.47869856262207033, vscore 0.6926371022342587, best score 0.6926371022342587
batch 3000, tloss 0.41435894256830214, vscore 0.6903464229293614, best score 0.6926371022342587
batch 3250, tloss 0.4829441604614258, vscore 0.7123843376213044, best score 0.7123843376213044
batch 3500, tloss 0.3885847344994545, vscore 0.7002200406228842, best score 0.7123843376213044
batch 250, tloss 1.163662264585495, vscore 0.7029583239298879, best score 0.7123843376213044
batch 500, tloss 0.2244791437983513, vscore 0.6947434740088769, best score 0.7123843376213044
batch 750, tloss 0.17549913012981413, vscore 0.6916629052884977, best score 0.7123843376213044
batch 1000, tloss 0.1945928652882576, vscore 0.6973106146091929, best score 0.7123843376213044
batch 1250, tloss 0.17291933369636536, vscore 0.6977845482584819, best score 0.7123843376213044
batch 1500, tloss 0.174881948530674, vscore 0.6965997141352591, best score 0.7123843376213044
batch 1750, tloss 0.1418049223423004, vscore 0.7076581659520048, best score 0.7123843376213044
batch 2000, tloss 0.1578017556667328, vscore 0.6958098247197774, best score 0.7123843376213044
batch 2250, tloss 0.15360840582847596, vscore 0.7041036635823366, best score 0.7123843376213044
batch 2500, tloss 0.15690841341018677, vscore 0.7041036635823366, best score 0.7123843376213044
batch 2750, tloss 0.1540461950302124, vscore 0.7120025577371549, best score 0.7123843376213044
batch 3000, tloss 0.15882970142364503, vscore 0.7041036635823366, best score 0.7123843376213044
batch 3250, tloss 0.19645800167322158, vscore 0.7041036635823366, best score 0.7123843376213044
batch 3500, tloss 0.1626562864780426, vscore 0.7041036635823366, best score 0.7123843376213044
fold 2 best score 0.7123843376213044
fold 3
fold3 t/v: 7456/211
initial score 0.6482631836304822
batch 250, tloss 2.627321762084961, vscore 0.7025116602723238, best score 0.7025116602723238
batch 500, tloss 0.9597613661289215, vscore 0.66966918679004, best score 0.7025116602723238
batch 750, tloss 0.8834863977432251, vscore 0.693343300985481, best score 0.7025116602723238
batch 1000, tloss 0.8598194515705109, vscore 0.6955252422669485, best score 0.7025116602723238
batch 1250, tloss 0.8332996137142181, vscore 0.6779389186379708, best score 0.7025116602723238
batch 1500, tloss 0.8753981204032898, vscore 0.702015158354021, best score 0.7025116602723238
batch 1750, tloss 0.8693637539148331, vscore 0.7011485026295453, best score 0.7025116602723238
batch 2000, tloss 0.9223087642192841, vscore 0.6994254494846911, best score 0.7025116602723238
batch 2250, tloss 0.8209761373996735, vscore 0.6933229553490218, best score 0.7025116602723238
batch 2500, tloss 0.8563988761901855, vscore 0.7142851158846419, best score 0.7142851158846419
batch 2750, tloss 0.8473653237223625, vscore 0.7180293968801077, best score 0.7180293968801077
batch 3000, tloss 0.8995310468673706, vscore 0.7127241439445231, best score 0.7180293968801077
batch 3250, tloss 0.7827228318452835, vscore 0.6783432667911341, best score 0.7180293968801077
batch 3500, tloss 0.941892496585846, vscore 0.6872736244244102, best score 0.7180293968801077
batch 250, tloss 1.5213260776996613, vscore 0.6938081731328176, best score 0.7180293968801077
batch 500, tloss 0.5721629611849784, vscore 0.6981074283799401, best score 0.7180293968801077
batch 750, tloss 0.5114799239039421, vscore 0.7345739897280181, best score 0.7345739897280181
batch 1000, tloss 0.47675152015686034, vscore 0.731793989317686, best score 0.7345739897280181
batch 1250, tloss 0.42085141384601593, vscore 0.7065062438877606, best score 0.7345739897280181
batch 1500, tloss 0.408389901638031, vscore 0.6868938197137249, best score 0.7345739897280181
batch 1750, tloss 0.5155594100952149, vscore 0.6948196419167982, best score 0.7345739897280181
batch 2000, tloss 0.4375598452687263, vscore 0.7209988339727676, best score 0.7345739897280181
batch 2250, tloss 0.4037090901136398, vscore 0.7097810185020212, best score 0.7345739897280181
batch 2500, tloss 0.4285628962516785, vscore 0.725160600949451, best score 0.7345739897280181
batch 2750, tloss 0.43156016314029694, vscore 0.7051841194613706, best score 0.7345739897280181
batch 3000, tloss 0.4599222760796547, vscore 0.710233769653201, best score 0.7345739897280181
batch 3250, tloss 0.43401402854919435, vscore 0.7119626178400187, best score 0.7345739897280181
batch 3500, tloss 0.3956287884712219, vscore 0.6896740765816594, best score 0.7345739897280181
batch 250, tloss 1.2212056288719177, vscore 0.7034689310163245, best score 0.7345739897280181
batch 500, tloss 0.17975410735607147, vscore 0.7125155404308561, best score 0.7345739897280181
batch 750, tloss 0.20071889746189117, vscore 0.7161095372712982, best score 0.7345739897280181
batch 1000, tloss 0.1836168518066406, vscore 0.7248918603776423, best score 0.7345739897280181
batch 1250, tloss 0.16560715186595917, vscore 0.7192408845969583, best score 0.7345739897280181
batch 1500, tloss 0.16852465987205506, vscore 0.7080784999623863, best score 0.7345739897280181
batch 1750, tloss 0.16710058695077895, vscore 0.7063656871246046, best score 0.7345739897280181
batch 2000, tloss 0.16432572895288466, vscore 0.7074465884300006, best score 0.7345739897280181
batch 2250, tloss 0.14853322505950928, vscore 0.7107100789097547, best score 0.7345739897280181
batch 2500, tloss 0.16513359022140503, vscore 0.7063656871246046, best score 0.7345739897280181
batch 2750, tloss 0.15381411135196685, vscore 0.7063656871246046, best score 0.7345739897280181
batch 3000, tloss 0.14648616701364517, vscore 0.7099201894942728, best score 0.7345739897280181
batch 3250, tloss 0.14814618784189224, vscore 0.7099201894942728, best score 0.7345739897280181
batch 3500, tloss 0.16818242394924163, vscore 0.7099201894942728, best score 0.7345739897280181
fold 3 best score 0.7345739897280181
fold 4
fold4 t/v: 7456/211
initial score 0.6382014115426438
batch 250, tloss 2.63421484375, vscore 0.6374811076232877, best score 0.6382014115426438
batch 500, tloss 1.0059784433841705, vscore 0.6493388523009377, best score 0.6493388523009377
batch 750, tloss 0.8910210456848144, vscore 0.6271824541966723, best score 0.6493388523009377
batch 1000, tloss 0.8675340113639831, vscore 0.6510145462752097, best score 0.6510145462752097
batch 1250, tloss 0.8406665607690811, vscore 0.650901704930141, best score 0.6510145462752097
batch 1500, tloss 0.9143443242311478, vscore 0.6345773236768497, best score 0.6510145462752097
batch 1750, tloss 0.8673012351989746, vscore 0.655633518666694, best score 0.655633518666694
batch 2000, tloss 0.8331857606172561, vscore 0.6644313822038941, best score 0.6644313822038941
batch 2250, tloss 0.7765125756263733, vscore 0.6618980940070988, best score 0.6644313822038941
batch 2500, tloss 0.8304666993618012, vscore 0.6499481955643093, best score 0.6644313822038941
batch 2750, tloss 0.8264208220243454, vscore 0.651339905486825, best score 0.6644313822038941
batch 3000, tloss 0.8316972533464432, vscore 0.6396194511123422, best score 0.6644313822038941
batch 3250, tloss 0.8757289608716965, vscore 0.6500610369093782, best score 0.6644313822038941
batch 3500, tloss 0.8973871510028839, vscore 0.6917389877105518, best score 0.6917389877105518
batch 250, tloss 1.7856017580032348, vscore 0.6372535442440657, best score 0.6917389877105518
batch 500, tloss 0.4869097969532013, vscore 0.6763982068484438, best score 0.6917389877105518
batch 750, tloss 0.5441906994581223, vscore 0.6762120186290802, best score 0.6917389877105518
batch 1000, tloss 0.4513376339673996, vscore 0.6673238820158252, best score 0.6917389877105518
batch 1250, tloss 0.4590318378806114, vscore 0.6819782113620976, best score 0.6917389877105518
batch 1500, tloss 0.5143771586418152, vscore 0.6739213393241829, best score 0.6917389877105518
batch 1750, tloss 0.4849971539378166, vscore 0.685662481278595, best score 0.6917389877105518
batch 2000, tloss 0.44342716068029403, vscore 0.6896006442214974, best score 0.6917389877105518
batch 2250, tloss 0.4392615545392036, vscore 0.7005801070966948, best score 0.7005801070966948
batch 2500, tloss 0.44202919930219653, vscore 0.6809118606511971, best score 0.7005801070966948
batch 2750, tloss 0.4313652483820915, vscore 0.6885737879813708, best score 0.7005801070966948
batch 3000, tloss 0.465383644759655, vscore 0.698131449908701, best score 0.7005801070966948
batch 3250, tloss 0.4831430128216743, vscore 0.6974995383763156, best score 0.7005801070966948
batch 3500, tloss 0.433250254034996, vscore 0.7014489854537248, best score 0.7014489854537248
batch 250, tloss 1.340134823322296, vscore 0.6795690486448782, best score 0.7014489854537248
batch 500, tloss 0.20933089751005174, vscore 0.6846243409039617, best score 0.7014489854537248
batch 750, tloss 0.17079563719034194, vscore 0.68904772163066, best score 0.7014489854537248
batch 1000, tloss 0.17816215872764588, vscore 0.6886979134609468, best score 0.7014489854537248
batch 1250, tloss 0.17191832053661346, vscore 0.6847484663835375, best score 0.7014489854537248
batch 1500, tloss 0.17886915367841721, vscore 0.6934711023573582, best score 0.7014489854537248
batch 1750, tloss 0.13527102327346802, vscore 0.6804040745983875, best score 0.7014489854537248
batch 2000, tloss 0.1448779011964798, vscore 0.6939450360066474, best score 0.7014489854537248
batch 2250, tloss 0.17699958246946335, vscore 0.7014489854537247, best score 0.7014489854537248
batch 2500, tloss 0.14391494941711425, vscore 0.6958407706038037, best score 0.7014489854537248
batch 2750, tloss 0.13552319532632828, vscore 0.6990003282657311, best score 0.7014489854537248
batch 3000, tloss 0.12856143361330033, vscore 0.6966306600192855, best score 0.7014489854537248
batch 3250, tloss 0.18402374798059465, vscore 0.6958407706038037, best score 0.7014489854537248
batch 3500, tloss 0.18008231723308563, vscore 0.6958407706038037, best score 0.7014489854537248
fold 4 best score 0.7014489854537248
5 fold cv jaccard 0.7028506518618742
FINISH
