Fri Oct 29 00:28:33 2021       
+-----------------------------------------------------------------------------+
| NVIDIA-SMI 460.80       Driver Version: 460.80       CUDA Version: 11.2     |
|-------------------------------+----------------------+----------------------+
| GPU  Name        Persistence-M| Bus-Id        Disp.A | Volatile Uncorr. ECC |
| Fan  Temp  Perf  Pwr:Usage/Cap|         Memory-Usage | GPU-Util  Compute M. |
|                               |                      |               MIG M. |
|===============================+======================+======================|
|   0  GeForce RTX 3090    Off  | 00000000:46:00.0 Off |                  N/A |
| 39%   25C    P8    23W / 350W |      0MiB / 24268MiB |      0%      Default |
|                               |                      |                  N/A |
+-------------------------------+----------------------+----------------------+
                                                                               
+-----------------------------------------------------------------------------+
| Processes:                                                                  |
|  GPU   GI   CI        PID   Type   Process name                  GPU Memory |
|        ID   ID                                                   Usage      |
|=============================================================================|
|  No running processes found                                                 |
+-----------------------------------------------------------------------------+
nvcc: NVIDIA (R) Cuda compiler driver
Copyright (c) 2005-2020 NVIDIA Corporation
Built on Mon_Oct_12_20:09:46_PDT_2020
Cuda compilation tools, release 11.1, V11.1.105
Build cuda_11.1.TC455_06.29190527_0
START
{'accumulation_steps': 1,
 'batch_size': 4,
 'doc_stride': 128,
 'downext': False,
 'dropout': 0.1,
 'epochs': 3,
 'eval_steps': 1000,
 'geoloss': False,
 'lr': 1e-05,
 'max_length': 512,
 'metric': 'nonzero_jaccard_per',
 'model_checkpoint': '/gpfsnyu/scratch/yw3642/chaii/working/model/2021-10-20-17:05:05/checkpoint-32629',
 'optimizer': 'adamw',
 'scheduler': 'cosann',
 'seed': 3407,
 'time': '2021-10-29-00:29:58',
 'train_path': '/gpfsnyu/scratch/yw3642/chaii/input/train0917/merged0917.csv',
 'warmup_ratio': 0.1,
 'weight_decay': 0.01}
fold 0
fold 0, only_chaii False, lang None, removecite False, splitjoin False
fold0 t/v: 7506/223
initial mean jaccard 0.6734491778774291
initial nonzero jaccard percentage 0.7757847533632287
using metric: nonzero_jaccard_per
batch 250, tloss 1.719982421875, vscore 0.6786808669656204, nonzero_jaccard_per 0.7802690582959642 best nonzero_jaccard_per 0.7802690582959642
batch 500, tloss 1.4782584953308104, vscore 0.7146300448430494, nonzero_jaccard_per 0.8161434977578476 best nonzero_jaccard_per 0.8161434977578476
batch 750, tloss 1.4087708597183228, vscore 0.6833146487294469, nonzero_jaccard_per 0.7937219730941704 best nonzero_jaccard_per 0.8161434977578476
batch 1000, tloss 1.3991914806365966, vscore 0.7348094170403588, nonzero_jaccard_per 0.8340807174887892 best nonzero_jaccard_per 0.8340807174887892
batch 1250, tloss 1.3828571510314942, vscore 0.7059853014449426, nonzero_jaccard_per 0.8161434977578476 best nonzero_jaccard_per 0.8340807174887892
batch 1500, tloss 1.3559025478363038, vscore 0.6996823617339313, nonzero_jaccard_per 0.8071748878923767 best nonzero_jaccard_per 0.8340807174887892
batch 1750, tloss 1.3602520332336425, vscore 0.7044656203288492, nonzero_jaccard_per 0.8071748878923767 best nonzero_jaccard_per 0.8340807174887892
batch 2000, tloss 1.3205561809539794, vscore 0.722552316890882, nonzero_jaccard_per 0.8251121076233184 best nonzero_jaccard_per 0.8340807174887892
batch 2250, tloss 1.3190104141235353, vscore 0.7191890881913303, nonzero_jaccard_per 0.820627802690583 best nonzero_jaccard_per 0.8340807174887892
batch 2500, tloss 1.4159644508361817, vscore 0.7314461883408072, nonzero_jaccard_per 0.8295964125560538 best nonzero_jaccard_per 0.8340807174887892
batch 2750, tloss 3.33915322303772, vscore 0.01130334564642459, nonzero_jaccard_per 0.06726457399103139 best nonzero_jaccard_per 0.8340807174887892
batch 3000, tloss 6.238310546875, vscore 0.006281357096095363, nonzero_jaccard_per 0.06726457399103139 best nonzero_jaccard_per 0.8340807174887892
batch 3250, tloss 6.2382890625, vscore 0.007715328283779879, nonzero_jaccard_per 0.06726457399103139 best nonzero_jaccard_per 0.8340807174887892
batch 250, tloss 6.246892578125, vscore 0.00542807309979481, nonzero_jaccard_per 0.07623318385650224 best nonzero_jaccard_per 0.8340807174887892
batch 500, tloss 6.23825390625, vscore 0.003933788228829115, nonzero_jaccard_per 0.06278026905829596 best nonzero_jaccard_per 0.8340807174887892
batch 750, tloss 6.23828125, vscore 0.00796278302768744, nonzero_jaccard_per 0.08071748878923767 best nonzero_jaccard_per 0.8340807174887892
batch 1000, tloss 6.2382421875, vscore 0.007250379744648096, nonzero_jaccard_per 0.07174887892376682 best nonzero_jaccard_per 0.8340807174887892
batch 1250, tloss 6.238212890625, vscore 0.006340795536361091, nonzero_jaccard_per 0.08968609865470852 best nonzero_jaccard_per 0.8340807174887892
batch 1500, tloss 6.2382421875, vscore 0.0027970613033573783, nonzero_jaccard_per 0.04035874439461883 best nonzero_jaccard_per 0.8340807174887892
batch 1750, tloss 6.2375703125, vscore 0.005690391395107551, nonzero_jaccard_per 0.04932735426008968 best nonzero_jaccard_per 0.8340807174887892
batch 2000, tloss 6.238607421875, vscore 0.010544105328888194, nonzero_jaccard_per 0.09865470852017937 best nonzero_jaccard_per 0.8340807174887892
batch 2250, tloss 6.2341640625, vscore 0.005076789759831072, nonzero_jaccard_per 0.053811659192825115 best nonzero_jaccard_per 0.8340807174887892
batch 2500, tloss 6.23828125, vscore 0.006885985602853568, nonzero_jaccard_per 0.07174887892376682 best nonzero_jaccard_per 0.8340807174887892
batch 2750, tloss 6.2381796875, vscore 0.01093433046358106, nonzero_jaccard_per 0.09417040358744394 best nonzero_jaccard_per 0.8340807174887892
batch 3000, tloss 6.2380703125, vscore 0.01192711092551329, nonzero_jaccard_per 0.09417040358744394 best nonzero_jaccard_per 0.8340807174887892
batch 3250, tloss 6.240408203125, vscore 0.00953886565508947, nonzero_jaccard_per 0.05829596412556054 best nonzero_jaccard_per 0.8340807174887892
batch 250, tloss 6.2523896484375, vscore 0.007132625632469957, nonzero_jaccard_per 0.07623318385650224 best nonzero_jaccard_per 0.8340807174887892
batch 500, tloss 6.2304013671875, vscore 0.006161751931754292, nonzero_jaccard_per 0.06726457399103139 best nonzero_jaccard_per 0.8340807174887892
batch 750, tloss 6.2359755859375, vscore 0.0075019191136989705, nonzero_jaccard_per 0.08071748878923767 best nonzero_jaccard_per 0.8340807174887892
batch 1000, tloss 6.2337236328125, vscore 0.007646254032741179, nonzero_jaccard_per 0.06726457399103139 best nonzero_jaccard_per 0.8340807174887892
batch 1250, tloss 6.23828125, vscore 0.007951906668812361, nonzero_jaccard_per 0.08520179372197309 best nonzero_jaccard_per 0.8340807174887892
batch 1500, tloss 6.229915649414062, vscore 0.009240026665299819, nonzero_jaccard_per 0.08520179372197309 best nonzero_jaccard_per 0.8340807174887892
batch 1750, tloss 6.24006640625, vscore 0.005928210392731627, nonzero_jaccard_per 0.04484304932735426 best nonzero_jaccard_per 0.8340807174887892
batch 2000, tloss 6.233826171875, vscore 0.0084180661735792, nonzero_jaccard_per 0.1031390134529148 best nonzero_jaccard_per 0.8340807174887892
batch 2250, tloss 6.234094482421875, vscore 0.007387622991397111, nonzero_jaccard_per 0.08968609865470852 best nonzero_jaccard_per 0.8340807174887892
batch 2500, tloss 6.22786669921875, vscore 0.005269252814685904, nonzero_jaccard_per 0.053811659192825115 best nonzero_jaccard_per 0.8340807174887892
batch 2750, tloss 6.23456640625, vscore 0.007192522284948826, nonzero_jaccard_per 0.05829596412556054 best nonzero_jaccard_per 0.8340807174887892
batch 3000, tloss 6.2306142578125, vscore 0.006220694577775441, nonzero_jaccard_per 0.06278026905829596 best nonzero_jaccard_per 0.8340807174887892
batch 3250, tloss 6.239072265625, vscore 0.007939650748797066, nonzero_jaccard_per 0.08968609865470852 best nonzero_jaccard_per 0.8340807174887892
fold 0 best nonzero_jaccard_per 0.8340807174887892
fold 1
fold 1, only_chaii False, lang None, removecite False, splitjoin False
fold1 t/v: 7506/223
initial mean jaccard 0.6196540707869479
initial nonzero jaccard percentage 0.726457399103139
using metric: nonzero_jaccard_per
batch 250, tloss 1.6659560585021973, vscore 0.6134614592131703, nonzero_jaccard_per 0.726457399103139 best nonzero_jaccard_per 0.726457399103139
batch 500, tloss 1.5537918682098388, vscore 0.6312136123913324, nonzero_jaccard_per 0.7309417040358744 best nonzero_jaccard_per 0.7309417040358744
batch 750, tloss 1.4241666955947876, vscore 0.6282059743943151, nonzero_jaccard_per 0.7399103139013453 best nonzero_jaccard_per 0.7399103139013453
batch 1000, tloss 1.5188928241729736, vscore 0.6476382689505181, nonzero_jaccard_per 0.757847533632287 best nonzero_jaccard_per 0.757847533632287
batch 1250, tloss 1.3785488595962525, vscore 0.6855262326114344, nonzero_jaccard_per 0.7982062780269058 best nonzero_jaccard_per 0.7982062780269058
batch 1500, tloss 1.8961644897460936, vscore 0.6049421011422428, nonzero_jaccard_per 0.695067264573991 best nonzero_jaccard_per 0.7982062780269058
batch 1750, tloss 1.4335031223297119, vscore 0.6776083735842998, nonzero_jaccard_per 0.7847533632286996 best nonzero_jaccard_per 0.7982062780269058
batch 2000, tloss 1.4517835483551025, vscore 0.6150020258764652, nonzero_jaccard_per 0.7219730941704036 best nonzero_jaccard_per 0.7982062780269058
batch 2250, tloss 1.4581552743911743, vscore 0.6656960254493887, nonzero_jaccard_per 0.7623318385650224 best nonzero_jaccard_per 0.7982062780269058
batch 2500, tloss 1.361952356338501, vscore 0.6723210521416799, nonzero_jaccard_per 0.7713004484304933 best nonzero_jaccard_per 0.7982062780269058
batch 2750, tloss 1.3291804008483887, vscore 0.6568252873185609, nonzero_jaccard_per 0.757847533632287 best nonzero_jaccard_per 0.7982062780269058
batch 3000, tloss 1.3529776191711427, vscore 0.7118937319727974, nonzero_jaccard_per 0.820627802690583 best nonzero_jaccard_per 0.820627802690583
batch 3250, tloss 1.2370168418884278, vscore 0.6891358844391651, nonzero_jaccard_per 0.8026905829596412 best nonzero_jaccard_per 0.820627802690583
batch 250, tloss 1.1000570950508117, vscore 0.6627905929593443, nonzero_jaccard_per 0.7713004484304933 best nonzero_jaccard_per 0.820627802690583
batch 500, tloss 0.9742398598194122, vscore 0.6776635376529169, nonzero_jaccard_per 0.7802690582959642 best nonzero_jaccard_per 0.820627802690583
batch 750, tloss 0.9331734318733216, vscore 0.6640113204132557, nonzero_jaccard_per 0.7668161434977578 best nonzero_jaccard_per 0.820627802690583
batch 1000, tloss 0.8941473416090011, vscore 0.6754587543943219, nonzero_jaccard_per 0.7847533632286996 best nonzero_jaccard_per 0.820627802690583
batch 1250, tloss 0.8931905823945999, vscore 0.6954886497605403, nonzero_jaccard_per 0.7982062780269058 best nonzero_jaccard_per 0.820627802690583
batch 1500, tloss 0.9270551195144653, vscore 0.6943675735273563, nonzero_jaccard_per 0.7892376681614349 best nonzero_jaccard_per 0.820627802690583
batch 1750, tloss 0.868832328081131, vscore 0.712479182894571, nonzero_jaccard_per 0.8161434977578476 best nonzero_jaccard_per 0.820627802690583
batch 2000, tloss 0.9465420515537262, vscore 0.7140237768158466, nonzero_jaccard_per 0.8251121076233184 best nonzero_jaccard_per 0.8251121076233184
batch 2250, tloss 0.8426460967063903, vscore 0.6944672247480839, nonzero_jaccard_per 0.8071748878923767 best nonzero_jaccard_per 0.8251121076233184
batch 2500, tloss 0.8783749412298203, vscore 0.704083567548283, nonzero_jaccard_per 0.8251121076233184 best nonzero_jaccard_per 0.8251121076233184
batch 2750, tloss 0.9214749646186828, vscore 0.6884507822966638, nonzero_jaccard_per 0.8071748878923767 best nonzero_jaccard_per 0.8251121076233184
batch 3000, tloss 0.8585288435220718, vscore 0.6964602491626328, nonzero_jaccard_per 0.820627802690583 best nonzero_jaccard_per 0.8251121076233184
batch 3250, tloss 0.910719601392746, vscore 0.7116107936853746, nonzero_jaccard_per 0.8340807174887892 best nonzero_jaccard_per 0.8340807174887892
batch 250, tloss 0.7617584394216538, vscore 0.7005334928098675, nonzero_jaccard_per 0.8251121076233184 best nonzero_jaccard_per 0.8340807174887892
batch 500, tloss 0.6341830134987831, vscore 0.6976880945608819, nonzero_jaccard_per 0.8161434977578476 best nonzero_jaccard_per 0.8340807174887892
batch 750, tloss 0.6350604526996613, vscore 0.6951896960983579, nonzero_jaccard_per 0.8116591928251121 best nonzero_jaccard_per 0.8340807174887892
batch 1000, tloss 0.632391594171524, vscore 0.6979550174735448, nonzero_jaccard_per 0.8116591928251121 best nonzero_jaccard_per 0.8340807174887892
batch 1250, tloss 0.6314160648584366, vscore 0.7031867065617361, nonzero_jaccard_per 0.820627802690583 best nonzero_jaccard_per 0.8340807174887892
batch 1500, tloss 0.6154025042057037, vscore 0.6994497857844565, nonzero_jaccard_per 0.8161434977578476 best nonzero_jaccard_per 0.8340807174887892
batch 1750, tloss 0.6262078152298928, vscore 0.6876411161282533, nonzero_jaccard_per 0.8071748878923767 best nonzero_jaccard_per 0.8340807174887892
batch 2000, tloss 0.6155563071370125, vscore 0.6876411161282533, nonzero_jaccard_per 0.8071748878923767 best nonzero_jaccard_per 0.8340807174887892
batch 2250, tloss 0.6153063324093818, vscore 0.6874916392971621, nonzero_jaccard_per 0.8071748878923767 best nonzero_jaccard_per 0.8340807174887892
batch 2500, tloss 0.6341476083397866, vscore 0.6897337917635298, nonzero_jaccard_per 0.8116591928251121 best nonzero_jaccard_per 0.8340807174887892
batch 2750, tloss 0.6040756746530532, vscore 0.6897337917635298, nonzero_jaccard_per 0.8116591928251121 best nonzero_jaccard_per 0.8340807174887892
batch 3000, tloss 0.613394549369812, vscore 0.6897337917635298, nonzero_jaccard_per 0.8116591928251121 best nonzero_jaccard_per 0.8340807174887892
batch 3250, tloss 0.629156951546669, vscore 0.6897337917635298, nonzero_jaccard_per 0.8116591928251121 best nonzero_jaccard_per 0.8340807174887892
fold 1 best nonzero_jaccard_per 0.8340807174887892
fold 2
fold 2, only_chaii False, lang None, removecite False, splitjoin False
fold2 t/v: 7506/223
initial mean jaccard 0.672842292236911
initial nonzero jaccard percentage 0.7982062780269058
using metric: nonzero_jaccard_per
batch 250, tloss 1.7305047130584716, vscore 0.6752517163952141, nonzero_jaccard_per 0.7982062780269058 best nonzero_jaccard_per 0.7982062780269058
batch 500, tloss 1.5441433334350585, vscore 0.691345388542698, nonzero_jaccard_per 0.820627802690583 best nonzero_jaccard_per 0.820627802690583
batch 750, tloss 1.415321904182434, vscore 0.706106225612952, nonzero_jaccard_per 0.8340807174887892 best nonzero_jaccard_per 0.8340807174887892
batch 1000, tloss 1.3403069458007812, vscore 0.7336099625337293, nonzero_jaccard_per 0.8475336322869955 best nonzero_jaccard_per 0.8475336322869955
batch 1250, tloss 1.4053339252471924, vscore 0.7337220701570476, nonzero_jaccard_per 0.852017937219731 best nonzero_jaccard_per 0.852017937219731
batch 1500, tloss 1.3718364973068238, vscore 0.7246378574117038, nonzero_jaccard_per 0.8430493273542601 best nonzero_jaccard_per 0.852017937219731
batch 1750, tloss 1.3475544509887696, vscore 0.7336722445466841, nonzero_jaccard_per 0.8475336322869955 best nonzero_jaccard_per 0.852017937219731
batch 2000, tloss 1.3541933517456055, vscore 0.7168151728689844, nonzero_jaccard_per 0.8385650224215246 best nonzero_jaccard_per 0.852017937219731
batch 2250, tloss 1.2783092117309571, vscore 0.7149548362211648, nonzero_jaccard_per 0.8385650224215246 best nonzero_jaccard_per 0.852017937219731
batch 2500, tloss 1.359174509048462, vscore 0.7053011242131928, nonzero_jaccard_per 0.8385650224215246 best nonzero_jaccard_per 0.852017937219731
batch 2750, tloss 1.2970267238616944, vscore 0.7347992067723009, nonzero_jaccard_per 0.852017937219731 best nonzero_jaccard_per 0.852017937219731
batch 3000, tloss 1.3039712238311767, vscore 0.713984558042854, nonzero_jaccard_per 0.8430493273542601 best nonzero_jaccard_per 0.852017937219731
batch 3250, tloss 1.3201992712020874, vscore 0.7398648561204614, nonzero_jaccard_per 0.8699551569506726 best nonzero_jaccard_per 0.8699551569506726
batch 250, tloss 1.0034221363067628, vscore 0.7473351387028517, nonzero_jaccard_per 0.8699551569506726 best nonzero_jaccard_per 0.8699551569506726
batch 500, tloss 0.9216437510251999, vscore 0.7109736675880174, nonzero_jaccard_per 0.8340807174887892 best nonzero_jaccard_per 0.8699551569506726
batch 750, tloss 0.8965460104942322, vscore 0.7233766855964165, nonzero_jaccard_per 0.852017937219731 best nonzero_jaccard_per 0.8699551569506726
batch 1000, tloss 0.8976552329063415, vscore 0.7205989078186387, nonzero_jaccard_per 0.852017937219731 best nonzero_jaccard_per 0.8699551569506726
batch 1250, tloss 0.8727126649618149, vscore 0.7384613891340348, nonzero_jaccard_per 0.8654708520179372 best nonzero_jaccard_per 0.8699551569506726
batch 1500, tloss 0.8891707746982574, vscore 0.7418418651602507, nonzero_jaccard_per 0.8609865470852018 best nonzero_jaccard_per 0.8699551569506726
batch 1750, tloss 0.898821135520935, vscore 0.7358005099036489, nonzero_jaccard_per 0.8609865470852018 best nonzero_jaccard_per 0.8699551569506726
batch 2000, tloss 0.8807044188976287, vscore 0.7113859608254227, nonzero_jaccard_per 0.8430493273542601 best nonzero_jaccard_per 0.8699551569506726
batch 2250, tloss 0.8748165861368179, vscore 0.7149682984202385, nonzero_jaccard_per 0.852017937219731 best nonzero_jaccard_per 0.8699551569506726
batch 2500, tloss 0.903781111240387, vscore 0.7096283761081967, nonzero_jaccard_per 0.8430493273542601 best nonzero_jaccard_per 0.8699551569506726
batch 2750, tloss 0.8394032356739044, vscore 0.7082220345673259, nonzero_jaccard_per 0.8340807174887892 best nonzero_jaccard_per 0.8699551569506726
batch 3000, tloss 0.8388302464485169, vscore 0.7194950789121192, nonzero_jaccard_per 0.8430493273542601 best nonzero_jaccard_per 0.8699551569506726
batch 3250, tloss 0.8611610386371612, vscore 0.7211968151430035, nonzero_jaccard_per 0.852017937219731 best nonzero_jaccard_per 0.8699551569506726
batch 250, tloss 0.7577905534505844, vscore 0.7248513320262199, nonzero_jaccard_per 0.852017937219731 best nonzero_jaccard_per 0.8699551569506726
batch 500, tloss 0.597802077293396, vscore 0.7190591048214365, nonzero_jaccard_per 0.852017937219731 best nonzero_jaccard_per 0.8699551569506726
batch 750, tloss 0.613142940402031, vscore 0.7129133074200338, nonzero_jaccard_per 0.8475336322869955 best nonzero_jaccard_per 0.8699551569506726
batch 1000, tloss 0.622882724404335, vscore 0.7124435230937474, nonzero_jaccard_per 0.852017937219731 best nonzero_jaccard_per 0.8699551569506726
batch 1250, tloss 0.5874976780414581, vscore 0.725038178065084, nonzero_jaccard_per 0.8565022421524664 best nonzero_jaccard_per 0.8699551569506726
batch 1500, tloss 0.6563368452787399, vscore 0.7034215286457439, nonzero_jaccard_per 0.8385650224215246 best nonzero_jaccard_per 0.8699551569506726
batch 1750, tloss 0.6280649698972702, vscore 0.7070783725492246, nonzero_jaccard_per 0.8430493273542601 best nonzero_jaccard_per 0.8699551569506726
batch 2000, tloss 0.5981980428695679, vscore 0.7055836042383127, nonzero_jaccard_per 0.8385650224215246 best nonzero_jaccard_per 0.8699551569506726
batch 2250, tloss 0.6436507213115692, vscore 0.7070783725492246, nonzero_jaccard_per 0.8430493273542601 best nonzero_jaccard_per 0.8699551569506726
batch 2500, tloss 0.5784430547356606, vscore 0.7151928290941745, nonzero_jaccard_per 0.8475336322869955 best nonzero_jaccard_per 0.8699551569506726
batch 2750, tloss 0.595259195804596, vscore 0.7152995982592395, nonzero_jaccard_per 0.8475336322869955 best nonzero_jaccard_per 0.8699551569506726
batch 3000, tloss 0.6258221524953842, vscore 0.7152995982592395, nonzero_jaccard_per 0.8475336322869955 best nonzero_jaccard_per 0.8699551569506726
batch 3250, tloss 0.620472535610199, vscore 0.7152995982592395, nonzero_jaccard_per 0.8475336322869955 best nonzero_jaccard_per 0.8699551569506726
fold 2 best nonzero_jaccard_per 0.8699551569506726
fold 3
fold 3, only_chaii False, lang None, removecite False, splitjoin False
fold3 t/v: 7506/223
initial mean jaccard 0.6117766389066838
initial nonzero jaccard percentage 0.7354260089686099
using metric: nonzero_jaccard_per
batch 250, tloss 1.7589460411071778, vscore 0.6170083279948751, nonzero_jaccard_per 0.7354260089686099 best nonzero_jaccard_per 0.7354260089686099
batch 500, tloss 1.4967593173980713, vscore 0.6327033952594491, nonzero_jaccard_per 0.757847533632287 best nonzero_jaccard_per 0.757847533632287
batch 750, tloss 1.3523684043884276, vscore 0.6513986760623531, nonzero_jaccard_per 0.7713004484304933 best nonzero_jaccard_per 0.7713004484304933
batch 1000, tloss 1.408907021522522, vscore 0.6520926756352766, nonzero_jaccard_per 0.7802690582959642 best nonzero_jaccard_per 0.7802690582959642
batch 1250, tloss 1.362554892539978, vscore 0.6473200939568652, nonzero_jaccard_per 0.7533632286995515 best nonzero_jaccard_per 0.7802690582959642
batch 1500, tloss 1.3057970609664917, vscore 0.672731155242366, nonzero_jaccard_per 0.7713004484304933 best nonzero_jaccard_per 0.7802690582959642
batch 1750, tloss 1.4067173156738282, vscore 0.6716100790091821, nonzero_jaccard_per 0.7668161434977578 best nonzero_jaccard_per 0.7802690582959642
batch 2000, tloss 1.2845976238250731, vscore 0.6761370916079437, nonzero_jaccard_per 0.7802690582959642 best nonzero_jaccard_per 0.7802690582959642
batch 2250, tloss 1.3535944919586183, vscore 0.6919389280375827, nonzero_jaccard_per 0.7937219730941704 best nonzero_jaccard_per 0.7937219730941704
batch 2500, tloss 1.331322304725647, vscore 0.7059150117446082, nonzero_jaccard_per 0.820627802690583 best nonzero_jaccard_per 0.820627802690583
batch 2750, tloss 1.2891539220809936, vscore 0.7192184497117233, nonzero_jaccard_per 0.8161434977578476 best nonzero_jaccard_per 0.820627802690583
batch 3000, tloss 1.3429658308029175, vscore 0.7286675208199871, nonzero_jaccard_per 0.8340807174887892 best nonzero_jaccard_per 0.8340807174887892
batch 3250, tloss 1.2722324080467224, vscore 0.7086376254537691, nonzero_jaccard_per 0.8295964125560538 best nonzero_jaccard_per 0.8340807174887892
batch 250, tloss 1.0493821983337401, vscore 0.7025517830450565, nonzero_jaccard_per 0.8116591928251121 best nonzero_jaccard_per 0.8340807174887892
batch 500, tloss 0.9078208603858948, vscore 0.7148836216100789, nonzero_jaccard_per 0.8295964125560538 best nonzero_jaccard_per 0.8340807174887892
batch 750, tloss 0.8887982037067413, vscore 0.7032991672005126, nonzero_jaccard_per 0.8161434977578476 best nonzero_jaccard_per 0.8340807174887892
batch 1000, tloss 0.8554651663303375, vscore 0.7285607516549221, nonzero_jaccard_per 0.8251121076233184 best nonzero_jaccard_per 0.8340807174887892
batch 1250, tloss 0.852507098197937, vscore 0.7040465513559685, nonzero_jaccard_per 0.8026905829596412 best nonzero_jaccard_per 0.8340807174887892
batch 1500, tloss 0.8834634121656418, vscore 0.6886077300875506, nonzero_jaccard_per 0.7982062780269058 best nonzero_jaccard_per 0.8340807174887892
batch 1750, tloss 0.8709077141284942, vscore 0.7214712790945974, nonzero_jaccard_per 0.8295964125560538 best nonzero_jaccard_per 0.8340807174887892
batch 2000, tloss 0.9127428891658783, vscore 0.5655562673499893, nonzero_jaccard_per 0.6591928251121076 best nonzero_jaccard_per 0.8340807174887892
batch 2250, tloss 0.9768845691680909, vscore 0.7313901345291479, nonzero_jaccard_per 0.8385650224215246 best nonzero_jaccard_per 0.8385650224215246
batch 2500, tloss 0.898771760225296, vscore 0.7087550715353406, nonzero_jaccard_per 0.820627802690583 best nonzero_jaccard_per 0.8385650224215246
batch 2750, tloss 0.8656240963935852, vscore 0.7242152466367713, nonzero_jaccard_per 0.8340807174887892 best nonzero_jaccard_per 0.8385650224215246
batch 3000, tloss 0.8903507155179977, vscore 0.7311659192825113, nonzero_jaccard_per 0.8430493273542601 best nonzero_jaccard_per 0.8430493273542601
batch 3250, tloss 0.8682051683664322, vscore 0.7301943198804185, nonzero_jaccard_per 0.8430493273542601 best nonzero_jaccard_per 0.8430493273542601
batch 250, tloss 0.7151993219852447, vscore 0.7190582959641256, nonzero_jaccard_per 0.8340807174887892 best nonzero_jaccard_per 0.8430493273542601
batch 500, tloss 0.621810551226139, vscore 0.7179372197309417, nonzero_jaccard_per 0.8295964125560538 best nonzero_jaccard_per 0.8430493273542601
batch 750, tloss 0.6204553470015526, vscore 0.7213004484304933, nonzero_jaccard_per 0.8295964125560538 best nonzero_jaccard_per 0.8430493273542601
batch 1000, tloss 0.6336295271515846, vscore 0.7230941704035875, nonzero_jaccard_per 0.8340807174887892 best nonzero_jaccard_per 0.8430493273542601
batch 1250, tloss 0.6156134795546532, vscore 0.7155135596839632, nonzero_jaccard_per 0.8340807174887892 best nonzero_jaccard_per 0.8430493273542601
batch 1500, tloss 0.59508092045784, vscore 0.7156203288490283, nonzero_jaccard_per 0.8340807174887892 best nonzero_jaccard_per 0.8430493273542601
batch 1750, tloss 0.6448454617261886, vscore 0.7148729446935724, nonzero_jaccard_per 0.8340807174887892 best nonzero_jaccard_per 0.8430493273542601
batch 2000, tloss 0.5633856592774391, vscore 0.7137518684603886, nonzero_jaccard_per 0.8340807174887892 best nonzero_jaccard_per 0.8430493273542601
batch 2250, tloss 0.6027790158987045, vscore 0.7167414050822122, nonzero_jaccard_per 0.8340807174887892 best nonzero_jaccard_per 0.8430493273542601
batch 2500, tloss 0.5731215628981591, vscore 0.7167414050822122, nonzero_jaccard_per 0.8340807174887892 best nonzero_jaccard_per 0.8430493273542601
batch 2750, tloss 0.657811159491539, vscore 0.7167414050822122, nonzero_jaccard_per 0.8340807174887892 best nonzero_jaccard_per 0.8430493273542601
batch 3000, tloss 0.6100753469467163, vscore 0.7167414050822122, nonzero_jaccard_per 0.8340807174887892 best nonzero_jaccard_per 0.8430493273542601
batch 3250, tloss 0.5797955746054649, vscore 0.717862481315396, nonzero_jaccard_per 0.8340807174887892 best nonzero_jaccard_per 0.8430493273542601
fold 3 best nonzero_jaccard_per 0.8430493273542601
fold 4
fold 4, only_chaii False, lang None, removecite False, splitjoin False
fold4 t/v: 7507/222
initial mean jaccard 0.6285821535821535
initial nonzero jaccard percentage 0.7702702702702703
using metric: nonzero_jaccard_per
batch 250, tloss 1.6283321056365967, vscore 0.6121056121056121, nonzero_jaccard_per 0.7567567567567568 best nonzero_jaccard_per 0.7702702702702703
batch 500, tloss 1.4912959728240966, vscore 0.6234419484419484, nonzero_jaccard_per 0.7612612612612613 best nonzero_jaccard_per 0.7702702702702703
batch 750, tloss 1.4169990558624268, vscore 0.641859716859717, nonzero_jaccard_per 0.7927927927927928 best nonzero_jaccard_per 0.7927927927927928
batch 1000, tloss 1.4717549629211426, vscore 0.694197769197769, nonzero_jaccard_per 0.8108108108108109 best nonzero_jaccard_per 0.8108108108108109
batch 1250, tloss 1.359056233406067, vscore 0.6731416481416482, nonzero_jaccard_per 0.8018018018018018 best nonzero_jaccard_per 0.8108108108108109
batch 1500, tloss 1.3865486030578613, vscore 0.7114621114621115, nonzero_jaccard_per 0.8333333333333334 best nonzero_jaccard_per 0.8333333333333334
batch 1750, tloss 1.3728763198852538, vscore 0.7070785070785072, nonzero_jaccard_per 0.8288288288288288 best nonzero_jaccard_per 0.8333333333333334
batch 2000, tloss 1.318946810722351, vscore 0.6974123474123474, nonzero_jaccard_per 0.8153153153153153 best nonzero_jaccard_per 0.8333333333333334
batch 2250, tloss 1.3097711162567138, vscore 0.6708923208923209, nonzero_jaccard_per 0.8018018018018018 best nonzero_jaccard_per 0.8333333333333334
batch 2500, tloss 1.3043627185821534, vscore 0.6838016588016588, nonzero_jaccard_per 0.8243243243243243 best nonzero_jaccard_per 0.8333333333333334
batch 2750, tloss 1.325568494796753, vscore 0.7118189618189618, nonzero_jaccard_per 0.8243243243243243 best nonzero_jaccard_per 0.8333333333333334
batch 3000, tloss 1.3241734962463378, vscore 0.7074938574938575, nonzero_jaccard_per 0.8243243243243243 best nonzero_jaccard_per 0.8333333333333334
batch 3250, tloss 1.2601528587341309, vscore 0.7077458952458952, nonzero_jaccard_per 0.8378378378378378 best nonzero_jaccard_per 0.8378378378378378
batch 250, tloss 0.9577481331825256, vscore 0.6889395889395891, nonzero_jaccard_per 0.8378378378378378 best nonzero_jaccard_per 0.8378378378378378
batch 500, tloss 0.8956362040042877, vscore 0.6832553332553334, nonzero_jaccard_per 0.8378378378378378 best nonzero_jaccard_per 0.8378378378378378
batch 750, tloss 0.8684730603694916, vscore 0.6777319527319529, nonzero_jaccard_per 0.8198198198198198 best nonzero_jaccard_per 0.8378378378378378
batch 1000, tloss 0.8510755953788758, vscore 0.6723752973752974, nonzero_jaccard_per 0.8063063063063063 best nonzero_jaccard_per 0.8378378378378378
batch 1250, tloss 0.8976332957744598, vscore 0.6788688038688038, nonzero_jaccard_per 0.8288288288288288 best nonzero_jaccard_per 0.8378378378378378
batch 1500, tloss 0.9682781503200532, vscore 0.6924817674817675, nonzero_jaccard_per 0.8378378378378378 best nonzero_jaccard_per 0.8378378378378378
batch 1750, tloss 0.9263478972911835, vscore 0.6893958893958894, nonzero_jaccard_per 0.8243243243243243 best nonzero_jaccard_per 0.8378378378378378
batch 2000, tloss 0.8714267735481263, vscore 0.6774131274131273, nonzero_jaccard_per 0.8108108108108109 best nonzero_jaccard_per 0.8378378378378378
batch 2250, tloss 0.8517957057952881, vscore 0.6397849147849147, nonzero_jaccard_per 0.7882882882882883 best nonzero_jaccard_per 0.8378378378378378
batch 2500, tloss 0.9033020322322846, vscore 0.6411684411684411, nonzero_jaccard_per 0.7792792792792793 best nonzero_jaccard_per 0.8378378378378378
batch 2750, tloss 0.9078507597446441, vscore 0.6544245544245544, nonzero_jaccard_per 0.7792792792792793 best nonzero_jaccard_per 0.8378378378378378
batch 3000, tloss 0.9415477820634842, vscore 0.6673696423696424, nonzero_jaccard_per 0.7882882882882883 best nonzero_jaccard_per 0.8378378378378378
batch 3250, tloss 0.9179771575927734, vscore 0.6561083811083811, nonzero_jaccard_per 0.7747747747747747 best nonzero_jaccard_per 0.8378378378378378
batch 250, tloss 0.7634311368465424, vscore 0.6587360087360087, nonzero_jaccard_per 0.7792792792792793 best nonzero_jaccard_per 0.8378378378378378
batch 500, tloss 0.6678168902397156, vscore 0.6344438594438594, nonzero_jaccard_per 0.7522522522522522 best nonzero_jaccard_per 0.8378378378378378
batch 750, tloss 0.6573024432659149, vscore 0.6200508950508951, nonzero_jaccard_per 0.7387387387387387 best nonzero_jaccard_per 0.8378378378378378
batch 1000, tloss 0.637451980292797, vscore 0.6171765921765922, nonzero_jaccard_per 0.7342342342342343 best nonzero_jaccard_per 0.8378378378378378
batch 1250, tloss 0.6804189799427987, vscore 0.6126720876720877, nonzero_jaccard_per 0.7252252252252253 best nonzero_jaccard_per 0.8378378378378378
batch 1500, tloss 0.632838134765625, vscore 0.6138196638196638, nonzero_jaccard_per 0.7297297297297297 best nonzero_jaccard_per 0.8378378378378378
batch 1750, tloss 0.6308806407451629, vscore 0.5982040482040482, nonzero_jaccard_per 0.7207207207207207 best nonzero_jaccard_per 0.8378378378378378
batch 2000, tloss 0.6531110928654671, vscore 0.6027085527085526, nonzero_jaccard_per 0.7252252252252253 best nonzero_jaccard_per 0.8378378378378378
batch 2250, tloss 0.6493377359509468, vscore 0.6138947388947388, nonzero_jaccard_per 0.7342342342342343 best nonzero_jaccard_per 0.8378378378378378
batch 2500, tloss 0.622256036400795, vscore 0.6138947388947388, nonzero_jaccard_per 0.7342342342342343 best nonzero_jaccard_per 0.8378378378378378
batch 2750, tloss 0.6098782101869583, vscore 0.6135944385944385, nonzero_jaccard_per 0.7342342342342343 best nonzero_jaccard_per 0.8378378378378378
batch 3000, tloss 0.6659795091152191, vscore 0.6135729885729886, nonzero_jaccard_per 0.7297297297297297 best nonzero_jaccard_per 0.8378378378378378
batch 3250, tloss 0.6714326928853989, vscore 0.6135729885729886, nonzero_jaccard_per 0.7297297297297297 best nonzero_jaccard_per 0.8378378378378378
fold 4 best nonzero_jaccard_per 0.8378378378378378
5 fold cv nonzero_jaccard_per: 0.8438007514240697
fold 0
fold 0, only_chaii True, lang None, removecite False, splitjoin False
fold0 t/v: 891/223
0.7348094170403588
language
hindi    0.765296
tamil    0.673423
Name: jaccard, dtype: float64
fold 1
fold 1, only_chaii True, lang None, removecite False, splitjoin False
fold1 t/v: 891/223
0.7116107936853746
language
hindi    0.766518
tamil    0.601055
Name: jaccard, dtype: float64
fold 2
fold 2, only_chaii True, lang None, removecite False, splitjoin False
fold2 t/v: 891/223
0.7398648561204614
language
hindi    0.763821
tamil    0.691629
Name: jaccard, dtype: float64
fold 3
fold 3, only_chaii True, lang None, removecite False, splitjoin False
fold3 t/v: 891/223
0.7311659192825113
language
hindi    0.780873
tamil    0.629028
Name: jaccard, dtype: float64
fold 4
fold 4, only_chaii True, lang None, removecite False, splitjoin False
fold4 t/v: 892/222
0.7077458952458952
language
hindi    0.750935
tamil    0.619593
Name: jaccard, dtype: float64
FINISH
