Sun Aug 29 03:02:35 2021       
+-----------------------------------------------------------------------------+
| NVIDIA-SMI 460.80       Driver Version: 460.80       CUDA Version: 11.2     |
|-------------------------------+----------------------+----------------------+
| GPU  Name        Persistence-M| Bus-Id        Disp.A | Volatile Uncorr. ECC |
| Fan  Temp  Perf  Pwr:Usage/Cap|         Memory-Usage | GPU-Util  Compute M. |
|                               |                      |               MIG M. |
|===============================+======================+======================|
|   0  GeForce RTX 3090    Off  | 00000000:3D:00.0 Off |                  N/A |
| 43%   32C    P0    50W / 350W |      0MiB / 24268MiB |      3%      Default |
|                               |                      |                  N/A |
+-------------------------------+----------------------+----------------------+
                                                                               
+-----------------------------------------------------------------------------+
| Processes:                                                                  |
|  GPU   GI   CI        PID   Type   Process name                  GPU Memory |
|        ID   ID                                                   Usage      |
|=============================================================================|
|  No running processes found                                                 |
+-----------------------------------------------------------------------------+
nvcc: NVIDIA (R) Cuda compiler driver
Copyright (c) 2005-2020 NVIDIA Corporation
Built on Mon_Oct_12_20:09:46_PDT_2020
Cuda compilation tools, release 11.1, V11.1.105
Build cuda_11.1.TC455_06.29190527_0
START
----------------------------------------
2021-08-29 03:03:14.159849
rembert-ep3-bs4-ga1-lr1e-05-adamw-wd0-cosann-wu0.1-dropout0.1-evalsteps1000-metricnonzero_jaccard_per-geolossTrue
{'accumulation_steps': 1,
 'batch_size': 4,
 'doc_stride': 128,
 'dropout': 0.1,
 'epochs': 3,
 'eval_steps': 1000,
 'geoloss': True,
 'lr': 1e-05,
 'max_length': 512,
 'metric': 'nonzero_jaccard_per',
 'model_checkpoint': '../../input/google-rembert-squad2',
 'optimizer': 'adamw',
 'scheduler': 'cosann',
 'train_path': '../../input/chaii-hindi-and-tamil-question-answering/chaii-mlqa-xquad-5folds-count_leq15.csv',
 'warmup_ratio': 0.1,
 'weight_decay': 0}
----------------------------------------
fold 0
fold 0, only_chaii False, lang None, removecite False, splitjoin False
fold0 t/v: 7455/212
initial mean jaccard 0.6132068665087532
initial nonzero jaccard percentage 0.7405660377358491
using metric: nonzero_jaccard_per
batch 250, tloss 1.2829876410365104, vscore 0.6413739824117183, nonzero_jaccard_per 0.7688679245283019 best nonzero_jaccard_per 0.7688679245283019
batch 500, tloss 0.8677508347835392, vscore 0.6193665087533012, nonzero_jaccard_per 0.7688679245283019 best nonzero_jaccard_per 0.7688679245283019
batch 750, tloss 0.8904177050278522, vscore 0.6236679463094557, nonzero_jaccard_per 0.7547169811320755 best nonzero_jaccard_per 0.7688679245283019
batch 1000, tloss 0.8220396477514877, vscore 0.5978855264232623, nonzero_jaccard_per 0.7216981132075472 best nonzero_jaccard_per 0.7688679245283019
batch 1250, tloss 0.7722759136182722, vscore 0.6298262272318877, nonzero_jaccard_per 0.7641509433962265 best nonzero_jaccard_per 0.7688679245283019
batch 1500, tloss 0.8867547946898267, vscore 0.6144485624438455, nonzero_jaccard_per 0.75 best nonzero_jaccard_per 0.7688679245283019
batch 1750, tloss 0.8438401317093521, vscore 0.603272618366958, nonzero_jaccard_per 0.7358490566037735 best nonzero_jaccard_per 0.7688679245283019
batch 2000, tloss 0.8353968336125835, vscore 0.6198045141441367, nonzero_jaccard_per 0.7547169811320755 best nonzero_jaccard_per 0.7688679245283019
batch 2250, tloss 0.7851438370645046, vscore 0.6265369326690081, nonzero_jaccard_per 0.7688679245283019 best nonzero_jaccard_per 0.7688679245283019
batch 2500, tloss 0.6883181898228359, vscore 0.6379904162923031, nonzero_jaccard_per 0.7735849056603774 best nonzero_jaccard_per 0.7735849056603774
batch 2750, tloss 0.893027593981009, vscore 0.6161126085654387, nonzero_jaccard_per 0.7594339622641509 best nonzero_jaccard_per 0.7735849056603774
batch 3000, tloss 0.842652440117672, vscore 0.6374962563641808, nonzero_jaccard_per 0.7830188679245284 best nonzero_jaccard_per 0.7830188679245284
batch 3250, tloss 0.8127980002658441, vscore 0.603099730458221, nonzero_jaccard_per 0.7594339622641509 best nonzero_jaccard_per 0.7830188679245284
batch 3500, tloss 0.7877892337739467, vscore 0.6085130278526505, nonzero_jaccard_per 0.7452830188679245 best nonzero_jaccard_per 0.7830188679245284
batch 250, tloss 1.0365214346423746, vscore 0.6520770372185467, nonzero_jaccard_per 0.7877358490566038 best nonzero_jaccard_per 0.7877358490566038
batch 500, tloss 0.47875834700552516, vscore 0.6350816112608565, nonzero_jaccard_per 0.7783018867924528 best nonzero_jaccard_per 0.7877358490566038
