Sun Aug 29 02:58:00 2021       
+-----------------------------------------------------------------------------+
| NVIDIA-SMI 460.80       Driver Version: 460.80       CUDA Version: 11.2     |
|-------------------------------+----------------------+----------------------+
| GPU  Name        Persistence-M| Bus-Id        Disp.A | Volatile Uncorr. ECC |
| Fan  Temp  Perf  Pwr:Usage/Cap|         Memory-Usage | GPU-Util  Compute M. |
|                               |                      |               MIG M. |
|===============================+======================+======================|
|   0  GeForce RTX 3090    Off  | 00000000:46:00.0 Off |                  N/A |
| 43%   28C    P0    51W / 350W |      0MiB / 24268MiB |      0%      Default |
|                               |                      |                  N/A |
+-------------------------------+----------------------+----------------------+
                                                                               
+-----------------------------------------------------------------------------+
| Processes:                                                                  |
|  GPU   GI   CI        PID   Type   Process name                  GPU Memory |
|        ID   ID                                                   Usage      |
|=============================================================================|
|  No running processes found                                                 |
+-----------------------------------------------------------------------------+
nvcc: NVIDIA (R) Cuda compiler driver
Copyright (c) 2005-2020 NVIDIA Corporation
Built on Mon_Oct_12_20:09:46_PDT_2020
Cuda compilation tools, release 11.1, V11.1.105
Build cuda_11.1.TC455_06.29190527_0
START
----------------------------------------
2021-08-29 02:58:41.926768
rembert-ep3-bs4-ga1-lr1e-05-adamw-wd0-cosann-wu0.1-dropout0.1-evalsteps1000-metricnonzero_jaccard_per-geolossFalse
{'accumulation_steps': 1,
 'batch_size': 4,
 'doc_stride': 128,
 'dropout': 0.1,
 'epochs': 3,
 'eval_steps': 1000,
 'geoloss': False,
 'lr': 1e-05,
 'max_length': 512,
 'metric': 'nonzero_jaccard_per',
 'model_checkpoint': '../../input/google-rembert-squad2',
 'optimizer': 'adamw',
 'scheduler': 'cosann',
 'train_path': '../../input/chaii-hindi-and-tamil-question-answering/chaii-mlqa-xquad-5folds-count_leq15.csv',
 'warmup_ratio': 0.1,
 'weight_decay': 0}
----------------------------------------
fold 0
fold 0, only_chaii False, lang None, removecite False, splitjoin False
fold0 t/v: 7455/212
initial mean jaccard 0.6132068665087532
initial nonzero jaccard percentage 0.7405660377358491
using metric: nonzero_jaccard_per
batch 250, tloss 1.3260854692459108, vscore 0.639801655367693, nonzero_jaccard_per 0.7688679245283019 best nonzero_jaccard_per 0.7688679245283019
batch 500, tloss 0.9103808355331421, vscore 0.6264419804514144, nonzero_jaccard_per 0.7688679245283019 best nonzero_jaccard_per 0.7688679245283019
batch 750, tloss 0.9264035682678222, vscore 0.6214666884478205, nonzero_jaccard_per 0.7547169811320755 best nonzero_jaccard_per 0.7688679245283019
batch 1000, tloss 0.8675843631625175, vscore 0.6113701026436875, nonzero_jaccard_per 0.7216981132075472 best nonzero_jaccard_per 0.7688679245283019
batch 1250, tloss 0.8190907059907914, vscore 0.6227987421383646, nonzero_jaccard_per 0.7688679245283019 best nonzero_jaccard_per 0.7688679245283019
batch 1500, tloss 0.9294723533391952, vscore 0.6282777233248931, nonzero_jaccard_per 0.7641509433962265 best nonzero_jaccard_per 0.7688679245283019
batch 1750, tloss 0.8576867260932922, vscore 0.6074729777559966, nonzero_jaccard_per 0.7547169811320755 best nonzero_jaccard_per 0.7688679245283019
batch 2000, tloss 0.8825821059942246, vscore 0.6283206049715483, nonzero_jaccard_per 0.75 best nonzero_jaccard_per 0.7688679245283019
batch 2250, tloss 0.8102319395542145, vscore 0.6492887091943695, nonzero_jaccard_per 0.7783018867924528 best nonzero_jaccard_per 0.7783018867924528
batch 2500, tloss 0.7342669537067413, vscore 0.6520984780418743, nonzero_jaccard_per 0.7830188679245284 best nonzero_jaccard_per 0.7830188679245284
batch 2750, tloss 0.9300944491624832, vscore 0.6394616651692123, nonzero_jaccard_per 0.7783018867924528 best nonzero_jaccard_per 0.7830188679245284
batch 3000, tloss 0.8934152072668076, vscore 0.6460712243731113, nonzero_jaccard_per 0.7830188679245284 best nonzero_jaccard_per 0.7830188679245284
batch 3250, tloss 0.8466118543148041, vscore 0.6265565317035906, nonzero_jaccard_per 0.7735849056603774 best nonzero_jaccard_per 0.7830188679245284
batch 3500, tloss 0.8500178835391998, vscore 0.6225591494459419, nonzero_jaccard_per 0.7641509433962265 best nonzero_jaccard_per 0.7830188679245284
batch 250, tloss 1.0113121316432954, vscore 0.6492887091943695, nonzero_jaccard_per 0.7830188679245284 best nonzero_jaccard_per 0.7830188679245284
batch 500, tloss 0.48988067817687986, vscore 0.6499681790955376, nonzero_jaccard_per 0.8018867924528302 best nonzero_jaccard_per 0.8018867924528302
batch 750, tloss 0.47804229593276976, vscore 0.6542396675651393, nonzero_jaccard_per 0.8018867924528302 best nonzero_jaccard_per 0.8018867924528302
batch 1000, tloss 0.4541775280237198, vscore 0.6254679544773885, nonzero_jaccard_per 0.7688679245283019 best nonzero_jaccard_per 0.8018867924528302
