Fri Aug 20 00:39:04 2021       
+-----------------------------------------------------------------------------+
| NVIDIA-SMI 460.73.01    Driver Version: 460.73.01    CUDA Version: 11.2     |
|-------------------------------+----------------------+----------------------+
| GPU  Name        Persistence-M| Bus-Id        Disp.A | Volatile Uncorr. ECC |
| Fan  Temp  Perf  Pwr:Usage/Cap|         Memory-Usage | GPU-Util  Compute M. |
|                               |                      |               MIG M. |
|===============================+======================+======================|
|   0  Tesla P100-PCIE...  Off  | 00000000:82:00.0 Off |                    0 |
| N/A   30C    P0    27W / 250W |      0MiB / 16280MiB |      0%      Default |
|                               |                      |                  N/A |
+-------------------------------+----------------------+----------------------+
                                                                               
+-----------------------------------------------------------------------------+
| Processes:                                                                  |
|  GPU   GI   CI        PID   Type   Process name                  GPU Memory |
|        ID   ID                                                   Usage      |
|=============================================================================|
|  No running processes found                                                 |
+-----------------------------------------------------------------------------+
nvcc: NVIDIA (R) Cuda compiler driver
Copyright (c) 2005-2020 NVIDIA Corporation
Built on Mon_Oct_12_20:09:46_PDT_2020
Cuda compilation tools, release 11.1, V11.1.105
Build cuda_11.1.TC455_06.29190527_0
START
----------------------------------------
2021-08-20 00:39:31.055411
{'accumulation_steps': 4,
 'batch_size': 1,
 'doc_stride': 128,
 'dropout': True,
 'epochs': 3,
 'eval_steps': 1000,
 'experiment_name': 'xrobl-ep3-bs4-lr3.5e-6-adamw-wd1e-2-cosann-wu5e-2-usedropout-stepeval',
 'lr': 3.5e-06,
 'max_length': 512,
 'model_checkpoint': '../../input/deepset-xlm-roberta-large-squad2',
 'optimizer': 'adamw',
 'scheduler': 'cosann',
 'train_path': '../../input/chaii-hindi-and-tamil-question-answering/chaii-mlqa-xquad-5folds-count_leq15.csv',
 'warmup_ratio': 0.05,
 'weight_decay': 0.01}
----------------------------------------
fold 0
fold0 t/v: 7455/212
initial score 0.6155510631925726
batch 999, tloss 0.3657220706939697, vscore 0.6165843066786463, best score 0.6155510631925726
batch 1999, tloss 0.2981822376251221, vscore 0.6495545073375262, best score 0.6165843066786463
batch 2999, tloss 0.23953574061393737, vscore 0.6366870550832814, best score 0.6495545073375262
batch 3999, tloss 0.22467162680625916, vscore 0.6285265049415993, best score 0.6495545073375262
batch 4999, tloss 0.23875654670596122, vscore 0.6132150344414494, best score 0.6495545073375262
batch 5999, tloss 0.2213720943927765, vscore 0.6332591412780092, best score 0.6495545073375262
batch 6999, tloss 0.2418454741537571, vscore 0.6387765798143156, best score 0.6495545073375262
batch 7999, tloss 0.21796374595165252, vscore 0.6514787361485475, best score 0.6495545073375262
batch 8999, tloss 0.2314892921000719, vscore 0.6122491764001198, best score 0.6514787361485475
batch 9999, tloss 0.20510601127147673, vscore 0.6130802635519617, best score 0.6514787361485475
batch 10999, tloss 0.21609667298197746, vscore 0.6260453552490178, best score 0.6514787361485475
batch 11999, tloss 0.20259877310693264, vscore 0.6298704702006588, best score 0.6514787361485475
batch 12999, tloss 0.2056230693459511, vscore 0.623150643905361, best score 0.6514787361485475
batch 13999, tloss 0.21736202111840247, vscore 0.6255203653788559, best score 0.6514787361485475
batch 999, tloss 0.20172720032930375, vscore 0.639383048817011, best score 0.6514787361485475
batch 1999, tloss 0.18806827053427697, vscore 0.6534553758610362, best score 0.6514787361485475
batch 2999, tloss 0.18262779426574707, vscore 0.6280622941000299, best score 0.6534553758610362
batch 3999, tloss 0.19811931085586548, vscore 0.6244459418987721, best score 0.6534553758610362
batch 4999, tloss 0.18508722448349, vscore 0.6418725666367175, best score 0.6534553758610362
batch 5999, tloss 0.16386176788806917, vscore 0.6481618748128182, best score 0.6534553758610362
batch 6999, tloss 0.1869788630604744, vscore 0.6386755016471997, best score 0.6534553758610362
batch 7999, tloss 0.15507850047945976, vscore 0.6320717280622941, best score 0.6534553758610362
batch 8999, tloss 0.18855825686454772, vscore 0.6282195268044324, best score 0.6534553758610362
batch 9999, tloss 0.19235554960370063, vscore 0.6312855645402815, best score 0.6534553758610362
batch 10999, tloss 0.1785031893402338, vscore 0.6137541179994009, best score 0.6534553758610362
batch 11999, tloss 0.19531756648421286, vscore 0.6204365079365078, best score 0.6534553758610362
batch 12999, tloss 0.16933380484580993, vscore 0.6310497154836776, best score 0.6534553758610362
batch 13999, tloss 0.1804033621251583, vscore 0.6319931117100929, best score 0.6534553758610362
batch 999, tloss 0.18120136123895644, vscore 0.6312855645402815, best score 0.6534553758610362
batch 1999, tloss 0.1416624527424574, vscore 0.6375187181790954, best score 0.6534553758610362
batch 2999, tloss 0.13769991563260556, vscore 0.6278264450434261, best score 0.6534553758610362
batch 3999, tloss 0.16079028148949145, vscore 0.626254117999401, best score 0.6534553758610362
batch 4999, tloss 0.139570425465703, vscore 0.6312294100029949, best score 0.6534553758610362
batch 5999, tloss 0.15072898085415362, vscore 0.6346885294998502, best score 0.6534553758610362
batch 6999, tloss 0.1524167359173298, vscore 0.6378331835879004, best score 0.6534553758610362
batch 7999, tloss 0.1444241683781147, vscore 0.6332509733453129, best score 0.6534553758610362
batch 8999, tloss 0.13488767486810685, vscore 0.6324648098233003, best score 0.6534553758610362
batch 9999, tloss 0.1685167842209339, vscore 0.6305780173704703, best score 0.6534553758610362
batch 10999, tloss 0.1448657637834549, vscore 0.6305780173704703, best score 0.6534553758610362
batch 11999, tloss 0.16536770331859588, vscore 0.6305780173704703, best score 0.6534553758610362
batch 12999, tloss 0.15615676885843277, vscore 0.6305780173704703, best score 0.6534553758610362
batch 13999, tloss 0.1365044714808464, vscore 0.6305780173704703, best score 0.6534553758610362
fold 0 best score 0.6534553758610362
fold 1
fold1 t/v: 7455/212
initial score 0.6062547515377705
batch 999, tloss 0.3802352793216705, vscore 0.6051878153293246, best score 0.6062547515377705
batch 1999, tloss 0.25008951079845426, vscore 0.6121846706752366, best score 0.6062547515377705
batch 2999, tloss 0.23146789664030076, vscore 0.6051091989771233, best score 0.6121846706752366
batch 3999, tloss 0.2533181700706482, vscore 0.6407617147003938, best score 0.6121846706752366
batch 4999, tloss 0.22409487318992616, vscore 0.6296262699564587, best score 0.6407617147003938
batch 5999, tloss 0.21935945117473601, vscore 0.6531718674407354, best score 0.6407617147003938
batch 6999, tloss 0.22084170311689377, vscore 0.6391781567489114, best score 0.6531718674407354
batch 7999, tloss 0.2203077186346054, vscore 0.6219499447093786, best score 0.6531718674407354
batch 8999, tloss 0.21328051322698593, vscore 0.6344330983481927, best score 0.6531718674407354
batch 9999, tloss 0.23412679755687713, vscore 0.6672048863086599, best score 0.6531718674407354
batch 10999, tloss 0.21190122601389885, vscore 0.6436649042781118, best score 0.6672048863086599
batch 11999, tloss 0.2070061045885086, vscore 0.6494450779828139, best score 0.6672048863086599
batch 12999, tloss 0.22806759941577912, vscore 0.6530618706118152, best score 0.6672048863086599
batch 13999, tloss 0.22197461944818497, vscore 0.654502729974428, best score 0.6672048863086599
batch 999, tloss 0.21237599062919615, vscore 0.6668005736401963, best score 0.6672048863086599
batch 1999, tloss 0.1936879057586193, vscore 0.6693612205404658, best score 0.6672048863086599
batch 2999, tloss 0.17942349272966385, vscore 0.654817195383233, best score 0.6693612205404658
batch 3999, tloss 0.18673611062765122, vscore 0.6477417236851198, best score 0.6693612205404658
batch 4999, tloss 0.18976169860363007, vscore 0.6528180938558298, best score 0.6693612205404658
batch 5999, tloss 0.18378970789909363, vscore 0.6395656230561891, best score 0.6693612205404658
batch 6999, tloss 0.19345287358760835, vscore 0.6588266293454973, best score 0.6693612205404658
batch 7999, tloss 0.17345004963874816, vscore 0.6765153085907804, best score 0.6693612205404658
batch 8999, tloss 0.17930366310477258, vscore 0.6554573571083006, best score 0.6765153085907804
batch 9999, tloss 0.1889792508482933, vscore 0.6641051558504388, best score 0.6765153085907804
batch 10999, tloss 0.1592753695845604, vscore 0.6591916338378602, best score 0.6765153085907804
batch 11999, tloss 0.19208955106139183, vscore 0.6578796596485275, best score 0.6765153085907804
batch 12999, tloss 0.1806678171157837, vscore 0.6473562993610164, best score 0.6765153085907804
batch 13999, tloss 0.18369233202934265, vscore 0.6524663622540982, best score 0.6765153085907804
batch 999, tloss 0.17542179894447327, vscore 0.6592610612657782, best score 0.6765153085907804
batch 1999, tloss 0.14740853156149386, vscore 0.6515959669261556, best score 0.6765153085907804
batch 2999, tloss 0.156459609657526, vscore 0.6635492259313014, best score 0.6765153085907804
batch 3999, tloss 0.16253515157103537, vscore 0.6588322447992259, best score 0.6765153085907804
batch 4999, tloss 0.1387919214963913, vscore 0.6574564586357039, best score 0.6765153085907804
batch 5999, tloss 0.1511182540655136, vscore 0.6668904208998548, best score 0.6765153085907804
batch 6999, tloss 0.15945458775758745, vscore 0.6668904208998548, best score 0.6765153085907804
batch 7999, tloss 0.150009428858757, vscore 0.6673192373664072, best score 0.6765153085907804
batch 8999, tloss 0.13376409885287285, vscore 0.6673192373664072, best score 0.6765153085907804
batch 9999, tloss 0.1461375632882118, vscore 0.6716074020319304, best score 0.6765153085907804
batch 10999, tloss 0.13713686621189117, vscore 0.6651215529753266, best score 0.6765153085907804
batch 11999, tloss 0.14997399279475213, vscore 0.6608333883098034, best score 0.6765153085907804
batch 12999, tloss 0.13900268319249154, vscore 0.6655503694418788, best score 0.6765153085907804
batch 13999, tloss 0.17168485742807388, vscore 0.6608333883098034, best score 0.6765153085907804
fold 1 best score 0.6765153085907804
fold 2
fold2 t/v: 7456/211
initial score 0.6111675317836456
batch 999, tloss 0.3723564076423645, vscore 0.6000752275633792, best score 0.6111675317836456
batch 1999, tloss 0.27816424119472505, vscore 0.6359136387572406, best score 0.6111675317836456
batch 2999, tloss 0.23676782500743865, vscore 0.6166629052884977, best score 0.6359136387572406
batch 3999, tloss 0.22232366490364075, vscore 0.6506544798013991, best score 0.6359136387572406
