Wed Sep  8 00:44:41 2021       
+-----------------------------------------------------------------------------+
| NVIDIA-SMI 460.80       Driver Version: 460.80       CUDA Version: 11.2     |
|-------------------------------+----------------------+----------------------+
| GPU  Name        Persistence-M| Bus-Id        Disp.A | Volatile Uncorr. ECC |
| Fan  Temp  Perf  Pwr:Usage/Cap|         Memory-Usage | GPU-Util  Compute M. |
|                               |                      |               MIG M. |
|===============================+======================+======================|
|   0  GeForce RTX 3090    Off  | 00000000:41:00.0 Off |                  N/A |
| 39%   25C    P8    17W / 350W |      0MiB / 24268MiB |      0%      Default |
|                               |                      |                  N/A |
+-------------------------------+----------------------+----------------------+
                                                                               
+-----------------------------------------------------------------------------+
| Processes:                                                                  |
|  GPU   GI   CI        PID   Type   Process name                  GPU Memory |
|        ID   ID                                                   Usage      |
|=============================================================================|
|  No running processes found                                                 |
+-----------------------------------------------------------------------------+
nvcc: NVIDIA (R) Cuda compiler driver
Copyright (c) 2005-2020 NVIDIA Corporation
Built on Mon_Oct_12_20:09:46_PDT_2020
Cuda compilation tools, release 11.1, V11.1.105
Build cuda_11.1.TC455_06.29190527_0
START
----------------------------------------
2021-09-08 00:45:13.824990
infoxlm512enta_nowd_ep3-ep3-bs4-ga1-lr1e-05-adamw-wd0-cosann-wu0.1-dropout0.1-evalsteps1000-metricnonzero_jaccard_per-geolossFalse
{'accumulation_steps': 1,
 'batch_size': 4,
 'doc_stride': 128,
 'dropout': 0.1,
 'epochs': 3,
 'eval_steps': 1000,
 'geoloss': False,
 'lr': 1e-05,
 'max_length': 512,
 'metric': 'nonzero_jaccard_per',
 'model_checkpoint': '../../input/microsoft-infoxlm-large-squad2-enta-512-nowd/checkpoint-12360',
 'optimizer': 'adamw',
 'scheduler': 'cosann',
 'train_path': '../../input/chaii-hindi-and-tamil-question-answering/chaii-mlqa-xquad-5folds-count_leq15.csv',
 'warmup_ratio': 0.1,
 'weight_decay': 0}
----------------------------------------
fold 0
fold 0, only_chaii False, lang None, removecite False, splitjoin False
fold0 t/v: 7455/212
initial mean jaccard 0.6531184486373165
initial nonzero jaccard percentage 0.7594339622641509
using metric: nonzero_jaccard_per
batch 250, tloss 1.1010934114456177, vscore 0.6607139977422996, nonzero_jaccard_per 0.7877358490566038 best nonzero_jaccard_per 0.7877358490566038
batch 500, tloss 0.8848720018863678, vscore 0.6528152141359689, nonzero_jaccard_per 0.7783018867924528 best nonzero_jaccard_per 0.7877358490566038
batch 750, tloss 0.7757959638237953, vscore 0.6644662896605183, nonzero_jaccard_per 0.7877358490566038 best nonzero_jaccard_per 0.7877358490566038
batch 1000, tloss 0.7804766966104507, vscore 0.6790618448637317, nonzero_jaccard_per 0.8018867924528302 best nonzero_jaccard_per 0.8018867924528302
batch 1250, tloss 0.8742781004905701, vscore 0.6477313566936209, nonzero_jaccard_per 0.7594339622641509 best nonzero_jaccard_per 0.8018867924528302
batch 1500, tloss 0.8010418173074723, vscore 0.6737271638215034, nonzero_jaccard_per 0.7830188679245284 best nonzero_jaccard_per 0.8018867924528302
batch 1750, tloss 0.8597357877492905, vscore 0.6831985624438455, nonzero_jaccard_per 0.7830188679245284 best nonzero_jaccard_per 0.8018867924528302
batch 2000, tloss 0.8004686856269836, vscore 0.6376541697296416, nonzero_jaccard_per 0.75 best nonzero_jaccard_per 0.8018867924528302
batch 2250, tloss 0.8578865702152252, vscore 0.6769092542677447, nonzero_jaccard_per 0.7924528301886793 best nonzero_jaccard_per 0.8018867924528302
batch 2500, tloss 0.7416559758186341, vscore 0.6577156334231804, nonzero_jaccard_per 0.7688679245283019 best nonzero_jaccard_per 0.8018867924528302
batch 2750, tloss 0.8064416946172714, vscore 0.664697514225816, nonzero_jaccard_per 0.7783018867924528 best nonzero_jaccard_per 0.8018867924528302
batch 3000, tloss 0.7306488330364227, vscore 0.612013327343516, nonzero_jaccard_per 0.7169811320754716 best nonzero_jaccard_per 0.8018867924528302
batch 3250, tloss 0.772557156085968, vscore 0.6617774782869122, nonzero_jaccard_per 0.7783018867924528 best nonzero_jaccard_per 0.8018867924528302
batch 3500, tloss 0.7708905899524688, vscore 0.6643663726210896, nonzero_jaccard_per 0.7830188679245284 best nonzero_jaccard_per 0.8018867924528302
batch 250, tloss 0.5289809361100197, vscore 0.6812331536388141, nonzero_jaccard_per 0.7971698113207547 best nonzero_jaccard_per 0.8018867924528302
batch 500, tloss 0.376998479783535, vscore 0.6808400718778077, nonzero_jaccard_per 0.8018867924528302 best nonzero_jaccard_per 0.8018867924528302
batch 750, tloss 0.4348158774971962, vscore 0.6592205750224618, nonzero_jaccard_per 0.7924528301886793 best nonzero_jaccard_per 0.8018867924528302
batch 1000, tloss 0.4067727084755898, vscore 0.6491576819407008, nonzero_jaccard_per 0.7735849056603774 best nonzero_jaccard_per 0.8018867924528302
batch 1250, tloss 0.39807628095149994, vscore 0.6570268044324648, nonzero_jaccard_per 0.7783018867924528 best nonzero_jaccard_per 0.8018867924528302
batch 1500, tloss 0.37749701261520385, vscore 0.681128331835879, nonzero_jaccard_per 0.7971698113207547 best nonzero_jaccard_per 0.8018867924528302
batch 1750, tloss 0.4379706971645355, vscore 0.6692048517520215, nonzero_jaccard_per 0.7830188679245284 best nonzero_jaccard_per 0.8018867924528302
batch 2000, tloss 0.3477831570506096, vscore 0.6687855645402815, nonzero_jaccard_per 0.7924528301886793 best nonzero_jaccard_per 0.8018867924528302
batch 2250, tloss 0.4123814752101898, vscore 0.6614742437855645, nonzero_jaccard_per 0.7830188679245284 best nonzero_jaccard_per 0.8018867924528302
batch 2500, tloss 0.4156261001229286, vscore 0.6616801437556156, nonzero_jaccard_per 0.7877358490566038 best nonzero_jaccard_per 0.8018867924528302
batch 2750, tloss 0.3903851046562195, vscore 0.6435497154836778, nonzero_jaccard_per 0.7688679245283019 best nonzero_jaccard_per 0.8018867924528302
batch 3000, tloss 0.4182802359461784, vscore 0.6526055705300988, nonzero_jaccard_per 0.7735849056603774 best nonzero_jaccard_per 0.8018867924528302
batch 3250, tloss 0.37667183595895765, vscore 0.6406895777178796, nonzero_jaccard_per 0.7641509433962265 best nonzero_jaccard_per 0.8018867924528302
batch 3500, tloss 0.3709592353701591, vscore 0.6469788858939802, nonzero_jaccard_per 0.7594339622641509 best nonzero_jaccard_per 0.8018867924528302
batch 250, tloss 0.2808215774893761, vscore 0.6644616651692125, nonzero_jaccard_per 0.7783018867924528 best nonzero_jaccard_per 0.8018867924528302
batch 500, tloss 0.12343870383501053, vscore 0.6550277029050614, nonzero_jaccard_per 0.7688679245283019 best nonzero_jaccard_per 0.8018867924528302
batch 750, tloss 0.10917544174194337, vscore 0.6465371368673256, nonzero_jaccard_per 0.7641509433962265 best nonzero_jaccard_per 0.8018867924528302
batch 1000, tloss 0.11198855566978455, vscore 0.6562069481880803, nonzero_jaccard_per 0.7735849056603774 best nonzero_jaccard_per 0.8018867924528302
batch 1250, tloss 0.10038082051277161, vscore 0.6483453129679545, nonzero_jaccard_per 0.7688679245283019 best nonzero_jaccard_per 0.8018867924528302
batch 1500, tloss 0.10353483909368515, vscore 0.6495741063721086, nonzero_jaccard_per 0.7830188679245284 best nonzero_jaccard_per 0.8018867924528302
batch 1750, tloss 0.12592938667535783, vscore 0.6496555855046421, nonzero_jaccard_per 0.7688679245283019 best nonzero_jaccard_per 0.8018867924528302
batch 2000, tloss 0.09333186376094818, vscore 0.6491810246111023, nonzero_jaccard_per 0.7688679245283019 best nonzero_jaccard_per 0.8018867924528302
batch 2250, tloss 0.09596118652820587, vscore 0.6559757236227824, nonzero_jaccard_per 0.7688679245283019 best nonzero_jaccard_per 0.8018867924528302
batch 2500, tloss 0.09522264176607131, vscore 0.6485071701636629, nonzero_jaccard_per 0.7641509433962265 best nonzero_jaccard_per 0.8018867924528302
batch 2750, tloss 0.09801255089044571, vscore 0.6520449060127196, nonzero_jaccard_per 0.7641509433962265 best nonzero_jaccard_per 0.8018867924528302
batch 3000, tloss 0.11825178813934326, vscore 0.6555826418617762, nonzero_jaccard_per 0.7735849056603774 best nonzero_jaccard_per 0.8018867924528302
batch 3250, tloss 0.09319307160377502, vscore 0.6555826418617762, nonzero_jaccard_per 0.7735849056603774 best nonzero_jaccard_per 0.8018867924528302
batch 3500, tloss 0.08060872173309326, vscore 0.6555826418617762, nonzero_jaccard_per 0.7735849056603774 best nonzero_jaccard_per 0.8018867924528302
fold 0 best nonzero_jaccard_per 0.8018867924528302
fold 1
fold 1, only_chaii False, lang None, removecite False, splitjoin False
fold1 t/v: 7455/212
initial mean jaccard 0.5931595134425323
initial nonzero jaccard percentage 0.6886792452830188
using metric: nonzero_jaccard_per
batch 250, tloss 1.137204651594162, vscore 0.6149362430022807, nonzero_jaccard_per 0.7264150943396226 best nonzero_jaccard_per 0.7264150943396226
batch 500, tloss 0.731702459692955, vscore 0.6345903310525952, nonzero_jaccard_per 0.7452830188679245 best nonzero_jaccard_per 0.7452830188679245
batch 750, tloss 0.7714010728001595, vscore 0.6321532241343562, nonzero_jaccard_per 0.7547169811320755 best nonzero_jaccard_per 0.7547169811320755
batch 1000, tloss 0.8849394609928131, vscore 0.622941000299491, nonzero_jaccard_per 0.7169811320754716 best nonzero_jaccard_per 0.7547169811320755
batch 1250, tloss 0.8190111691951751, vscore 0.5962002096436059, nonzero_jaccard_per 0.7075471698113207 best nonzero_jaccard_per 0.7547169811320755
batch 1500, tloss 0.795344175696373, vscore 0.6275730558749427, nonzero_jaccard_per 0.7594339622641509 best nonzero_jaccard_per 0.7594339622641509
batch 1750, tloss 0.8527520875930786, vscore 0.5543935885917017, nonzero_jaccard_per 0.6509433962264151 best nonzero_jaccard_per 0.7594339622641509
batch 2000, tloss 0.9579128568172455, vscore 0.5951033243486074, nonzero_jaccard_per 0.6981132075471698 best nonzero_jaccard_per 0.7594339622641509
batch 2250, tloss 0.8491105449199676, vscore 0.6196203953279424, nonzero_jaccard_per 0.75 best nonzero_jaccard_per 0.7594339622641509
batch 2500, tloss 0.8975757266283035, vscore 0.6476939203354298, nonzero_jaccard_per 0.7452830188679245 best nonzero_jaccard_per 0.7594339622641509
batch 2750, tloss 0.7747529485821724, vscore 0.6094732704402516, nonzero_jaccard_per 0.7169811320754716 best nonzero_jaccard_per 0.7594339622641509
batch 3000, tloss 0.7744329296946526, vscore 0.6306323000898474, nonzero_jaccard_per 0.7405660377358491 best nonzero_jaccard_per 0.7594339622641509
batch 3250, tloss 0.8452689212560653, vscore 0.6352633215840763, nonzero_jaccard_per 0.7311320754716981 best nonzero_jaccard_per 0.7594339622641509
batch 3500, tloss 0.8298267790079117, vscore 0.6345678692376805, nonzero_jaccard_per 0.7405660377358491 best nonzero_jaccard_per 0.7594339622641509
batch 250, tloss 0.5988860865831375, vscore 0.6552683034994355, nonzero_jaccard_per 0.7594339622641509 best nonzero_jaccard_per 0.7594339622641509
batch 500, tloss 0.39391879856586454, vscore 0.6521947784919483, nonzero_jaccard_per 0.7735849056603774 best nonzero_jaccard_per 0.7735849056603774
batch 750, tloss 0.4341119855046272, vscore 0.6523632421038081, nonzero_jaccard_per 0.7688679245283019 best nonzero_jaccard_per 0.7735849056603774
batch 1000, tloss 0.45353074312210084, vscore 0.6591691720229454, nonzero_jaccard_per 0.7783018867924528 best nonzero_jaccard_per 0.7783018867924528
batch 1250, tloss 0.47438179379701617, vscore 0.6567994505494505, nonzero_jaccard_per 0.7688679245283019 best nonzero_jaccard_per 0.7783018867924528
batch 1500, tloss 0.4034939489364624, vscore 0.6581490312622388, nonzero_jaccard_per 0.7641509433962265 best nonzero_jaccard_per 0.7783018867924528
batch 1750, tloss 0.42498974537849427, vscore 0.635499026654687, nonzero_jaccard_per 0.75 best nonzero_jaccard_per 0.7783018867924528
batch 2000, tloss 0.3831154940724373, vscore 0.6439512924182735, nonzero_jaccard_per 0.7594339622641509 best nonzero_jaccard_per 0.7783018867924528
batch 2250, tloss 0.40779077434539795, vscore 0.644057986039118, nonzero_jaccard_per 0.7452830188679245 best nonzero_jaccard_per 0.7783018867924528
batch 2500, tloss 0.40230993646383284, vscore 0.6639751364987213, nonzero_jaccard_per 0.7735849056603774 best nonzero_jaccard_per 0.7783018867924528
batch 2750, tloss 0.3674685868024826, vscore 0.6526215529753265, nonzero_jaccard_per 0.7735849056603774 best nonzero_jaccard_per 0.7783018867924528
batch 3000, tloss 0.43821829634904863, vscore 0.673743146266731, nonzero_jaccard_per 0.7783018867924528 best nonzero_jaccard_per 0.7783018867924528
batch 3250, tloss 0.4370347582101822, vscore 0.6763698827378073, nonzero_jaccard_per 0.7830188679245284 best nonzero_jaccard_per 0.7830188679245284
batch 3500, tloss 0.3821846252083778, vscore 0.6688100683383703, nonzero_jaccard_per 0.7594339622641509 best nonzero_jaccard_per 0.7830188679245284
batch 250, tloss 0.30952073401212693, vscore 0.648081556807972, nonzero_jaccard_per 0.7547169811320755 best nonzero_jaccard_per 0.7830188679245284
batch 500, tloss 0.12697112107276917, vscore 0.638271188978736, nonzero_jaccard_per 0.7452830188679245 best nonzero_jaccard_per 0.7830188679245284
batch 750, tloss 0.12460241907835007, vscore 0.6480645402815215, nonzero_jaccard_per 0.75 best nonzero_jaccard_per 0.7830188679245284
batch 1000, tloss 0.14904898011684417, vscore 0.6468376356348055, nonzero_jaccard_per 0.7641509433962265 best nonzero_jaccard_per 0.7830188679245284
batch 1250, tloss 0.10620127958059311, vscore 0.6485222717534039, nonzero_jaccard_per 0.7594339622641509 best nonzero_jaccard_per 0.7830188679245284
batch 1500, tloss 0.11546379160881043, vscore 0.6250047515377704, nonzero_jaccard_per 0.7452830188679245 best nonzero_jaccard_per 0.7830188679245284
batch 1750, tloss 0.13454112446308136, vscore 0.6282018165272882, nonzero_jaccard_per 0.7547169811320755 best nonzero_jaccard_per 0.7830188679245284
batch 2000, tloss 0.11719373911619187, vscore 0.626734311286198, nonzero_jaccard_per 0.75 best nonzero_jaccard_per 0.7830188679245284
batch 2250, tloss 0.10850635486841202, vscore 0.633345572142742, nonzero_jaccard_per 0.75 best nonzero_jaccard_per 0.7830188679245284
batch 2500, tloss 0.12299857544898987, vscore 0.6325594086207293, nonzero_jaccard_per 0.7547169811320755 best nonzero_jaccard_per 0.7830188679245284
batch 2750, tloss 0.10881693297624588, vscore 0.6309870815767042, nonzero_jaccard_per 0.75 best nonzero_jaccard_per 0.7830188679245284
batch 3000, tloss 0.09627390795946121, vscore 0.6309870815767042, nonzero_jaccard_per 0.75 best nonzero_jaccard_per 0.7830188679245284
batch 3250, tloss 0.1204010659456253, vscore 0.6309870815767042, nonzero_jaccard_per 0.75 best nonzero_jaccard_per 0.7830188679245284
batch 3500, tloss 0.15968478310108186, vscore 0.633345572142742, nonzero_jaccard_per 0.75 best nonzero_jaccard_per 0.7830188679245284
fold 1 best nonzero_jaccard_per 0.7830188679245284
fold 2
fold 2, only_chaii False, lang None, removecite False, splitjoin False
fold2 t/v: 7456/211
initial mean jaccard 0.6448605716502949
initial nonzero jaccard percentage 0.7582938388625592
using metric: nonzero_jaccard_per
batch 250, tloss 1.0999397177696228, vscore 0.6630030843300986, nonzero_jaccard_per 0.7772511848341233 best nonzero_jaccard_per 0.7772511848341233
batch 500, tloss 0.8457028166055679, vscore 0.6708229895433686, nonzero_jaccard_per 0.7867298578199052 best nonzero_jaccard_per 0.7867298578199052
batch 750, tloss 0.7991694979667664, vscore 0.6810576995411118, nonzero_jaccard_per 0.7772511848341233 best nonzero_jaccard_per 0.7867298578199052
batch 1000, tloss 0.744353153705597, vscore 0.6622212963445191, nonzero_jaccard_per 0.7725118483412322 best nonzero_jaccard_per 0.7867298578199052
batch 1250, tloss 0.9080515513420105, vscore 0.6167514686472032, nonzero_jaccard_per 0.7393364928909952 best nonzero_jaccard_per 0.7867298578199052
batch 1500, tloss 0.7825858501195908, vscore 0.6491536899119839, nonzero_jaccard_per 0.7440758293838863 best nonzero_jaccard_per 0.7867298578199052
batch 1750, tloss 0.9491692579984665, vscore 0.6362972993304747, nonzero_jaccard_per 0.7488151658767772 best nonzero_jaccard_per 0.7867298578199052
batch 2000, tloss 0.7922394330501557, vscore 0.6583051229970661, nonzero_jaccard_per 0.7725118483412322 best nonzero_jaccard_per 0.7867298578199052
batch 2250, tloss 0.8907288706302643, vscore 0.6635973820807944, nonzero_jaccard_per 0.7725118483412322 best nonzero_jaccard_per 0.7867298578199052
batch 2500, tloss 0.7961972130537033, vscore 0.6773941172045437, nonzero_jaccard_per 0.7914691943127962 best nonzero_jaccard_per 0.7914691943127962
batch 2750, tloss 0.8121841683387756, vscore 0.6718517264725795, nonzero_jaccard_per 0.7962085308056872 best nonzero_jaccard_per 0.7962085308056872
batch 3000, tloss 0.8241103612184525, vscore 0.6515910629654704, nonzero_jaccard_per 0.7772511848341233 best nonzero_jaccard_per 0.7962085308056872
batch 3250, tloss 0.7364000225663185, vscore 0.6258594749116076, nonzero_jaccard_per 0.7582938388625592 best nonzero_jaccard_per 0.7962085308056872
batch 3500, tloss 0.7442587436437607, vscore 0.6409538855036486, nonzero_jaccard_per 0.7535545023696683 best nonzero_jaccard_per 0.7962085308056872
batch 250, tloss 0.5815751770734787, vscore 0.672139471902505, nonzero_jaccard_per 0.7914691943127962 best nonzero_jaccard_per 0.7962085308056872
batch 500, tloss 0.4167044322490692, vscore 0.6557573679611594, nonzero_jaccard_per 0.7725118483412322 best nonzero_jaccard_per 0.7962085308056872
batch 750, tloss 0.42749631142616273, vscore 0.700195591664786, nonzero_jaccard_per 0.8009478672985783 best nonzero_jaccard_per 0.8009478672985783
batch 1000, tloss 0.4137695046067238, vscore 0.6914052508839239, nonzero_jaccard_per 0.8293838862559242 best nonzero_jaccard_per 0.8293838862559242
batch 1250, tloss 0.4421936430335045, vscore 0.6702982772887986, nonzero_jaccard_per 0.7867298578199052 best nonzero_jaccard_per 0.8293838862559242
batch 1500, tloss 0.4029575729966164, vscore 0.6712179342511098, nonzero_jaccard_per 0.7867298578199052 best nonzero_jaccard_per 0.8293838862559242
batch 1750, tloss 0.4040050280094147, vscore 0.6643346122019108, nonzero_jaccard_per 0.7914691943127962 best nonzero_jaccard_per 0.8293838862559242
batch 2000, tloss 0.4212869172692299, vscore 0.6759046114496352, nonzero_jaccard_per 0.8056872037914692 best nonzero_jaccard_per 0.8293838862559242
batch 2250, tloss 0.3949360775351524, vscore 0.684713759121342, nonzero_jaccard_per 0.8056872037914692 best nonzero_jaccard_per 0.8293838862559242
batch 2500, tloss 0.4394808288812637, vscore 0.7058827954562552, nonzero_jaccard_per 0.8199052132701422 best nonzero_jaccard_per 0.8293838862559242
batch 2750, tloss 0.4276297053098679, vscore 0.6900850071466186, nonzero_jaccard_per 0.8199052132701422 best nonzero_jaccard_per 0.8293838862559242
batch 3000, tloss 0.36876868110895156, vscore 0.6818701572256075, nonzero_jaccard_per 0.8104265402843602 best nonzero_jaccard_per 0.8293838862559242
batch 3250, tloss 0.4119051669836044, vscore 0.697667945535244, nonzero_jaccard_per 0.8293838862559242 best nonzero_jaccard_per 0.8293838862559242
batch 3500, tloss 0.34141042762994767, vscore 0.6893853908071917, nonzero_jaccard_per 0.8104265402843602 best nonzero_jaccard_per 0.8293838862559242
batch 250, tloss 0.26616424810886385, vscore 0.6648085458512001, nonzero_jaccard_per 0.7914691943127962 best nonzero_jaccard_per 0.8293838862559242
batch 500, tloss 0.15558461046218872, vscore 0.6946381554201461, nonzero_jaccard_per 0.8104265402843602 best nonzero_jaccard_per 0.8293838862559242
batch 750, tloss 0.1175032178759575, vscore 0.6880425788008727, nonzero_jaccard_per 0.8056872037914692 best nonzero_jaccard_per 0.8293838862559242
batch 1000, tloss 0.111531081199646, vscore 0.6813962235763182, nonzero_jaccard_per 0.8104265402843602 best nonzero_jaccard_per 0.8293838862559242
batch 1250, tloss 0.10181169426441193, vscore 0.6897013465733846, nonzero_jaccard_per 0.8151658767772512 best nonzero_jaccard_per 0.8293838862559242
batch 1500, tloss 0.12374308228492736, vscore 0.6916760701120892, nonzero_jaccard_per 0.8151658767772512 best nonzero_jaccard_per 0.8293838862559242
batch 1750, tloss 0.10161778861284256, vscore 0.6814075077108253, nonzero_jaccard_per 0.8151658767772512 best nonzero_jaccard_per 0.8293838862559242
batch 2000, tloss 0.11635955852270126, vscore 0.6853569547882344, nonzero_jaccard_per 0.8151658767772512 best nonzero_jaccard_per 0.8293838862559242
batch 2250, tloss 0.0989018194079399, vscore 0.6940457383585347, nonzero_jaccard_per 0.8246445497630331 best nonzero_jaccard_per 0.8293838862559242
batch 2500, tloss 0.10365946280956269, vscore 0.6956650116602723, nonzero_jaccard_per 0.8246445497630331 best nonzero_jaccard_per 0.8293838862559242
batch 2750, tloss 0.1026672858595848, vscore 0.6938877604754382, nonzero_jaccard_per 0.8199052132701422 best nonzero_jaccard_per 0.8293838862559242
batch 3000, tloss 0.09750825381278992, vscore 0.6954675393064019, nonzero_jaccard_per 0.8246445497630331 best nonzero_jaccard_per 0.8293838862559242
batch 3250, tloss 0.14180169087648392, vscore 0.697244790491236, nonzero_jaccard_per 0.8293838862559242 best nonzero_jaccard_per 0.8293838862559242
batch 3500, tloss 0.1025724755525589, vscore 0.697244790491236, nonzero_jaccard_per 0.8293838862559242 best nonzero_jaccard_per 0.8293838862559242
fold 2 best nonzero_jaccard_per 0.8293838862559242
fold 3
fold 3, only_chaii False, lang None, removecite False, splitjoin False
fold3 t/v: 7456/211
initial mean jaccard 0.6825895208004213
initial nonzero jaccard percentage 0.7962085308056872
using metric: nonzero_jaccard_per
batch 250, tloss 1.0805048913955688, vscore 0.69155476566614, nonzero_jaccard_per 0.8151658767772512 best nonzero_jaccard_per 0.8151658767772512
batch 500, tloss 0.8106128605604171, vscore 0.6835712405025202, nonzero_jaccard_per 0.8056872037914692 best nonzero_jaccard_per 0.8151658767772512
batch 750, tloss 0.800002497434616, vscore 0.6807934627247423, nonzero_jaccard_per 0.7962085308056872 best nonzero_jaccard_per 0.8151658767772512
batch 1000, tloss 0.7861462384462357, vscore 0.6864392913563531, nonzero_jaccard_per 0.8009478672985783 best nonzero_jaccard_per 0.8151658767772512
batch 1250, tloss 0.8051908182501792, vscore 0.6902702550214398, nonzero_jaccard_per 0.8104265402843602 best nonzero_jaccard_per 0.8151658767772512
batch 1500, tloss 0.8183740257024765, vscore 0.7223905438952832, nonzero_jaccard_per 0.8293838862559242 best nonzero_jaccard_per 0.8293838862559242
batch 1750, tloss 0.8391241245269775, vscore 0.6733584058883385, nonzero_jaccard_per 0.8009478672985783 best nonzero_jaccard_per 0.8293838862559242
batch 2000, tloss 0.8623822637796402, vscore 0.6999219514029941, nonzero_jaccard_per 0.8293838862559242 best nonzero_jaccard_per 0.8293838862559242
batch 2250, tloss 0.7918575940132141, vscore 0.6751739637403144, nonzero_jaccard_per 0.7914691943127962 best nonzero_jaccard_per 0.8293838862559242
batch 2500, tloss 0.829992678463459, vscore 0.7140308809147672, nonzero_jaccard_per 0.8246445497630331 best nonzero_jaccard_per 0.8293838862559242
batch 2750, tloss 0.8056599541902542, vscore 0.6872705559316934, nonzero_jaccard_per 0.7914691943127962 best nonzero_jaccard_per 0.8293838862559242
batch 3000, tloss 0.8162942509651184, vscore 0.6997846610998268, nonzero_jaccard_per 0.8104265402843602 best nonzero_jaccard_per 0.8293838862559242
batch 3250, tloss 0.7637179508209229, vscore 0.7217774392537424, nonzero_jaccard_per 0.8436018957345972 best nonzero_jaccard_per 0.8436018957345972
batch 3500, tloss 0.8842572932839393, vscore 0.7231992402016097, nonzero_jaccard_per 0.8436018957345972 best nonzero_jaccard_per 0.8436018957345972
batch 250, tloss 0.5684013696312904, vscore 0.714176035917742, nonzero_jaccard_per 0.8341232227488151 best nonzero_jaccard_per 0.8436018957345972
batch 500, tloss 0.4502169491052628, vscore 0.7524142063834007, nonzero_jaccard_per 0.8720379146919431 best nonzero_jaccard_per 0.8720379146919431
batch 750, tloss 0.4453230080604553, vscore 0.7230638305875272, nonzero_jaccard_per 0.8483412322274881 best nonzero_jaccard_per 0.8720379146919431
batch 1000, tloss 0.4085798053741455, vscore 0.7358374708493192, nonzero_jaccard_per 0.8436018957345972 best nonzero_jaccard_per 0.8720379146919431
batch 1250, tloss 0.36946889728307725, vscore 0.7033673738057624, nonzero_jaccard_per 0.8199052132701422 best nonzero_jaccard_per 0.8720379146919431
batch 1500, tloss 0.3965414021611214, vscore 0.688803659479015, nonzero_jaccard_per 0.8056872037914692 best nonzero_jaccard_per 0.8720379146919431
batch 1750, tloss 0.47240795934200286, vscore 0.7014885654103664, nonzero_jaccard_per 0.8151658767772512 best nonzero_jaccard_per 0.8720379146919431
batch 2000, tloss 0.3976040777564049, vscore 0.6955249003234786, nonzero_jaccard_per 0.8293838862559242 best nonzero_jaccard_per 0.8720379146919431
batch 2250, tloss 0.36702757012844084, vscore 0.7016314977807868, nonzero_jaccard_per 0.8436018957345972 best nonzero_jaccard_per 0.8720379146919431
batch 2500, tloss 0.3488504629135132, vscore 0.719407771007297, nonzero_jaccard_per 0.8341232227488151 best nonzero_jaccard_per 0.8720379146919431
batch 2750, tloss 0.38146773451566696, vscore 0.7179972541939366, nonzero_jaccard_per 0.8483412322274881 best nonzero_jaccard_per 0.8720379146919431
batch 3000, tloss 0.3843689937591553, vscore 0.7167334311291657, nonzero_jaccard_per 0.8388625592417062 best nonzero_jaccard_per 0.8720379146919431
batch 3250, tloss 0.369608029961586, vscore 0.7127839840517565, nonzero_jaccard_per 0.8293838862559242 best nonzero_jaccard_per 0.8720379146919431
batch 3500, tloss 0.357684571146965, vscore 0.7184711878432257, nonzero_jaccard_per 0.8530805687203792 best nonzero_jaccard_per 0.8720379146919431
batch 250, tloss 0.2870731285214424, vscore 0.7110405852704429, nonzero_jaccard_per 0.8483412322274881 best nonzero_jaccard_per 0.8720379146919431
batch 500, tloss 0.11974912738800049, vscore 0.6953274279696081, nonzero_jaccard_per 0.8293838862559242 best nonzero_jaccard_per 0.8720379146919431
batch 750, tloss 0.11326817107200622, vscore 0.7089135259158955, nonzero_jaccard_per 0.8341232227488151 best nonzero_jaccard_per 0.8720379146919431
batch 1000, tloss 0.11588509279489517, vscore 0.7003037312871436, nonzero_jaccard_per 0.8388625592417062 best nonzero_jaccard_per 0.8720379146919431
batch 1250, tloss 0.11234414285421371, vscore 0.6947316920449065, nonzero_jaccard_per 0.8341232227488151 best nonzero_jaccard_per 0.8720379146919431
batch 1500, tloss 0.09560431343317032, vscore 0.6888865103703409, nonzero_jaccard_per 0.8341232227488151 best nonzero_jaccard_per 0.8720379146919431
batch 1750, tloss 0.12352208083868027, vscore 0.6901987888362296, nonzero_jaccard_per 0.8341232227488151 best nonzero_jaccard_per 0.8720379146919431
batch 2000, tloss 0.09803454691171647, vscore 0.70046170917024, nonzero_jaccard_per 0.8341232227488151 best nonzero_jaccard_per 0.8720379146919431
batch 2250, tloss 0.10246372735500335, vscore 0.6964807328934733, nonzero_jaccard_per 0.8388625592417062 best nonzero_jaccard_per 0.8720379146919431
batch 2500, tloss 0.09247670727968216, vscore 0.701050807368761, nonzero_jaccard_per 0.8341232227488151 best nonzero_jaccard_per 0.8720379146919431
batch 2750, tloss 0.09474810272455216, vscore 0.6976655670166961, nonzero_jaccard_per 0.8388625592417062 best nonzero_jaccard_per 0.8720379146919431
batch 3000, tloss 0.09590717989206314, vscore 0.6929262305238051, nonzero_jaccard_per 0.8341232227488151 best nonzero_jaccard_per 0.8720379146919431
batch 3250, tloss 0.09310602575540543, vscore 0.69631147087587, nonzero_jaccard_per 0.8341232227488151 best nonzero_jaccard_per 0.8720379146919431
batch 3500, tloss 0.11531583994626998, vscore 0.6964276310840292, nonzero_jaccard_per 0.8341232227488151 best nonzero_jaccard_per 0.8720379146919431
fold 3 best nonzero_jaccard_per 0.8720379146919431
fold 4
fold 4, only_chaii False, lang None, removecite False, splitjoin False
fold4 t/v: 7456/211
initial mean jaccard 0.6530851849572229
initial nonzero jaccard percentage 0.7725118483412322
using metric: nonzero_jaccard_per
batch 250, tloss 1.1442605426311494, vscore 0.6624058800599084, nonzero_jaccard_per 0.7867298578199052 best nonzero_jaccard_per 0.7867298578199052
batch 500, tloss 0.8481619577407837, vscore 0.656060435088871, nonzero_jaccard_per 0.7772511848341233 best nonzero_jaccard_per 0.7867298578199052
batch 750, tloss 0.7727344100475311, vscore 0.6531378442515884, nonzero_jaccard_per 0.7772511848341233 best nonzero_jaccard_per 0.7867298578199052
batch 1000, tloss 0.795578532576561, vscore 0.6696728626823414, nonzero_jaccard_per 0.7867298578199052 best nonzero_jaccard_per 0.7867298578199052
batch 1250, tloss 0.7645966836810112, vscore 0.6730919554379271, nonzero_jaccard_per 0.7867298578199052 best nonzero_jaccard_per 0.7867298578199052
batch 1500, tloss 0.891789340019226, vscore 0.6438773311996061, nonzero_jaccard_per 0.7440758293838863 best nonzero_jaccard_per 0.7867298578199052
batch 1750, tloss 0.8682218174934387, vscore 0.6229226934203238, nonzero_jaccard_per 0.7393364928909952 best nonzero_jaccard_per 0.7867298578199052
batch 2000, tloss 0.8046031156778336, vscore 0.6554548532036684, nonzero_jaccard_per 0.7677725118483413 best nonzero_jaccard_per 0.7867298578199052
batch 2250, tloss 0.721406591296196, vscore 0.6817976652099875, nonzero_jaccard_per 0.8104265402843602 best nonzero_jaccard_per 0.8104265402843602
batch 2500, tloss 0.788260446369648, vscore 0.6528482181325783, nonzero_jaccard_per 0.7772511848341233 best nonzero_jaccard_per 0.8104265402843602
batch 2750, tloss 0.7743553368449211, vscore 0.6607076178166227, nonzero_jaccard_per 0.7772511848341233 best nonzero_jaccard_per 0.8104265402843602
batch 3000, tloss 0.7725331094264984, vscore 0.6583633388728175, nonzero_jaccard_per 0.7725118483412322 best nonzero_jaccard_per 0.8104265402843602
batch 3250, tloss 0.8247202271819115, vscore 0.6768185408588252, nonzero_jaccard_per 0.8104265402843602 best nonzero_jaccard_per 0.8104265402843602
batch 3500, tloss 0.8651480786800384, vscore 0.710036211813463, nonzero_jaccard_per 0.8246445497630331 best nonzero_jaccard_per 0.8246445497630331
batch 250, tloss 0.544183844089508, vscore 0.6686460064422148, nonzero_jaccard_per 0.7962085308056872 best nonzero_jaccard_per 0.8246445497630331
batch 500, tloss 0.4042019981145859, vscore 0.6488762027861553, nonzero_jaccard_per 0.7725118483412322 best nonzero_jaccard_per 0.8246445497630331
batch 750, tloss 0.4536718974709511, vscore 0.6553420118585995, nonzero_jaccard_per 0.7630331753554502 best nonzero_jaccard_per 0.8246445497630331
batch 1000, tloss 0.41642231261730195, vscore 0.6743134629982971, nonzero_jaccard_per 0.7867298578199052 best nonzero_jaccard_per 0.8246445497630331
batch 1250, tloss 0.40017139399051666, vscore 0.6918941445600213, nonzero_jaccard_per 0.8009478672985783 best nonzero_jaccard_per 0.8246445497630331
batch 1500, tloss 0.4346013340353966, vscore 0.6772332328019531, nonzero_jaccard_per 0.7914691943127962 best nonzero_jaccard_per 0.8246445497630331
batch 1750, tloss 0.4185080402493477, vscore 0.6848613077286063, nonzero_jaccard_per 0.8104265402843602 best nonzero_jaccard_per 0.8246445497630331
batch 2000, tloss 0.396751593708992, vscore 0.6851509338476163, nonzero_jaccard_per 0.8056872037914692 best nonzero_jaccard_per 0.8246445497630331
batch 2250, tloss 0.41562465369701385, vscore 0.6808695451467962, nonzero_jaccard_per 0.8009478672985783 best nonzero_jaccard_per 0.8246445497630331
batch 2500, tloss 0.38230540817976, vscore 0.7243068805865014, nonzero_jaccard_per 0.8388625592417062 best nonzero_jaccard_per 0.8388625592417062
batch 2750, tloss 0.39971152502298357, vscore 0.7042474508114318, nonzero_jaccard_per 0.8246445497630331 best nonzero_jaccard_per 0.8388625592417062
batch 3000, tloss 0.3966651323437691, vscore 0.6904074598387395, nonzero_jaccard_per 0.8151658767772512 best nonzero_jaccard_per 0.8388625592417062
batch 3250, tloss 0.4264350499510765, vscore 0.7124679427996965, nonzero_jaccard_per 0.8530805687203792 best nonzero_jaccard_per 0.8530805687203792
batch 3500, tloss 0.38186224353313447, vscore 0.7061713957448554, nonzero_jaccard_per 0.8436018957345972 best nonzero_jaccard_per 0.8530805687203792
batch 250, tloss 0.3371326293349266, vscore 0.7161409285816869, nonzero_jaccard_per 0.8436018957345972 best nonzero_jaccard_per 0.8530805687203792
batch 500, tloss 0.12676399356126786, vscore 0.710357809646909, nonzero_jaccard_per 0.8388625592417062 best nonzero_jaccard_per 0.8530805687203792
batch 750, tloss 0.13720913702249526, vscore 0.7078753000553947, nonzero_jaccard_per 0.8436018957345972 best nonzero_jaccard_per 0.8530805687203792
batch 1000, tloss 0.13079886323213577, vscore 0.7028933546706059, nonzero_jaccard_per 0.8341232227488151 best nonzero_jaccard_per 0.8530805687203792
batch 1250, tloss 0.13782721412181853, vscore 0.7100023594099424, nonzero_jaccard_per 0.8436018957345972 best nonzero_jaccard_per 0.8530805687203792
batch 1500, tloss 0.11503775197267532, vscore 0.7092124699944604, nonzero_jaccard_per 0.8436018957345972 best nonzero_jaccard_per 0.8530805687203792
batch 1750, tloss 0.09187841141223907, vscore 0.7011161034857716, nonzero_jaccard_per 0.8483412322274881 best nonzero_jaccard_per 0.8530805687203792
batch 2000, tloss 0.11712383151054383, vscore 0.6997337970086784, nonzero_jaccard_per 0.8388625592417062 best nonzero_jaccard_per 0.8530805687203792
batch 2250, tloss 0.13004568284749984, vscore 0.706447857040274, nonzero_jaccard_per 0.8483412322274881 best nonzero_jaccard_per 0.8530805687203792
batch 2500, tloss 0.10433568358421326, vscore 0.7076326911634967, nonzero_jaccard_per 0.8530805687203792 best nonzero_jaccard_per 0.8530805687203792
batch 2750, tloss 0.10754747301340103, vscore 0.7092124699944606, nonzero_jaccard_per 0.8578199052132701 best nonzero_jaccard_per 0.8578199052132701
batch 3000, tloss 0.1070115954875946, vscore 0.7092124699944606, nonzero_jaccard_per 0.8578199052132701 best nonzero_jaccard_per 0.8578199052132701
batch 3250, tloss 0.11967720043659211, vscore 0.7092124699944606, nonzero_jaccard_per 0.8578199052132701 best nonzero_jaccard_per 0.8578199052132701
batch 3500, tloss 0.13276850670576096, vscore 0.7092124699944606, nonzero_jaccard_per 0.8578199052132701 best nonzero_jaccard_per 0.8578199052132701
fold 4 best nonzero_jaccard_per 0.8578199052132701
5 fold cv nonzero_jaccard_per: 0.8288294733076992
FINISH
