Sat Sep 25 18:32:50 2021       
+-----------------------------------------------------------------------------+
| NVIDIA-SMI 460.80       Driver Version: 460.80       CUDA Version: 11.2     |
|-------------------------------+----------------------+----------------------+
| GPU  Name        Persistence-M| Bus-Id        Disp.A | Volatile Uncorr. ECC |
| Fan  Temp  Perf  Pwr:Usage/Cap|         Memory-Usage | GPU-Util  Compute M. |
|                               |                      |               MIG M. |
|===============================+======================+======================|
|   0  GeForce RTX 3090    Off  | 00000000:44:00.0 Off |                  N/A |
| 32%   30C    P8    22W / 350W |      0MiB / 24268MiB |      0%      Default |
|                               |                      |                  N/A |
+-------------------------------+----------------------+----------------------+
                                                                               
+-----------------------------------------------------------------------------+
| Processes:                                                                  |
|  GPU   GI   CI        PID   Type   Process name                  GPU Memory |
|        ID   ID                                                   Usage      |
|=============================================================================|
|  No running processes found                                                 |
+-----------------------------------------------------------------------------+
nvcc: NVIDIA (R) Cuda compiler driver
Copyright (c) 2005-2020 NVIDIA Corporation
Built on Mon_Oct_12_20:09:46_PDT_2020
Cuda compilation tools, release 11.1, V11.1.105
Build cuda_11.1.TC455_06.29190527_0
START
----------------------------------------
2021-09-25 18:34:05.932067
0925_infoxlm_pretrained_squad2_train0917-ep3-bs4-ga1-lr1e-05-adamw-wd0-cosann-wu0.1-dropout0.1-evalsteps1000-metricnonzero_jaccard_per-geolossFalse-downextTrue
{'accumulation_steps': 1,
 'batch_size': 4,
 'doc_stride': 128,
 'downext': True,
 'dropout': 0.1,
 'epochs': 3,
 'eval_steps': 1000,
 'experiment_name': '0925_infoxlm_pretrained_squad2_train0917',
 'geoloss': False,
 'lr': 1e-05,
 'max_length': 512,
 'metric': 'nonzero_jaccard_per',
 'model_checkpoint': '/gpfsnyu/scratch/yw3642/chaii/working/model/microsoft-infoxlm-large-pretrained-squad2/checkpoint-12258',
 'optimizer': 'adamw',
 'scheduler': 'cosann',
 'train_path': '../../input/train0917/merged0917.csv',
 'warmup_ratio': 0.1,
 'weight_decay': 0}
----------------------------------------
fold 0
fold 0, only_chaii False, lang None, removecite False, splitjoin False
fold0 t/v: 2214/223
initial mean jaccard 0.6703849028400598
initial nonzero jaccard percentage 0.7937219730941704
using metric: nonzero_jaccard_per
batch 250, tloss 0.730927095413208, vscore 0.6913116591928252, nonzero_jaccard_per 0.8026905829596412 best nonzero_jaccard_per 0.8026905829596412
batch 500, tloss 0.5372165821790695, vscore 0.6815956651718984, nonzero_jaccard_per 0.7713004484304933 best nonzero_jaccard_per 0.8026905829596412
batch 750, tloss 0.48941621243953704, vscore 0.6586815464057616, nonzero_jaccard_per 0.757847533632287 best nonzero_jaccard_per 0.8026905829596412
batch 1000, tloss 0.49210054540634157, vscore 0.6679185351270552, nonzero_jaccard_per 0.7623318385650224 best nonzero_jaccard_per 0.8026905829596412
batch 1250, tloss 0.4913754962682724, vscore 0.7090178692757169, nonzero_jaccard_per 0.8071748878923767 best nonzero_jaccard_per 0.8071748878923767
batch 1500, tloss 0.5158064996004105, vscore 0.6629042668840874, nonzero_jaccard_per 0.7713004484304933 best nonzero_jaccard_per 0.8071748878923767
batch 1750, tloss 0.5180904442071914, vscore 0.6906390134529148, nonzero_jaccard_per 0.7847533632286996 best nonzero_jaccard_per 0.8071748878923767
batch 2000, tloss 0.48042420572042466, vscore 0.6919843049327354, nonzero_jaccard_per 0.7982062780269058 best nonzero_jaccard_per 0.8071748878923767
batch 2250, tloss 0.43881008243560793, vscore 0.7015508221225709, nonzero_jaccard_per 0.8026905829596412 best nonzero_jaccard_per 0.8071748878923767
batch 250, tloss 0.2939633902311325, vscore 0.6713565022421525, nonzero_jaccard_per 0.7668161434977578 best nonzero_jaccard_per 0.8071748878923767
batch 500, tloss 0.19700599026679994, vscore 0.6571188340807175, nonzero_jaccard_per 0.7713004484304933 best nonzero_jaccard_per 0.8071748878923767
batch 750, tloss 0.20279213267564775, vscore 0.6657511210762332, nonzero_jaccard_per 0.7668161434977578 best nonzero_jaccard_per 0.8071748878923767
batch 1000, tloss 0.19289657551050185, vscore 0.6665732436472347, nonzero_jaccard_per 0.757847533632287 best nonzero_jaccard_per 0.8071748878923767
batch 1250, tloss 0.1817936059832573, vscore 0.6978512705530643, nonzero_jaccard_per 0.7937219730941704 best nonzero_jaccard_per 0.8071748878923767
batch 1500, tloss 0.18118137580156327, vscore 0.6367526158445441, nonzero_jaccard_per 0.7443946188340808 best nonzero_jaccard_per 0.8071748878923767
batch 1750, tloss 0.22865526610612869, vscore 0.6769405295750587, nonzero_jaccard_per 0.7668161434977578 best nonzero_jaccard_per 0.8071748878923767
batch 2000, tloss 0.18218797832727432, vscore 0.6832399103139014, nonzero_jaccard_per 0.7847533632286996 best nonzero_jaccard_per 0.8071748878923767
batch 2250, tloss 0.2060107191801071, vscore 0.6869768310911808, nonzero_jaccard_per 0.7802690582959642 best nonzero_jaccard_per 0.8071748878923767
batch 250, tloss 0.12300111579895019, vscore 0.6866031390134529, nonzero_jaccard_per 0.7847533632286996 best nonzero_jaccard_per 0.8071748878923767
batch 500, tloss 0.06404598426818847, vscore 0.6898168908819132, nonzero_jaccard_per 0.7847533632286996 best nonzero_jaccard_per 0.8071748878923767
batch 750, tloss 0.05035070300102234, vscore 0.6976644245142002, nonzero_jaccard_per 0.7937219730941704 best nonzero_jaccard_per 0.8071748878923767
batch 1000, tloss 0.054969013571739195, vscore 0.6894965833867179, nonzero_jaccard_per 0.7892376681614349 best nonzero_jaccard_per 0.8071748878923767
batch 1250, tloss 0.04928283929824829, vscore 0.6918348281016442, nonzero_jaccard_per 0.7892376681614349 best nonzero_jaccard_per 0.8071748878923767
batch 1500, tloss 0.044340398728847506, vscore 0.6859091394405296, nonzero_jaccard_per 0.7847533632286996 best nonzero_jaccard_per 0.8071748878923767
batch 1750, tloss 0.045552043080329896, vscore 0.6895926756352765, nonzero_jaccard_per 0.7892376681614349 best nonzero_jaccard_per 0.8071748878923767
batch 2000, tloss 0.044444440305233, vscore 0.6895926756352765, nonzero_jaccard_per 0.7892376681614349 best nonzero_jaccard_per 0.8071748878923767
batch 2250, tloss 0.07565750056505204, vscore 0.6851083707025412, nonzero_jaccard_per 0.7847533632286996 best nonzero_jaccard_per 0.8071748878923767
fold 0 best nonzero_jaccard_per 0.8071748878923767
fold 1
fold 1, only_chaii False, lang None, removecite False, splitjoin False
fold1 t/v: 2214/223
initial mean jaccard 0.6415759128763613
initial nonzero jaccard percentage 0.7533632286995515
using metric: nonzero_jaccard_per
batch 250, tloss 0.6907850148677825, vscore 0.6519965833867178, nonzero_jaccard_per 0.7623318385650224 best nonzero_jaccard_per 0.7623318385650224
batch 500, tloss 0.5620764427781105, vscore 0.6634022678865729, nonzero_jaccard_per 0.7713004484304933 best nonzero_jaccard_per 0.7713004484304933
batch 750, tloss 0.5059500438570976, vscore 0.6166150615702184, nonzero_jaccard_per 0.7219730941704036 best nonzero_jaccard_per 0.7713004484304933
batch 1000, tloss 0.5177032860517502, vscore 0.6398240772680234, nonzero_jaccard_per 0.7892376681614349 best nonzero_jaccard_per 0.7892376681614349
batch 1250, tloss 0.42052092784643175, vscore 0.6487784512448189, nonzero_jaccard_per 0.7668161434977578 best nonzero_jaccard_per 0.7892376681614349
batch 1500, tloss 0.4744593971967697, vscore 0.6528214436286185, nonzero_jaccard_per 0.7802690582959642 best nonzero_jaccard_per 0.7892376681614349
batch 1750, tloss 0.4705500566363335, vscore 0.6673456090496449, nonzero_jaccard_per 0.7982062780269058 best nonzero_jaccard_per 0.7982062780269058
batch 2000, tloss 0.4814185621738434, vscore 0.637060535378921, nonzero_jaccard_per 0.7713004484304933 best nonzero_jaccard_per 0.7982062780269058
batch 2250, tloss 0.41216644531488417, vscore 0.6861395828884618, nonzero_jaccard_per 0.8116591928251121 best nonzero_jaccard_per 0.8116591928251121
batch 250, tloss 0.30571218466758726, vscore 0.6693546488389538, nonzero_jaccard_per 0.8026905829596412 best nonzero_jaccard_per 0.8116591928251121
batch 500, tloss 0.20408851432800293, vscore 0.6836884092489474, nonzero_jaccard_per 0.7937219730941704 best nonzero_jaccard_per 0.8116591928251121
batch 750, tloss 0.19619629687070847, vscore 0.6704551925403943, nonzero_jaccard_per 0.7892376681614349 best nonzero_jaccard_per 0.8116591928251121
batch 1000, tloss 0.23418606793880462, vscore 0.6793411247447121, nonzero_jaccard_per 0.7937219730941704 best nonzero_jaccard_per 0.8116591928251121
batch 1250, tloss 0.20600944519042969, vscore 0.6753604143738673, nonzero_jaccard_per 0.7982062780269058 best nonzero_jaccard_per 0.8116591928251121
batch 1500, tloss 0.20554509419202804, vscore 0.6890632785251619, nonzero_jaccard_per 0.8026905829596412 best nonzero_jaccard_per 0.8116591928251121
batch 1750, tloss 0.22882154601812363, vscore 0.66018043988896, nonzero_jaccard_per 0.7982062780269058 best nonzero_jaccard_per 0.8116591928251121
batch 2000, tloss 0.19128410065174103, vscore 0.7056231760267634, nonzero_jaccard_per 0.8161434977578476 best nonzero_jaccard_per 0.8161434977578476
batch 2250, tloss 0.16328098148107528, vscore 0.6844927369591046, nonzero_jaccard_per 0.8251121076233184 best nonzero_jaccard_per 0.8251121076233184
batch 250, tloss 0.1049345920085907, vscore 0.6929808855817825, nonzero_jaccard_per 0.8071748878923767 best nonzero_jaccard_per 0.8251121076233184
batch 500, tloss 0.03636170518398285, vscore 0.6866156638578164, nonzero_jaccard_per 0.8071748878923767 best nonzero_jaccard_per 0.8251121076233184
batch 750, tloss 0.04510571122169495, vscore 0.6731004670466554, nonzero_jaccard_per 0.7982062780269058 best nonzero_jaccard_per 0.8251121076233184
batch 1000, tloss 0.03566353899240494, vscore 0.6851306142785962, nonzero_jaccard_per 0.7982062780269058 best nonzero_jaccard_per 0.8251121076233184
batch 1250, tloss 0.042462607026100156, vscore 0.6857285216029609, nonzero_jaccard_per 0.7982062780269058 best nonzero_jaccard_per 0.8251121076233184
batch 1500, tloss 0.047755800902843475, vscore 0.6733842266353477, nonzero_jaccard_per 0.7982062780269058 best nonzero_jaccard_per 0.8251121076233184
batch 1750, tloss 0.0494412162899971, vscore 0.6726368424798916, nonzero_jaccard_per 0.7982062780269058 best nonzero_jaccard_per 0.8251121076233184
batch 2000, tloss 0.05516085374355316, vscore 0.6703946900135239, nonzero_jaccard_per 0.7982062780269058 best nonzero_jaccard_per 0.8251121076233184
batch 2250, tloss 0.05447609966993332, vscore 0.6726368424798916, nonzero_jaccard_per 0.7982062780269058 best nonzero_jaccard_per 0.8251121076233184
fold 1 best nonzero_jaccard_per 0.8251121076233184
fold 2
fold 2, only_chaii False, lang None, removecite False, splitjoin False
fold2 t/v: 2214/223
initial mean jaccard 0.6365140838235008
initial nonzero jaccard percentage 0.7713004484304933
using metric: nonzero_jaccard_per
batch 250, tloss 0.7224817802906036, vscore 0.6592229431519856, nonzero_jaccard_per 0.7982062780269058 best nonzero_jaccard_per 0.7982062780269058
batch 500, tloss 0.4839490405917168, vscore 0.6848475427676166, nonzero_jaccard_per 0.8116591928251121 best nonzero_jaccard_per 0.8116591928251121
batch 750, tloss 0.4949429100751877, vscore 0.6743663697303898, nonzero_jaccard_per 0.7892376681614349 best nonzero_jaccard_per 0.8116591928251121
batch 1000, tloss 0.5121384001970292, vscore 0.6987856936287429, nonzero_jaccard_per 0.7982062780269058 best nonzero_jaccard_per 0.8116591928251121
batch 1250, tloss 0.4882761759757996, vscore 0.6523571222001715, nonzero_jaccard_per 0.7668161434977578 best nonzero_jaccard_per 0.8116591928251121
batch 1500, tloss 0.5348659006357193, vscore 0.7102292948705503, nonzero_jaccard_per 0.820627802690583 best nonzero_jaccard_per 0.820627802690583
batch 1750, tloss 0.44970447677373887, vscore 0.7132633186444843, nonzero_jaccard_per 0.8295964125560538 best nonzero_jaccard_per 0.8295964125560538
batch 2000, tloss 0.47468837022781374, vscore 0.6874082232430953, nonzero_jaccard_per 0.820627802690583 best nonzero_jaccard_per 0.8295964125560538
batch 2250, tloss 0.41497478711605074, vscore 0.6969228454654464, nonzero_jaccard_per 0.7982062780269058 best nonzero_jaccard_per 0.8295964125560538
batch 250, tloss 0.2856863408088684, vscore 0.6990935447213474, nonzero_jaccard_per 0.7982062780269058 best nonzero_jaccard_per 0.8295964125560538
batch 500, tloss 0.26134930086135866, vscore 0.7367296754068053, nonzero_jaccard_per 0.8475336322869955 best nonzero_jaccard_per 0.8475336322869955
batch 750, tloss 0.20821209013462066, vscore 0.7197032787839963, nonzero_jaccard_per 0.8340807174887892 best nonzero_jaccard_per 0.8475336322869955
batch 1000, tloss 0.199742121219635, vscore 0.721818419424592, nonzero_jaccard_per 0.8385650224215246 best nonzero_jaccard_per 0.8475336322869955
batch 1250, tloss 0.20250448316335679, vscore 0.7191524755030425, nonzero_jaccard_per 0.852017937219731 best nonzero_jaccard_per 0.852017937219731
batch 1500, tloss 0.15858952528238296, vscore 0.7132801714244604, nonzero_jaccard_per 0.8430493273542601 best nonzero_jaccard_per 0.852017937219731
batch 1750, tloss 0.16614566934108735, vscore 0.7413880962087239, nonzero_jaccard_per 0.8475336322869955 best nonzero_jaccard_per 0.852017937219731
batch 2000, tloss 0.14976102566719054, vscore 0.7195360070920608, nonzero_jaccard_per 0.8385650224215246 best nonzero_jaccard_per 0.852017937219731
batch 2250, tloss 0.17316679871082305, vscore 0.7191374022091511, nonzero_jaccard_per 0.8565022421524664 best nonzero_jaccard_per 0.8565022421524664
batch 250, tloss 0.11856732249259949, vscore 0.7191374022091511, nonzero_jaccard_per 0.8385650224215246 best nonzero_jaccard_per 0.8565022421524664
batch 500, tloss 0.03498188310861588, vscore 0.7167457729116922, nonzero_jaccard_per 0.8340807174887892 best nonzero_jaccard_per 0.8565022421524664
batch 750, tloss 0.04830920022726059, vscore 0.7026735969561081, nonzero_jaccard_per 0.8251121076233184 best nonzero_jaccard_per 0.8565022421524664
batch 1000, tloss 0.04718301945924759, vscore 0.7148666356065458, nonzero_jaccard_per 0.8385650224215246 best nonzero_jaccard_per 0.8565022421524664
batch 1250, tloss 0.04774610596895218, vscore 0.7150161124376372, nonzero_jaccard_per 0.8430493273542601 best nonzero_jaccard_per 0.8565022421524664
batch 1500, tloss 0.04382408320903778, vscore 0.7227034923223263, nonzero_jaccard_per 0.8475336322869955 best nonzero_jaccard_per 0.8565022421524664
batch 1750, tloss 0.05200904548168182, vscore 0.7127739599712695, nonzero_jaccard_per 0.8430493273542601 best nonzero_jaccard_per 0.8565022421524664
batch 2000, tloss 0.02883768928050995, vscore 0.7127739599712695, nonzero_jaccard_per 0.8430493273542601 best nonzero_jaccard_per 0.8565022421524664
batch 2250, tloss 0.05317135238647461, vscore 0.7127739599712695, nonzero_jaccard_per 0.8430493273542601 best nonzero_jaccard_per 0.8565022421524664
fold 2 best nonzero_jaccard_per 0.8565022421524664
fold 3
fold 3, only_chaii False, lang None, removecite False, splitjoin False
fold3 t/v: 2214/223
initial mean jaccard 0.6459748024770446
initial nonzero jaccard percentage 0.7354260089686099
using metric: nonzero_jaccard_per
batch 250, tloss 0.8000818271636962, vscore 0.6609224855861627, nonzero_jaccard_per 0.757847533632287 best nonzero_jaccard_per 0.757847533632287
batch 500, tloss 0.5799612800478935, vscore 0.6595270947288884, nonzero_jaccard_per 0.7802690582959642 best nonzero_jaccard_per 0.7802690582959642
batch 750, tloss 0.484068184196949, vscore 0.673937646807602, nonzero_jaccard_per 0.7847533632286996 best nonzero_jaccard_per 0.7847533632286996
batch 1000, tloss 0.4885243908762932, vscore 0.6836216100790092, nonzero_jaccard_per 0.7847533632286996 best nonzero_jaccard_per 0.7847533632286996
batch 1250, tloss 0.47429129588603974, vscore 0.6744501387999146, nonzero_jaccard_per 0.7668161434977578 best nonzero_jaccard_per 0.7847533632286996
batch 1500, tloss 0.490724901676178, vscore 0.697982062780269, nonzero_jaccard_per 0.8071748878923767 best nonzero_jaccard_per 0.8071748878923767
batch 1750, tloss 0.43919438219070434, vscore 0.6613602391629299, nonzero_jaccard_per 0.7623318385650224 best nonzero_jaccard_per 0.8071748878923767
batch 2000, tloss 0.5273465584516526, vscore 0.685970531710442, nonzero_jaccard_per 0.7892376681614349 best nonzero_jaccard_per 0.8071748878923767
batch 2250, tloss 0.43257076370716097, vscore 0.7165652359598549, nonzero_jaccard_per 0.8026905829596412 best nonzero_jaccard_per 0.8071748878923767
batch 250, tloss 0.2580521123409271, vscore 0.7055413196668803, nonzero_jaccard_per 0.820627802690583 best nonzero_jaccard_per 0.820627802690583
batch 500, tloss 0.2347167068719864, vscore 0.7327567798419816, nonzero_jaccard_per 0.8385650224215246 best nonzero_jaccard_per 0.8385650224215246
batch 750, tloss 0.26141138702630995, vscore 0.683408071748879, nonzero_jaccard_per 0.7847533632286996 best nonzero_jaccard_per 0.8385650224215246
batch 1000, tloss 0.18257202577590942, vscore 0.695526371983771, nonzero_jaccard_per 0.7982062780269058 best nonzero_jaccard_per 0.8385650224215246
batch 1250, tloss 0.231076231777668, vscore 0.706463093458609, nonzero_jaccard_per 0.8026905829596412 best nonzero_jaccard_per 0.8385650224215246
batch 1500, tloss 0.19970291429758072, vscore 0.6970531710442024, nonzero_jaccard_per 0.7937219730941704 best nonzero_jaccard_per 0.8385650224215246
batch 1750, tloss 0.19909841370582582, vscore 0.6908712363869315, nonzero_jaccard_per 0.7937219730941704 best nonzero_jaccard_per 0.8385650224215246
batch 2000, tloss 0.20827463221549988, vscore 0.7085842408712365, nonzero_jaccard_per 0.8116591928251121 best nonzero_jaccard_per 0.8385650224215246
batch 2250, tloss 0.2034698725938797, vscore 0.718545803971813, nonzero_jaccard_per 0.8251121076233184 best nonzero_jaccard_per 0.8385650224215246
batch 250, tloss 0.13129869514703751, vscore 0.6989643390988682, nonzero_jaccard_per 0.8026905829596412 best nonzero_jaccard_per 0.8385650224215246
batch 500, tloss 0.04911966520547867, vscore 0.6982810164424514, nonzero_jaccard_per 0.8026905829596412 best nonzero_jaccard_per 0.8385650224215246
batch 750, tloss 0.04647411298751831, vscore 0.7010463378176383, nonzero_jaccard_per 0.7982062780269058 best nonzero_jaccard_per 0.8385650224215246
batch 1000, tloss 0.04740979528427124, vscore 0.7055306427503737, nonzero_jaccard_per 0.8071748878923767 best nonzero_jaccard_per 0.8385650224215246
batch 1250, tloss 0.04749132341146469, vscore 0.7050822122571002, nonzero_jaccard_per 0.8026905829596412 best nonzero_jaccard_per 0.8385650224215246
batch 1500, tloss 0.034064407527446744, vscore 0.7013452914798206, nonzero_jaccard_per 0.7982062780269058 best nonzero_jaccard_per 0.8385650224215246
batch 1750, tloss 0.05935044825077057, vscore 0.6996369848387786, nonzero_jaccard_per 0.7982062780269058 best nonzero_jaccard_per 0.8385650224215246
batch 2000, tloss 0.04127162247896195, vscore 0.6996369848387786, nonzero_jaccard_per 0.7982062780269058 best nonzero_jaccard_per 0.8385650224215246
batch 2250, tloss 0.03093490433692932, vscore 0.6981422165278669, nonzero_jaccard_per 0.7982062780269058 best nonzero_jaccard_per 0.8385650224215246
fold 3 best nonzero_jaccard_per 0.8385650224215246
fold 4
fold 4, only_chaii False, lang None, removecite False, splitjoin False
fold4 t/v: 2215/222
initial mean jaccard 0.5939189189189189
initial nonzero jaccard percentage 0.7117117117117117
using metric: nonzero_jaccard_per
batch 250, tloss 0.7218360931873321, vscore 0.6376740376740376, nonzero_jaccard_per 0.7612612612612613 best nonzero_jaccard_per 0.7612612612612613
batch 500, tloss 0.5443761093616486, vscore 0.6394941350823703, nonzero_jaccard_per 0.7522522522522522 best nonzero_jaccard_per 0.7612612612612613
batch 750, tloss 0.5332459780573845, vscore 0.6633389883389884, nonzero_jaccard_per 0.7927927927927928 best nonzero_jaccard_per 0.7927927927927928
batch 1000, tloss 0.481092189848423, vscore 0.6478413478413478, nonzero_jaccard_per 0.7702702702702703 best nonzero_jaccard_per 0.7927927927927928
batch 1250, tloss 0.45922064447402955, vscore 0.6438967519849873, nonzero_jaccard_per 0.7837837837837838 best nonzero_jaccard_per 0.7927927927927928
batch 1500, tloss 0.46211861044168473, vscore 0.6454389454389453, nonzero_jaccard_per 0.7792792792792793 best nonzero_jaccard_per 0.7927927927927928
batch 1750, tloss 0.5149996838569642, vscore 0.6663741663741664, nonzero_jaccard_per 0.7837837837837838 best nonzero_jaccard_per 0.7927927927927928
batch 2000, tloss 0.43305830013751984, vscore 0.6394787644787645, nonzero_jaccard_per 0.7747747747747747 best nonzero_jaccard_per 0.7927927927927928
batch 2250, tloss 0.48191605442762375, vscore 0.6618374868374868, nonzero_jaccard_per 0.7927927927927928 best nonzero_jaccard_per 0.7927927927927928
batch 250, tloss 0.32504702830314636, vscore 0.6538259038259039, nonzero_jaccard_per 0.7837837837837838 best nonzero_jaccard_per 0.7927927927927928
batch 500, tloss 0.13917661499977113, vscore 0.6553517803517803, nonzero_jaccard_per 0.7837837837837838 best nonzero_jaccard_per 0.7927927927927928
batch 750, tloss 0.170378881752491, vscore 0.6651544401544401, nonzero_jaccard_per 0.7927927927927928 best nonzero_jaccard_per 0.7927927927927928
batch 1000, tloss 0.20549647051095962, vscore 0.6391784641784642, nonzero_jaccard_per 0.7837837837837838 best nonzero_jaccard_per 0.7927927927927928
batch 1250, tloss 0.20293498724699022, vscore 0.6586736086736087, nonzero_jaccard_per 0.7972972972972973 best nonzero_jaccard_per 0.7972972972972973
batch 1500, tloss 0.19589183616638184, vscore 0.6692835692835694, nonzero_jaccard_per 0.8018018018018018 best nonzero_jaccard_per 0.8018018018018018
batch 1750, tloss 0.19388421326875688, vscore 0.6535285285285285, nonzero_jaccard_per 0.7792792792792793 best nonzero_jaccard_per 0.8018018018018018
batch 2000, tloss 0.2097139450907707, vscore 0.664049764049764, nonzero_jaccard_per 0.7837837837837838 best nonzero_jaccard_per 0.8018018018018018
batch 2250, tloss 0.20628678387403487, vscore 0.6584942084942084, nonzero_jaccard_per 0.7837837837837838 best nonzero_jaccard_per 0.8018018018018018
batch 250, tloss 0.11177548170089721, vscore 0.6618404118404118, nonzero_jaccard_per 0.7927927927927928 best nonzero_jaccard_per 0.8018018018018018
batch 500, tloss 0.054119707942008974, vscore 0.66506864006864, nonzero_jaccard_per 0.7927927927927928 best nonzero_jaccard_per 0.8018018018018018
batch 750, tloss 0.047229213416576384, vscore 0.6837623337623339, nonzero_jaccard_per 0.8063063063063063 best nonzero_jaccard_per 0.8063063063063063
batch 1000, tloss 0.0446235026717186, vscore 0.6741527241527241, nonzero_jaccard_per 0.8018018018018018 best nonzero_jaccard_per 0.8063063063063063
batch 1250, tloss 0.04839968079328537, vscore 0.6734019734019735, nonzero_jaccard_per 0.8018018018018018 best nonzero_jaccard_per 0.8063063063063063
batch 1500, tloss 0.0448320277929306, vscore 0.6666452166452167, nonzero_jaccard_per 0.7972972972972973 best nonzero_jaccard_per 0.8063063063063063
batch 1750, tloss 0.04770361757278442, vscore 0.6672458172458172, nonzero_jaccard_per 0.7972972972972973 best nonzero_jaccard_per 0.8063063063063063
batch 2000, tloss 0.027730395793914796, vscore 0.6642428142428143, nonzero_jaccard_per 0.7972972972972973 best nonzero_jaccard_per 0.8063063063063063
batch 2250, tloss 0.04134631073474884, vscore 0.6642428142428143, nonzero_jaccard_per 0.7972972972972973 best nonzero_jaccard_per 0.8063063063063063
fold 4 best nonzero_jaccard_per 0.8063063063063063
5 fold cv nonzero_jaccard_per: 0.8267321132791985
fold 0
fold 0, only_chaii True, lang None, removecite False, splitjoin False
fold0 t/v: 891/223
0.7090178692757169
language
hindi    0.755117
tamil    0.616196
Name: jaccard, dtype: float64
fold 1
fold 1, only_chaii True, lang None, removecite False, splitjoin False
fold1 t/v: 891/223
0.6844927369591046
language
hindi    0.747560
tamil    0.557505
Name: jaccard, dtype: float64
fold 2
fold 2, only_chaii True, lang None, removecite False, splitjoin False
fold2 t/v: 891/223
0.7191374022091511
language
hindi    0.735905
tamil    0.685376
Name: jaccard, dtype: float64
fold 3
fold 3, only_chaii True, lang None, removecite False, splitjoin False
fold3 t/v: 891/223
0.7327567798419816
language
hindi    0.787460
tamil    0.620352
Name: jaccard, dtype: float64
fold 4
fold 4, only_chaii True, lang None, removecite False, splitjoin False
fold4 t/v: 892/222
0.6837623337623339
language
hindi    0.733078
tamil    0.583105
Name: jaccard, dtype: float64
FINISH
