Fri Aug 27 18:03:49 2021       
+-----------------------------------------------------------------------------+
| NVIDIA-SMI 460.80       Driver Version: 460.80       CUDA Version: 11.2     |
|-------------------------------+----------------------+----------------------+
| GPU  Name        Persistence-M| Bus-Id        Disp.A | Volatile Uncorr. ECC |
| Fan  Temp  Perf  Pwr:Usage/Cap|         Memory-Usage | GPU-Util  Compute M. |
|                               |                      |               MIG M. |
|===============================+======================+======================|
|   0  GeForce RTX 3090    Off  | 00000000:46:00.0 Off |                  N/A |
| 42%   30C    P0    31W / 350W |      0MiB / 24268MiB |      0%      Default |
|                               |                      |                  N/A |
+-------------------------------+----------------------+----------------------+
                                                                               
+-----------------------------------------------------------------------------+
| Processes:                                                                  |
|  GPU   GI   CI        PID   Type   Process name                  GPU Memory |
|        ID   ID                                                   Usage      |
|=============================================================================|
|  No running processes found                                                 |
+-----------------------------------------------------------------------------+
nvcc: NVIDIA (R) Cuda compiler driver
Copyright (c) 2005-2020 NVIDIA Corporation
Built on Mon_Oct_12_20:09:46_PDT_2020
Cuda compilation tools, release 11.1, V11.1.105
Build cuda_11.1.TC455_06.29190527_0
START
----------------------------------------
2021-08-27 18:04:43.940709
infoxlm-ep3-bs4-ga1-lr1e-05-adamw-wd0-cosann-wu0.1-dropout0.1-evalsteps1000-metricnonzero_jaccard_per-removeciteTrue-splitjoinTrue
{'accumulation_steps': 1,
 'batch_size': 4,
 'doc_stride': 128,
 'dropout': 0.1,
 'epochs': 3,
 'eval_steps': 1000,
 'lr': 1e-05,
 'max_length': 512,
 'metric': 'nonzero_jaccard_per',
 'model_checkpoint': '../../input/microsoft-infoxlm-large-squad2',
 'optimizer': 'adamw',
 'removecite': True,
 'scheduler': 'cosann',
 'splitjoin': True,
 'train_path': '../../input/chaii-hindi-and-tamil-question-answering/chaii-mlqa-xquad-5folds-count_leq15.csv',
 'warmup_ratio': 0.1,
 'weight_decay': 0}
----------------------------------------
fold 0
fold 0, only_chaii False, lang None, removecite True, splitjoin True
fold0 t/v: 7455/212
initial mean jaccard 0.6752591917270051
initial nonzero jaccard percentage 0.7830188679245284
using metric: nonzero_jaccard_per
batch 250, tloss 1.4607776379585267, vscore 0.6776738368303297, nonzero_jaccard_per 0.7924528301886793 best nonzero_jaccard_per 0.7924528301886793
batch 500, tloss 1.2135953359603882, vscore 0.615252453182531, nonzero_jaccard_per 0.7358490566037735 best nonzero_jaccard_per 0.7924528301886793
batch 750, tloss 1.0971722712516785, vscore 0.6532241512957384, nonzero_jaccard_per 0.7688679245283019 best nonzero_jaccard_per 0.7924528301886793
batch 1000, tloss 1.0656431946754457, vscore 0.6175920253750442, nonzero_jaccard_per 0.7405660377358491 best nonzero_jaccard_per 0.7924528301886793
batch 1250, tloss 1.2080702304840087, vscore 0.599442198262953, nonzero_jaccard_per 0.7122641509433962 best nonzero_jaccard_per 0.7924528301886793
batch 1500, tloss 1.0907105672359467, vscore 0.6290674603174603, nonzero_jaccard_per 0.7547169811320755 best nonzero_jaccard_per 0.7924528301886793
batch 1750, tloss 1.0028800880908966, vscore 0.6509265498652291, nonzero_jaccard_per 0.7783018867924528 best nonzero_jaccard_per 0.7924528301886793
batch 2000, tloss 1.1462808549404144, vscore 0.6447944743935309, nonzero_jaccard_per 0.7735849056603774 best nonzero_jaccard_per 0.7924528301886793
batch 2250, tloss 1.0952978248596192, vscore 0.6144897424378556, nonzero_jaccard_per 0.7594339622641509 best nonzero_jaccard_per 0.7924528301886793
batch 2500, tloss 0.9400955144166946, vscore 0.6340136840899883, nonzero_jaccard_per 0.7783018867924528 best nonzero_jaccard_per 0.7924528301886793
batch 2750, tloss 0.976210333943367, vscore 0.6335258202766526, nonzero_jaccard_per 0.7688679245283019 best nonzero_jaccard_per 0.7924528301886793
batch 3000, tloss 1.0173054753541946, vscore 0.6223326594788858, nonzero_jaccard_per 0.75 best nonzero_jaccard_per 0.7924528301886793
batch 3250, tloss 1.1220417394638063, vscore 0.6172225965858041, nonzero_jaccard_per 0.7358490566037735 best nonzero_jaccard_per 0.7924528301886793
batch 3500, tloss 1.0299896836280822, vscore 0.6140131095319775, nonzero_jaccard_per 0.7547169811320755 best nonzero_jaccard_per 0.7924528301886793
batch 250, tloss 0.7703430240154266, vscore 0.6354896675651391, nonzero_jaccard_per 0.7547169811320755 best nonzero_jaccard_per 0.7924528301886793
batch 500, tloss 0.6656317650079727, vscore 0.6270159478885893, nonzero_jaccard_per 0.75 best nonzero_jaccard_per 0.7924528301886793
batch 750, tloss 0.6412533646821976, vscore 0.6178477837675951, nonzero_jaccard_per 0.7547169811320755 best nonzero_jaccard_per 0.7924528301886793
batch 1000, tloss 0.5915833015441895, vscore 0.6030941150044923, nonzero_jaccard_per 0.7358490566037735 best nonzero_jaccard_per 0.7924528301886793
batch 1250, tloss 0.6282482167482376, vscore 0.6003275681341719, nonzero_jaccard_per 0.7641509433962265 best nonzero_jaccard_per 0.7924528301886793
batch 1500, tloss 0.7229035156965256, vscore 0.593716307277628, nonzero_jaccard_per 0.7594339622641509 best nonzero_jaccard_per 0.7924528301886793
batch 1750, tloss 0.5895698970556259, vscore 0.5769822551662175, nonzero_jaccard_per 0.7311320754716981 best nonzero_jaccard_per 0.7924528301886793
batch 2000, tloss 0.6362037439346313, vscore 0.5995900718778077, nonzero_jaccard_per 0.7311320754716981 best nonzero_jaccard_per 0.7924528301886793
batch 2250, tloss 0.6406563398241997, vscore 0.5822495507637017, nonzero_jaccard_per 0.7405660377358491 best nonzero_jaccard_per 0.7924528301886793
batch 2500, tloss 0.6066192235350609, vscore 0.5972933513027852, nonzero_jaccard_per 0.75 best nonzero_jaccard_per 0.7924528301886793
batch 2750, tloss 0.720232217669487, vscore 0.5752040281521413, nonzero_jaccard_per 0.7264150943396226 best nonzero_jaccard_per 0.7924528301886793
batch 3000, tloss 0.5982082055807114, vscore 0.5888439652590596, nonzero_jaccard_per 0.7122641509433962 best nonzero_jaccard_per 0.7924528301886793
batch 3250, tloss 0.6633319852352142, vscore 0.5866015274034142, nonzero_jaccard_per 0.7405660377358491 best nonzero_jaccard_per 0.7924528301886793
batch 3500, tloss 0.5700398541688919, vscore 0.5651654687032046, nonzero_jaccard_per 0.7075471698113207 best nonzero_jaccard_per 0.7924528301886793
batch 250, tloss 0.5332547409534454, vscore 0.6083445642407906, nonzero_jaccard_per 0.7216981132075472 best nonzero_jaccard_per 0.7924528301886793
batch 500, tloss 0.2618480429649353, vscore 0.5372360736747529, nonzero_jaccard_per 0.6933962264150944 best nonzero_jaccard_per 0.7924528301886793
batch 750, tloss 0.3280382534265518, vscore 0.5505503144654088, nonzero_jaccard_per 0.7122641509433962 best nonzero_jaccard_per 0.7924528301886793
batch 1000, tloss 0.27562508434057237, vscore 0.5246125336927224, nonzero_jaccard_per 0.6933962264150944 best nonzero_jaccard_per 0.7924528301886793
batch 1250, tloss 0.24154061752557754, vscore 0.49465397024359287, nonzero_jaccard_per 0.6792452830188679 best nonzero_jaccard_per 0.7924528301886793
batch 1500, tloss 0.25893955570459365, vscore 0.4985813321898227, nonzero_jaccard_per 0.6745283018867925 best nonzero_jaccard_per 0.7924528301886793
batch 1750, tloss 0.22864240396022797, vscore 0.49249979580168257, nonzero_jaccard_per 0.6698113207547169 best nonzero_jaccard_per 0.7924528301886793
batch 2000, tloss 0.23046427756547927, vscore 0.489922302540227, nonzero_jaccard_per 0.6698113207547169 best nonzero_jaccard_per 0.7924528301886793
batch 2250, tloss 0.2621536734700203, vscore 0.48961906803887933, nonzero_jaccard_per 0.6650943396226415 best nonzero_jaccard_per 0.7924528301886793
batch 2500, tloss 0.31180263501405714, vscore 0.4930388793596341, nonzero_jaccard_per 0.6745283018867925 best nonzero_jaccard_per 0.7924528301886793
batch 2750, tloss 0.27245127433538435, vscore 0.4856489422527159, nonzero_jaccard_per 0.6698113207547169 best nonzero_jaccard_per 0.7924528301886793
batch 3000, tloss 0.25386253362894057, vscore 0.48800743281875364, nonzero_jaccard_per 0.6698113207547169 best nonzero_jaccard_per 0.7924528301886793
batch 3250, tloss 0.2584995163679123, vscore 0.48800743281875364, nonzero_jaccard_per 0.6698113207547169 best nonzero_jaccard_per 0.7924528301886793
batch 3500, tloss 0.2662385157942772, vscore 0.4906803887935964, nonzero_jaccard_per 0.6698113207547169 best nonzero_jaccard_per 0.7924528301886793
fold 0 best nonzero_jaccard_per 0.7924528301886793
fold 1
fold 1, only_chaii False, lang None, removecite True, splitjoin True
fold1 t/v: 7455/212
initial mean jaccard 0.6339164766051557
initial nonzero jaccard percentage 0.75
using metric: nonzero_jaccard_per
batch 250, tloss 1.4481485180854798, vscore 0.6215954904634149, nonzero_jaccard_per 0.75 best nonzero_jaccard_per 0.75
batch 500, tloss 1.1240853395462036, vscore 0.628387126500334, nonzero_jaccard_per 0.75 best nonzero_jaccard_per 0.75
batch 750, tloss 1.1201150312423707, vscore 0.6041938800193516, nonzero_jaccard_per 0.7216981132075472 best nonzero_jaccard_per 0.75
batch 1000, tloss 1.0540885553359984, vscore 0.6195820950537931, nonzero_jaccard_per 0.7452830188679245 best nonzero_jaccard_per 0.75
batch 1250, tloss 1.1031735887527465, vscore 0.6051947266569908, nonzero_jaccard_per 0.7264150943396226 best nonzero_jaccard_per 0.75
batch 1500, tloss 1.1038683955669404, vscore 0.5948853295551407, nonzero_jaccard_per 0.7264150943396226 best nonzero_jaccard_per 0.75
batch 1750, tloss 1.071189277768135, vscore 0.6222363328495404, nonzero_jaccard_per 0.7452830188679245 best nonzero_jaccard_per 0.75
batch 2000, tloss 1.13314320397377, vscore 0.6055951909725494, nonzero_jaccard_per 0.7688679245283019 best nonzero_jaccard_per 0.7688679245283019
batch 2250, tloss 1.102689742088318, vscore 0.5917962540604049, nonzero_jaccard_per 0.7169811320754716 best nonzero_jaccard_per 0.7688679245283019
batch 2500, tloss 1.0511597130298616, vscore 0.5768073121846706, nonzero_jaccard_per 0.7028301886792453 best nonzero_jaccard_per 0.7688679245283019
batch 2750, tloss 1.06052468085289, vscore 0.6080404658234847, nonzero_jaccard_per 0.7264150943396226 best nonzero_jaccard_per 0.7688679245283019
batch 3000, tloss 1.0219510633945466, vscore 0.6186208445642407, nonzero_jaccard_per 0.7405660377358491 best nonzero_jaccard_per 0.7688679245283019
batch 3250, tloss 0.9965335693955422, vscore 0.5924407353652636, nonzero_jaccard_per 0.7122641509433962 best nonzero_jaccard_per 0.7688679245283019
batch 3500, tloss 1.0568418612480164, vscore 0.6306950779828138, nonzero_jaccard_per 0.7735849056603774 best nonzero_jaccard_per 0.7735849056603774
batch 250, tloss 0.7772183158397674, vscore 0.5840250420439099, nonzero_jaccard_per 0.7264150943396226 best nonzero_jaccard_per 0.7735849056603774
batch 500, tloss 0.6776296037435532, vscore 0.6001694715138111, nonzero_jaccard_per 0.7358490566037735 best nonzero_jaccard_per 0.7735849056603774
batch 750, tloss 0.6657712899446487, vscore 0.5971525330015895, nonzero_jaccard_per 0.7358490566037735 best nonzero_jaccard_per 0.7735849056603774
batch 1000, tloss 0.6988000486493111, vscore 0.5566674153938305, nonzero_jaccard_per 0.7169811320754716 best nonzero_jaccard_per 0.7735849056603774
batch 1250, tloss 0.6037357934713363, vscore 0.49436650875330124, nonzero_jaccard_per 0.6556603773584906 best nonzero_jaccard_per 0.7735849056603774
batch 1500, tloss 0.6198901479244232, vscore 0.5499383739949778, nonzero_jaccard_per 0.7169811320754716 best nonzero_jaccard_per 0.7735849056603774
batch 1750, tloss 0.6607499780654907, vscore 0.5483444490519963, nonzero_jaccard_per 0.6698113207547169 best nonzero_jaccard_per 0.7735849056603774
batch 2000, tloss 0.6280144884586334, vscore 0.581411984242173, nonzero_jaccard_per 0.7122641509433962 best nonzero_jaccard_per 0.7735849056603774
batch 2250, tloss 0.5997267583608628, vscore 0.5400482641048678, nonzero_jaccard_per 0.6933962264150944 best nonzero_jaccard_per 0.7735849056603774
batch 2500, tloss 0.6290367461442947, vscore 0.5585421130232452, nonzero_jaccard_per 0.7075471698113207 best nonzero_jaccard_per 0.7735849056603774
batch 2750, tloss 0.5957703810930252, vscore 0.5382927868776924, nonzero_jaccard_per 0.6792452830188679 best nonzero_jaccard_per 0.7735849056603774
batch 3000, tloss 0.6088868145346642, vscore 0.5492826617826617, nonzero_jaccard_per 0.7216981132075472 best nonzero_jaccard_per 0.7735849056603774
batch 3250, tloss 0.6025315049886704, vscore 0.5757114347916235, nonzero_jaccard_per 0.7075471698113207 best nonzero_jaccard_per 0.7735849056603774
batch 3500, tloss 0.620754990041256, vscore 0.5384400845485752, nonzero_jaccard_per 0.6745283018867925 best nonzero_jaccard_per 0.7735849056603774
batch 250, tloss 0.49357216370105744, vscore 0.5427439698666114, nonzero_jaccard_per 0.6981132075471698 best nonzero_jaccard_per 0.7735849056603774
batch 500, tloss 0.2739626019001007, vscore 0.49509209344115, nonzero_jaccard_per 0.6179245283018868 best nonzero_jaccard_per 0.7735849056603774
batch 750, tloss 0.28203048050403595, vscore 0.4644953578915843, nonzero_jaccard_per 0.5943396226415094 best nonzero_jaccard_per 0.7735849056603774
batch 1000, tloss 0.2668812000155449, vscore 0.4734576220425277, nonzero_jaccard_per 0.6037735849056604 best nonzero_jaccard_per 0.7735849056603774
batch 1250, tloss 0.2884292474985123, vscore 0.45938529499850256, nonzero_jaccard_per 0.5943396226415094 best nonzero_jaccard_per 0.7735849056603774
batch 1500, tloss 0.24327494364976882, vscore 0.46391135070380357, nonzero_jaccard_per 0.5990566037735849 best nonzero_jaccard_per 0.7735849056603774
batch 1750, tloss 0.2256733310818672, vscore 0.45357891584306675, nonzero_jaccard_per 0.5943396226415094 best nonzero_jaccard_per 0.7735849056603774
batch 2000, tloss 0.264933825135231, vscore 0.45145627433363283, nonzero_jaccard_per 0.5943396226415094 best nonzero_jaccard_per 0.7735849056603774
batch 2250, tloss 0.26101599377393725, vscore 0.45547693920335425, nonzero_jaccard_per 0.5943396226415094 best nonzero_jaccard_per 0.7735849056603774
batch 2500, tloss 0.2710302183628082, vscore 0.4558700209643606, nonzero_jaccard_per 0.5943396226415094 best nonzero_jaccard_per 0.7735849056603774
batch 2750, tloss 0.2794137620329857, vscore 0.46308026355196175, nonzero_jaccard_per 0.5990566037735849 best nonzero_jaccard_per 0.7735849056603774
batch 3000, tloss 0.22517604184150697, vscore 0.4646525905959868, nonzero_jaccard_per 0.5990566037735849 best nonzero_jaccard_per 0.7735849056603774
batch 3250, tloss 0.23993938773870468, vscore 0.4600142258161126, nonzero_jaccard_per 0.5990566037735849 best nonzero_jaccard_per 0.7735849056603774
batch 3500, tloss 0.3007364884614944, vscore 0.4600142258161126, nonzero_jaccard_per 0.5990566037735849 best nonzero_jaccard_per 0.7735849056603774
fold 1 best nonzero_jaccard_per 0.7735849056603774
fold 2
fold 2, only_chaii False, lang None, removecite True, splitjoin True
fold2 t/v: 7456/211
initial mean jaccard 0.6433108838446828
initial nonzero jaccard percentage 0.7582938388625592
using metric: nonzero_jaccard_per
batch 250, tloss 1.535117718219757, vscore 0.6597382080794403, nonzero_jaccard_per 0.7819905213270142 best nonzero_jaccard_per 0.7819905213270142
batch 500, tloss 1.2558332648277282, vscore 0.6383273124979286, nonzero_jaccard_per 0.7582938388625592 best nonzero_jaccard_per 0.7819905213270142
batch 750, tloss 1.05715279006958, vscore 0.6681674565560822, nonzero_jaccard_per 0.7867298578199052 best nonzero_jaccard_per 0.7867298578199052
batch 1000, tloss 1.0378639433383943, vscore 0.6528028054094406, nonzero_jaccard_per 0.7725118483412322 best nonzero_jaccard_per 0.7867298578199052
batch 1250, tloss 1.1312026970386506, vscore 0.6269959897921984, nonzero_jaccard_per 0.7535545023696683 best nonzero_jaccard_per 0.7867298578199052
batch 1500, tloss 1.0704281792640686, vscore 0.6299067178214097, nonzero_jaccard_per 0.7488151658767772 best nonzero_jaccard_per 0.7867298578199052
batch 1750, tloss 1.181307392835617, vscore 0.6291337546076883, nonzero_jaccard_per 0.7488151658767772 best nonzero_jaccard_per 0.7867298578199052
batch 2000, tloss 1.0669875907301902, vscore 0.6440214603721713, nonzero_jaccard_per 0.7677725118483413 best nonzero_jaccard_per 0.7867298578199052
batch 2250, tloss 1.0896068305969238, vscore 0.6822355895815613, nonzero_jaccard_per 0.7914691943127962 best nonzero_jaccard_per 0.7914691943127962
batch 2500, tloss 1.0724666268825531, vscore 0.6674001354096142, nonzero_jaccard_per 0.7819905213270142 best nonzero_jaccard_per 0.7914691943127962
batch 2750, tloss 1.110751473426819, vscore 0.6408636124275935, nonzero_jaccard_per 0.7630331753554502 best nonzero_jaccard_per 0.7914691943127962
batch 3000, tloss 1.1428883757591248, vscore 0.6410742496050553, nonzero_jaccard_per 0.7630331753554502 best nonzero_jaccard_per 0.7914691943127962
batch 3250, tloss 0.9347825665473938, vscore 0.6393139246219816, nonzero_jaccard_per 0.7630331753554502 best nonzero_jaccard_per 0.7914691943127962
batch 3500, tloss 1.062790212392807, vscore 0.6270223194393811, nonzero_jaccard_per 0.7535545023696683 best nonzero_jaccard_per 0.7914691943127962
batch 250, tloss 0.8808032464981079, vscore 0.6254833370947115, nonzero_jaccard_per 0.7582938388625592 best nonzero_jaccard_per 0.7914691943127962
batch 500, tloss 0.67327072763443, vscore 0.6530504776950274, nonzero_jaccard_per 0.7630331753554502 best nonzero_jaccard_per 0.7914691943127962
batch 750, tloss 0.6523382458686828, vscore 0.6383585345670655, nonzero_jaccard_per 0.7582938388625592 best nonzero_jaccard_per 0.7914691943127962
batch 1000, tloss 0.6756046118736267, vscore 0.636647107500188, nonzero_jaccard_per 0.7582938388625592 best nonzero_jaccard_per 0.7914691943127962
batch 1250, tloss 0.6743608055114746, vscore 0.639694402490611, nonzero_jaccard_per 0.7725118483412322 best nonzero_jaccard_per 0.7914691943127962
batch 1500, tloss 0.7066795900464058, vscore 0.6535018430753028, nonzero_jaccard_per 0.7819905213270142 best nonzero_jaccard_per 0.7914691943127962
batch 1750, tloss 0.6334490464925766, vscore 0.609035409035409, nonzero_jaccard_per 0.7725118483412322 best nonzero_jaccard_per 0.7914691943127962
batch 2000, tloss 0.6681891512870789, vscore 0.6301211163770406, nonzero_jaccard_per 0.7630331753554502 best nonzero_jaccard_per 0.7914691943127962
batch 2250, tloss 0.593951675415039, vscore 0.604879086158707, nonzero_jaccard_per 0.7393364928909952 best nonzero_jaccard_per 0.7914691943127962
batch 2500, tloss 0.6419865027666092, vscore 0.6212480252764612, nonzero_jaccard_per 0.7440758293838863 best nonzero_jaccard_per 0.7914691943127962
batch 2750, tloss 0.6536923640966416, vscore 0.5812570525840668, nonzero_jaccard_per 0.7345971563981043 best nonzero_jaccard_per 0.7914691943127962
batch 3000, tloss 0.6556155016422271, vscore 0.6478146392838336, nonzero_jaccard_per 0.7962085308056872 best nonzero_jaccard_per 0.7962085308056872
batch 3250, tloss 0.5731804759502411, vscore 0.6226171669299632, nonzero_jaccard_per 0.7725118483412322 best nonzero_jaccard_per 0.7962085308056872
batch 3500, tloss 0.6087949852347374, vscore 0.6335928684269916, nonzero_jaccard_per 0.7819905213270142 best nonzero_jaccard_per 0.7962085308056872
batch 250, tloss 0.5175165333747864, vscore 0.6148461596328895, nonzero_jaccard_per 0.7440758293838863 best nonzero_jaccard_per 0.7962085308056872
batch 500, tloss 0.3367492437362671, vscore 0.5486797562626946, nonzero_jaccard_per 0.7014218009478673 best nonzero_jaccard_per 0.7962085308056872
batch 750, tloss 0.29336525946855546, vscore 0.5609230422026631, nonzero_jaccard_per 0.7203791469194313 best nonzero_jaccard_per 0.7962085308056872
batch 1000, tloss 0.2895199882388115, vscore 0.5230610095539006, nonzero_jaccard_per 0.6919431279620853 best nonzero_jaccard_per 0.7962085308056872
batch 1250, tloss 0.28498849213123323, vscore 0.5336116753178365, nonzero_jaccard_per 0.6872037914691943 best nonzero_jaccard_per 0.7962085308056872
batch 1500, tloss 0.2551842722296715, vscore 0.5108484985262236, nonzero_jaccard_per 0.6824644549763034 best nonzero_jaccard_per 0.7962085308056872
batch 1750, tloss 0.29992974758148194, vscore 0.5008312645753404, nonzero_jaccard_per 0.6540284360189573 best nonzero_jaccard_per 0.7962085308056872
batch 2000, tloss 0.24861796158552169, vscore 0.5074324832618672, nonzero_jaccard_per 0.6587677725118484 best nonzero_jaccard_per 0.7962085308056872
batch 2250, tloss 0.2438318190574646, vscore 0.49473783194162346, nonzero_jaccard_per 0.6587677725118484 best nonzero_jaccard_per 0.7962085308056872
batch 2500, tloss 0.2980085487961769, vscore 0.5066425938463853, nonzero_jaccard_per 0.6729857819905213 best nonzero_jaccard_per 0.7962085308056872
batch 2750, tloss 0.26319389605522153, vscore 0.5161212668321674, nonzero_jaccard_per 0.6729857819905213 best nonzero_jaccard_per 0.7962085308056872
batch 3000, tloss 0.27851487070322034, vscore 0.5200707139095765, nonzero_jaccard_per 0.6729857819905213 best nonzero_jaccard_per 0.7962085308056872
batch 3250, tloss 0.2727324861884117, vscore 0.5216504927405401, nonzero_jaccard_per 0.6777251184834123 best nonzero_jaccard_per 0.7962085308056872
batch 3500, tloss 0.30972304970026016, vscore 0.5216504927405401, nonzero_jaccard_per 0.6777251184834123 best nonzero_jaccard_per 0.7962085308056872
fold 2 best nonzero_jaccard_per 0.7962085308056872
fold 3
fold 3, only_chaii False, lang None, removecite True, splitjoin True
fold3 t/v: 7456/211
initial mean jaccard 0.6986637704054766
initial nonzero jaccard percentage 0.8341232227488151
using metric: nonzero_jaccard_per
batch 250, tloss 1.317542825460434, vscore 0.697597419694576, nonzero_jaccard_per 0.8246445497630331 best nonzero_jaccard_per 0.8341232227488151
batch 500, tloss 1.203425542831421, vscore 0.6787359888663207, nonzero_jaccard_per 0.8056872037914692 best nonzero_jaccard_per 0.8341232227488151
batch 750, tloss 1.0458160812854767, vscore 0.6722194011885955, nonzero_jaccard_per 0.7962085308056872 best nonzero_jaccard_per 0.8341232227488151
batch 1000, tloss 1.0436766338348389, vscore 0.6687924095388551, nonzero_jaccard_per 0.7914691943127962 best nonzero_jaccard_per 0.8341232227488151
batch 1250, tloss 1.1536342566013336, vscore 0.6587931618144889, nonzero_jaccard_per 0.8151658767772512 best nonzero_jaccard_per 0.8341232227488151
batch 1500, tloss 1.1445464591979981, vscore 0.693303806514707, nonzero_jaccard_per 0.8199052132701422 best nonzero_jaccard_per 0.8341232227488151
batch 1750, tloss 1.1202480745315553, vscore 0.674816974757733, nonzero_jaccard_per 0.8009478672985783 best nonzero_jaccard_per 0.8341232227488151
batch 2000, tloss 1.140307563662529, vscore 0.6603038680645315, nonzero_jaccard_per 0.7819905213270142 best nonzero_jaccard_per 0.8341232227488151
batch 2250, tloss 1.0349113084077834, vscore 0.6623627096968329, nonzero_jaccard_per 0.7867298578199052 best nonzero_jaccard_per 0.8341232227488151
batch 2500, tloss 1.0475098003149033, vscore 0.6402386252504736, nonzero_jaccard_per 0.7772511848341233 best nonzero_jaccard_per 0.8341232227488151
batch 2750, tloss 1.0553272540569305, vscore 0.6995552170315203, nonzero_jaccard_per 0.8199052132701422 best nonzero_jaccard_per 0.8341232227488151
batch 3000, tloss 1.1100977795124054, vscore 0.6709837884600918, nonzero_jaccard_per 0.7962085308056872 best nonzero_jaccard_per 0.8341232227488151
batch 3250, tloss 1.0141616020202637, vscore 0.6477930113593621, nonzero_jaccard_per 0.7535545023696683 best nonzero_jaccard_per 0.8341232227488151
batch 3500, tloss 1.0057116165161133, vscore 0.6446240502520123, nonzero_jaccard_per 0.7535545023696683 best nonzero_jaccard_per 0.8341232227488151
batch 250, tloss 0.8093549542427063, vscore 0.6367082298954335, nonzero_jaccard_per 0.7535545023696683 best nonzero_jaccard_per 0.8341232227488151
batch 500, tloss 0.6976070328950882, vscore 0.66353299322556, nonzero_jaccard_per 0.8009478672985783 best nonzero_jaccard_per 0.8341232227488151
batch 750, tloss 0.627583566069603, vscore 0.6439080026290053, nonzero_jaccard_per 0.7630331753554502 best nonzero_jaccard_per 0.8341232227488151
batch 1000, tloss 0.6709019238948822, vscore 0.6443701572256074, nonzero_jaccard_per 0.7867298578199052 best nonzero_jaccard_per 0.8341232227488151
batch 1250, tloss 0.6280288062095642, vscore 0.6137374934175883, nonzero_jaccard_per 0.7630331753554502 best nonzero_jaccard_per 0.8341232227488151
batch 1500, tloss 0.6849702129364014, vscore 0.6232951553449184, nonzero_jaccard_per 0.7488151658767772 best nonzero_jaccard_per 0.8341232227488151
batch 1750, tloss 0.7014594717025757, vscore 0.6185915519446326, nonzero_jaccard_per 0.7630331753554502 best nonzero_jaccard_per 0.8341232227488151
batch 2000, tloss 0.6589330134391784, vscore 0.6588777928232905, nonzero_jaccard_per 0.7819905213270142 best nonzero_jaccard_per 0.8341232227488151
batch 2250, tloss 0.6281150372028351, vscore 0.5986806966072369, nonzero_jaccard_per 0.7393364928909952 best nonzero_jaccard_per 0.8341232227488151
batch 2500, tloss 0.6262985873222351, vscore 0.6371483111412022, nonzero_jaccard_per 0.8009478672985783 best nonzero_jaccard_per 0.8341232227488151
batch 2750, tloss 0.6157610285282135, vscore 0.5876937109757014, nonzero_jaccard_per 0.7393364928909952 best nonzero_jaccard_per 0.8341232227488151
batch 3000, tloss 0.5649100896120072, vscore 0.6130642067253441, nonzero_jaccard_per 0.7535545023696683 best nonzero_jaccard_per 0.8341232227488151
batch 3250, tloss 0.6473093953132629, vscore 0.6290618429961158, nonzero_jaccard_per 0.7819905213270142 best nonzero_jaccard_per 0.8341232227488151
batch 3500, tloss 0.6217148270606995, vscore 0.6262816896110734, nonzero_jaccard_per 0.7582938388625592 best nonzero_jaccard_per 0.8341232227488151
batch 250, tloss 0.5001643974781036, vscore 0.6097114330058954, nonzero_jaccard_per 0.7535545023696683 best nonzero_jaccard_per 0.8341232227488151
batch 500, tloss 0.313197582423687, vscore 0.5808799744226284, nonzero_jaccard_per 0.7345971563981043 best nonzero_jaccard_per 0.8341232227488151
batch 750, tloss 0.25783915776014327, vscore 0.5901893853908072, nonzero_jaccard_per 0.7298578199052133 best nonzero_jaccard_per 0.8341232227488151
batch 1000, tloss 0.3123616881966591, vscore 0.5974676521477469, nonzero_jaccard_per 0.7251184834123223 best nonzero_jaccard_per 0.8341232227488151
batch 1250, tloss 0.26503254503011703, vscore 0.5908199111522883, nonzero_jaccard_per 0.7393364928909952 best nonzero_jaccard_per 0.8341232227488151
batch 1500, tloss 0.26591053581237795, vscore 0.5997860963625493, nonzero_jaccard_per 0.7345971563981043 best nonzero_jaccard_per 0.8341232227488151
batch 1750, tloss 0.2840009940266609, vscore 0.562288917396176, nonzero_jaccard_per 0.7156398104265402 best nonzero_jaccard_per 0.8341232227488151
batch 2000, tloss 0.2577815188765526, vscore 0.5613109590722463, nonzero_jaccard_per 0.7109004739336493 best nonzero_jaccard_per 0.8341232227488151
batch 2250, tloss 0.23192927408218383, vscore 0.5661969893137266, nonzero_jaccard_per 0.7156398104265402 best nonzero_jaccard_per 0.8341232227488151
batch 2500, tloss 0.2636597288250923, vscore 0.5633496260398231, nonzero_jaccard_per 0.7109004739336493 best nonzero_jaccard_per 0.8341232227488151
batch 2750, tloss 0.2978711696267128, vscore 0.5712485201946415, nonzero_jaccard_per 0.7109004739336493 best nonzero_jaccard_per 0.8341232227488151
batch 3000, tloss 0.23491618186235427, vscore 0.5666671615848468, nonzero_jaccard_per 0.7109004739336493 best nonzero_jaccard_per 0.8341232227488151
batch 3250, tloss 0.29134149676561355, vscore 0.5631126592151785, nonzero_jaccard_per 0.7109004739336493 best nonzero_jaccard_per 0.8341232227488151
batch 3500, tloss 0.28207023894786837, vscore 0.5631126592151785, nonzero_jaccard_per 0.7109004739336493 best nonzero_jaccard_per 0.8341232227488151
fold 3 best nonzero_jaccard_per 0.8341232227488151
fold 4
fold 4, only_chaii False, lang None, removecite True, splitjoin True
fold4 t/v: 7456/211
initial mean jaccard 0.6399899468619847
initial nonzero jaccard percentage 0.7535545023696683
using metric: nonzero_jaccard_per
batch 250, tloss 1.3958398380279542, vscore 0.6557538827681008, nonzero_jaccard_per 0.7819905213270142 best nonzero_jaccard_per 0.7819905213270142
batch 500, tloss 1.2342735147476196, vscore 0.6260352338551392, nonzero_jaccard_per 0.7582938388625592 best nonzero_jaccard_per 0.7819905213270142
batch 750, tloss 1.0341477439403535, vscore 0.6465629552122444, nonzero_jaccard_per 0.7725118483412322 best nonzero_jaccard_per 0.7819905213270142
batch 1000, tloss 1.0678097586631774, vscore 0.6524673785929711, nonzero_jaccard_per 0.7772511848341233 best nonzero_jaccard_per 0.7819905213270142
batch 1250, tloss 1.1062647445201874, vscore 0.6412029913214747, nonzero_jaccard_per 0.7440758293838863 best nonzero_jaccard_per 0.7819905213270142
batch 1500, tloss 1.053623878955841, vscore 0.6212582835805583, nonzero_jaccard_per 0.7345971563981043 best nonzero_jaccard_per 0.7819905213270142
batch 1750, tloss 1.1034745402336121, vscore 0.6484586898094007, nonzero_jaccard_per 0.7488151658767772 best nonzero_jaccard_per 0.7819905213270142
batch 2000, tloss 1.1386606202125549, vscore 0.632941013544582, nonzero_jaccard_per 0.7393364928909952 best nonzero_jaccard_per 0.7819905213270142
batch 2250, tloss 1.0421752486228943, vscore 0.6046085431156522, nonzero_jaccard_per 0.6872037914691943 best nonzero_jaccard_per 0.7819905213270142
batch 2500, tloss 1.0759964728355407, vscore 0.5966814386245667, nonzero_jaccard_per 0.7156398104265402 best nonzero_jaccard_per 0.7819905213270142
batch 2750, tloss 1.0132792018651962, vscore 0.6035647606737654, nonzero_jaccard_per 0.7203791469194313 best nonzero_jaccard_per 0.7819905213270142
batch 3000, tloss 1.031482349395752, vscore 0.5998861328245215, nonzero_jaccard_per 0.7156398104265402 best nonzero_jaccard_per 0.7819905213270142
batch 3250, tloss 1.0925331976413726, vscore 0.6715121766069633, nonzero_jaccard_per 0.7772511848341233 best nonzero_jaccard_per 0.7819905213270142
batch 3500, tloss 1.0610071458816528, vscore 0.6443964013869227, nonzero_jaccard_per 0.7488151658767772 best nonzero_jaccard_per 0.7819905213270142
batch 250, tloss 0.8812992687225342, vscore 0.6635004411070762, nonzero_jaccard_per 0.7677725118483413 best nonzero_jaccard_per 0.7819905213270142
batch 500, tloss 0.7262045640945435, vscore 0.6056523255575388, nonzero_jaccard_per 0.7251184834123223 best nonzero_jaccard_per 0.7819905213270142
batch 750, tloss 0.6107942979335785, vscore 0.6319161486223097, nonzero_jaccard_per 0.7345971563981043 best nonzero_jaccard_per 0.7819905213270142
batch 1000, tloss 0.6234304369688034, vscore 0.6367438775021714, nonzero_jaccard_per 0.7582938388625592 best nonzero_jaccard_per 0.7819905213270142
batch 1250, tloss 0.6561832127571106, vscore 0.6109953632465481, nonzero_jaccard_per 0.7393364928909952 best nonzero_jaccard_per 0.7819905213270142
batch 1500, tloss 0.5645590879917145, vscore 0.6047571175533261, nonzero_jaccard_per 0.7298578199052133 best nonzero_jaccard_per 0.7819905213270142
batch 1750, tloss 0.6724335055351257, vscore 0.6277692291910302, nonzero_jaccard_per 0.7630331753554502 best nonzero_jaccard_per 0.7819905213270142
batch 2000, tloss 0.6326204416751862, vscore 0.5896062862887507, nonzero_jaccard_per 0.7393364928909952 best nonzero_jaccard_per 0.7819905213270142
batch 2250, tloss 0.6060134209394455, vscore 0.6091504072546727, nonzero_jaccard_per 0.7677725118483413 best nonzero_jaccard_per 0.7819905213270142
batch 2500, tloss 0.5523826574087143, vscore 0.5945741265054062, nonzero_jaccard_per 0.7298578199052133 best nonzero_jaccard_per 0.7819905213270142
batch 2750, tloss 0.5527221950292587, vscore 0.5636794485135718, nonzero_jaccard_per 0.7061611374407583 best nonzero_jaccard_per 0.7819905213270142
batch 3000, tloss 0.6323219950795174, vscore 0.5600851097296595, nonzero_jaccard_per 0.6966824644549763 best nonzero_jaccard_per 0.7819905213270142
batch 3250, tloss 0.6302289865612983, vscore 0.5653416357207827, nonzero_jaccard_per 0.7156398104265402 best nonzero_jaccard_per 0.7819905213270142
batch 3500, tloss 0.5623416483402253, vscore 0.5690804456207299, nonzero_jaccard_per 0.7109004739336493 best nonzero_jaccard_per 0.7819905213270142
batch 250, tloss 0.4950470097064972, vscore 0.5873494593873742, nonzero_jaccard_per 0.7203791469194313 best nonzero_jaccard_per 0.7819905213270142
batch 500, tloss 0.30495215809345244, vscore 0.5247112287396648, nonzero_jaccard_per 0.6682464454976303 best nonzero_jaccard_per 0.7819905213270142
batch 750, tloss 0.27986680865287783, vscore 0.5182510617344741, nonzero_jaccard_per 0.6777251184834123 best nonzero_jaccard_per 0.7819905213270142
batch 1000, tloss 0.2878319511413574, vscore 0.4967096489608338, nonzero_jaccard_per 0.6682464454976303 best nonzero_jaccard_per 0.7819905213270142
batch 1250, tloss 0.3026199970841408, vscore 0.5029497753431402, nonzero_jaccard_per 0.6682464454976303 best nonzero_jaccard_per 0.7819905213270142
batch 1500, tloss 0.27036363071203234, vscore 0.5224600439055415, nonzero_jaccard_per 0.6777251184834123 best nonzero_jaccard_per 0.7819905213270142
batch 1750, tloss 0.25860913026332855, vscore 0.4919056851521307, nonzero_jaccard_per 0.6540284360189573 best nonzero_jaccard_per 0.7819905213270142
batch 2000, tloss 0.25081114411354066, vscore 0.48933290248456124, nonzero_jaccard_per 0.6587677725118484 best nonzero_jaccard_per 0.7819905213270142
batch 2250, tloss 0.26300522607564925, vscore 0.49577614328799163, nonzero_jaccard_per 0.6587677725118484 best nonzero_jaccard_per 0.7819905213270142
batch 2500, tloss 0.24605191653966904, vscore 0.4938014197492871, nonzero_jaccard_per 0.6635071090047393 best nonzero_jaccard_per 0.7819905213270142
batch 2750, tloss 0.26862859582901, vscore 0.4820659198621284, nonzero_jaccard_per 0.6398104265402843 best nonzero_jaccard_per 0.7819905213270142
batch 3000, tloss 0.24482532000541687, vscore 0.48325075398535117, nonzero_jaccard_per 0.6398104265402843 best nonzero_jaccard_per 0.7819905213270142
batch 3250, tloss 0.23934763962030411, vscore 0.4820659198621284, nonzero_jaccard_per 0.6445497630331753 best nonzero_jaccard_per 0.7819905213270142
batch 3500, tloss 0.24954051715135575, vscore 0.4820659198621284, nonzero_jaccard_per 0.6445497630331753 best nonzero_jaccard_per 0.7819905213270142
fold 4 best nonzero_jaccard_per 0.7819905213270142
5 fold cv nonzero_jaccard_per: 0.7956720021461147
FINISH
