Tue Aug 24 02:05:50 2021       
+-----------------------------------------------------------------------------+
| NVIDIA-SMI 460.80       Driver Version: 460.80       CUDA Version: 11.2     |
|-------------------------------+----------------------+----------------------+
| GPU  Name        Persistence-M| Bus-Id        Disp.A | Volatile Uncorr. ECC |
| Fan  Temp  Perf  Pwr:Usage/Cap|         Memory-Usage | GPU-Util  Compute M. |
|                               |                      |               MIG M. |
|===============================+======================+======================|
|   0  GeForce RTX 3090    Off  | 00000000:47:00.0 Off |                  N/A |
| 43%   33C    P0    35W / 350W |      0MiB / 24268MiB |      2%      Default |
|                               |                      |                  N/A |
+-------------------------------+----------------------+----------------------+
                                                                               
+-----------------------------------------------------------------------------+
| Processes:                                                                  |
|  GPU   GI   CI        PID   Type   Process name                  GPU Memory |
|        ID   ID                                                   Usage      |
|=============================================================================|
|  No running processes found                                                 |
+-----------------------------------------------------------------------------+
nvcc: NVIDIA (R) Cuda compiler driver
Copyright (c) 2005-2020 NVIDIA Corporation
Built on Mon_Oct_12_20:09:46_PDT_2020
Cuda compilation tools, release 11.1, V11.1.105
Build cuda_11.1.TC455_06.29190527_0
START
----------------------------------------
2021-08-24 02:08:22.578987
xrobl-ep3-bs4-ga1-lr1e-05-adamw-wd0.0-cosann-wu0.1-dropoutTrue-evalsteps1000-stg2swa-ep1-bs4-ga1-lr1e-05-adamw-wd0.0-const-wu0.1-dropoutTrue-evalsteps100-onlychaiiFalse
{'accumulation_steps': 1,
 'batch_size': 4,
 'doc_stride': 128,
 'dropout': True,
 'epochs': 1,
 'eval_steps': 100,
 'lr': 1e-05,
 'max_length': 512,
 'model_checkpoint': '../../input/deepset-xlm-roberta-large-squad2',
 'onlychaii': False,
 'optimizer': 'adamw',
 'scheduler': 'const',
 'script_name': 'train-stage2-swa.py',
 'stage1_checkpoint': '../model/xrobl-ep3-bs4-ga1-lr1e-05-adamw-wd0.0-cosann-wu0.1-dropoutTrue-evalsteps1000',
 'train_path': '../../input/chaii-hindi-and-tamil-question-answering/chaii-mlqa-xquad-5folds-count_leq15.csv',
 'warmup_ratio': 0.1,
 'weight_decay': 0.0}
----------------------------------------
fold 0
fold0 t/v: 7455/212
initial score 0.662122773637757
batch 25, tloss 0.3727325963973999, vscore 0.662122773637757, best score 0.662122773637757
batch 50, tloss 0.4475960183143616, vscore 0.6587535014005602, best score 0.662122773637757
batch 75, tloss 0.3645375895500183, vscore 0.6587535014005602, best score 0.662122773637757
batch 100, tloss 0.2702977454662323, vscore 0.6587535014005602, best score 0.662122773637757
batch 125, tloss 0.3351470041275024, vscore 0.6563950108345225, best score 0.662122773637757
batch 150, tloss 0.2977369600534439, vscore 0.6516780297024469, best score 0.662122773637757
batch 175, tloss 0.1934412807226181, vscore 0.6563950108345225, best score 0.662122773637757
batch 200, tloss 0.3331256520748138, vscore 0.6563950108345225, best score 0.662122773637757
batch 225, tloss 0.4982205808162689, vscore 0.6563950108345225, best score 0.662122773637757
batch 250, tloss 0.2211925804615021, vscore 0.6495507637017072, best score 0.662122773637757
batch 275, tloss 0.3108387720584869, vscore 0.6526954177897574, best score 0.662122773637757
batch 300, tloss 0.34228028178215025, vscore 0.6526954177897574, best score 0.662122773637757
batch 325, tloss 0.44176420211791995, vscore 0.6537061994609165, best score 0.662122773637757
batch 350, tloss 0.446183420419693, vscore 0.6577493261455526, best score 0.662122773637757
batch 375, tloss 0.2730914831161499, vscore 0.6535564540281522, best score 0.662122773637757
batch 400, tloss 0.3721043682098389, vscore 0.646480982330039, best score 0.662122773637757
batch 425, tloss 0.6811650431156159, vscore 0.646480982330039, best score 0.662122773637757
batch 450, tloss 0.5122561717033386, vscore 0.6471548367774783, best score 0.662122773637757
batch 475, tloss 0.34006391644477846, vscore 0.6510856543875413, best score 0.662122773637757
batch 500, tloss 0.5918035125732422, vscore 0.6510856543875413, best score 0.662122773637757
batch 525, tloss 0.3765507054328918, vscore 0.6510856543875413, best score 0.662122773637757
batch 550, tloss 0.36624266505241393, vscore 0.6504117999401018, best score 0.662122773637757
batch 575, tloss 0.36986507177352906, vscore 0.6504117999401018, best score 0.662122773637757
batch 600, tloss 0.3950116777420044, vscore 0.6504117999401018, best score 0.662122773637757
batch 625, tloss 0.6085714936256409, vscore 0.6504117999401018, best score 0.662122773637757
batch 650, tloss 0.5001597273349762, vscore 0.6551287810721773, best score 0.662122773637757
batch 675, tloss 0.5541795301437378, vscore 0.6504117999401018, best score 0.662122773637757
batch 700, tloss 0.4494964927434921, vscore 0.6504117999401018, best score 0.662122773637757
batch 725, tloss 0.5632220780849457, vscore 0.6546046720575022, best score 0.662122773637757
batch 750, tloss 0.5259211957454681, vscore 0.6553908355795147, best score 0.662122773637757
batch 775, tloss 0.35432785749435425, vscore 0.6616801437556153, best score 0.662122773637757
batch 800, tloss 0.4683357512950897, vscore 0.6663971248876909, best score 0.6663971248876909
batch 825, tloss 0.3843733203411102, vscore 0.6610250074872716, best score 0.6663971248876909
batch 850, tloss 0.4505815047025681, vscore 0.6515910452231206, best score 0.6663971248876909
batch 875, tloss 0.40496593415737153, vscore 0.646480982330039, best score 0.6663971248876909
batch 900, tloss 0.3256870317459106, vscore 0.6464997005091344, best score 0.6663971248876909
batch 925, tloss 0.46339534759521483, vscore 0.6514525306978137, best score 0.6663971248876909
batch 950, tloss 0.583266532421112, vscore 0.6549902665468703, best score 0.6663971248876909
batch 975, tloss 0.4280679357051849, vscore 0.6497491764001198, best score 0.6663971248876909
batch 1000, tloss 0.38066959857940674, vscore 0.6497491764001198, best score 0.6663971248876909
batch 1025, tloss 0.42863187432289124, vscore 0.6497491764001198, best score 0.6663971248876909
batch 1050, tloss 0.5140820926427841, vscore 0.6497491764001198, best score 0.6663971248876909
batch 1075, tloss 0.35320174157619477, vscore 0.6441898772087451, best score 0.6663971248876909
batch 1100, tloss 0.336724716424942, vscore 0.6441898772087451, best score 0.6663971248876909
batch 1125, tloss 0.36487196683883666, vscore 0.6578167115902965, best score 0.6663971248876909
batch 1150, tloss 0.3261639159917831, vscore 0.6578167115902965, best score 0.6663971248876909
batch 1175, tloss 0.42241713523864743, vscore 0.6452380952380952, best score 0.6663971248876909
batch 1200, tloss 0.5587855851650239, vscore 0.6452380952380952, best score 0.6663971248876909
batch 1225, tloss 0.4317464303970337, vscore 0.6483827493261456, best score 0.6663971248876909
batch 1250, tloss 0.6219187527894974, vscore 0.6468104222821204, best score 0.6663971248876909
batch 1275, tloss 0.49753262162208556, vscore 0.6426175501647199, best score 0.6663971248876909
batch 1300, tloss 0.543947410583496, vscore 0.6493560946391136, best score 0.6663971248876909
batch 1325, tloss 0.4577715253829956, vscore 0.6481768493560947, best score 0.6663971248876909
batch 1350, tloss 0.4039461225271225, vscore 0.6434598682240192, best score 0.6663971248876909
batch 1375, tloss 0.5069145238399506, vscore 0.6434598682240192, best score 0.6663971248876909
batch 1400, tloss 0.5123658347129821, vscore 0.6522199760407307, best score 0.6663971248876909
batch 1425, tloss 0.4075024455785751, vscore 0.6530061395627433, best score 0.6663971248876909
batch 1450, tloss 0.3686399906873703, vscore 0.6541853848457622, best score 0.6663971248876909
batch 1475, tloss 0.2092001062631607, vscore 0.6517595088349806, best score 0.6663971248876909
batch 1500, tloss 0.321143559217453, vscore 0.6517595088349806, best score 0.6663971248876909
batch 1525, tloss 0.7079026740789414, vscore 0.6517595088349806, best score 0.6663971248876909
batch 1550, tloss 0.36724360704422, vscore 0.6517595088349806, best score 0.6663971248876909
batch 1575, tloss 0.36607928574085236, vscore 0.6517595088349806, best score 0.6663971248876909
batch 1600, tloss 0.41873785316944123, vscore 0.655952380952381, best score 0.6663971248876909
batch 1625, tloss 0.3294199526309967, vscore 0.655952380952381, best score 0.6663971248876909
batch 1650, tloss 0.38200605392456055, vscore 0.655952380952381, best score 0.6663971248876909
batch 1675, tloss 0.4677729731798172, vscore 0.6524146451033244, best score 0.6663971248876909
batch 1700, tloss 0.6763360631465912, vscore 0.6524146451033244, best score 0.6663971248876909
batch 1725, tloss 0.26885580122470853, vscore 0.6482217729859239, best score 0.6663971248876909
batch 1750, tloss 0.48581069707870483, vscore 0.6474356094639113, best score 0.6663971248876909
batch 1775, tloss 0.4236737954616547, vscore 0.6386755016471997, best score 0.6663971248876909
batch 1800, tloss 0.3127190685272217, vscore 0.6386755016471997, best score 0.6663971248876909
batch 1825, tloss 0.3243315351009369, vscore 0.6386755016471997, best score 0.6663971248876909
batch 1850, tloss 0.29557919383049014, vscore 0.6386755016471997, best score 0.6663971248876909
batch 1875, tloss 0.42469764947891236, vscore 0.6380016471997604, best score 0.6663971248876909
batch 1900, tloss 0.29942430078983306, vscore 0.6403601377657981, best score 0.6663971248876909
batch 1925, tloss 0.3673895752429962, vscore 0.6435047918538483, best score 0.6663971248876909
batch 1950, tloss 0.4614562886953354, vscore 0.644290955375861, best score 0.6663971248876909
batch 1975, tloss 0.3515247756242752, vscore 0.6466494459418988, best score 0.6663971248876909
batch 2000, tloss 0.2946679228544235, vscore 0.6466494459418988, best score 0.6663971248876909
batch 2025, tloss 0.4649967670440674, vscore 0.6458632824198861, best score 0.6663971248876909
batch 2050, tloss 0.30712314665317536, vscore 0.6411463012878107, best score 0.6663971248876909
batch 2075, tloss 0.41884863972663877, vscore 0.6411463012878107, best score 0.6663971248876909
batch 2100, tloss 0.2606371295452118, vscore 0.6411463012878107, best score 0.6663971248876909
batch 2125, tloss 0.3202253967523575, vscore 0.6419324648098234, best score 0.6663971248876909
batch 2150, tloss 0.35017926871776583, vscore 0.6447626534890686, best score 0.6663971248876909
batch 2175, tloss 0.48309485614299774, vscore 0.6447626534890686, best score 0.6663971248876909
batch 2200, tloss 0.36679255962371826, vscore 0.6447626534890686, best score 0.6663971248876909
batch 2225, tloss 0.32292925000190736, vscore 0.6424041629230308, best score 0.6663971248876909
batch 2250, tloss 0.4089646750688553, vscore 0.6424041629230308, best score 0.6663971248876909
batch 2275, tloss 0.32264005720615385, vscore 0.6424041629230308, best score 0.6663971248876909
batch 2300, tloss 0.3247788006067276, vscore 0.6424041629230308, best score 0.6663971248876909
batch 2325, tloss 0.4601645684242249, vscore 0.6424041629230308, best score 0.6663971248876909
batch 2350, tloss 0.31797268211841584, vscore 0.6471211440551063, best score 0.6663971248876909
batch 2375, tloss 0.4489025390148163, vscore 0.6471211440551063, best score 0.6663971248876909
batch 2400, tloss 0.3522021037340164, vscore 0.6518381251871818, best score 0.6663971248876909
batch 2425, tloss 0.2261803352832794, vscore 0.6518381251871818, best score 0.6663971248876909
batch 2450, tloss 0.3309797829389572, vscore 0.6518381251871818, best score 0.6663971248876909
batch 2475, tloss 0.3241362261772156, vscore 0.6518381251871818, best score 0.6663971248876909
batch 2500, tloss 0.36442990362644195, vscore 0.6518381251871818, best score 0.6663971248876909
batch 2525, tloss 0.38188804030418394, vscore 0.6518381251871818, best score 0.6663971248876909
batch 2550, tloss 0.3001341807842255, vscore 0.6549827792752321, best score 0.6663971248876909
batch 2575, tloss 0.3205408126115799, vscore 0.6549827792752321, best score 0.6663971248876909
batch 2600, tloss 0.5479237389564514, vscore 0.6549827792752321, best score 0.6663971248876909
batch 2625, tloss 0.5382747268676757, vscore 0.6549827792752321, best score 0.6663971248876909
batch 2650, tloss 0.2645255017280579, vscore 0.6549827792752321, best score 0.6663971248876909
batch 2675, tloss 0.41928123593330385, vscore 0.6549827792752321, best score 0.6663971248876909
batch 2700, tloss 0.3983141046762466, vscore 0.6596997604073075, best score 0.6663971248876909
batch 2725, tloss 0.3372792220115662, vscore 0.6596997604073075, best score 0.6663971248876909
batch 2750, tloss 0.6036261439323425, vscore 0.6612720874513327, best score 0.6663971248876909
batch 2775, tloss 0.4437671488523483, vscore 0.6612720874513327, best score 0.6663971248876909
batch 2800, tloss 0.22128934144973755, vscore 0.6612720874513327, best score 0.6663971248876909
batch 2825, tloss 0.29619093298912047, vscore 0.6612720874513327, best score 0.6663971248876909
batch 2850, tloss 0.1737167364358902, vscore 0.6612720874513327, best score 0.6663971248876909
batch 2875, tloss 0.3646294301748276, vscore 0.6659890685834082, best score 0.6663971248876909
batch 2900, tloss 0.5350539803504943, vscore 0.6659890685834082, best score 0.6663971248876909
batch 2925, tloss 0.520890816450119, vscore 0.6659890685834082, best score 0.6663971248876909
batch 2950, tloss 0.4125558578968048, vscore 0.6641022761305779, best score 0.6663971248876909
batch 2975, tloss 0.2636370450258255, vscore 0.6641022761305779, best score 0.6663971248876909
batch 3000, tloss 0.3576438170671463, vscore 0.6641022761305779, best score 0.6663971248876909
batch 3025, tloss 0.4356579101085663, vscore 0.6641022761305779, best score 0.6663971248876909
batch 3050, tloss 0.3845255094766617, vscore 0.6641022761305779, best score 0.6663971248876909
batch 3075, tloss 0.25984750092029574, vscore 0.6648884396525906, best score 0.6663971248876909
batch 3100, tloss 0.24829793274402617, vscore 0.6648884396525906, best score 0.6663971248876909
batch 3125, tloss 0.2740429949760437, vscore 0.6648884396525906, best score 0.6663971248876909
batch 3150, tloss 0.457098491191864, vscore 0.6648884396525906, best score 0.6663971248876909
batch 3175, tloss 0.30986666202545166, vscore 0.6639450434261754, best score 0.6663971248876909
batch 3200, tloss 0.37300519049167635, vscore 0.6639450434261754, best score 0.6663971248876909
batch 3225, tloss 0.36344700276851655, vscore 0.6639450434261754, best score 0.6663971248876909
batch 3250, tloss 0.4005710256099701, vscore 0.6639450434261754, best score 0.6663971248876909
batch 3275, tloss 0.43960302114486693, vscore 0.6639450434261754, best score 0.6663971248876909
batch 3300, tloss 0.2633246040344238, vscore 0.6639450434261754, best score 0.6663971248876909
batch 3325, tloss 0.44835678398609163, vscore 0.668662024558251, best score 0.668662024558251
batch 3350, tloss 0.42150077819824217, vscore 0.6710205151242887, best score 0.6710205151242887
batch 3375, tloss 0.26917379558086396, vscore 0.668662024558251, best score 0.6710205151242887
batch 3400, tloss 0.3980976891517639, vscore 0.668662024558251, best score 0.6710205151242887
batch 3425, tloss 0.33826558470726015, vscore 0.668662024558251, best score 0.6710205151242887
batch 3450, tloss 0.42491625487804413, vscore 0.668662024558251, best score 0.6710205151242887
batch 3475, tloss 0.6513110613822937, vscore 0.668662024558251, best score 0.6710205151242887
batch 3500, tloss 0.3584487879276276, vscore 0.668662024558251, best score 0.6710205151242887
batch 3525, tloss 0.44176642715930936, vscore 0.668662024558251, best score 0.6710205151242887
batch 3550, tloss 0.37210381388664243, vscore 0.668662024558251, best score 0.6710205151242887
batch 3575, tloss 0.4497011876106262, vscore 0.6710205151242887, best score 0.6710205151242887
batch 3600, tloss 0.3864831352233887, vscore 0.6710205151242887, best score 0.6710205151242887
batch 3625, tloss 0.2617792296409607, vscore 0.668662024558251, best score 0.6710205151242887
batch 3650, tloss 0.2735885387659073, vscore 0.6696054207846661, best score 0.6710205151242887
batch 3675, tloss 0.27207609593868254, vscore 0.6696054207846661, best score 0.6710205151242887
fold 0 best score 0.6710205151242887
fold 1
fold1 t/v: 7455/212
initial score 0.680384356209828
batch 25, tloss 0.27002332389354705, vscore 0.6819566832538531, best score 0.6819566832538531
batch 50, tloss 0.23938927590847014, vscore 0.6819566832538531, best score 0.6819566832538531
batch 75, tloss 0.25302877485752107, vscore 0.6772397021217775, best score 0.6819566832538531
batch 100, tloss 0.28436722576618195, vscore 0.6772397021217775, best score 0.6819566832538531
batch 125, tloss 0.24089666128158568, vscore 0.6756673750777524, best score 0.6819566832538531
batch 150, tloss 0.33165719389915466, vscore 0.6729158027507084, best score 0.6819566832538531
batch 175, tloss 0.22526761531829834, vscore 0.6776327838827839, best score 0.6819566832538531
batch 200, tloss 0.1986500018835068, vscore 0.6799912744488216, best score 0.6819566832538531
batch 225, tloss 0.22785732626914978, vscore 0.6799912744488216, best score 0.6819566832538531
batch 250, tloss 0.22448401272296906, vscore 0.6815636014928468, best score 0.6819566832538531
batch 275, tloss 0.3256081998348236, vscore 0.6862805826249223, best score 0.6862805826249223
batch 300, tloss 0.2893308371305466, vscore 0.6862805826249223, best score 0.6862805826249223
batch 325, tloss 0.17642060816287994, vscore 0.6839220920588845, best score 0.6862805826249223
batch 350, tloss 0.3634852093458176, vscore 0.6872239788513373, best score 0.6872239788513373
batch 375, tloss 0.39419674754142764, vscore 0.6895824694173751, best score 0.6895824694173751
batch 400, tloss 0.3974276471138001, vscore 0.6858088845117146, best score 0.6895824694173751
batch 425, tloss 0.4859362292289734, vscore 0.679407267261041, best score 0.6895824694173751
batch 450, tloss 0.5473810625076294, vscore 0.6769580655193863, best score 0.6895824694173751
batch 475, tloss 0.3129944294691086, vscore 0.6793165560854241, best score 0.6895824694173751
batch 500, tloss 0.3240358805656433, vscore 0.6804958013684429, best score 0.6895824694173751
batch 525, tloss 0.35285646438598633, vscore 0.6804958013684429, best score 0.6895824694173751
batch 550, tloss 0.24517419636249543, vscore 0.6777442290413989, best score 0.6895824694173751
batch 575, tloss 0.58922492146492, vscore 0.6777442290413989, best score 0.6895824694173751
batch 600, tloss 0.3620054388046265, vscore 0.6801027196074364, best score 0.6895824694173751
batch 625, tloss 0.42917020320892335, vscore 0.6845389280530789, best score 0.6895824694173751
batch 650, tloss 0.3343880093097687, vscore 0.6845389280530789, best score 0.6895824694173751
batch 675, tloss 0.5702295219898224, vscore 0.6876835821411293, best score 0.6895824694173751
batch 700, tloss 0.308085685968399, vscore 0.6876835821411293, best score 0.6895824694173751
batch 725, tloss 0.4551310777664185, vscore 0.6876835821411293, best score 0.6895824694173751
batch 750, tloss 0.2969149827957153, vscore 0.6876835821411293, best score 0.6895824694173751
batch 775, tloss 0.33486144185066224, vscore 0.6837527645310664, best score 0.6895824694173751
batch 800, tloss 0.4040400469303131, vscore 0.679035783398991, best score 0.6895824694173751
batch 825, tloss 0.32852365016937257, vscore 0.679035783398991, best score 0.6895824694173751
batch 850, tloss 0.38718371868133544, vscore 0.679035783398991, best score 0.6895824694173751
batch 875, tloss 0.2827480638027191, vscore 0.679035783398991, best score 0.6895824694173751
batch 900, tloss 0.46713807582855227, vscore 0.6806081104430162, best score 0.6895824694173751
batch 925, tloss 0.38279146313667295, vscore 0.6806081104430162, best score 0.6895824694173751
batch 950, tloss 0.3137872976064682, vscore 0.6747118840279218, best score 0.6895824694173751
batch 975, tloss 0.33905470550060274, vscore 0.6747118840279218, best score 0.6895824694173751
batch 1000, tloss 0.43016768753528595, vscore 0.6652779217637709, best score 0.6895824694173751
batch 1025, tloss 0.5778513514995575, vscore 0.6652779217637709, best score 0.6895824694173751
batch 1050, tloss 0.4231880438327789, vscore 0.6640986764807519, best score 0.6895824694173751
batch 1075, tloss 0.3651935642957687, vscore 0.6640986764807519, best score 0.6895824694173751
batch 1100, tloss 0.3417217177152634, vscore 0.6640986764807519, best score 0.6895824694173751
batch 1125, tloss 0.38274250507354735, vscore 0.6617401859147142, best score 0.6895824694173751
batch 1150, tloss 0.24343134343624115, vscore 0.6570232047826388, best score 0.6895824694173751
batch 1175, tloss 0.4814313763380051, vscore 0.6585955318266639, best score 0.6895824694173751
batch 1200, tloss 0.37316214144229887, vscore 0.6585955318266639, best score 0.6895824694173751
batch 1225, tloss 0.5546185827255249, vscore 0.6601678588706891, best score 0.6895824694173751
batch 1250, tloss 0.531958321928978, vscore 0.6625263494367267, best score 0.6895824694173751
batch 1275, tloss 0.27941294133663175, vscore 0.6625263494367267, best score 0.6895824694173751
batch 1300, tloss 0.3397684633731842, vscore 0.6672433305688023, best score 0.6895824694173751
batch 1325, tloss 0.37028855860233306, vscore 0.6672433305688023, best score 0.6895824694173751
batch 1350, tloss 0.3118774652481079, vscore 0.6708717775934757, best score 0.6895824694173751
batch 1375, tloss 0.2541398996114731, vscore 0.6708717775934757, best score 0.6895824694173751
batch 1400, tloss 0.5432751905918122, vscore 0.6708717775934757, best score 0.6895824694173751
batch 1425, tloss 0.4679101943969727, vscore 0.6740164316815259, best score 0.6895824694173751
batch 1450, tloss 0.3331046295166016, vscore 0.6716579411154883, best score 0.6895824694173751
batch 1475, tloss 0.39364700853824613, vscore 0.6716579411154883, best score 0.6895824694173751
batch 1500, tloss 0.2899334901571274, vscore 0.6669409599834127, best score 0.6895824694173751
batch 1525, tloss 0.5480294269323349, vscore 0.6669409599834127, best score 0.6895824694173751
batch 1550, tloss 0.3056268656253815, vscore 0.6669409599834127, best score 0.6895824694173751
batch 1575, tloss 0.3703430503606796, vscore 0.6637963058953623, best score 0.6895824694173751
batch 1600, tloss 0.40857482016086577, vscore 0.6633125129587393, best score 0.6895824694173751
batch 1625, tloss 0.4338686615228653, vscore 0.6664571670467897, best score 0.6895824694173751
batch 1650, tloss 0.5404526793956757, vscore 0.6664571670467897, best score 0.6895824694173751
batch 1675, tloss 0.5564646625518799, vscore 0.6664571670467897, best score 0.6895824694173751
batch 1700, tloss 0.4990178060531616, vscore 0.6664571670467897, best score 0.6895824694173751
batch 1725, tloss 0.3403195679187775, vscore 0.6664571670467897, best score 0.6895824694173751
batch 1750, tloss 0.3392517215013504, vscore 0.6648848400027645, best score 0.6895824694173751
batch 1775, tloss 0.3699821871519089, vscore 0.6672433305688023, best score 0.6895824694173751
batch 1800, tloss 0.41024119794368746, vscore 0.6719603117008777, best score 0.6895824694173751
batch 1825, tloss 0.6198934572935104, vscore 0.6784461607574814, best score 0.6895824694173751
batch 1850, tloss 0.5175179028511048, vscore 0.6815908148455317, best score 0.6895824694173751
batch 1875, tloss 0.4450218003988266, vscore 0.6805022807381297, best score 0.6895824694173751
batch 1900, tloss 0.3324819600582123, vscore 0.6757852996060543, best score 0.6895824694173751
batch 1925, tloss 0.436968058347702, vscore 0.6757852996060543, best score 0.6895824694173751
batch 1950, tloss 0.36954344034194947, vscore 0.6757852996060543, best score 0.6895824694173751
batch 1975, tloss 0.47779491662979123, vscore 0.6757852996060543, best score 0.6895824694173751
batch 2000, tloss 0.4296605134010315, vscore 0.6757852996060543, best score 0.6895824694173751
batch 2025, tloss 0.5629712247848511, vscore 0.678143790172092, best score 0.6895824694173751
batch 2050, tloss 0.2889570200443268, vscore 0.678143790172092, best score 0.6895824694173751
batch 2075, tloss 0.5040582376718521, vscore 0.6726687227866472, best score 0.6895824694173751
batch 2100, tloss 0.45082959592342375, vscore 0.6767960812772134, best score 0.6895824694173751
batch 2125, tloss 0.5390340548753738, vscore 0.6767960812772134, best score 0.6895824694173751
batch 2150, tloss 0.36415905356407163, vscore 0.6767960812772134, best score 0.6895824694173751
batch 2175, tloss 0.396272132396698, vscore 0.6767960812772134, best score 0.6895824694173751
batch 2200, tloss 0.4096301394701004, vscore 0.6767960812772134, best score 0.6895824694173751
batch 2225, tloss 0.4927703094482422, vscore 0.6791545718432511, best score 0.6895824694173751
batch 2250, tloss 0.46350989401340487, vscore 0.6791545718432511, best score 0.6895824694173751
batch 2275, tloss 0.5837186044454574, vscore 0.6767960812772134, best score 0.6895824694173751
batch 2300, tloss 0.4448453998565674, vscore 0.6767960812772134, best score 0.6895824694173751
batch 2325, tloss 0.4572955334186554, vscore 0.6767960812772134, best score 0.6895824694173751
batch 2350, tloss 0.5809607821702957, vscore 0.6767960812772134, best score 0.6895824694173751
batch 2375, tloss 0.5740149003267289, vscore 0.6767960812772134, best score 0.6895824694173751
batch 2400, tloss 0.548855122923851, vscore 0.6767960812772134, best score 0.6895824694173751
batch 2425, tloss 0.4318666481971741, vscore 0.6799407353652636, best score 0.6895824694173751
batch 2450, tloss 0.5053271979093552, vscore 0.6815130624092888, best score 0.6895824694173751
batch 2475, tloss 0.4832078444957733, vscore 0.6815130624092888, best score 0.6895824694173751
batch 2500, tloss 0.4042600637674332, vscore 0.6799407353652636, best score 0.6895824694173751
batch 2525, tloss 0.5223045587539673, vscore 0.6799407353652636, best score 0.6895824694173751
batch 2550, tloss 0.4634518206119537, vscore 0.6799407353652636, best score 0.6895824694173751
batch 2575, tloss 0.3960090482234955, vscore 0.6799407353652636, best score 0.6895824694173751
batch 2600, tloss 0.3150538086891174, vscore 0.6799407353652636, best score 0.6895824694173751
batch 2625, tloss 0.5074369657039642, vscore 0.6799407353652636, best score 0.6895824694173751
batch 2650, tloss 0.20481761515140534, vscore 0.6799407353652636, best score 0.6895824694173751
batch 2675, tloss 0.415040482878685, vscore 0.6752237542331881, best score 0.6895824694173751
batch 2700, tloss 0.4543911027908325, vscore 0.6752237542331881, best score 0.6895824694173751
batch 2725, tloss 0.49675879895687103, vscore 0.6740445089501692, best score 0.6895824694173751
batch 2750, tloss 0.42082974314689636, vscore 0.6699171504596032, best score 0.6895824694173751
batch 2775, tloss 0.6277244538068771, vscore 0.6699171504596032, best score 0.6895824694173751
batch 2800, tloss 0.5310749542713166, vscore 0.6699171504596032, best score 0.6895824694173751
batch 2825, tloss 0.4575658392906189, vscore 0.6699171504596032, best score 0.6895824694173751
batch 2850, tloss 0.38434584856033327, vscore 0.6699171504596032, best score 0.6895824694173751
batch 2875, tloss 0.4380203002691269, vscore 0.6714894775036284, best score 0.6895824694173751
batch 2900, tloss 0.42877368569374086, vscore 0.6714894775036284, best score 0.6895824694173751
batch 2925, tloss 0.4646697527170181, vscore 0.6714894775036284, best score 0.6895824694173751
batch 2950, tloss 0.33209604740142823, vscore 0.6714894775036284, best score 0.6895824694173751
batch 2975, tloss 0.5499111181497573, vscore 0.6714894775036284, best score 0.6895824694173751
batch 3000, tloss 0.4715050804615021, vscore 0.6714894775036284, best score 0.6895824694173751
batch 3025, tloss 0.34719871819019316, vscore 0.6714894775036284, best score 0.6895824694173751
batch 3050, tloss 0.49227797269821166, vscore 0.6714894775036284, best score 0.6895824694173751
batch 3075, tloss 0.3452177357673645, vscore 0.6714894775036284, best score 0.6895824694173751
batch 3100, tloss 0.4589206141233444, vscore 0.6714894775036284, best score 0.6895824694173751
batch 3125, tloss 0.3649717515707016, vscore 0.6683448234155781, best score 0.6895824694173751
batch 3150, tloss 0.37679714381694795, vscore 0.6683448234155781, best score 0.6895824694173751
batch 3175, tloss 0.2858880662918091, vscore 0.6683448234155781, best score 0.6895824694173751
batch 3200, tloss 0.5299659824371338, vscore 0.6683448234155781, best score 0.6895824694173751
batch 3225, tloss 0.43683373332023623, vscore 0.6683448234155781, best score 0.6895824694173751
batch 3250, tloss 0.38578221559524534, vscore 0.6683448234155781, best score 0.6895824694173751
batch 3275, tloss 0.5579989516735077, vscore 0.6707033139816159, best score 0.6895824694173751
batch 3300, tloss 0.47092816412448885, vscore 0.6707033139816159, best score 0.6895824694173751
batch 3325, tloss 0.391283723115921, vscore 0.6707033139816159, best score 0.6895824694173751
batch 3350, tloss 0.35736726701259613, vscore 0.6722756410256411, best score 0.6895824694173751
batch 3375, tloss 0.5645679545402527, vscore 0.6722756410256411, best score 0.6895824694173751
batch 3400, tloss 0.48634554624557497, vscore 0.6769926221577166, best score 0.6895824694173751
batch 3425, tloss 0.43699569165706637, vscore 0.6769926221577166, best score 0.6895824694173751
batch 3450, tloss 0.48663891315460206, vscore 0.6769926221577166, best score 0.6895824694173751
batch 3475, tloss 0.30492525100708007, vscore 0.6769926221577166, best score 0.6895824694173751
batch 3500, tloss 0.5261041647195817, vscore 0.6769926221577166, best score 0.6895824694173751
batch 3525, tloss 0.4876264840364456, vscore 0.6769926221577166, best score 0.6895824694173751
batch 3550, tloss 0.43475424706935883, vscore 0.6754202951136913, best score 0.6895824694173751
batch 3575, tloss 0.40724564254283907, vscore 0.6754202951136913, best score 0.6895824694173751
batch 3600, tloss 0.3863483256101608, vscore 0.6754202951136913, best score 0.6895824694173751
batch 3625, tloss 0.4719626820087433, vscore 0.6754202951136913, best score 0.6895824694173751
fold 1 best score 0.6895824694173751
fold 2
fold2 t/v: 7456/211
initial score 0.711173173850899
batch 25, tloss 0.27377220392227175, vscore 0.711173173850899, best score 0.711173173850899
batch 50, tloss 0.42587905168533324, vscore 0.7200594297750695, best score 0.7200594297750695
batch 75, tloss 0.4294876194000244, vscore 0.7176897615286241, best score 0.7200594297750695
batch 100, tloss 0.26027342557907107, vscore 0.7153200932821785, best score 0.7200594297750695
batch 125, tloss 0.2685394459962845, vscore 0.7077371548935529, best score 0.7200594297750695
batch 150, tloss 0.2691619920730591, vscore 0.712476491386444, best score 0.7200594297750695
batch 175, tloss 0.21285728931427003, vscore 0.7059599037087189, best score 0.7200594297750695
batch 200, tloss 0.2715554881095886, vscore 0.712476491386444, best score 0.7200594297750695
batch 225, tloss 0.14953031182289123, vscore 0.7069472654780712, best score 0.7200594297750695
batch 250, tloss 0.2121422302722931, vscore 0.7057624313548484, best score 0.7200594297750695
batch 275, tloss 0.1863219130039215, vscore 0.7057624313548484, best score 0.7200594297750695
batch 300, tloss 0.36607694506645205, vscore 0.7033927631084029, best score 0.7200594297750695
batch 325, tloss 0.48478052496910096, vscore 0.7033927631084029, best score 0.7200594297750695
batch 350, tloss 0.2854646998643875, vscore 0.6986534266155119, best score 0.7200594297750695
batch 375, tloss 0.32365909934043885, vscore 0.7011810727450538, best score 0.7200594297750695
batch 400, tloss 0.3653911876678467, vscore 0.7011810727450538, best score 0.7200594297750695
batch 425, tloss 0.4201096999645233, vscore 0.708606033250583, best score 0.7200594297750695
batch 450, tloss 0.3568155229091644, vscore 0.7076581659520048, best score 0.7200594297750695
batch 475, tloss 0.35649231672286985, vscore 0.7057624313548484, best score 0.7200594297750695
batch 500, tloss 0.28712726354599, vscore 0.7057624313548484, best score 0.7200594297750695
batch 525, tloss 0.3567564678192139, vscore 0.7010230948619575, best score 0.7200594297750695
batch 550, tloss 0.3774456596374512, vscore 0.6937561122395246, best score 0.7200594297750695
batch 575, tloss 0.5733812141418457, vscore 0.6937561122395246, best score 0.7200594297750695
batch 600, tloss 0.3857740569114685, vscore 0.6890167757466336, best score 0.7200594297750695
batch 625, tloss 0.2155984854698181, vscore 0.6937561122395246, best score 0.7200594297750695
batch 650, tloss 0.3434452122449875, vscore 0.6940720680057173, best score 0.7200594297750695
batch 675, tloss 0.33359080135822294, vscore 0.6988114044986083, best score 0.7200594297750695
batch 700, tloss 0.4886665165424347, vscore 0.7035507409914993, best score 0.7200594297750695
batch 725, tloss 0.2941069346666336, vscore 0.6988114044986083, best score 0.7200594297750695
batch 750, tloss 0.41557654201984406, vscore 0.7011810727450538, best score 0.7200594297750695
batch 775, tloss 0.3892019027471542, vscore 0.7059204092379447, best score 0.7200594297750695
batch 800, tloss 0.35057318210601807, vscore 0.7059204092379447, best score 0.7200594297750695
batch 825, tloss 0.45598399579524995, vscore 0.7153990822237267, best score 0.7200594297750695
batch 850, tloss 0.5011841416358948, vscore 0.7201384187166178, best score 0.7201384187166178
batch 875, tloss 0.3601777243614197, vscore 0.7130294139772813, best score 0.7201384187166178
batch 900, tloss 0.3050909459590912, vscore 0.7130294139772813, best score 0.7201384187166178
batch 925, tloss 0.4295554453134537, vscore 0.7106597457308358, best score 0.7201384187166178
batch 950, tloss 0.48895243167877195, vscore 0.7106597457308358, best score 0.7201384187166178
batch 975, tloss 0.4186451303958893, vscore 0.7106597457308358, best score 0.7201384187166178
batch 1000, tloss 0.411285582780838, vscore 0.7118445798540586, best score 0.7201384187166178
batch 1025, tloss 0.4842129302024841, vscore 0.7118445798540586, best score 0.7201384187166178
batch 1050, tloss 0.3971281325817108, vscore 0.7118445798540586, best score 0.7201384187166178
batch 1075, tloss 0.41141468346118926, vscore 0.709474911607613, best score 0.7201384187166178
batch 1100, tloss 0.3565188360214233, vscore 0.7082900774843903, best score 0.7201384187166178
batch 1125, tloss 0.44899089872837067, vscore 0.709474911607613, best score 0.7201384187166178
batch 1150, tloss 0.4677246117591858, vscore 0.709474911607613, best score 0.7201384187166178
batch 1175, tloss 0.3667737686634064, vscore 0.709474911607613, best score 0.7201384187166178
batch 1200, tloss 0.3549850070476532, vscore 0.714214248100504, best score 0.7201384187166178
batch 1225, tloss 0.3974854588508606, vscore 0.7071052433611675, best score 0.7201384187166178
batch 1250, tloss 0.26668663263320924, vscore 0.7047355751147221, best score 0.7201384187166178
batch 1275, tloss 0.3393786245584488, vscore 0.7047355751147221, best score 0.7201384187166178
batch 1300, tloss 0.23554949343204498, vscore 0.7015760174527946, best score 0.7201384187166178
batch 1325, tloss 0.4305660158395767, vscore 0.7047355751147221, best score 0.7201384187166178
batch 1350, tloss 0.33851886928081515, vscore 0.7023659068682765, best score 0.7201384187166178
batch 1375, tloss 0.45474122822284696, vscore 0.7023659068682765, best score 0.7201384187166178
batch 1400, tloss 0.525176540017128, vscore 0.7023659068682765, best score 0.7201384187166178
batch 1425, tloss 0.38981817245483397, vscore 0.7023659068682765, best score 0.7201384187166178
batch 1450, tloss 0.3319948834180832, vscore 0.7023659068682765, best score 0.7201384187166178
batch 1475, tloss 0.4848731678724289, vscore 0.7059204092379447, best score 0.7201384187166178
batch 1500, tloss 0.34540363907814026, vscore 0.7043406304069812, best score 0.7201384187166178
batch 1525, tloss 0.2328671371936798, vscore 0.7011810727450538, best score 0.7201384187166178
batch 1550, tloss 0.4472550916671753, vscore 0.7035507409914993, best score 0.7201384187166178
batch 1575, tloss 0.5802350461483001, vscore 0.7059204092379447, best score 0.7201384187166178
batch 1600, tloss 0.36565002501010896, vscore 0.7052095087640112, best score 0.7201384187166178
batch 1625, tloss 0.2517936766147614, vscore 0.7083690664259384, best score 0.7201384187166178
batch 1650, tloss 0.23035016536712646, vscore 0.7083690664259384, best score 0.7201384187166178
batch 1675, tloss 0.5753987073898316, vscore 0.7083690664259384, best score 0.7201384187166178
batch 1700, tloss 0.4251908469200134, vscore 0.7083690664259384, best score 0.7201384187166178
batch 1725, tloss 0.5149645018577576, vscore 0.7107387346723839, best score 0.7201384187166178
batch 1750, tloss 0.40958835542201993, vscore 0.7173738057624313, best score 0.7201384187166178
batch 1775, tloss 0.34351826608181, vscore 0.7150041375159858, best score 0.7201384187166178
batch 1800, tloss 0.5521144312620163, vscore 0.7150041375159858, best score 0.7201384187166178
batch 1825, tloss 0.32831898987293245, vscore 0.7126344692695403, best score 0.7201384187166178
batch 1850, tloss 0.4428066086769104, vscore 0.7102648010230949, best score 0.7201384187166178
batch 1875, tloss 0.5417559003829956, vscore 0.7102648010230949, best score 0.7201384187166178
batch 1900, tloss 0.38785036861896516, vscore 0.7146091928082449, best score 0.7201384187166178
batch 1925, tloss 0.5101863926649094, vscore 0.7108177236139321, best score 0.7201384187166178
batch 1950, tloss 0.37909804582595824, vscore 0.7048935529978184, best score 0.7201384187166178
batch 1975, tloss 0.4990899652242661, vscore 0.70133905062815, best score 0.7201384187166178
batch 2000, tloss 0.39167615652084353, vscore 0.6942300458888135, best score 0.7201384187166178
batch 2025, tloss 0.28296711802482605, vscore 0.6942300458888135, best score 0.7201384187166178
batch 2050, tloss 0.3733113151788712, vscore 0.6942300458888135, best score 0.7201384187166178
batch 2075, tloss 0.26919591188430786, vscore 0.6977845482584818, best score 0.7201384187166178
batch 2100, tloss 0.335055348277092, vscore 0.6977845482584818, best score 0.7201384187166178
batch 2125, tloss 0.2990887761116028, vscore 0.7025238847513727, best score 0.7201384187166178
batch 2150, tloss 0.34948226153850553, vscore 0.6933611675317837, best score 0.7201384187166178
batch 2175, tloss 0.5716995143890381, vscore 0.6933611675317837, best score 0.7201384187166178
batch 2200, tloss 0.5080423086881638, vscore 0.6933611675317837, best score 0.7201384187166178
batch 2225, tloss 0.3138015878200531, vscore 0.6933611675317837, best score 0.7201384187166178
batch 2250, tloss 0.4500500971078873, vscore 0.6886218310388926, best score 0.7201384187166178
batch 2275, tloss 0.48731584668159483, vscore 0.6886218310388926, best score 0.7201384187166178
batch 2300, tloss 0.656745742559433, vscore 0.6886218310388926, best score 0.7201384187166178
batch 2325, tloss 0.41199727773666384, vscore 0.6909914992853381, best score 0.7201384187166178
batch 2350, tloss 0.48345133781433103, vscore 0.6945460016550065, best score 0.7201384187166178
batch 2375, tloss 0.40316922903060914, vscore 0.6945460016550065, best score 0.7201384187166178
batch 2400, tloss 0.28890185058116913, vscore 0.6992853381478975, best score 0.7201384187166178
batch 2425, tloss 0.4635607850551605, vscore 0.6992853381478975, best score 0.7201384187166178
batch 2450, tloss 0.37680195093154906, vscore 0.6992853381478975, best score 0.7201384187166178
batch 2475, tloss 0.37719163954257967, vscore 0.6992853381478975, best score 0.7201384187166178
batch 2500, tloss 0.42847623586654665, vscore 0.6989693823817047, best score 0.7201384187166178
batch 2525, tloss 0.5301811999082565, vscore 0.6989693823817047, best score 0.7201384187166178
batch 2550, tloss 0.35937601804733277, vscore 0.6989693823817047, best score 0.7201384187166178
batch 2575, tloss 0.5994750684499741, vscore 0.6989693823817047, best score 0.7201384187166178
batch 2600, tloss 0.5159214794635772, vscore 0.6989693823817047, best score 0.7201384187166178
batch 2625, tloss 0.43736246943473817, vscore 0.6942300458888137, best score 0.7201384187166178
batch 2650, tloss 0.27764809370040894, vscore 0.6942300458888137, best score 0.7201384187166178
batch 2675, tloss 0.46764696955680846, vscore 0.6989693823817047, best score 0.7201384187166178
batch 2700, tloss 0.40750142574310305, vscore 0.6989693823817047, best score 0.7201384187166178
batch 2725, tloss 0.4652761799097061, vscore 0.7013390506281502, best score 0.7201384187166178
batch 2750, tloss 0.35354425370693204, vscore 0.6965997141352591, best score 0.7201384187166178
batch 2775, tloss 0.4583082205057144, vscore 0.6965997141352591, best score 0.7201384187166178
batch 2800, tloss 0.81003642141819, vscore 0.6965997141352591, best score 0.7201384187166178
batch 2825, tloss 0.5793794775009156, vscore 0.6965997141352591, best score 0.7201384187166178
batch 2850, tloss 0.3427347296476364, vscore 0.6918603776423682, best score 0.7201384187166178
batch 2875, tloss 0.5851241666078567, vscore 0.6918603776423682, best score 0.7201384187166178
batch 2900, tloss 0.3057328873872757, vscore 0.6962837583690664, best score 0.7201384187166178
batch 2925, tloss 0.4434490764141083, vscore 0.6962837583690664, best score 0.7201384187166178
batch 2950, tloss 0.45393905997276307, vscore 0.6962837583690664, best score 0.7201384187166178
batch 2975, tloss 0.5556433480978012, vscore 0.6962837583690664, best score 0.7201384187166178
batch 3000, tloss 0.44898086130619047, vscore 0.6962837583690664, best score 0.7201384187166178
batch 3025, tloss 0.4797331792116165, vscore 0.6962837583690664, best score 0.7201384187166178
batch 3050, tloss 0.4890922999382019, vscore 0.6962837583690664, best score 0.7201384187166178
batch 3075, tloss 0.48490806221961974, vscore 0.6962837583690664, best score 0.7201384187166178
batch 3100, tloss 0.3879064416885376, vscore 0.6962837583690664, best score 0.7201384187166178
batch 3125, tloss 0.27507336378097536, vscore 0.6962837583690664, best score 0.7201384187166178
batch 3150, tloss 0.5198534452915191, vscore 0.6962837583690664, best score 0.7201384187166178
batch 3175, tloss 0.6781711626052856, vscore 0.7010230948619575, best score 0.7201384187166178
batch 3200, tloss 0.6678320789337158, vscore 0.7010230948619575, best score 0.7201384187166178
batch 3225, tloss 0.48867529511451724, vscore 0.7057624313548484, best score 0.7201384187166178
batch 3250, tloss 0.4230520486831665, vscore 0.7010230948619575, best score 0.7201384187166178
batch 3275, tloss 0.5003290438652038, vscore 0.7010230948619575, best score 0.7201384187166178
batch 3300, tloss 0.5407272255420685, vscore 0.6915444218761755, best score 0.7201384187166178
batch 3325, tloss 0.47470576643943785, vscore 0.6986534266155119, best score 0.7201384187166178
batch 3350, tloss 0.3358464670181274, vscore 0.6986534266155119, best score 0.7201384187166178
batch 3375, tloss 0.5136630648374557, vscore 0.6954938689535847, best score 0.7201384187166178
batch 3400, tloss 0.4215844106674194, vscore 0.6954938689535847, best score 0.7201384187166178
batch 3425, tloss 0.4850070190429687, vscore 0.6954938689535847, best score 0.7201384187166178
batch 3450, tloss 0.48483303785324094, vscore 0.6907545324606936, best score 0.7201384187166178
batch 3475, tloss 0.5159704101085663, vscore 0.6907545324606936, best score 0.7201384187166178
batch 3500, tloss 0.3777386611700058, vscore 0.6907545324606936, best score 0.7201384187166178
batch 3525, tloss 0.5015755772590638, vscore 0.6907545324606936, best score 0.7201384187166178
batch 3550, tloss 0.5783740240335464, vscore 0.6931242007071392, best score 0.7201384187166178
batch 3575, tloss 0.4560936766862869, vscore 0.6931242007071392, best score 0.7201384187166178
batch 3600, tloss 0.4183646708726883, vscore 0.6931242007071392, best score 0.7201384187166178
fold 2 best score 0.7201384187166178
fold 3
fold3 t/v: 7456/211
initial score 0.7288262619423757
batch 25, tloss 0.6464190101623535, vscore 0.735935266681712, best score 0.735935266681712
batch 50, tloss 0.802563533782959, vscore 0.733039005491612, best score 0.735935266681712
batch 75, tloss 0.6711416721343995, vscore 0.7354086737380575, best score 0.735935266681712
batch 100, tloss 0.6278132724761963, vscore 0.7252980892198901, best score 0.735935266681712
batch 125, tloss 0.7688665819168091, vscore 0.7217435868502219, best score 0.735935266681712
batch 150, tloss 0.6421689867973328, vscore 0.7252980892198901, best score 0.735935266681712
batch 175, tloss 0.631648223400116, vscore 0.7276677574663356, best score 0.735935266681712
batch 200, tloss 0.6032906317710877, vscore 0.717004250357331, best score 0.735935266681712
batch 225, tloss 0.8246981859207153, vscore 0.7217435868502219, best score 0.735935266681712
batch 250, tloss 0.804668173789978, vscore 0.7217435868502219, best score 0.735935266681712
batch 275, tloss 0.6588504099845887, vscore 0.7166811137782702, best score 0.735935266681712
batch 300, tloss 0.6737348222732544, vscore 0.7109826258522941, best score 0.735935266681712
batch 325, tloss 0.5775956439971924, vscore 0.7086129576058486, best score 0.735935266681712
batch 350, tloss 0.8249196290969849, vscore 0.7157219623451851, best score 0.735935266681712
batch 375, tloss 0.5483748090267181, vscore 0.7220410776690397, best score 0.735935266681712
batch 400, tloss 0.7473780632019043, vscore 0.7252006353309671, best score 0.735935266681712
batch 425, tloss 0.79595458984375, vscore 0.7207998228732826, best score 0.735935266681712
batch 450, tloss 0.7618619513511657, vscore 0.7223796017042463, best score 0.735935266681712
batch 475, tloss 0.43582752227783206, vscore 0.7129009287184643, best score 0.735935266681712
batch 500, tloss 0.9416643500328064, vscore 0.7129009287184643, best score 0.735935266681712
batch 525, tloss 0.49848213195800783, vscore 0.7105312604720188, best score 0.735935266681712
batch 550, tloss 0.8252321434020996, vscore 0.7136908181339461, best score 0.735935266681712
batch 575, tloss 1.00662166595459, vscore 0.7193893060599222, best score 0.735935266681712
batch 600, tloss 0.818385763168335, vscore 0.7241286425528132, best score 0.735935266681712
batch 625, tloss 0.7433429050445557, vscore 0.7237901185176068, best score 0.735935266681712
batch 650, tloss 0.8005263614654541, vscore 0.7257648420563113, best score 0.735935266681712
batch 675, tloss 0.7466153407096863, vscore 0.717865947901493, best score 0.735935266681712
batch 700, tloss 0.717713451385498, vscore 0.722605284394384, best score 0.735935266681712
batch 725, tloss 0.6030447816848755, vscore 0.727344620887275, best score 0.735935266681712
batch 750, tloss 0.7404205942153931, vscore 0.727344620887275, best score 0.735935266681712
batch 775, tloss 0.76954176902771, vscore 0.732083957380166, best score 0.735935266681712
batch 800, tloss 0.6820914602279663, vscore 0.732083957380166, best score 0.735935266681712
batch 825, tloss 0.6163187217712403, vscore 0.7289243997182386, best score 0.735935266681712
batch 850, tloss 0.8729131937026977, vscore 0.7306621564322987, best score 0.735935266681712
batch 875, tloss 0.8473319840431214, vscore 0.7306621564322987, best score 0.735935266681712
batch 900, tloss 0.6224454951286316, vscore 0.7330318246787442, best score 0.735935266681712
batch 925, tloss 0.5021175599098205, vscore 0.7330318246787442, best score 0.735935266681712
batch 950, tloss 0.6193432593345642, vscore 0.7251329305239259, best score 0.735935266681712
batch 975, tloss 0.7116432666778565, vscore 0.7215784281542575, best score 0.735935266681712
batch 1000, tloss 0.7629649305343628, vscore 0.7184188704923302, best score 0.735935266681712
batch 1025, tloss 0.6381594800949096, vscore 0.7184188704923302, best score 0.735935266681712
batch 1050, tloss 0.7295585870742798, vscore 0.7184188704923302, best score 0.735935266681712
batch 1075, tloss 0.37171580076217653, vscore 0.7184188704923302, best score 0.735935266681712
batch 1100, tloss 0.8114709305763245, vscore 0.7184188704923302, best score 0.735935266681712
batch 1125, tloss 0.579181101322174, vscore 0.7203935940310349, best score 0.735935266681712
batch 1150, tloss 0.7205227136611938, vscore 0.7203935940310349, best score 0.735935266681712
batch 1175, tloss 0.6063145303726196, vscore 0.7198011769694234, best score 0.735935266681712
batch 1200, tloss 0.8183340358734131, vscore 0.7134820616455688, best score 0.735935266681712
batch 1225, tloss 0.6820453929901124, vscore 0.7134820616455688, best score 0.735935266681712
batch 1250, tloss 1.1051719570159912, vscore 0.7134820616455688, best score 0.735935266681712
batch 1275, tloss 0.5709946918487548, vscore 0.7119022828146051, best score 0.735935266681712
batch 1300, tloss 0.6390705108642578, vscore 0.7119022828146051, best score 0.735935266681712
batch 1325, tloss 0.7491234016418457, vscore 0.7119022828146051, best score 0.735935266681712
batch 1350, tloss 0.7112443327903748, vscore 0.7150618404765324, best score 0.735935266681712
batch 1375, tloss 0.7686541295051574, vscore 0.7162466745997551, best score 0.735935266681712
batch 1400, tloss 0.7692303085327148, vscore 0.7162466745997551, best score 0.735935266681712
batch 1425, tloss 0.6876128959655762, vscore 0.7115073381068642, best score 0.735935266681712
batch 1450, tloss 0.6544237899780273, vscore 0.7115073381068642, best score 0.735935266681712
batch 1475, tloss 0.5770498371124267, vscore 0.7115073381068642, best score 0.735935266681712
batch 1500, tloss 1.0511839747428895, vscore 0.7162466745997551, best score 0.735935266681712
batch 1525, tloss 0.765029821395874, vscore 0.7194062322616825, best score 0.735935266681712
batch 1550, tloss 0.7111916446685791, vscore 0.7194062322616825, best score 0.735935266681712
batch 1575, tloss 0.6635275650024414, vscore 0.7178264534307188, best score 0.735935266681712
batch 1600, tloss 0.7660066699981689, vscore 0.7178264534307188, best score 0.735935266681712
batch 1625, tloss 0.7143571972846985, vscore 0.7178264534307188, best score 0.735935266681712
batch 1650, tloss 0.9090611696243286, vscore 0.7178264534307188, best score 0.735935266681712
batch 1675, tloss 0.49366613388061525, vscore 0.7178264534307188, best score 0.735935266681712
batch 1700, tloss 1.0128918313980102, vscore 0.7130871169378279, best score 0.735935266681712
batch 1725, tloss 0.58195951461792, vscore 0.7130871169378279, best score 0.735935266681712
batch 1750, tloss 0.7346033906936645, vscore 0.7130871169378279, best score 0.735935266681712
batch 1775, tloss 0.864761381149292, vscore 0.7130871169378279, best score 0.735935266681712
batch 1800, tloss 0.8303892612457275, vscore 0.7130871169378279, best score 0.735935266681712
batch 1825, tloss 0.7246734714508056, vscore 0.7130871169378279, best score 0.735935266681712
batch 1850, tloss 1.061117925643921, vscore 0.7130871169378279, best score 0.735935266681712
batch 1875, tloss 0.6116986989974975, vscore 0.7130871169378279, best score 0.735935266681712
batch 1900, tloss 0.8089015638828277, vscore 0.7130871169378279, best score 0.735935266681712
batch 1925, tloss 0.6531444048881531, vscore 0.7130871169378279, best score 0.735935266681712
batch 1950, tloss 0.6087470960617065, vscore 0.7130871169378279, best score 0.735935266681712
batch 1975, tloss 0.753146743774414, vscore 0.7130871169378279, best score 0.735935266681712
batch 2000, tloss 0.5510757750272751, vscore 0.7130871169378279, best score 0.735935266681712
batch 2025, tloss 0.9179763221740722, vscore 0.7130871169378279, best score 0.735935266681712
batch 2050, tloss 0.8891267704963685, vscore 0.7106758755642516, best score 0.735935266681712
batch 2075, tloss 0.7359340620040894, vscore 0.7154152120571426, best score 0.735935266681712
batch 2100, tloss 0.9194600331783295, vscore 0.7154152120571426, best score 0.735935266681712
batch 2125, tloss 0.6405607974529266, vscore 0.7122556543952153, best score 0.735935266681712
batch 2150, tloss 0.6286971914768219, vscore 0.7122556543952153, best score 0.735935266681712
batch 2175, tloss 0.7319065052270889, vscore 0.7122556543952153, best score 0.735935266681712
batch 2200, tloss 0.683993022441864, vscore 0.7104125790924244, best score 0.735935266681712
batch 2225, tloss 0.9199017477035523, vscore 0.7154750521643761, best score 0.735935266681712
batch 2250, tloss 0.8139553594589234, vscore 0.7131053839179307, best score 0.735935266681712
batch 2275, tloss 0.6295887303352355, vscore 0.7196877957136126, best score 0.735935266681712
batch 2300, tloss 0.8559213209152222, vscore 0.7142001429323703, best score 0.735935266681712
batch 2325, tloss 0.7346798992156982, vscore 0.7063012487775522, best score 0.735935266681712
batch 2350, tloss 0.7366880106925965, vscore 0.7110405852704432, best score 0.735935266681712
batch 2375, tloss 0.68801673412323, vscore 0.7110405852704432, best score 0.735935266681712
batch 2400, tloss 0.7810459542274475, vscore 0.7110405852704432, best score 0.735935266681712
batch 2425, tloss 0.744696170091629, vscore 0.7110405852704432, best score 0.735935266681712
batch 2450, tloss 0.5339627337455749, vscore 0.7110405852704432, best score 0.735935266681712
batch 2475, tloss 0.7432062864303589, vscore 0.7157799217633342, best score 0.735935266681712
batch 2500, tloss 0.5294776952266693, vscore 0.7157799217633342, best score 0.735935266681712
batch 2525, tloss 0.7645357811450958, vscore 0.7161184457985407, best score 0.735935266681712
batch 2550, tloss 0.5703314518928528, vscore 0.719278003460468, best score 0.735935266681712
batch 2575, tloss 0.6972196817398071, vscore 0.719278003460468, best score 0.735935266681712
batch 2600, tloss 0.7952687025070191, vscore 0.719278003460468, best score 0.735935266681712
batch 2625, tloss 0.7609472811222077, vscore 0.7161184457985407, best score 0.735935266681712
batch 2650, tloss 0.44093923926353457, vscore 0.7161184457985407, best score 0.735935266681712
batch 2675, tloss 0.5832521021366119, vscore 0.7161444861089411, best score 0.735935266681712
batch 2700, tloss 0.6932170677185059, vscore 0.7161444861089411, best score 0.735935266681712
batch 2725, tloss 0.7534147644042969, vscore 0.7161444861089411, best score 0.735935266681712
batch 2750, tloss 0.41031842708587646, vscore 0.7161444861089411, best score 0.735935266681712
batch 2775, tloss 0.8623614549636841, vscore 0.7161444861089411, best score 0.735935266681712
batch 2800, tloss 0.8443394804000854, vscore 0.7161444861089411, best score 0.735935266681712
batch 2825, tloss 0.5557638812065124, vscore 0.7161444861089411, best score 0.735935266681712
batch 2850, tloss 0.8537267541885376, vscore 0.7161444861089411, best score 0.735935266681712
batch 2875, tloss 0.7673583048582077, vscore 0.7161444861089411, best score 0.735935266681712
batch 2900, tloss 0.6773291826248169, vscore 0.7161444861089411, best score 0.735935266681712
batch 2925, tloss 0.5909324926137924, vscore 0.7161444861089411, best score 0.735935266681712
batch 2950, tloss 0.8441445541381836, vscore 0.7232534908482776, best score 0.735935266681712
batch 2975, tloss 0.7567871570587158, vscore 0.7232534908482776, best score 0.735935266681712
batch 3000, tloss 0.5199366277456283, vscore 0.7232534908482776, best score 0.735935266681712
batch 3025, tloss 0.7575594252347946, vscore 0.7232534908482776, best score 0.735935266681712
batch 3050, tloss 0.5300639021396637, vscore 0.7232534908482776, best score 0.735935266681712
batch 3075, tloss 0.6204426860809327, vscore 0.7232534908482776, best score 0.735935266681712
batch 3100, tloss 0.87818772315979, vscore 0.7264130485102049, best score 0.735935266681712
batch 3125, tloss 0.6938469648361206, vscore 0.7232534908482776, best score 0.735935266681712
batch 3150, tloss 0.5444894123077393, vscore 0.7232534908482776, best score 0.735935266681712
batch 3175, tloss 0.6710826230049133, vscore 0.7232534908482776, best score 0.735935266681712
batch 3200, tloss 0.5238990783691406, vscore 0.7232534908482776, best score 0.735935266681712
batch 3225, tloss 0.6001030850410461, vscore 0.7232534908482776, best score 0.735935266681712
batch 3250, tloss 0.7567437279224396, vscore 0.7232534908482776, best score 0.735935266681712
batch 3275, tloss 0.899092652797699, vscore 0.7232534908482776, best score 0.735935266681712
batch 3300, tloss 0.8425476169586181, vscore 0.7232534908482776, best score 0.735935266681712
batch 3325, tloss 0.7261654186248779, vscore 0.7232534908482776, best score 0.735935266681712
batch 3350, tloss 0.8261138105392456, vscore 0.7264130485102049, best score 0.735935266681712
batch 3375, tloss 0.8925369906425477, vscore 0.7264130485102049, best score 0.735935266681712
batch 3400, tloss 0.7825076150894165, vscore 0.7248332696792413, best score 0.735935266681712
batch 3425, tloss 0.6177056980133057, vscore 0.7248332696792413, best score 0.735935266681712
batch 3450, tloss 0.8240009880065918, vscore 0.7248332696792413, best score 0.735935266681712
batch 3475, tloss 0.575046353340149, vscore 0.7248332696792413, best score 0.735935266681712
batch 3500, tloss 0.5736039042472839, vscore 0.7279928273411685, best score 0.735935266681712
batch 3525, tloss 0.8493201541900635, vscore 0.7279928273411685, best score 0.735935266681712
batch 3550, tloss 0.6726439046859741, vscore 0.7279928273411685, best score 0.735935266681712
batch 3575, tloss 0.5018360126018524, vscore 0.7279928273411685, best score 0.735935266681712
batch 3600, tloss 0.8059024435281753, vscore 0.7279928273411685, best score 0.735935266681712
batch 3625, tloss 0.5875012302398681, vscore 0.7241151883924395, best score 0.735935266681712
batch 3650, tloss 0.5906424909830094, vscore 0.7237506240468324, best score 0.735935266681712
fold 3 best score 0.735935266681712
fold 4
fold4 t/v: 7456/211
initial score 0.6894200980693871
batch 25, tloss 0.5871141219139099, vscore 0.6894200980693871, best score 0.6894200980693871
batch 50, tloss 0.5130414199829102, vscore 0.6831009827455324, best score 0.6894200980693871
batch 75, tloss 0.5886662983894348, vscore 0.6819161486223096, best score 0.6894200980693871
batch 100, tloss 0.4111608934402466, vscore 0.6819161486223096, best score 0.6894200980693871
batch 125, tloss 0.5242416238784791, vscore 0.6823900822715989, best score 0.6894200980693871
batch 150, tloss 0.39541783213615417, vscore 0.6800204140251533, best score 0.6894200980693871
batch 175, tloss 0.3505426454544067, vscore 0.6847597505180444, best score 0.6894200980693871
batch 200, tloss 0.3804187619686127, vscore 0.6823900822715989, best score 0.6894200980693871
batch 225, tloss 0.4387546002864838, vscore 0.6831799716870807, best score 0.6894200980693871
batch 250, tloss 0.35637510180473325, vscore 0.6851546952257852, best score 0.6894200980693871
batch 275, tloss 0.45968012809753417, vscore 0.6827850269793397, best score 0.6894200980693871
batch 300, tloss 0.6229756402969361, vscore 0.6819951375638579, best score 0.6894200980693871
batch 325, tloss 0.5488898599147797, vscore 0.6819951375638579, best score 0.6894200980693871
batch 350, tloss 0.6047178822755813, vscore 0.69147381054964, best score 0.69147381054964
batch 375, tloss 0.42011669397354123, vscore 0.6843648058103035, best score 0.69147381054964
batch 400, tloss 0.3590119552612305, vscore 0.6867344740567489, best score 0.69147381054964
batch 425, tloss 0.5944628036022186, vscore 0.6912368437249955, best score 0.69147381054964
batch 450, tloss 0.5369277667999267, vscore 0.6864975072321045, best score 0.69147381054964
batch 475, tloss 0.605976984500885, vscore 0.6864975072321045, best score 0.69147381054964
batch 500, tloss 0.5096474528312683, vscore 0.6857076178166225, best score 0.69147381054964
batch 525, tloss 0.507912757396698, vscore 0.6809682813237316, best score 0.69147381054964
batch 550, tloss 0.663021000623703, vscore 0.674649165999877, best score 0.69147381054964
batch 575, tloss 0.6829856264591218, vscore 0.6801783919082496, best score 0.69147381054964
batch 600, tloss 0.6902509903907776, vscore 0.676860856363226, best score 0.69147381054964
batch 625, tloss 0.7061164903640748, vscore 0.6847597505180444, best score 0.69147381054964
batch 650, tloss 0.5895488691329956, vscore 0.6956602244516937, best score 0.6956602244516937
batch 675, tloss 0.7465264129638672, vscore 0.684996717342689, best score 0.6956602244516937
batch 700, tloss 0.7627227771282196, vscore 0.675123099649166, best score 0.6956602244516937
batch 725, tloss 0.5745604634284973, vscore 0.6763079337723886, best score 0.6956602244516937
batch 750, tloss 0.45818702459335325, vscore 0.6684090396175704, best score 0.6956602244516937
batch 775, tloss 0.5076063525676727, vscore 0.6636697031246795, best score 0.6956602244516937
batch 800, tloss 0.6014103519916535, vscore 0.6684090396175705, best score 0.6956602244516937
batch 825, tloss 0.6150497877597809, vscore 0.6605101454627521, best score 0.6956602244516937
batch 850, tloss 0.5007905602455139, vscore 0.6565606983853429, best score 0.6956602244516937
batch 875, tloss 0.37058589577674866, vscore 0.6541910301388973, best score 0.6956602244516937
batch 900, tloss 0.4945403528213501, vscore 0.6636697031246793, best score 0.6956602244516937
batch 925, tloss 0.6214221644401551, vscore 0.6695938737407932, best score 0.6956602244516937
batch 950, tloss 0.39130797147750856, vscore 0.6672242054943476, best score 0.6956602244516937
batch 975, tloss 0.8017537677288056, vscore 0.674649165999877, best score 0.6956602244516937
batch 1000, tloss 0.6682935929298401, vscore 0.6737012987012987, best score 0.6956602244516937
batch 1025, tloss 0.5402253830432892, vscore 0.672121519870335, best score 0.6956602244516937
batch 1050, tloss 0.4128742128610611, vscore 0.6697518516238895, best score 0.6956602244516937
batch 1075, tloss 0.7375241035223007, vscore 0.6697518516238895, best score 0.6956602244516937
batch 1100, tloss 0.6356702828407288, vscore 0.6697518516238895, best score 0.6956602244516937
batch 1125, tloss 0.480518781542778, vscore 0.6735884573562299, best score 0.6956602244516937
batch 1150, tloss 0.48717831790447236, vscore 0.6799075726800846, best score 0.6956602244516937
batch 1175, tloss 0.5511221158504486, vscore 0.6735884573562299, best score 0.6956602244516937
batch 1200, tloss 0.4673923516273499, vscore 0.6641097843704479, best score 0.6956602244516937
batch 1225, tloss 0.7173240077495575, vscore 0.6593704478775569, best score 0.6956602244516937
batch 1250, tloss 0.3294628328084946, vscore 0.6634327363000349, best score 0.6956602244516937
batch 1275, tloss 0.38862543404102323, vscore 0.6683751872140496, best score 0.6956602244516937
batch 1300, tloss 0.5157886707782745, vscore 0.6660055189676042, best score 0.6956602244516937
batch 1325, tloss 0.6094358468055725, vscore 0.6699549660450134, best score 0.6956602244516937
batch 1350, tloss 0.6553554081916809, vscore 0.6711398001682362, best score 0.6956602244516937
batch 1375, tloss 0.5790602868795395, vscore 0.6692779179746005, best score 0.6956602244516937
batch 1400, tloss 0.6759488403797149, vscore 0.6692779179746005, best score 0.6956602244516937
batch 1425, tloss 0.44891614198684693, vscore 0.6740172544674914, best score 0.6956602244516937
batch 1450, tloss 0.6832991671562195, vscore 0.674649165999877, best score 0.6956602244516937
batch 1475, tloss 0.5239544278383255, vscore 0.6762289448308405, best score 0.6956602244516937
batch 1500, tloss 0.6670224994421006, vscore 0.6809682813237316, best score 0.6956602244516937
batch 1525, tloss 0.5432418346405029, vscore 0.6809682813237316, best score 0.6956602244516937
batch 1550, tloss 0.5406161165237426, vscore 0.6825480601546953, best score 0.6956602244516937
batch 1575, tloss 0.467064448595047, vscore 0.6730693871689133, best score 0.6956602244516937
batch 1600, tloss 0.5840135383605957, vscore 0.6778087236618042, best score 0.6956602244516937
batch 1625, tloss 0.6011296999454498, vscore 0.6825480601546953, best score 0.6956602244516937
batch 1650, tloss 0.6611201709508896, vscore 0.6801783919082498, best score 0.6956602244516937
batch 1675, tloss 0.6729299527406692, vscore 0.673859276584395, best score 0.6956602244516937
batch 1700, tloss 0.7811922323703766, vscore 0.673859276584395, best score 0.6956602244516937
batch 1725, tloss 0.7208520615100861, vscore 0.673859276584395, best score 0.6956602244516937
batch 1750, tloss 0.5046711111068726, vscore 0.673859276584395, best score 0.6956602244516937
batch 1775, tloss 0.611027340888977, vscore 0.6697518516238895, best score 0.6956602244516937
batch 1800, tloss 0.4085087871551514, vscore 0.6703837631562749, best score 0.6956602244516937
batch 1825, tloss 0.5661262321472168, vscore 0.675123099649166, best score 0.6956602244516937
batch 1850, tloss 0.7258981561660767, vscore 0.675123099649166, best score 0.6956602244516937
batch 1875, tloss 0.3968588638305664, vscore 0.6703837631562749, best score 0.6956602244516937
batch 1900, tloss 0.5674990463256836, vscore 0.6703837631562749, best score 0.6956602244516937
batch 1925, tloss 0.6688809204101562, vscore 0.6656444266633839, best score 0.6956602244516937
batch 1950, tloss 0.5803286504745483, vscore 0.6703837631562749, best score 0.6956602244516937
batch 1975, tloss 0.5305820870399475, vscore 0.6695938737407932, best score 0.6956602244516937
batch 2000, tloss 0.5650220108032227, vscore 0.6695938737407932, best score 0.6956602244516937
batch 2025, tloss 0.5724404406547546, vscore 0.6686460064422148, best score 0.6956602244516937
batch 2050, tloss 0.34509234845638276, vscore 0.6695938737407932, best score 0.6956602244516937
batch 2075, tloss 0.7890323978662491, vscore 0.6743332102336841, best score 0.6956602244516937
batch 2100, tloss 0.5009398889541626, vscore 0.6743332102336841, best score 0.6956602244516937
batch 2125, tloss 0.5288859581947327, vscore 0.6790725467265751, best score 0.6956602244516937
batch 2150, tloss 0.9942762184143067, vscore 0.6800204140251533, best score 0.6956602244516937
batch 2175, tloss 0.7844060087203979, vscore 0.6800204140251533, best score 0.6956602244516937
batch 2200, tloss 0.5344944167137146, vscore 0.6800204140251533, best score 0.6956602244516937
batch 2225, tloss 0.5193270349502563, vscore 0.6800204140251533, best score 0.6956602244516937
batch 2250, tloss 0.6185197758674622, vscore 0.6800204140251533, best score 0.6956602244516937
batch 2275, tloss 0.4882625961303711, vscore 0.6800204140251533, best score 0.6956602244516937
batch 2300, tloss 0.7638058423995971, vscore 0.6790725467265751, best score 0.6956602244516937
batch 2325, tloss 0.5820300483703613, vscore 0.6790725467265751, best score 0.6956602244516937
batch 2350, tloss 0.5001517772674561, vscore 0.6814422149730206, best score 0.6956602244516937
batch 2375, tloss 0.6530709433555603, vscore 0.6790725467265751, best score 0.6956602244516937
batch 2400, tloss 0.8303975653648377, vscore 0.6838118832194661, best score 0.6956602244516937
batch 2425, tloss 0.7361659908294678, vscore 0.6869714408813934, best score 0.6956602244516937
batch 2450, tloss 0.7167922687530518, vscore 0.6841278389856589, best score 0.6956602244516937
batch 2475, tloss 0.7376009917259216, vscore 0.6841278389856589, best score 0.6956602244516937
batch 2500, tloss 0.4967195427417755, vscore 0.6841278389856589, best score 0.6956602244516937
batch 2525, tloss 0.6092773652076722, vscore 0.6841278389856589, best score 0.6956602244516937
batch 2550, tloss 0.5377080965042115, vscore 0.6841278389856589, best score 0.6956602244516937
batch 2575, tloss 0.5664629673957825, vscore 0.6841278389856589, best score 0.6956602244516937
batch 2600, tloss 0.5580268311500549, vscore 0.6888671754785499, best score 0.6956602244516937
batch 2625, tloss 0.6934161591529846, vscore 0.6888671754785499, best score 0.6956602244516937
batch 2650, tloss 0.6014387500286102, vscore 0.6888671754785499, best score 0.6956602244516937
batch 2675, tloss 0.5243290758132935, vscore 0.6888671754785499, best score 0.6956602244516937
batch 2700, tloss 0.7765917432308197, vscore 0.6888671754785499, best score 0.6956602244516937
batch 2725, tloss 0.7635362434387207, vscore 0.6888671754785499, best score 0.6956602244516937
batch 2750, tloss 0.6507643294334412, vscore 0.6888671754785499, best score 0.6956602244516937
batch 2775, tloss 0.5418420737981796, vscore 0.6888671754785499, best score 0.6956602244516937
batch 2800, tloss 0.6770496451854706, vscore 0.6888671754785499, best score 0.6956602244516937
batch 2825, tloss 0.6024543762207031, vscore 0.684127838985659, best score 0.6956602244516937
batch 2850, tloss 0.5103288412094116, vscore 0.684127838985659, best score 0.6956602244516937
batch 2875, tloss 0.5897937506437302, vscore 0.684127838985659, best score 0.6956602244516937
batch 2900, tloss 0.5471527808904648, vscore 0.684127838985659, best score 0.6956602244516937
batch 2925, tloss 0.7089818757772446, vscore 0.684127838985659, best score 0.6956602244516937
batch 2950, tloss 0.6469499617815018, vscore 0.684127838985659, best score 0.6956602244516937
batch 2975, tloss 0.5208145362138749, vscore 0.684127838985659, best score 0.6956602244516937
batch 3000, tloss 0.5724534094333649, vscore 0.684127838985659, best score 0.6956602244516937
batch 3025, tloss 0.7632448196411132, vscore 0.684127838985659, best score 0.6956602244516937
batch 3050, tloss 0.6058153080940246, vscore 0.6793885024927679, best score 0.6956602244516937
batch 3075, tloss 0.497297021150589, vscore 0.6793885024927679, best score 0.6956602244516937
batch 3100, tloss 0.47015842974185945, vscore 0.6793885024927679, best score 0.6956602244516937
batch 3125, tloss 0.36262213826179507, vscore 0.6793885024927679, best score 0.6956602244516937
batch 3150, tloss 0.5673852175474167, vscore 0.6793885024927679, best score 0.6956602244516937
batch 3175, tloss 0.639998369216919, vscore 0.6762289448308405, best score 0.6956602244516937
batch 3200, tloss 0.7484947252273559, vscore 0.6762289448308405, best score 0.6956602244516937
batch 3225, tloss 0.6594680500030518, vscore 0.6758340001230997, best score 0.6956602244516937
batch 3250, tloss 0.4946338653564453, vscore 0.6758340001230997, best score 0.6956602244516937
batch 3275, tloss 0.5036653089523315, vscore 0.6758340001230997, best score 0.6956602244516937
batch 3300, tloss 0.5315823632478714, vscore 0.6758340001230997, best score 0.6956602244516937
batch 3325, tloss 0.5371958637237548, vscore 0.6758340001230997, best score 0.6956602244516937
batch 3350, tloss 0.4238285440206528, vscore 0.6758340001230997, best score 0.6956602244516937
batch 3375, tloss 0.43422155261039735, vscore 0.6758340001230997, best score 0.6956602244516937
batch 3400, tloss 0.5115558975934982, vscore 0.6758340001230997, best score 0.6956602244516937
batch 3425, tloss 0.6308195358514785, vscore 0.6758340001230997, best score 0.6956602244516937
batch 3450, tloss 0.5949934649467469, vscore 0.6758340001230997, best score 0.6956602244516937
batch 3475, tloss 0.719549081325531, vscore 0.6758340001230997, best score 0.6956602244516937
batch 3500, tloss 0.43111547708511355, vscore 0.6758340001230997, best score 0.6956602244516937
batch 3525, tloss 0.7497988605499267, vscore 0.678993557785027, best score 0.6956602244516937
batch 3550, tloss 0.45642594337463377, vscore 0.678993557785027, best score 0.6956602244516937
batch 3575, tloss 0.5770366334915161, vscore 0.678993557785027, best score 0.6956602244516937
batch 3600, tloss 0.5692019593715668, vscore 0.678993557785027, best score 0.6956602244516937
batch 3625, tloss 0.42530606806278226, vscore 0.678993557785027, best score 0.6956602244516937
fold 4 best score 0.6956602244516937
5 fold cv jaccard 0.7024673788783374
FINISH
