Sun Oct 17 22:32:11 2021       
+-----------------------------------------------------------------------------+
| NVIDIA-SMI 460.80       Driver Version: 460.80       CUDA Version: 11.2     |
|-------------------------------+----------------------+----------------------+
| GPU  Name        Persistence-M| Bus-Id        Disp.A | Volatile Uncorr. ECC |
| Fan  Temp  Perf  Pwr:Usage/Cap|         Memory-Usage | GPU-Util  Compute M. |
|                               |                      |               MIG M. |
|===============================+======================+======================|
|   0  GeForce RTX 3090    Off  | 00000000:47:00.0 Off |                  N/A |
| 39%   30C    P8    21W / 350W |      0MiB / 24268MiB |      0%      Default |
|                               |                      |                  N/A |
+-------------------------------+----------------------+----------------------+
                                                                               
+-----------------------------------------------------------------------------+
| Processes:                                                                  |
|  GPU   GI   CI        PID   Type   Process name                  GPU Memory |
|        ID   ID                                                   Usage      |
|=============================================================================|
|  No running processes found                                                 |
+-----------------------------------------------------------------------------+
nvcc: NVIDIA (R) Cuda compiler driver
Copyright (c) 2005-2020 NVIDIA Corporation
Built on Mon_Oct_12_20:09:46_PDT_2020
Cuda compilation tools, release 11.1, V11.1.105
Build cuda_11.1.TC455_06.29190527_0
START
{'accumulation_steps': 1,
 'batch_size': 4,
 'doc_stride': 128,
 'downext': True,
 'dropout': 0.2,
 'epochs': 3,
 'eval_steps': 1000,
 'geoloss': False,
 'hdropout': 0.5,
 'lr': 1e-05,
 'max_length': 512,
 'metric': 'nonzero_jaccard_per',
 'model_checkpoint': '/gpfsnyu/scratch/yw3642/chaii/input/google-rembert',
 'nlast': 1,
 'optimizer': 'adamw',
 'scheduler': 'cosann',
 'seed': 3407,
 'time': '2021-10-17-22:32:43',
 'train_path': '/gpfsnyu/scratch/yw3642/chaii/input/train0917/merged0917.csv',
 'warmup_ratio': 0.1,
 'weight_decay': 0.0,
 'weight_path': '/gpfsnyu/scratch/yw3642/chaii/working/model/2021-10-16-19:52:50/checkpoint-97905/pytorch_model.bin'}
fold 0
fold 0, only_chaii False, lang None, removecite False, splitjoin False
fold0 t/v: 2214/223
initial mean jaccard 0.5531576980568012
initial nonzero jaccard percentage 0.6681614349775785
using metric: nonzero_jaccard_per
batch 250, tloss 1.0429732704386114, vscore 0.6276718983557549, nonzero_jaccard_per 0.7443946188340808 best nonzero_jaccard_per 0.7443946188340808
batch 500, tloss 0.7305277073318138, vscore 0.6191603426468897, nonzero_jaccard_per 0.7354260089686099 best nonzero_jaccard_per 0.7443946188340808
batch 750, tloss 0.5918935471801088, vscore 0.6675093031034735, nonzero_jaccard_per 0.7847533632286996 best nonzero_jaccard_per 0.7847533632286996
batch 1000, tloss 0.5701543721649796, vscore 0.625513107968265, nonzero_jaccard_per 0.7354260089686099 best nonzero_jaccard_per 0.7847533632286996
batch 1250, tloss 0.5611995027153752, vscore 0.6623591468322411, nonzero_jaccard_per 0.7757847533632287 best nonzero_jaccard_per 0.7847533632286996
batch 1500, tloss 0.46296452411822975, vscore 0.623495170748534, nonzero_jaccard_per 0.7354260089686099 best nonzero_jaccard_per 0.7847533632286996
batch 1750, tloss 0.4897272285050713, vscore 0.6435538116591928, nonzero_jaccard_per 0.757847533632287 best nonzero_jaccard_per 0.7847533632286996
batch 2000, tloss 0.4789980235393159, vscore 0.6496823617339313, nonzero_jaccard_per 0.7623318385650224 best nonzero_jaccard_per 0.7847533632286996
batch 2250, tloss 0.5065788457582239, vscore 0.6427316890881912, nonzero_jaccard_per 0.7533632286995515 best nonzero_jaccard_per 0.7847533632286996
batch 250, tloss 0.8019144504517317, vscore 0.6386856230466096, nonzero_jaccard_per 0.7533632286995515 best nonzero_jaccard_per 0.7847533632286996
batch 500, tloss 0.2510283266841434, vscore 0.6782324364723468, nonzero_jaccard_per 0.7847533632286996 best nonzero_jaccard_per 0.7847533632286996
batch 750, tloss 0.221711429838615, vscore 0.700653961136024, nonzero_jaccard_per 0.8026905829596412 best nonzero_jaccard_per 0.8026905829596412
batch 1000, tloss 0.29047081686300225, vscore 0.692244433443985, nonzero_jaccard_per 0.8071748878923767 best nonzero_jaccard_per 0.8071748878923767
batch 1250, tloss 0.2823783682551002, vscore 0.6927278563489324, nonzero_jaccard_per 0.8116591928251121 best nonzero_jaccard_per 0.8116591928251121
batch 1500, tloss 0.2774389269305393, vscore 0.6805205818098194, nonzero_jaccard_per 0.8026905829596412 best nonzero_jaccard_per 0.8116591928251121
batch 1750, tloss 0.25496920006960866, vscore 0.6528673680579511, nonzero_jaccard_per 0.7713004484304933 best nonzero_jaccard_per 0.8116591928251121
batch 2000, tloss 0.23085392637667246, vscore 0.6884342301943198, nonzero_jaccard_per 0.8026905829596412 best nonzero_jaccard_per 0.8116591928251121
batch 2250, tloss 0.26790814080717973, vscore 0.6829869495228239, nonzero_jaccard_per 0.8026905829596412 best nonzero_jaccard_per 0.8116591928251121
batch 250, tloss 0.6781371096698567, vscore 0.6770078762791767, nonzero_jaccard_per 0.8071748878923767 best nonzero_jaccard_per 0.8116591928251121
batch 500, tloss 0.08082737007469404, vscore 0.6588464413015982, nonzero_jaccard_per 0.7802690582959642 best nonzero_jaccard_per 0.8116591928251121
batch 750, tloss 0.087199881511071, vscore 0.6663202828561573, nonzero_jaccard_per 0.7847533632286996 best nonzero_jaccard_per 0.8116591928251121
batch 1000, tloss 0.10551804599206661, vscore 0.6711782798666206, nonzero_jaccard_per 0.7892376681614349 best nonzero_jaccard_per 0.8116591928251121
batch 1250, tloss 0.11053661598797772, vscore 0.6670676670116131, nonzero_jaccard_per 0.7847533632286996 best nonzero_jaccard_per 0.8116591928251121
batch 1500, tloss 0.08367271339974831, vscore 0.665227952167414, nonzero_jaccard_per 0.7802690582959642 best nonzero_jaccard_per 0.8116591928251121
batch 1750, tloss 0.10407804926128301, vscore 0.6652279521674139, nonzero_jaccard_per 0.7802690582959642 best nonzero_jaccard_per 0.8116591928251121
batch 2000, tloss 0.0555166260318365, vscore 0.6697122571001494, nonzero_jaccard_per 0.7847533632286996 best nonzero_jaccard_per 0.8116591928251121
batch 2250, tloss 0.08978984548995504, vscore 0.6697122571001494, nonzero_jaccard_per 0.7847533632286996 best nonzero_jaccard_per 0.8116591928251121
fold 0 best nonzero_jaccard_per 0.8116591928251121
fold 1
fold 1, only_chaii False, lang None, removecite False, splitjoin False
fold1 t/v: 2214/223
initial mean jaccard 0.5093956865257313
initial nonzero jaccard percentage 0.6053811659192825
using metric: nonzero_jaccard_per
batch 250, tloss 1.1379565639421343, vscore 0.5402893444373265, nonzero_jaccard_per 0.6412556053811659 best nonzero_jaccard_per 0.6412556053811659
batch 500, tloss 0.6557781049348413, vscore 0.5593334045127767, nonzero_jaccard_per 0.6816143497757847 best nonzero_jaccard_per 0.6816143497757847
batch 750, tloss 0.6035947378799319, vscore 0.5852249270410704, nonzero_jaccard_per 0.7040358744394619 best nonzero_jaccard_per 0.7040358744394619
batch 1000, tloss 0.6368167021337431, vscore 0.6089749065085388, nonzero_jaccard_per 0.7309417040358744 best nonzero_jaccard_per 0.7309417040358744
batch 1250, tloss 0.43872881583857815, vscore 0.5744831277342488, nonzero_jaccard_per 0.695067264573991 best nonzero_jaccard_per 0.7309417040358744
batch 1500, tloss 0.5222924525012494, vscore 0.5860141975612827, nonzero_jaccard_per 0.7174887892376681 best nonzero_jaccard_per 0.7309417040358744
batch 1750, tloss 0.4285015963918995, vscore 0.5853248808464763, nonzero_jaccard_per 0.7174887892376681 best nonzero_jaccard_per 0.7309417040358744
batch 2000, tloss 0.5026693889240269, vscore 0.5749191018249314, nonzero_jaccard_per 0.6995515695067265 best nonzero_jaccard_per 0.7309417040358744
batch 2250, tloss 0.48350225866027174, vscore 0.626264393304752, nonzero_jaccard_per 0.7443946188340808 best nonzero_jaccard_per 0.7443946188340808
batch 250, tloss 0.8127605894543231, vscore 0.5691027831162361, nonzero_jaccard_per 0.726457399103139 best nonzero_jaccard_per 0.7443946188340808
batch 500, tloss 0.3206497193207033, vscore 0.6116334587186605, nonzero_jaccard_per 0.7354260089686099 best nonzero_jaccard_per 0.7443946188340808
batch 750, tloss 0.26642417797772217, vscore 0.6074107382403346, nonzero_jaccard_per 0.726457399103139 best nonzero_jaccard_per 0.7443946188340808
batch 1000, tloss 0.24078295923233964, vscore 0.601090003668479, nonzero_jaccard_per 0.726457399103139 best nonzero_jaccard_per 0.7443946188340808
batch 1250, tloss 0.23836825193674305, vscore 0.6069071436784441, nonzero_jaccard_per 0.7399103139013453 best nonzero_jaccard_per 0.7443946188340808
batch 1500, tloss 0.28251701659709216, vscore 0.5863576383755756, nonzero_jaccard_per 0.726457399103139 best nonzero_jaccard_per 0.7443946188340808
batch 1750, tloss 0.2457585004460998, vscore 0.6106938900660873, nonzero_jaccard_per 0.7399103139013453 best nonzero_jaccard_per 0.7443946188340808
batch 2000, tloss 0.22154625165165634, vscore 0.6110675821438153, nonzero_jaccard_per 0.7533632286995515 best nonzero_jaccard_per 0.7533632286995515
batch 2250, tloss 0.20927400954847689, vscore 0.6259529832399786, nonzero_jaccard_per 0.757847533632287 best nonzero_jaccard_per 0.757847533632287
batch 250, tloss 0.6621859361752868, vscore 0.6291542787058482, nonzero_jaccard_per 0.7623318385650224 best nonzero_jaccard_per 0.7623318385650224
batch 500, tloss 0.09205081507420983, vscore 0.6322434665483992, nonzero_jaccard_per 0.757847533632287 best nonzero_jaccard_per 0.7623318385650224
batch 750, tloss 0.08667216627625748, vscore 0.6398045029210948, nonzero_jaccard_per 0.7668161434977578 best nonzero_jaccard_per 0.7668161434977578
batch 1000, tloss 0.11354342141121743, vscore 0.6375623504547271, nonzero_jaccard_per 0.7623318385650224 best nonzero_jaccard_per 0.7668161434977578
batch 1250, tloss 0.10453708647255552, vscore 0.6357686284816331, nonzero_jaccard_per 0.757847533632287 best nonzero_jaccard_per 0.7668161434977578
batch 1500, tloss 0.07830314051889582, vscore 0.6268000186161622, nonzero_jaccard_per 0.7533632286995515 best nonzero_jaccard_per 0.7668161434977578
batch 1750, tloss 0.09619734362483723, vscore 0.6313466055618523, nonzero_jaccard_per 0.757847533632287 best nonzero_jaccard_per 0.7668161434977578
batch 2000, tloss 0.09657333922572434, vscore 0.6223779956963814, nonzero_jaccard_per 0.7488789237668162 best nonzero_jaccard_per 0.7668161434977578
batch 2250, tloss 0.12226997157212463, vscore 0.6223779956963814, nonzero_jaccard_per 0.7488789237668162 best nonzero_jaccard_per 0.7668161434977578
fold 1 best nonzero_jaccard_per 0.7668161434977578
fold 2
fold 2, only_chaii False, lang None, removecite False, splitjoin False
fold2 t/v: 2214/223
initial mean jaccard 0.5591321608137751
initial nonzero jaccard percentage 0.6816143497757847
using metric: nonzero_jaccard_per
batch 250, tloss 1.0618379451856017, vscore 0.5883548812921011, nonzero_jaccard_per 0.7174887892376681 best nonzero_jaccard_per 0.7174887892376681
batch 500, tloss 0.6364106542523951, vscore 0.622547221089822, nonzero_jaccard_per 0.7533632286995515 best nonzero_jaccard_per 0.7533632286995515
batch 750, tloss 0.6259164467668161, vscore 0.6393847184205927, nonzero_jaccard_per 0.757847533632287 best nonzero_jaccard_per 0.757847533632287
batch 1000, tloss 0.4819823841182515, vscore 0.6272130336031683, nonzero_jaccard_per 0.7668161434977578 best nonzero_jaccard_per 0.7668161434977578
batch 1250, tloss 0.5677755445082439, vscore 0.6509673435682405, nonzero_jaccard_per 0.7533632286995515 best nonzero_jaccard_per 0.7668161434977578
batch 1500, tloss 0.5399092011079192, vscore 0.6428935414361423, nonzero_jaccard_per 0.7757847533632287 best nonzero_jaccard_per 0.7757847533632287
batch 1750, tloss 0.5097070417907089, vscore 0.6764350746413527, nonzero_jaccard_per 0.7847533632286996 best nonzero_jaccard_per 0.7847533632286996
batch 2000, tloss 0.44177188412006946, vscore 0.6515204899734048, nonzero_jaccard_per 0.7892376681614349 best nonzero_jaccard_per 0.7892376681614349
batch 2250, tloss 0.4059687710397411, vscore 0.667260691475938, nonzero_jaccard_per 0.7892376681614349 best nonzero_jaccard_per 0.7892376681614349
batch 250, tloss 0.8024239487471059, vscore 0.6664439073631898, nonzero_jaccard_per 0.7802690582959642 best nonzero_jaccard_per 0.7892376681614349
batch 500, tloss 0.2571510382362176, vscore 0.6714180477692397, nonzero_jaccard_per 0.7847533632286996 best nonzero_jaccard_per 0.7892376681614349
batch 750, tloss 0.2876327826634515, vscore 0.6639930697105585, nonzero_jaccard_per 0.7757847533632287 best nonzero_jaccard_per 0.7892376681614349
batch 1000, tloss 0.23504761042364408, vscore 0.6916656960378933, nonzero_jaccard_per 0.8161434977578476 best nonzero_jaccard_per 0.8161434977578476
batch 1250, tloss 0.3016552934326464, vscore 0.6962247393861744, nonzero_jaccard_per 0.8161434977578476 best nonzero_jaccard_per 0.8161434977578476
batch 1500, tloss 0.1476899532218813, vscore 0.6989153223458154, nonzero_jaccard_per 0.8116591928251121 best nonzero_jaccard_per 0.8161434977578476
batch 1750, tloss 0.2669268645633128, vscore 0.6947086172422494, nonzero_jaccard_per 0.7982062780269058 best nonzero_jaccard_per 0.8161434977578476
batch 2000, tloss 0.23379618950578152, vscore 0.7043916384327885, nonzero_jaccard_per 0.8116591928251121 best nonzero_jaccard_per 0.8161434977578476
batch 2250, tloss 0.2168201363964472, vscore 0.7065279638149593, nonzero_jaccard_per 0.8251121076233184 best nonzero_jaccard_per 0.8251121076233184
batch 250, tloss 0.6065279139690101, vscore 0.6897729699299205, nonzero_jaccard_per 0.8116591928251121 best nonzero_jaccard_per 0.8251121076233184
batch 500, tloss 0.11270379888149909, vscore 0.7055777182458797, nonzero_jaccard_per 0.820627802690583 best nonzero_jaccard_per 0.8251121076233184
batch 750, tloss 0.07233152798766969, vscore 0.6983280919379574, nonzero_jaccard_per 0.8161434977578476 best nonzero_jaccard_per 0.8251121076233184
batch 1000, tloss 0.09431675474418444, vscore 0.7047716110496378, nonzero_jaccard_per 0.8251121076233184 best nonzero_jaccard_per 0.8251121076233184
batch 1250, tloss 0.08835517774958862, vscore 0.6981990268590109, nonzero_jaccard_per 0.8161434977578476 best nonzero_jaccard_per 0.8251121076233184
batch 1500, tloss 0.09711024698527762, vscore 0.7098582196841231, nonzero_jaccard_per 0.8295964125560538 best nonzero_jaccard_per 0.8295964125560538
batch 1750, tloss 0.11933427503710846, vscore 0.7116519416572172, nonzero_jaccard_per 0.8295964125560538 best nonzero_jaccard_per 0.8295964125560538
batch 2000, tloss 0.06469499948754674, vscore 0.7116519416572172, nonzero_jaccard_per 0.8295964125560538 best nonzero_jaccard_per 0.8295964125560538
batch 2250, tloss 0.0783404829185747, vscore 0.7116519416572172, nonzero_jaccard_per 0.8295964125560538 best nonzero_jaccard_per 0.8295964125560538
fold 2 best nonzero_jaccard_per 0.8295964125560538
fold 3
fold 3, only_chaii False, lang None, removecite False, splitjoin False
fold3 t/v: 2214/223
initial mean jaccard 0.49766175528507367
initial nonzero jaccard percentage 0.6188340807174888
using metric: nonzero_jaccard_per
batch 250, tloss 1.0206018865182995, vscore 0.5612641469143711, nonzero_jaccard_per 0.672645739910314 best nonzero_jaccard_per 0.672645739910314
batch 500, tloss 0.666347822804004, vscore 0.6348921631432843, nonzero_jaccard_per 0.7488789237668162 best nonzero_jaccard_per 0.7488789237668162
batch 750, tloss 0.5562915832679719, vscore 0.6137824432667482, nonzero_jaccard_per 0.7488789237668162 best nonzero_jaccard_per 0.7488789237668162
batch 1000, tloss 0.5601913873003795, vscore 0.6042387358530857, nonzero_jaccard_per 0.7354260089686099 best nonzero_jaccard_per 0.7488789237668162
batch 1250, tloss 0.5235549576703925, vscore 0.6241511851377323, nonzero_jaccard_per 0.7443946188340808 best nonzero_jaccard_per 0.7488789237668162
batch 1500, tloss 0.5586592289304826, vscore 0.5998184924193894, nonzero_jaccard_per 0.7219730941704036 best nonzero_jaccard_per 0.7488789237668162
batch 1750, tloss 0.6071940343979513, vscore 0.6320093956865258, nonzero_jaccard_per 0.7623318385650224 best nonzero_jaccard_per 0.7623318385650224
batch 2000, tloss 0.43246009979367955, vscore 0.6165598975016015, nonzero_jaccard_per 0.7443946188340808 best nonzero_jaccard_per 0.7623318385650224
batch 2250, tloss 0.40893184986629055, vscore 0.6225656630365151, nonzero_jaccard_per 0.7533632286995515 best nonzero_jaccard_per 0.7623318385650224
batch 250, tloss 0.7699559320323169, vscore 0.6481528934443733, nonzero_jaccard_per 0.7757847533632287 best nonzero_jaccard_per 0.7757847533632287
batch 500, tloss 0.26457828916743165, vscore 0.6439034806747812, nonzero_jaccard_per 0.7757847533632287 best nonzero_jaccard_per 0.7757847533632287
batch 750, tloss 0.304071201398212, vscore 0.6333920563741191, nonzero_jaccard_per 0.7623318385650224 best nonzero_jaccard_per 0.7757847533632287
batch 1000, tloss 0.23490305121074198, vscore 0.6479393551142432, nonzero_jaccard_per 0.7802690582959642 best nonzero_jaccard_per 0.7802690582959642
batch 1250, tloss 0.2502266310916748, vscore 0.6460708947256033, nonzero_jaccard_per 0.7713004484304933 best nonzero_jaccard_per 0.7802690582959642
batch 1500, tloss 0.2273169508955325, vscore 0.6389280375827461, nonzero_jaccard_per 0.757847533632287 best nonzero_jaccard_per 0.7802690582959642
batch 1750, tloss 0.29623019109672166, vscore 0.6360452701259875, nonzero_jaccard_per 0.7713004484304933 best nonzero_jaccard_per 0.7802690582959642
batch 2000, tloss 0.2604752006127965, vscore 0.6536942131112534, nonzero_jaccard_per 0.7892376681614349 best nonzero_jaccard_per 0.7892376681614349
batch 2250, tloss 0.22684435501799452, vscore 0.6394939141575913, nonzero_jaccard_per 0.7892376681614349 best nonzero_jaccard_per 0.7892376681614349
batch 250, tloss 0.6013968301508575, vscore 0.6288810591501176, nonzero_jaccard_per 0.7802690582959642 best nonzero_jaccard_per 0.7892376681614349
batch 500, tloss 0.12578327748092125, vscore 0.6535447362801624, nonzero_jaccard_per 0.7982062780269058 best nonzero_jaccard_per 0.7982062780269058
batch 750, tloss 0.11623804145562462, vscore 0.6431560965193253, nonzero_jaccard_per 0.7757847533632287 best nonzero_jaccard_per 0.7982062780269058
batch 1000, tloss 0.09919820881602937, vscore 0.646668802049968, nonzero_jaccard_per 0.7937219730941704 best nonzero_jaccard_per 0.7982062780269058
batch 1250, tloss 0.09166292323658126, vscore 0.6421844971172326, nonzero_jaccard_per 0.7892376681614349 best nonzero_jaccard_per 0.7982062780269058
batch 1500, tloss 0.07133415953589428, vscore 0.6451740337390562, nonzero_jaccard_per 0.7892376681614349 best nonzero_jaccard_per 0.7982062780269058
batch 1750, tloss 0.08548518093298481, vscore 0.6480888319453342, nonzero_jaccard_per 0.7892376681614349 best nonzero_jaccard_per 0.7982062780269058
batch 2000, tloss 0.08923943578984472, vscore 0.6471919709587871, nonzero_jaccard_per 0.7847533632286996 best nonzero_jaccard_per 0.7982062780269058
batch 2250, tloss 0.10088911542363349, vscore 0.6471919709587871, nonzero_jaccard_per 0.7847533632286996 best nonzero_jaccard_per 0.7982062780269058
fold 3 best nonzero_jaccard_per 0.7982062780269058
fold 4
fold 4, only_chaii False, lang None, removecite False, splitjoin False
fold4 t/v: 2215/222
initial mean jaccard 0.5393232518232518
initial nonzero jaccard percentage 0.6846846846846847
using metric: nonzero_jaccard_per
batch 250, tloss 0.9892703114189207, vscore 0.5756971256971256, nonzero_jaccard_per 0.7207207207207207 best nonzero_jaccard_per 0.7207207207207207
batch 500, tloss 0.6664136170726269, vscore 0.5985599235599235, nonzero_jaccard_per 0.7387387387387387 best nonzero_jaccard_per 0.7387387387387387
batch 750, tloss 0.5686180245773866, vscore 0.6084656084656084, nonzero_jaccard_per 0.7567567567567568 best nonzero_jaccard_per 0.7567567567567568
batch 1000, tloss 0.5326465365737677, vscore 0.589972764972765, nonzero_jaccard_per 0.7387387387387387 best nonzero_jaccard_per 0.7567567567567568
batch 1250, tloss 0.5488466896570753, vscore 0.6301343551343551, nonzero_jaccard_per 0.7702702702702703 best nonzero_jaccard_per 0.7702702702702703
batch 1500, tloss 0.4472914194003679, vscore 0.6114513864513865, nonzero_jaccard_per 0.7477477477477478 best nonzero_jaccard_per 0.7702702702702703
batch 1750, tloss 0.5192370572183281, vscore 0.6495566995566997, nonzero_jaccard_per 0.7747747747747747 best nonzero_jaccard_per 0.7747747747747747
batch 2000, tloss 0.5087450898389798, vscore 0.6067216567216568, nonzero_jaccard_per 0.7522522522522522 best nonzero_jaccard_per 0.7747747747747747
batch 2250, tloss 0.5684455303379218, vscore 0.6397654147654148, nonzero_jaccard_per 0.7657657657657657 best nonzero_jaccard_per 0.7747747747747747
batch 250, tloss 0.7711691208593547, vscore 0.6287401037401037, nonzero_jaccard_per 0.7567567567567568 best nonzero_jaccard_per 0.7747747747747747
batch 500, tloss 0.28046176078071583, vscore 0.6079657579657579, nonzero_jaccard_per 0.7567567567567568 best nonzero_jaccard_per 0.7747747747747747
batch 750, tloss 0.21961748862883543, vscore 0.6137787137787137, nonzero_jaccard_per 0.7477477477477478 best nonzero_jaccard_per 0.7747747747747747
batch 1000, tloss 0.28315240469633135, vscore 0.595031395031395, nonzero_jaccard_per 0.7522522522522522 best nonzero_jaccard_per 0.7747747747747747
batch 1250, tloss 0.2673408546728315, vscore 0.6040296790296791, nonzero_jaccard_per 0.7567567567567568 best nonzero_jaccard_per 0.7747747747747747
batch 1500, tloss 0.264183799221908, vscore 0.5934899184899184, nonzero_jaccard_per 0.7387387387387387 best nonzero_jaccard_per 0.7747747747747747
batch 1750, tloss 0.2359625840310473, vscore 0.6127520377520378, nonzero_jaccard_per 0.7522522522522522 best nonzero_jaccard_per 0.7747747747747747
batch 2000, tloss 0.16531146771175553, vscore 0.6113256113256114, nonzero_jaccard_per 0.7612612612612613 best nonzero_jaccard_per 0.7747747747747747
batch 2250, tloss 0.22317814552230994, vscore 0.6119011869011869, nonzero_jaccard_per 0.7657657657657657 best nonzero_jaccard_per 0.7747747747747747
batch 250, tloss 0.6333929204978049, vscore 0.6276169026169025, nonzero_jaccard_per 0.7702702702702703 best nonzero_jaccard_per 0.7747747747747747
batch 500, tloss 0.08467962197196903, vscore 0.6354318604318605, nonzero_jaccard_per 0.7837837837837838 best nonzero_jaccard_per 0.7837837837837838
batch 750, tloss 0.09262830269377446, vscore 0.6101565851565852, nonzero_jaccard_per 0.7567567567567568 best nonzero_jaccard_per 0.7837837837837838
batch 1000, tloss 0.07836563099376508, vscore 0.6140354640354639, nonzero_jaccard_per 0.7702702702702703 best nonzero_jaccard_per 0.7837837837837838
batch 1250, tloss 0.08006736957893008, vscore 0.618014443014443, nonzero_jaccard_per 0.7657657657657657 best nonzero_jaccard_per 0.7837837837837838
batch 1500, tloss 0.06735771142799057, vscore 0.6056270556270557, nonzero_jaccard_per 0.7567567567567568 best nonzero_jaccard_per 0.7837837837837838
batch 1750, tloss 0.05963783904074808, vscore 0.6078793078793079, nonzero_jaccard_per 0.7567567567567568 best nonzero_jaccard_per 0.7837837837837838
batch 2000, tloss 0.09361597187434381, vscore 0.6078793078793079, nonzero_jaccard_per 0.7567567567567568 best nonzero_jaccard_per 0.7837837837837838
batch 2250, tloss 0.08997698834062612, vscore 0.6078793078793079, nonzero_jaccard_per 0.7567567567567568 best nonzero_jaccard_per 0.7837837837837838
fold 4 best nonzero_jaccard_per 0.7837837837837838
5 fold cv nonzero_jaccard_per: 0.7980123621379227
fold 0
fold 0, only_chaii True, lang None, removecite False, splitjoin False
fold0 t/v: 891/223
0.6927278563489324
language
hindi    0.689228
tamil    0.699775
Name: jaccard, dtype: float64
fold 1
fold 1, only_chaii True, lang None, removecite False, splitjoin False
fold1 t/v: 891/223
0.6398045029210948
language
hindi    0.720190
tamil    0.477947
Name: jaccard, dtype: float64
fold 2
fold 2, only_chaii True, lang None, removecite False, splitjoin False
fold2 t/v: 891/223
0.7098582196841231
language
hindi    0.728792
tamil    0.671734
Name: jaccard, dtype: float64
fold 3
fold 3, only_chaii True, lang None, removecite False, splitjoin False
fold3 t/v: 891/223
0.6535447362801624
language
hindi    0.710810
tamil    0.535877
Name: jaccard, dtype: float64
fold 4
fold 4, only_chaii True, lang None, removecite False, splitjoin False
fold4 t/v: 892/222
0.6354318604318605
language
hindi    0.681016
tamil    0.542390
Name: jaccard, dtype: float64
FINISH
