Sun Aug 22 23:27:16 2021       
+-----------------------------------------------------------------------------+
| NVIDIA-SMI 460.80       Driver Version: 460.80       CUDA Version: 11.2     |
|-------------------------------+----------------------+----------------------+
| GPU  Name        Persistence-M| Bus-Id        Disp.A | Volatile Uncorr. ECC |
| Fan  Temp  Perf  Pwr:Usage/Cap|         Memory-Usage | GPU-Util  Compute M. |
|                               |                      |               MIG M. |
|===============================+======================+======================|
|   0  GeForce RTX 3090    Off  | 00000000:3E:00.0 Off |                  N/A |
| 43%   43C    P0    35W / 350W |      0MiB / 24268MiB |      0%      Default |
|                               |                      |                  N/A |
+-------------------------------+----------------------+----------------------+
                                                                               
+-----------------------------------------------------------------------------+
| Processes:                                                                  |
|  GPU   GI   CI        PID   Type   Process name                  GPU Memory |
|        ID   ID                                                   Usage      |
|=============================================================================|
|  No running processes found                                                 |
+-----------------------------------------------------------------------------+
nvcc: NVIDIA (R) Cuda compiler driver
Copyright (c) 2005-2020 NVIDIA Corporation
Built on Mon_Oct_12_20:09:46_PDT_2020
Cuda compilation tools, release 11.1, V11.1.105
Build cuda_11.1.TC455_06.29190527_0
START
----------------------------------------
2021-08-22 23:28:05.023001
squad1.2tamil-xrobl-ep2-bs4-ga1-lr5e-06-adamw-wd0.01-cosann-wu0.1-dropoutTrue-evalsteps1000
{'accumulation_steps': 1,
 'batch_size': 4,
 'doc_stride': 128,
 'dropout': True,
 'epochs': 2,
 'eval_steps': 1000,
 'lr': 5e-06,
 'max_length': 512,
 'model_checkpoint': '../../input/deepset-xlm-roberta-large-squad2',
 'optimizer': 'adamw',
 'scheduler': 'cosann',
 'train_path': '../../input/squad1/squad1.2_ta_formatted.csv',
 'valid_path': '../../input/chaii-hindi-and-tamil-question-answering/train.csv',
 'warmup_ratio': 0.1,
 'weight_decay': 0.01}
----------------------------------------
['tamil'] ['tamil']
t/v: 38087/368
initial score 0.5046115192174975
language
tamil    0.504612
Name: jaccard, dtype: float64
batch 250, tloss 1.5271967647075653, vscore 0.5167783152837501, best score 0.5167783152837501
batch 500, tloss 0.9543498014211654, vscore 0.5477436361947232, best score 0.5477436361947232
batch 750, tloss 0.8489186735153198, vscore 0.5571995109359239, best score 0.5571995109359239
batch 1000, tloss 0.8243067140579223, vscore 0.5568371920953442, best score 0.5571995109359239
batch 1250, tloss 0.8016458337306976, vscore 0.5286798421988639, best score 0.5571995109359239
batch 1500, tloss 0.7309407540559769, vscore 0.5468831289483463, best score 0.5571995109359239
batch 1750, tloss 0.8384134588241577, vscore 0.5324906600042469, best score 0.5571995109359239
batch 2000, tloss 0.7457377047538757, vscore 0.5243870109359241, best score 0.5571995109359239
batch 2250, tloss 0.6842788317203522, vscore 0.5310958817752295, best score 0.5571995109359239
batch 2500, tloss 0.773307214140892, vscore 0.5147567408436974, best score 0.5571995109359239
batch 2750, tloss 0.8378377618789673, vscore 0.5182135723575941, best score 0.5571995109359239
batch 3000, tloss 0.8157029767036438, vscore 0.5241568289801986, best score 0.5571995109359239
batch 3250, tloss 0.7628129091262817, vscore 0.5238176527578702, best score 0.5571995109359239
batch 3500, tloss 0.7437568588256835, vscore 0.5223011212820995, best score 0.5571995109359239
batch 3750, tloss 0.7719425117969513, vscore 0.5144782376439985, best score 0.5571995109359239
batch 4000, tloss 0.7290577540397644, vscore 0.5229082233873423, best score 0.5571995109359239
batch 4250, tloss 0.6805808674097061, vscore 0.5319219828766453, best score 0.5571995109359239
batch 4500, tloss 0.7719615536928177, vscore 0.5251073352975526, best score 0.5571995109359239
batch 4750, tloss 0.7790144730806351, vscore 0.5264757359186707, best score 0.5571995109359239
batch 5000, tloss 0.7742292238473892, vscore 0.5219473310505919, best score 0.5571995109359239
batch 5250, tloss 0.7182562749385834, vscore 0.5516310154217763, best score 0.5571995109359239
batch 5500, tloss 0.7608270246982575, vscore 0.5314317400594575, best score 0.5571995109359239
batch 5750, tloss 0.7338281786441803, vscore 0.5622935413016935, best score 0.5622935413016935
batch 6000, tloss 0.749286992073059, vscore 0.527860809178744, best score 0.5622935413016935
batch 6250, tloss 0.7019792038202286, vscore 0.5450186965811966, best score 0.5622935413016935
batch 6500, tloss 0.7347499678134918, vscore 0.5485129830917874, best score 0.5622935413016935
batch 6750, tloss 0.6838638515472412, vscore 0.5458015640760207, best score 0.5622935413016935
batch 7000, tloss 0.696972019970417, vscore 0.5478196999256781, best score 0.5622935413016935
batch 7250, tloss 0.6698537130355835, vscore 0.5371765839836492, best score 0.5622935413016935
batch 7500, tloss 0.6884985947608948, vscore 0.5192228891277805, best score 0.5622935413016935
batch 7750, tloss 0.604383677482605, vscore 0.5189058601422731, best score 0.5622935413016935
batch 8000, tloss 0.6388632959127426, vscore 0.5310817805383022, best score 0.5622935413016935
batch 8250, tloss 0.6367485457062722, vscore 0.5172360248447205, best score 0.5622935413016935
batch 8500, tloss 0.6506813058853149, vscore 0.5085759575569359, best score 0.5622935413016935
batch 8750, tloss 0.6299163494110107, vscore 0.507648593857833, best score 0.5622935413016935
batch 9000, tloss 0.7060031147003174, vscore 0.502402518978606, best score 0.5622935413016935
batch 9250, tloss 0.6438233003616333, vscore 0.4973354468599034, best score 0.5622935413016935
batch 9500, tloss 0.7096678878068924, vscore 0.5187958704942401, best score 0.5622935413016935
batch 250, tloss 0.4992872650623322, vscore 0.5303296869193609, best score 0.5622935413016935
batch 500, tloss 0.3754188589453697, vscore 0.5137039967882359, best score 0.5622935413016935
batch 750, tloss 0.3655476482510567, vscore 0.49950620786218614, best score 0.5622935413016935
batch 1000, tloss 0.32606152272224426, vscore 0.515651643916089, best score 0.5622935413016935
batch 1250, tloss 0.33786386078596115, vscore 0.5221803507165349, best score 0.5622935413016935
batch 1500, tloss 0.3043171275854111, vscore 0.5172820786986977, best score 0.5622935413016935
batch 1750, tloss 0.3393763243556023, vscore 0.5146552671044948, best score 0.5622935413016935
batch 2000, tloss 0.352414388358593, vscore 0.5115043871873105, best score 0.5622935413016935
batch 2250, tloss 0.3024804258942604, vscore 0.5243020062349295, best score 0.5622935413016935
batch 2500, tloss 0.2908222053050995, vscore 0.5075900497131904, best score 0.5622935413016935
batch 2750, tloss 0.36263055449724196, vscore 0.5088883588919344, best score 0.5622935413016935
batch 3000, tloss 0.3079227696061134, vscore 0.5126553624515582, best score 0.5622935413016935
batch 3250, tloss 0.32408267724514006, vscore 0.5186983231140839, best score 0.5622935413016935
batch 3500, tloss 0.333478086233139, vscore 0.5371312941285767, best score 0.5622935413016935
batch 3750, tloss 0.3319463955760002, vscore 0.5192597357035286, best score 0.5622935413016935
batch 4000, tloss 0.2590074139237404, vscore 0.5180297585868239, best score 0.5622935413016935
batch 4250, tloss 0.31053425127267836, vscore 0.5181727791817895, best score 0.5622935413016935
batch 4500, tloss 0.2773759099245071, vscore 0.5213624789747502, best score 0.5622935413016935
batch 4750, tloss 0.3792924944758415, vscore 0.5157875134813065, best score 0.5622935413016935
batch 5000, tloss 0.38147228664159777, vscore 0.5175775410865514, best score 0.5622935413016935
batch 5250, tloss 0.3279690427184105, vscore 0.5153648081672967, best score 0.5622935413016935
batch 5500, tloss 0.3501413523554802, vscore 0.5094318371528039, best score 0.5622935413016935
batch 5750, tloss 0.2966521444320679, vscore 0.5076583817752296, best score 0.5622935413016935
batch 6000, tloss 0.2731929286122322, vscore 0.506435555688273, best score 0.5622935413016935
batch 6250, tloss 0.3120370337963104, vscore 0.5092808709692291, best score 0.5622935413016935
batch 6500, tloss 0.30323174118995666, vscore 0.5069408951238185, best score 0.5622935413016935
batch 6750, tloss 0.30193801885843274, vscore 0.5103446019242643, best score 0.5622935413016935
batch 7000, tloss 0.27739254927635193, vscore 0.5131454219090089, best score 0.5622935413016935
batch 7250, tloss 0.25319348710775375, vscore 0.5173645294604963, best score 0.5622935413016935
batch 7500, tloss 0.2885747328400612, vscore 0.5124660740829219, best score 0.5622935413016935
batch 7750, tloss 0.318097889482975, vscore 0.5153264859822354, best score 0.5622935413016935
batch 8000, tloss 0.36450325095653535, vscore 0.5146471381561485, best score 0.5622935413016935
batch 8250, tloss 0.33431912821531296, vscore 0.5139677903300616, best score 0.5622935413016935
batch 8500, tloss 0.3395480508208275, vscore 0.5145112685909311, best score 0.5622935413016935
batch 8750, tloss 0.2833388600945473, vscore 0.5145112685909311, best score 0.5622935413016935
batch 9000, tloss 0.3246462432146072, vscore 0.5145112685909311, best score 0.5622935413016935
batch 9250, tloss 0.281988548874855, vscore 0.5145112685909311, best score 0.5622935413016935
batch 9500, tloss 0.3403786994814873, vscore 0.5157189980595301, best score 0.5622935413016935
FINISH
