Sat Nov  6 03:38:23 2021       
+-----------------------------------------------------------------------------+
| NVIDIA-SMI 460.73.01    Driver Version: 460.73.01    CUDA Version: 11.2     |
|-------------------------------+----------------------+----------------------+
| GPU  Name        Persistence-M| Bus-Id        Disp.A | Volatile Uncorr. ECC |
| Fan  Temp  Perf  Pwr:Usage/Cap|         Memory-Usage | GPU-Util  Compute M. |
|                               |                      |               MIG M. |
|===============================+======================+======================|
|   0  A10                 On   | 00000000:45:00.0 Off |                    0 |
|  0%   63C    P0    67W / 150W |      0MiB / 22731MiB |      0%      Default |
|                               |                      |                  N/A |
+-------------------------------+----------------------+----------------------+
                                                                               
+-----------------------------------------------------------------------------+
| Processes:                                                                  |
|  GPU   GI   CI        PID   Type   Process name                  GPU Memory |
|        ID   ID                                                   Usage      |
|=============================================================================|
|  No running processes found                                                 |
+-----------------------------------------------------------------------------+
nvcc: NVIDIA (R) Cuda compiler driver
Copyright (c) 2005-2020 NVIDIA Corporation
Built on Mon_Oct_12_20:09:46_PDT_2020
Cuda compilation tools, release 11.1, V11.1.105
Build cuda_11.1.TC455_06.29190527_0
START
{'accumulation_steps': 4,
 'batch_size': 4,
 'doc_stride': 128,
 'downsample': 0.2,
 'dropout': 0.1,
 'epochs': 3,
 'lr': 1e-05,
 'max_length': 512,
 'model_checkpoint': '/gpfsnyu/scratch/yw3642/chaii/input/deepset-xlm-roberta-large-squad2',
 'train_path': '/gpfsnyu/scratch/yw3642/chaii/input/train0917/merged0917.csv',
 'warmup_ratio': 0.1,
 'weight_decay': 0.0}
2021-11-06-03:39:24
seed 0
ep 0, tloss0.09355773442186588
ep 1, tloss0.07739774744524512
ep 2, tloss0.06742903778286174
FINISH
