Sun Oct 17 22:31:22 2021       
+-----------------------------------------------------------------------------+
| NVIDIA-SMI 460.80       Driver Version: 460.80       CUDA Version: 11.2     |
|-------------------------------+----------------------+----------------------+
| GPU  Name        Persistence-M| Bus-Id        Disp.A | Volatile Uncorr. ECC |
| Fan  Temp  Perf  Pwr:Usage/Cap|         Memory-Usage | GPU-Util  Compute M. |
|                               |                      |               MIG M. |
|===============================+======================+======================|
|   0  GeForce RTX 3090    Off  | 00000000:44:00.0 Off |                  N/A |
| 33%   36C    P8    23W / 350W |      0MiB / 24268MiB |      0%      Default |
|                               |                      |                  N/A |
+-------------------------------+----------------------+----------------------+
                                                                               
+-----------------------------------------------------------------------------+
| Processes:                                                                  |
|  GPU   GI   CI        PID   Type   Process name                  GPU Memory |
|        ID   ID                                                   Usage      |
|=============================================================================|
|  No running processes found                                                 |
+-----------------------------------------------------------------------------+
nvcc: NVIDIA (R) Cuda compiler driver
Copyright (c) 2005-2020 NVIDIA Corporation
Built on Mon_Oct_12_20:09:46_PDT_2020
Cuda compilation tools, release 11.1, V11.1.105
Build cuda_11.1.TC455_06.29190527_0
START
{'accumulation_steps': 1,
 'batch_size': 4,
 'doc_stride': 128,
 'downext': True,
 'dropout': 0.2,
 'epochs': 3,
 'eval_steps': 1000,
 'geoloss': False,
 'hdropout': 0.5,
 'lr': 1e-05,
 'max_length': 512,
 'metric': 'nonzero_jaccard_per',
 'model_checkpoint': '/gpfsnyu/scratch/yw3642/chaii/input/google-rembert',
 'nlast': 1,
 'optimizer': 'adamw',
 'scheduler': 'cosann',
 'seed': 3407,
 'time': '2021-10-17-22:32:33',
 'train_path': '/gpfsnyu/scratch/yw3642/chaii/input/train0917/merged0917.csv',
 'warmup_ratio': 0.1,
 'weight_decay': 0.0,
 'weight_path': '/gpfsnyu/scratch/yw3642/chaii/working/model/2021-10-16-19:54:35/checkpoint-97905/pytorch_model.bin'}
fold 0
fold 0, only_chaii False, lang None, removecite False, splitjoin False
fold0 t/v: 2214/223
initial mean jaccard 0.6338378176382661
initial nonzero jaccard percentage 0.7533632286995515
using metric: nonzero_jaccard_per
batch 250, tloss 1.3737523698806762, vscore 0.6423579970104634, nonzero_jaccard_per 0.7623318385650224 best nonzero_jaccard_per 0.7623318385650224
batch 500, tloss 0.8186267266264767, vscore 0.6872437540038437, nonzero_jaccard_per 0.8116591928251121 best nonzero_jaccard_per 0.8116591928251121
batch 750, tloss 0.5584487838902278, vscore 0.6873544056840021, nonzero_jaccard_per 0.7847533632286996 best nonzero_jaccard_per 0.8116591928251121
batch 1000, tloss 0.5393626644837204, vscore 0.6837717028860526, nonzero_jaccard_per 0.7892376681614349 best nonzero_jaccard_per 0.8116591928251121
batch 1250, tloss 0.5095947042128537, vscore 0.6562219730941703, nonzero_jaccard_per 0.7668161434977578 best nonzero_jaccard_per 0.8116591928251121
batch 1500, tloss 0.4083317903156858, vscore 0.6673579970104634, nonzero_jaccard_per 0.7757847533632287 best nonzero_jaccard_per 0.8116591928251121
batch 1750, tloss 0.44074501094035806, vscore 0.673822869955157, nonzero_jaccard_per 0.7802690582959642 best nonzero_jaccard_per 0.8116591928251121
batch 2000, tloss 0.4448403726632241, vscore 0.6607810164424515, nonzero_jaccard_per 0.7757847533632287 best nonzero_jaccard_per 0.8116591928251121
batch 2250, tloss 0.46264266524731645, vscore 0.6959454409566517, nonzero_jaccard_per 0.8026905829596412 best nonzero_jaccard_per 0.8116591928251121
batch 250, tloss 1.0591418615803123, vscore 0.6676127870634597, nonzero_jaccard_per 0.7892376681614349 best nonzero_jaccard_per 0.8116591928251121
batch 500, tloss 0.23713535677362232, vscore 0.6679864791411877, nonzero_jaccard_per 0.7847533632286996 best nonzero_jaccard_per 0.8116591928251121
batch 750, tloss 0.215794873503095, vscore 0.6966826335099878, nonzero_jaccard_per 0.8116591928251121 best nonzero_jaccard_per 0.8116591928251121
batch 1000, tloss 0.2668547442027484, vscore 0.6947088598994428, nonzero_jaccard_per 0.8071748878923767 best nonzero_jaccard_per 0.8116591928251121
batch 1250, tloss 0.24451932718165334, vscore 0.6753923766816144, nonzero_jaccard_per 0.7892376681614349 best nonzero_jaccard_per 0.8116591928251121
batch 1500, tloss 0.23815430844400542, vscore 0.7059977578475336, nonzero_jaccard_per 0.8251121076233184 best nonzero_jaccard_per 0.8251121076233184
batch 1750, tloss 0.22837821626360527, vscore 0.6862543597409069, nonzero_jaccard_per 0.8071748878923767 best nonzero_jaccard_per 0.8251121076233184
batch 2000, tloss 0.23466883705952205, vscore 0.6911301516122145, nonzero_jaccard_per 0.8116591928251121 best nonzero_jaccard_per 0.8251121076233184
batch 2250, tloss 0.22732421487150714, vscore 0.7204222720478326, nonzero_jaccard_per 0.8340807174887892 best nonzero_jaccard_per 0.8340807174887892
batch 250, tloss 0.8892897916864604, vscore 0.7109732009395686, nonzero_jaccard_per 0.8295964125560538 best nonzero_jaccard_per 0.8340807174887892
batch 500, tloss 0.07369596777198603, vscore 0.6935965193252188, nonzero_jaccard_per 0.8026905829596412 best nonzero_jaccard_per 0.8340807174887892
batch 750, tloss 0.08202588430495235, vscore 0.6915038436899423, nonzero_jaccard_per 0.8026905829596412 best nonzero_jaccard_per 0.8340807174887892
batch 1000, tloss 0.08222621507936856, vscore 0.6857116164851591, nonzero_jaccard_per 0.8026905829596412 best nonzero_jaccard_per 0.8340807174887892
batch 1250, tloss 0.10463216895770165, vscore 0.6845905402519753, nonzero_jaccard_per 0.7982062780269058 best nonzero_jaccard_per 0.8340807174887892
batch 1500, tloss 0.0799418777845276, vscore 0.6879537689515268, nonzero_jaccard_per 0.8071748878923767 best nonzero_jaccard_per 0.8340807174887892
batch 1750, tloss 0.0844822687701817, vscore 0.6879537689515268, nonzero_jaccard_per 0.8071748878923767 best nonzero_jaccard_per 0.8340807174887892
batch 2000, tloss 0.06152605870357365, vscore 0.6917974588938713, nonzero_jaccard_per 0.8071748878923767 best nonzero_jaccard_per 0.8340807174887892
batch 2250, tloss 0.0661694255133043, vscore 0.6917974588938713, nonzero_jaccard_per 0.8071748878923767 best nonzero_jaccard_per 0.8340807174887892
fold 0 best nonzero_jaccard_per 0.8340807174887892
fold 1
fold 1, only_chaii False, lang None, removecite False, splitjoin False
fold1 t/v: 2214/223
initial mean jaccard 0.5986440316036727
initial nonzero jaccard percentage 0.6995515695067265
using metric: nonzero_jaccard_per
batch 250, tloss 1.525340758115053, vscore 0.6086269485372624, nonzero_jaccard_per 0.7130044843049327 best nonzero_jaccard_per 0.7130044843049327
batch 500, tloss 0.729348239275685, vscore 0.6478913089899636, nonzero_jaccard_per 0.757847533632287 best nonzero_jaccard_per 0.757847533632287
batch 750, tloss 0.5563097261064686, vscore 0.6226781813104681, nonzero_jaccard_per 0.7443946188340808 best nonzero_jaccard_per 0.757847533632287
batch 1000, tloss 0.5841220556118641, vscore 0.6423201487102833, nonzero_jaccard_per 0.7668161434977578 best nonzero_jaccard_per 0.7668161434977578
batch 1250, tloss 0.43645549423410557, vscore 0.6268747570317077, nonzero_jaccard_per 0.7488789237668162 best nonzero_jaccard_per 0.7668161434977578
batch 1500, tloss 0.45082636397518216, vscore 0.6375845255890099, nonzero_jaccard_per 0.7713004484304933 best nonzero_jaccard_per 0.7713004484304933
batch 1750, tloss 0.38234708001452966, vscore 0.6210077914113789, nonzero_jaccard_per 0.757847533632287 best nonzero_jaccard_per 0.7713004484304933
batch 2000, tloss 0.47284269345144275, vscore 0.6159967585976555, nonzero_jaccard_per 0.7443946188340808 best nonzero_jaccard_per 0.7713004484304933
batch 2250, tloss 0.44749684460530986, vscore 0.6541133505259066, nonzero_jaccard_per 0.7713004484304933 best nonzero_jaccard_per 0.7713004484304933
batch 250, tloss 1.1577770668864251, vscore 0.6336634964437655, nonzero_jaccard_per 0.7533632286995515 best nonzero_jaccard_per 0.7713004484304933
batch 500, tloss 0.28661262179445474, vscore 0.6423206962444631, nonzero_jaccard_per 0.7533632286995515 best nonzero_jaccard_per 0.7713004484304933
batch 750, tloss 0.2531836139851366, vscore 0.6528588128363914, nonzero_jaccard_per 0.7757847533632287 best nonzero_jaccard_per 0.7757847533632287
batch 1000, tloss 0.23456326870757038, vscore 0.6513017625125248, nonzero_jaccard_per 0.7713004484304933 best nonzero_jaccard_per 0.7757847533632287
batch 1250, tloss 0.2308897368383332, vscore 0.6437407261398294, nonzero_jaccard_per 0.7713004484304933 best nonzero_jaccard_per 0.7757847533632287
batch 1500, tloss 0.2593452827180154, vscore 0.6444756538926943, nonzero_jaccard_per 0.7802690582959642 best nonzero_jaccard_per 0.7802690582959642
batch 1750, tloss 0.19426640674634837, vscore 0.6368025098966802, nonzero_jaccard_per 0.7713004484304933 best nonzero_jaccard_per 0.7802690582959642
batch 2000, tloss 0.17104386722517664, vscore 0.6389574675449115, nonzero_jaccard_per 0.7668161434977578 best nonzero_jaccard_per 0.7802690582959642
batch 2250, tloss 0.1848731208362733, vscore 0.6629111297272732, nonzero_jaccard_per 0.7982062780269058 best nonzero_jaccard_per 0.7982062780269058
batch 250, tloss 0.8818078209031374, vscore 0.6322185537432174, nonzero_jaccard_per 0.7713004484304933 best nonzero_jaccard_per 0.7982062780269058
batch 500, tloss 0.07046100279796519, vscore 0.6553251805493957, nonzero_jaccard_per 0.7937219730941704 best nonzero_jaccard_per 0.7982062780269058
batch 750, tloss 0.06801081263861852, vscore 0.6465434167227889, nonzero_jaccard_per 0.7802690582959642 best nonzero_jaccard_per 0.7982062780269058
batch 1000, tloss 0.10496500819333596, vscore 0.6443012642564212, nonzero_jaccard_per 0.7757847533632287 best nonzero_jaccard_per 0.7982062780269058
batch 1250, tloss 0.10048328726526233, vscore 0.6365160126370889, nonzero_jaccard_per 0.7713004484304933 best nonzero_jaccard_per 0.7982062780269058
batch 1500, tloss 0.057431518246463385, vscore 0.6395055492589125, nonzero_jaccard_per 0.7757847533632287 best nonzero_jaccard_per 0.7982062780269058
batch 1750, tloss 0.0906159736393456, vscore 0.6406266254920964, nonzero_jaccard_per 0.7757847533632287 best nonzero_jaccard_per 0.7982062780269058
batch 2000, tloss 0.08045033113429963, vscore 0.635021244326177, nonzero_jaccard_per 0.7757847533632287 best nonzero_jaccard_per 0.7982062780269058
batch 2250, tloss 0.11659655478021887, vscore 0.635021244326177, nonzero_jaccard_per 0.7757847533632287 best nonzero_jaccard_per 0.7982062780269058
fold 1 best nonzero_jaccard_per 0.7982062780269058
fold 2
fold 2, only_chaii False, lang None, removecite False, splitjoin False
fold2 t/v: 2214/223
initial mean jaccard 0.5769121386834392
initial nonzero jaccard percentage 0.7399103139013453
using metric: nonzero_jaccard_per
batch 250, tloss 1.450478712797165, vscore 0.571851280259352, nonzero_jaccard_per 0.7174887892376681 best nonzero_jaccard_per 0.7399103139013453
batch 500, tloss 0.7212352108136402, vscore 0.6395303127365907, nonzero_jaccard_per 0.7757847533632287 best nonzero_jaccard_per 0.7757847533632287
batch 750, tloss 0.5448629825343377, vscore 0.634933900180537, nonzero_jaccard_per 0.7713004484304933 best nonzero_jaccard_per 0.7757847533632287
batch 1000, tloss 0.43855841310415417, vscore 0.6543925805136568, nonzero_jaccard_per 0.7847533632286996 best nonzero_jaccard_per 0.7847533632286996
batch 1250, tloss 0.5517236755990889, vscore 0.6522536382401851, nonzero_jaccard_per 0.7802690582959642 best nonzero_jaccard_per 0.7847533632286996
batch 1500, tloss 0.47107145059248434, vscore 0.6648292663987729, nonzero_jaccard_per 0.7847533632286996 best nonzero_jaccard_per 0.7847533632286996
batch 1750, tloss 0.4842903657415882, vscore 0.6783346236986437, nonzero_jaccard_per 0.7892376681614349 best nonzero_jaccard_per 0.7892376681614349
batch 2000, tloss 0.4061382899656892, vscore 0.6888950362044531, nonzero_jaccard_per 0.8295964125560538 best nonzero_jaccard_per 0.8295964125560538
batch 2250, tloss 0.367563594665844, vscore 0.6513336439345407, nonzero_jaccard_per 0.7847533632286996 best nonzero_jaccard_per 0.8295964125560538
batch 250, tloss 1.0894911940880119, vscore 0.6703172014831208, nonzero_jaccard_per 0.8026905829596412 best nonzero_jaccard_per 0.8295964125560538
batch 500, tloss 0.23546022606623593, vscore 0.6901539702713535, nonzero_jaccard_per 0.8116591928251121 best nonzero_jaccard_per 0.8295964125560538
batch 750, tloss 0.2512284283082699, vscore 0.6911745578785938, nonzero_jaccard_per 0.8071748878923767 best nonzero_jaccard_per 0.8295964125560538
batch 1000, tloss 0.22513743409706513, vscore 0.6949027429969133, nonzero_jaccard_per 0.8116591928251121 best nonzero_jaccard_per 0.8295964125560538
batch 1250, tloss 0.2562063626641175, vscore 0.6789761807699026, nonzero_jaccard_per 0.8116591928251121 best nonzero_jaccard_per 0.8295964125560538
batch 1500, tloss 0.15089599209834706, vscore 0.6657207889270671, nonzero_jaccard_per 0.7757847533632287 best nonzero_jaccard_per 0.8295964125560538
batch 1750, tloss 0.24520211113709955, vscore 0.6974098771183973, nonzero_jaccard_per 0.820627802690583 best nonzero_jaccard_per 0.8295964125560538
batch 2000, tloss 0.2102344745095761, vscore 0.7144021897385125, nonzero_jaccard_per 0.852017937219731 best nonzero_jaccard_per 0.852017937219731
batch 2250, tloss 0.2147968866888259, vscore 0.70879147011434, nonzero_jaccard_per 0.8340807174887892 best nonzero_jaccard_per 0.852017937219731
batch 250, tloss 0.9122210104838013, vscore 0.7187253988427821, nonzero_jaccard_per 0.8340807174887892 best nonzero_jaccard_per 0.852017937219731
batch 500, tloss 0.08816135743807535, vscore 0.722675857950192, nonzero_jaccard_per 0.8340807174887892 best nonzero_jaccard_per 0.852017937219731
batch 750, tloss 0.05436900522746146, vscore 0.7169166035757963, nonzero_jaccard_per 0.8251121076233184 best nonzero_jaccard_per 0.852017937219731
batch 1000, tloss 0.07182727742241696, vscore 0.7260720594801312, nonzero_jaccard_per 0.8340807174887892 best nonzero_jaccard_per 0.852017937219731
batch 1250, tloss 0.07675493558865855, vscore 0.7264457515578591, nonzero_jaccard_per 0.8385650224215246 best nonzero_jaccard_per 0.852017937219731
batch 1500, tloss 0.0789040265159856, vscore 0.7281273659076349, nonzero_jaccard_per 0.8385650224215246 best nonzero_jaccard_per 0.852017937219731
batch 1750, tloss 0.08644494356922224, vscore 0.7292484421408187, nonzero_jaccard_per 0.8430493273542601 best nonzero_jaccard_per 0.852017937219731
batch 2000, tloss 0.06157286730062333, vscore 0.7287679808980257, nonzero_jaccard_per 0.8430493273542601 best nonzero_jaccard_per 0.852017937219731
batch 2250, tloss 0.06364140680874698, vscore 0.7292484421408187, nonzero_jaccard_per 0.8430493273542601 best nonzero_jaccard_per 0.852017937219731
fold 2 best nonzero_jaccard_per 0.852017937219731
fold 3
fold 3, only_chaii False, lang None, removecite False, splitjoin False
fold3 t/v: 2214/223
initial mean jaccard 0.5684710655562674
initial nonzero jaccard percentage 0.7085201793721974
using metric: nonzero_jaccard_per
batch 250, tloss 1.4015331309884786, vscore 0.5479927396967756, nonzero_jaccard_per 0.6860986547085202 best nonzero_jaccard_per 0.7085201793721974
batch 500, tloss 0.7220804608524777, vscore 0.6346893017296604, nonzero_jaccard_per 0.7533632286995515 best nonzero_jaccard_per 0.7533632286995515
batch 750, tloss 0.5217954185106791, vscore 0.6350523168908819, nonzero_jaccard_per 0.757847533632287 best nonzero_jaccard_per 0.757847533632287
batch 1000, tloss 0.5286336080184556, vscore 0.6685137732222933, nonzero_jaccard_per 0.7937219730941704 best nonzero_jaccard_per 0.7937219730941704
batch 1250, tloss 0.4800384915260365, vscore 0.6448644031603673, nonzero_jaccard_per 0.7802690582959642 best nonzero_jaccard_per 0.7937219730941704
batch 1500, tloss 0.5050785464305664, vscore 0.6417253897074525, nonzero_jaccard_per 0.7802690582959642 best nonzero_jaccard_per 0.7937219730941704
batch 1750, tloss 0.5586181232579984, vscore 0.6726137091607943, nonzero_jaccard_per 0.7847533632286996 best nonzero_jaccard_per 0.7937219730941704
batch 2000, tloss 0.40003436534438513, vscore 0.6641575912876363, nonzero_jaccard_per 0.7802690582959642 best nonzero_jaccard_per 0.7937219730941704
batch 2250, tloss 0.38159290340647567, vscore 0.6658552210121716, nonzero_jaccard_per 0.8026905829596412 best nonzero_jaccard_per 0.8026905829596412
batch 250, tloss 1.0695004797019065, vscore 0.6302797352124707, nonzero_jaccard_per 0.7713004484304933 best nonzero_jaccard_per 0.8026905829596412
batch 500, tloss 0.2298101792265661, vscore 0.6651825752722614, nonzero_jaccard_per 0.7802690582959642 best nonzero_jaccard_per 0.8026905829596412
batch 750, tloss 0.2471636768997414, vscore 0.6793828742259237, nonzero_jaccard_per 0.7982062780269058 best nonzero_jaccard_per 0.8026905829596412
batch 1000, tloss 0.21109719522623346, vscore 0.6790839205637413, nonzero_jaccard_per 0.8071748878923767 best nonzero_jaccard_per 0.8071748878923767
batch 1250, tloss 0.2577420402527787, vscore 0.6589792867819774, nonzero_jaccard_per 0.7892376681614349 best nonzero_jaccard_per 0.8071748878923767
batch 1500, tloss 0.20039142162911594, vscore 0.6742259235532777, nonzero_jaccard_per 0.8071748878923767 best nonzero_jaccard_per 0.8071748878923767
batch 1750, tloss 0.24083115716837347, vscore 0.6894725603245783, nonzero_jaccard_per 0.8251121076233184 best nonzero_jaccard_per 0.8251121076233184
batch 2000, tloss 0.242401613581751, vscore 0.6990390775144139, nonzero_jaccard_per 0.8251121076233184 best nonzero_jaccard_per 0.8251121076233184
batch 2250, tloss 0.2086291348321829, vscore 0.6986653854366859, nonzero_jaccard_per 0.820627802690583 best nonzero_jaccard_per 0.8251121076233184
batch 250, tloss 0.8174232474993914, vscore 0.6973200939568653, nonzero_jaccard_per 0.8295964125560538 best nonzero_jaccard_per 0.8295964125560538
batch 500, tloss 0.09348991837509675, vscore 0.6832692718342943, nonzero_jaccard_per 0.8251121076233184 best nonzero_jaccard_per 0.8295964125560538
batch 750, tloss 0.11074450152460485, vscore 0.6902199444800342, nonzero_jaccard_per 0.8251121076233184 best nonzero_jaccard_per 0.8295964125560538
batch 1000, tloss 0.09946175443872926, vscore 0.6780375827461028, nonzero_jaccard_per 0.820627802690583 best nonzero_jaccard_per 0.8295964125560538
batch 1250, tloss 0.07024868549703388, vscore 0.6797565663036516, nonzero_jaccard_per 0.8161434977578476 best nonzero_jaccard_per 0.8295964125560538
batch 1500, tloss 0.0648714961620135, vscore 0.6731795857356395, nonzero_jaccard_per 0.8161434977578476 best nonzero_jaccard_per 0.8295964125560538
batch 1750, tloss 0.08745326515669877, vscore 0.6754217382020072, nonzero_jaccard_per 0.8161434977578476 best nonzero_jaccard_per 0.8295964125560538
batch 2000, tloss 0.056398568810618596, vscore 0.6754217382020072, nonzero_jaccard_per 0.8161434977578476 best nonzero_jaccard_per 0.8295964125560538
batch 2250, tloss 0.07575346151915437, vscore 0.6754217382020072, nonzero_jaccard_per 0.8161434977578476 best nonzero_jaccard_per 0.8295964125560538
fold 3 best nonzero_jaccard_per 0.8295964125560538
fold 4
fold 4, only_chaii False, lang None, removecite False, splitjoin False
fold4 t/v: 2215/222
initial mean jaccard 0.5584405834405834
initial nonzero jaccard percentage 0.7072072072072072
using metric: nonzero_jaccard_per
batch 250, tloss 1.3052740429714322, vscore 0.5754475254475254, nonzero_jaccard_per 0.7297297297297297 best nonzero_jaccard_per 0.7297297297297297
batch 500, tloss 0.7072007883641636, vscore 0.5857250107250107, nonzero_jaccard_per 0.7387387387387387 best nonzero_jaccard_per 0.7387387387387387
batch 750, tloss 0.5504100287831388, vscore 0.6119691119691119, nonzero_jaccard_per 0.7612612612612613 best nonzero_jaccard_per 0.7612612612612613
batch 1000, tloss 0.4680363521196414, vscore 0.6017964392964393, nonzero_jaccard_per 0.7387387387387387 best nonzero_jaccard_per 0.7612612612612613
batch 1250, tloss 0.5098205087634269, vscore 0.6265200265200265, nonzero_jaccard_per 0.7747747747747747 best nonzero_jaccard_per 0.7747747747747747
batch 1500, tloss 0.40927172164130027, vscore 0.6233233233233234, nonzero_jaccard_per 0.7657657657657657 best nonzero_jaccard_per 0.7747747747747747
batch 1750, tloss 0.44257932318840176, vscore 0.6399077649077648, nonzero_jaccard_per 0.7567567567567568 best nonzero_jaccard_per 0.7747747747747747
batch 2000, tloss 0.47403195658884945, vscore 0.6251777751777752, nonzero_jaccard_per 0.7882882882882883 best nonzero_jaccard_per 0.7882882882882883
batch 2250, tloss 0.49872620986559196, vscore 0.6546946296946298, nonzero_jaccard_per 0.7702702702702703 best nonzero_jaccard_per 0.7882882882882883
batch 250, tloss 1.1131913395673037, vscore 0.6034983034983035, nonzero_jaccard_per 0.7342342342342343 best nonzero_jaccard_per 0.7882882882882883
batch 500, tloss 0.24454625271231634, vscore 0.6298876798876798, nonzero_jaccard_per 0.7747747747747747 best nonzero_jaccard_per 0.7882882882882883
batch 750, tloss 0.22378170904862055, vscore 0.6314964314964315, nonzero_jaccard_per 0.7657657657657657 best nonzero_jaccard_per 0.7882882882882883
batch 1000, tloss 0.2430262855719193, vscore 0.6329657579657579, nonzero_jaccard_per 0.7837837837837838 best nonzero_jaccard_per 0.7882882882882883
batch 1250, tloss 0.2586189440636954, vscore 0.641032916032916, nonzero_jaccard_per 0.7927927927927928 best nonzero_jaccard_per 0.7927927927927928
batch 1500, tloss 0.2195715719157597, vscore 0.6438867438867439, nonzero_jaccard_per 0.7972972972972973 best nonzero_jaccard_per 0.7972972972972973
batch 1750, tloss 0.20021065639796143, vscore 0.6734984984984984, nonzero_jaccard_per 0.8108108108108109 best nonzero_jaccard_per 0.8108108108108109
batch 2000, tloss 0.16514328311983262, vscore 0.6650793650793652, nonzero_jaccard_per 0.8063063063063063 best nonzero_jaccard_per 0.8108108108108109
batch 2250, tloss 0.2001251057676127, vscore 0.6618296868296868, nonzero_jaccard_per 0.7972972972972973 best nonzero_jaccard_per 0.8108108108108109
batch 250, tloss 0.8676320592612028, vscore 0.6485950235950236, nonzero_jaccard_per 0.7927927927927928 best nonzero_jaccard_per 0.8108108108108109
batch 500, tloss 0.07981535276518843, vscore 0.6649828399828399, nonzero_jaccard_per 0.8063063063063063 best nonzero_jaccard_per 0.8108108108108109
batch 750, tloss 0.08405949213169515, vscore 0.663009438009438, nonzero_jaccard_per 0.7972972972972973 best nonzero_jaccard_per 0.8108108108108109
batch 1000, tloss 0.06715616690041497, vscore 0.6697661947661947, nonzero_jaccard_per 0.8063063063063063 best nonzero_jaccard_per 0.8108108108108109
batch 1250, tloss 0.07768269658256031, vscore 0.6783111033111033, nonzero_jaccard_per 0.8108108108108109 best nonzero_jaccard_per 0.8108108108108109
batch 1500, tloss 0.05810667909112817, vscore 0.6705032955032955, nonzero_jaccard_per 0.8063063063063063 best nonzero_jaccard_per 0.8108108108108109
batch 1750, tloss 0.06830003319490788, vscore 0.6750078000077999, nonzero_jaccard_per 0.8108108108108109 best nonzero_jaccard_per 0.8108108108108109
batch 2000, tloss 0.08305493058501452, vscore 0.6750078000077999, nonzero_jaccard_per 0.8108108108108109 best nonzero_jaccard_per 0.8108108108108109
batch 2250, tloss 0.07680244413553737, vscore 0.6750078000077999, nonzero_jaccard_per 0.8108108108108109 best nonzero_jaccard_per 0.8108108108108109
fold 4 best nonzero_jaccard_per 0.8108108108108109
5 fold cv nonzero_jaccard_per: 0.824942431220458
fold 0
fold 0, only_chaii True, lang None, removecite False, splitjoin False
fold0 t/v: 891/223
0.7360853085628871
language
hindi    0.745170
tamil    0.717793
Name: jaccard, dtype: float64
fold 1
fold 1, only_chaii True, lang None, removecite False, splitjoin False
fold1 t/v: 891/223
0.6629111297272732
language
hindi    0.736503
tamil    0.514734
Name: jaccard, dtype: float64
fold 2
fold 2, only_chaii True, lang None, removecite False, splitjoin False
fold2 t/v: 891/223
0.7144021897385125
language
hindi    0.729161
tamil    0.684685
Name: jaccard, dtype: float64
fold 3
fold 3, only_chaii True, lang None, removecite False, splitjoin False
fold3 t/v: 891/223
0.6866645312833652
language
hindi    0.743714
tamil    0.569439
Name: jaccard, dtype: float64
fold 4
fold 4, only_chaii True, lang None, removecite False, splitjoin False
fold4 t/v: 892/222
0.6734984984984984
language
hindi    0.713870
tamil    0.591096
Name: jaccard, dtype: float64
FINISH
