Mon Aug 23 15:53:43 2021       
+-----------------------------------------------------------------------------+
| NVIDIA-SMI 460.80       Driver Version: 460.80       CUDA Version: 11.2     |
|-------------------------------+----------------------+----------------------+
| GPU  Name        Persistence-M| Bus-Id        Disp.A | Volatile Uncorr. ECC |
| Fan  Temp  Perf  Pwr:Usage/Cap|         Memory-Usage | GPU-Util  Compute M. |
|                               |                      |               MIG M. |
|===============================+======================+======================|
|   0  GeForce RTX 3090    Off  | 00000000:3E:00.0 Off |                  N/A |
| 43%   33C    P0    34W / 350W |      0MiB / 24268MiB |      0%      Default |
|                               |                      |                  N/A |
+-------------------------------+----------------------+----------------------+
                                                                               
+-----------------------------------------------------------------------------+
| Processes:                                                                  |
|  GPU   GI   CI        PID   Type   Process name                  GPU Memory |
|        ID   ID                                                   Usage      |
|=============================================================================|
|  No running processes found                                                 |
+-----------------------------------------------------------------------------+
nvcc: NVIDIA (R) Cuda compiler driver
Copyright (c) 2005-2020 NVIDIA Corporation
Built on Mon_Oct_12_20:09:46_PDT_2020
Cuda compilation tools, release 11.1, V11.1.105
Build cuda_11.1.TC455_06.29190527_0
START
----------------------------------------
2021-08-23 15:56:14.410924
squad1.2tamil-comb-xrobl-ep1-bs4-ga1-lr5e-06-adamw-wd0.01-cosann-wu0.1-dropoutTrue-evalsteps1000
{'accumulation_steps': 1,
 'batch_size': 4,
 'chaii_path': '../../input/chaii-hindi-and-tamil-question-answering/chaii-mlqa-xquad-5folds-count_leq15.csv',
 'doc_stride': 128,
 'dropout': True,
 'epochs': 1,
 'eval_steps': 1000,
 'ext_path': '../../input/squad1/squad1.2_ta_formatted.csv',
 'lr': 5e-06,
 'max_length': 512,
 'model_checkpoint': '../../input/deepset-xlm-roberta-large-squad2',
 'optimizer': 'adamw',
 'scheduler': 'cosann',
 'warmup_ratio': 0.1,
 'weight_decay': 0.01}
----------------------------------------
----------------------------------------
0
----------------------------------------
t/v: 7895/70
initial score 0.5278571428571429
language
tamil    0.527857
Name: jaccard, dtype: float64
batch 250, tloss 1.1316698861122132, vscore 0.5626530612244898, best score 0.5626530612244898
batch 500, tloss 0.7395129184722901, vscore 0.5290816326530612, best score 0.5626530612244898
batch 750, tloss 0.6936941454410553, vscore 0.5947959183673469, best score 0.5947959183673469
batch 1000, tloss 0.6618719186782837, vscore 0.5921768707482993, best score 0.5947959183673469
batch 1250, tloss 0.7236087048053741, vscore 0.6112244897959185, best score 0.6112244897959185
batch 1500, tloss 0.6980641431808472, vscore 0.5659863945578232, best score 0.6112244897959185
batch 1750, tloss 0.7171282134056092, vscore 0.5659863945578232, best score 0.6112244897959185
batch 2000, tloss 0.53382901263237, vscore 0.5731292517006803, best score 0.6112244897959185
batch 2250, tloss 0.6030694539546967, vscore 0.6017006802721089, best score 0.6112244897959185
batch 2500, tloss 0.6983212078809738, vscore 0.6017006802721089, best score 0.6112244897959185
----------------------------------------
1
----------------------------------------
t/v: 7895/70
initial score 0.5082967032967033
language
tamil    0.508297
Name: jaccard, dtype: float64
batch 250, tloss 1.1655519762039184, vscore 0.5354395604395604, best score 0.5354395604395604
batch 500, tloss 0.6991833519935607, vscore 0.5461538461538462, best score 0.5461538461538462
batch 750, tloss 0.6789740407466889, vscore 0.5604395604395604, best score 0.5604395604395604
batch 1000, tloss 0.626191170334816, vscore 0.5806776556776558, best score 0.5806776556776558
batch 1250, tloss 0.7133891153335571, vscore 0.5616300366300367, best score 0.5806776556776558
batch 1500, tloss 0.6708535959720612, vscore 0.5544871794871795, best score 0.5806776556776558
batch 1750, tloss 0.6391070420742035, vscore 0.5759157509157509, best score 0.5806776556776558
batch 2000, tloss 0.6771235680580139, vscore 0.583058608058608, best score 0.583058608058608
batch 2250, tloss 0.650691007733345, vscore 0.5723443223443223, best score 0.583058608058608
batch 2500, tloss 0.57272043800354, vscore 0.5723443223443223, best score 0.583058608058608
----------------------------------------
2
----------------------------------------
t/v: 7895/69
initial score 0.43236714975845414
language
tamil    0.432367
Name: jaccard, dtype: float64
batch 250, tloss 1.1387763216495514, vscore 0.5241545893719807, best score 0.5241545893719807
batch 500, tloss 0.7459950244426727, vscore 0.4504830917874396, best score 0.5241545893719807
batch 750, tloss 0.7505028772354126, vscore 0.4770531400966183, best score 0.5241545893719807
batch 1000, tloss 0.6995815494060517, vscore 0.45700483091787436, best score 0.5241545893719807
batch 1250, tloss 0.6775929565429688, vscore 0.485024154589372, best score 0.5241545893719807
batch 1500, tloss 0.6989870135784149, vscore 0.46328502415458933, best score 0.5241545893719807
batch 1750, tloss 0.6745807223320007, vscore 0.4823671497584541, best score 0.5241545893719807
batch 2000, tloss 0.6261123950481415, vscore 0.4968599033816425, best score 0.5241545893719807
batch 2250, tloss 0.6183707040548324, vscore 0.4968599033816425, best score 0.5241545893719807
batch 2500, tloss 0.6322181109189987, vscore 0.4968599033816425, best score 0.5241545893719807
----------------------------------------
3
----------------------------------------
t/v: 7895/69
initial score 0.5333793420749943
language
tamil    0.533379
Name: jaccard, dtype: float64
batch 250, tloss 1.0192395215034484, vscore 0.6505291005291006, best score 0.6505291005291006
batch 500, tloss 0.8021914148330689, vscore 0.6337589141936968, best score 0.6505291005291006
batch 750, tloss 0.7249585113525391, vscore 0.648044628479411, best score 0.6505291005291006
batch 1000, tloss 0.6764605751037598, vscore 0.619036116862204, best score 0.6505291005291006
batch 1250, tloss 0.6777816045284272, vscore 0.6483666896710375, best score 0.6505291005291006
batch 1500, tloss 0.6511389211416244, vscore 0.6552910052910053, best score 0.6552910052910053
batch 1750, tloss 0.5948464021682739, vscore 0.6407982516678168, best score 0.6552910052910053
batch 2000, tloss 0.6283963763713837, vscore 0.6263054980446284, best score 0.6552910052910053
batch 2250, tloss 0.6281290562152863, vscore 0.6263054980446284, best score 0.6552910052910053
batch 2500, tloss 0.5976801171302796, vscore 0.6263054980446284, best score 0.6552910052910053
----------------------------------------
4
----------------------------------------
t/v: 7895/69
initial score 0.5608178053830227
language
tamil    0.560818
Name: jaccard, dtype: float64
batch 250, tloss 1.1592043509483339, vscore 0.5193236714975845, best score 0.5608178053830227
batch 500, tloss 0.8388460016250611, vscore 0.5789855072463769, best score 0.5789855072463769
batch 750, tloss 0.6777484550476074, vscore 0.580624568668047, best score 0.580624568668047
batch 1000, tloss 0.681906899690628, vscore 0.5540545203588682, best score 0.580624568668047
batch 1250, tloss 0.6824616918563843, vscore 0.5274844720496894, best score 0.580624568668047
batch 1500, tloss 0.6346279580593109, vscore 0.5347308488612836, best score 0.580624568668047
batch 1750, tloss 0.6425047068595886, vscore 0.49487577639751557, best score 0.580624568668047
batch 2000, tloss 0.6733362839221955, vscore 0.545600414078675, best score 0.580624568668047
batch 2250, tloss 0.7097463204860687, vscore 0.5383540372670808, best score 0.580624568668047
batch 2500, tloss 0.5394994306564331, vscore 0.5383540372670808, best score 0.580624568668047
FINISH
