Mon Aug 16 01:13:23 2021       
+-----------------------------------------------------------------------------+
| NVIDIA-SMI 460.80       Driver Version: 460.80       CUDA Version: 11.2     |
|-------------------------------+----------------------+----------------------+
| GPU  Name        Persistence-M| Bus-Id        Disp.A | Volatile Uncorr. ECC |
| Fan  Temp  Perf  Pwr:Usage/Cap|         Memory-Usage | GPU-Util  Compute M. |
|                               |                      |               MIG M. |
|===============================+======================+======================|
|   0  GeForce RTX 3090    Off  | 00000000:3D:00.0 Off |                  N/A |
| 43%   30C    P0    35W / 350W |      0MiB / 24268MiB |      0%      Default |
|                               |                      |                  N/A |
+-------------------------------+----------------------+----------------------+
                                                                               
+-----------------------------------------------------------------------------+
| Processes:                                                                  |
|  GPU   GI   CI        PID   Type   Process name                  GPU Memory |
|        ID   ID                                                   Usage      |
|=============================================================================|
|  No running processes found                                                 |
+-----------------------------------------------------------------------------+
nvcc: NVIDIA (R) Cuda compiler driver
Copyright (c) 2005-2020 NVIDIA Corporation
Built on Mon_Oct_12_20:09:46_PDT_2020
Cuda compilation tools, release 11.1, V11.1.105
Build cuda_11.1.TC455_06.29190527_0
START
is cuda available: True
512 128
running fold 0
train/val samples: 1002/112
{'eval_loss': 0.326377272605896, 'eval_runtime': 6.673, 'eval_samples_per_second': 146.562, 'eval_steps_per_second': 9.291, 'epoch': 0.36}
{'eval_loss': 0.3508014380931854, 'eval_runtime': 6.6883, 'eval_samples_per_second': 146.225, 'eval_steps_per_second': 9.27, 'epoch': 0.72}
{'eval_loss': 0.2930273413658142, 'eval_runtime': 6.7461, 'eval_samples_per_second': 144.972, 'eval_steps_per_second': 9.19, 'epoch': 1.08}
{'eval_loss': 0.2877868115901947, 'eval_runtime': 6.7603, 'eval_samples_per_second': 144.668, 'eval_steps_per_second': 9.171, 'epoch': 1.44}
{'loss': 0.4385, 'learning_rate': 4.497991967871486e-06, 'epoch': 1.81}
{'eval_loss': 0.2750698924064636, 'eval_runtime': 6.7005, 'eval_samples_per_second': 145.959, 'eval_steps_per_second': 9.253, 'epoch': 1.81}
{'eval_loss': 0.28017207980155945, 'eval_runtime': 6.7167, 'eval_samples_per_second': 145.607, 'eval_steps_per_second': 9.231, 'epoch': 2.17}
{'eval_loss': 0.2817954421043396, 'eval_runtime': 6.6943, 'eval_samples_per_second': 146.095, 'eval_steps_per_second': 9.262, 'epoch': 2.53}
{'eval_loss': 0.28292956948280334, 'eval_runtime': 6.7003, 'eval_samples_per_second': 145.963, 'eval_steps_per_second': 9.253, 'epoch': 2.89}
{'train_runtime': 506.3641, 'train_samples_per_second': 52.462, 'train_steps_per_second': 1.641, 'train_loss': 0.3732010879241172, 'epoch': 3.0}
Post-processing 112 example predictions split into 978 features.
fold 0 jaccard: 0.6850393282312925
FINISH
