Sun Aug 15 21:44:57 2021       
+-----------------------------------------------------------------------------+
| NVIDIA-SMI 460.80       Driver Version: 460.80       CUDA Version: 11.2     |
|-------------------------------+----------------------+----------------------+
| GPU  Name        Persistence-M| Bus-Id        Disp.A | Volatile Uncorr. ECC |
| Fan  Temp  Perf  Pwr:Usage/Cap|         Memory-Usage | GPU-Util  Compute M. |
|                               |                      |               MIG M. |
|===============================+======================+======================|
|   0  GeForce RTX 3090    Off  | 00000000:44:00.0 Off |                  N/A |
| 35%   31C    P0    31W / 350W |      0MiB / 24268MiB |      0%      Default |
|                               |                      |                  N/A |
+-------------------------------+----------------------+----------------------+
                                                                               
+-----------------------------------------------------------------------------+
| Processes:                                                                  |
|  GPU   GI   CI        PID   Type   Process name                  GPU Memory |
|        ID   ID                                                   Usage      |
|=============================================================================|
|  No running processes found                                                 |
+-----------------------------------------------------------------------------+
nvcc: NVIDIA (R) Cuda compiler driver
Copyright (c) 2005-2020 NVIDIA Corporation
Built on Mon_Oct_12_20:09:46_PDT_2020
Cuda compilation tools, release 11.1, V11.1.105
Build cuda_11.1.TC455_06.29190527_0
START
is cuda available: True
running fold 0
train/val samples: 1002/112
{'eval_loss': 0.2908312678337097, 'eval_runtime': 7.0031, 'eval_samples_per_second': 210.05, 'eval_steps_per_second': 6.569, 'epoch': 0.24}
{'eval_loss': 0.2809837758541107, 'eval_runtime': 6.9268, 'eval_samples_per_second': 212.362, 'eval_steps_per_second': 6.641, 'epoch': 0.48}
{'eval_loss': 0.2544240355491638, 'eval_runtime': 6.8514, 'eval_samples_per_second': 214.701, 'eval_steps_per_second': 6.714, 'epoch': 0.72}
{'eval_loss': 0.29201385378837585, 'eval_runtime': 6.8833, 'eval_samples_per_second': 213.706, 'eval_steps_per_second': 6.683, 'epoch': 0.96}
{'loss': 0.3702, 'learning_rate': 6.705357142857143e-06, 'epoch': 1.2}
{'eval_loss': 0.2857445776462555, 'eval_runtime': 6.9811, 'eval_samples_per_second': 210.713, 'eval_steps_per_second': 6.589, 'epoch': 1.2}
{'eval_loss': 0.3145773112773895, 'eval_runtime': 7.0051, 'eval_samples_per_second': 209.988, 'eval_steps_per_second': 6.567, 'epoch': 1.45}
{'eval_loss': 0.2365346997976303, 'eval_runtime': 7.063, 'eval_samples_per_second': 208.268, 'eval_steps_per_second': 6.513, 'epoch': 1.69}
{'eval_loss': 0.2543720006942749, 'eval_runtime': 6.9485, 'eval_samples_per_second': 211.7, 'eval_steps_per_second': 6.62, 'epoch': 1.93}
{'eval_loss': 0.26450037956237793, 'eval_runtime': 7.0238, 'eval_samples_per_second': 209.429, 'eval_steps_per_second': 6.549, 'epoch': 2.17}
{'loss': 0.2268, 'learning_rate': 2.241071428571429e-06, 'epoch': 2.41}
{'eval_loss': 0.26172876358032227, 'eval_runtime': 6.9787, 'eval_samples_per_second': 210.783, 'eval_steps_per_second': 6.591, 'epoch': 2.41}
{'eval_loss': 0.25932207703590393, 'eval_runtime': 6.9209, 'eval_samples_per_second': 212.543, 'eval_steps_per_second': 6.646, 'epoch': 2.65}
{'eval_loss': 0.25552499294281006, 'eval_runtime': 6.9464, 'eval_samples_per_second': 211.766, 'eval_steps_per_second': 6.622, 'epoch': 2.89}
{'train_runtime': 584.3984, 'train_samples_per_second': 68.121, 'train_steps_per_second': 2.13, 'train_loss': 0.27979825797329944, 'epoch': 3.0}
Post-processing 112 example predictions split into 1471 features.
fold 0 jaccard: 0.6908854166666666
running fold 1
train/val samples: 1002/112
{'eval_loss': 0.33069297671318054, 'eval_runtime': 6.816, 'eval_samples_per_second': 208.92, 'eval_steps_per_second': 6.602, 'epoch': 0.24}
{'eval_loss': 0.2791975140571594, 'eval_runtime': 6.8782, 'eval_samples_per_second': 207.03, 'eval_steps_per_second': 6.542, 'epoch': 0.48}
{'eval_loss': 0.2841251790523529, 'eval_runtime': 6.8755, 'eval_samples_per_second': 207.112, 'eval_steps_per_second': 6.545, 'epoch': 0.72}
{'eval_loss': 0.2597341537475586, 'eval_runtime': 6.9156, 'eval_samples_per_second': 205.91, 'eval_steps_per_second': 6.507, 'epoch': 0.96}
{'loss': 0.3687, 'learning_rate': 6.7288888888888895e-06, 'epoch': 1.2}
{'eval_loss': 0.2638019621372223, 'eval_runtime': 6.9176, 'eval_samples_per_second': 205.852, 'eval_steps_per_second': 6.505, 'epoch': 1.2}
{'eval_loss': 0.2762850821018219, 'eval_runtime': 6.8959, 'eval_samples_per_second': 206.501, 'eval_steps_per_second': 6.526, 'epoch': 1.44}
{'eval_loss': 0.286274254322052, 'eval_runtime': 6.841, 'eval_samples_per_second': 208.156, 'eval_steps_per_second': 6.578, 'epoch': 1.68}
{'eval_loss': 0.26200607419013977, 'eval_runtime': 6.7195, 'eval_samples_per_second': 211.922, 'eval_steps_per_second': 6.697, 'epoch': 1.92}
{'eval_loss': 0.27520880103111267, 'eval_runtime': 6.7837, 'eval_samples_per_second': 209.914, 'eval_steps_per_second': 6.634, 'epoch': 2.16}
{'loss': 0.2338, 'learning_rate': 2.2933333333333335e-06, 'epoch': 2.4}
{'eval_loss': 0.2836512327194214, 'eval_runtime': 6.8295, 'eval_samples_per_second': 208.507, 'eval_steps_per_second': 6.589, 'epoch': 2.4}
{'eval_loss': 0.2823951542377472, 'eval_runtime': 6.8819, 'eval_samples_per_second': 206.921, 'eval_steps_per_second': 6.539, 'epoch': 2.64}
{'eval_loss': 0.2775270342826843, 'eval_runtime': 6.8864, 'eval_samples_per_second': 206.785, 'eval_steps_per_second': 6.535, 'epoch': 2.88}
{'train_runtime': 583.2991, 'train_samples_per_second': 68.491, 'train_steps_per_second': 2.145, 'train_loss': 0.2775709730067509, 'epoch': 3.0}
Post-processing 112 example predictions split into 1424 features.
fold 1 jaccard: 0.5921874999999999
running fold 2
train/val samples: 1002/112
{'eval_loss': 0.3293894827365875, 'eval_runtime': 6.9352, 'eval_samples_per_second': 203.166, 'eval_steps_per_second': 6.489, 'epoch': 0.24}
{'eval_loss': 0.34127336740493774, 'eval_runtime': 6.9513, 'eval_samples_per_second': 202.696, 'eval_steps_per_second': 6.474, 'epoch': 0.48}
{'eval_loss': 0.3053572475910187, 'eval_runtime': 6.7348, 'eval_samples_per_second': 209.211, 'eval_steps_per_second': 6.682, 'epoch': 0.72}
{'eval_loss': 0.3033476173877716, 'eval_runtime': 6.7675, 'eval_samples_per_second': 208.202, 'eval_steps_per_second': 6.649, 'epoch': 0.96}
{'loss': 0.3427, 'learning_rate': 6.746666666666667e-06, 'epoch': 1.2}
{'eval_loss': 0.30536550283432007, 'eval_runtime': 6.8896, 'eval_samples_per_second': 204.512, 'eval_steps_per_second': 6.532, 'epoch': 1.2}
{'eval_loss': 0.3041516840457916, 'eval_runtime': 6.8802, 'eval_samples_per_second': 204.791, 'eval_steps_per_second': 6.541, 'epoch': 1.44}
{'eval_loss': 0.2931174039840698, 'eval_runtime': 6.9134, 'eval_samples_per_second': 203.807, 'eval_steps_per_second': 6.509, 'epoch': 1.68}
{'eval_loss': 0.29611635208129883, 'eval_runtime': 6.8415, 'eval_samples_per_second': 205.949, 'eval_steps_per_second': 6.577, 'epoch': 1.92}
{'eval_loss': 0.3285576105117798, 'eval_runtime': 6.8998, 'eval_samples_per_second': 204.209, 'eval_steps_per_second': 6.522, 'epoch': 2.16}
{'loss': 0.2115, 'learning_rate': 2.302222222222222e-06, 'epoch': 2.4}
{'eval_loss': 0.3185974061489105, 'eval_runtime': 6.7438, 'eval_samples_per_second': 208.931, 'eval_steps_per_second': 6.673, 'epoch': 2.4}
{'eval_loss': 0.30754175782203674, 'eval_runtime': 6.8695, 'eval_samples_per_second': 205.11, 'eval_steps_per_second': 6.551, 'epoch': 2.64}
{'eval_loss': 0.3088560104370117, 'eval_runtime': 6.9328, 'eval_samples_per_second': 203.237, 'eval_steps_per_second': 6.491, 'epoch': 2.88}
{'train_runtime': 582.0636, 'train_samples_per_second': 68.714, 'train_steps_per_second': 2.149, 'train_loss': 0.26035172838291865, 'epoch': 3.0}
Post-processing 112 example predictions split into 1409 features.
fold 2 jaccard: 0.5428925736961451
running fold 3
train/val samples: 1002/112
{'eval_loss': 0.3106960952281952, 'eval_runtime': 7.5425, 'eval_samples_per_second': 209.878, 'eval_steps_per_second': 6.629, 'epoch': 0.24}
{'eval_loss': 0.3092498183250427, 'eval_runtime': 7.6577, 'eval_samples_per_second': 206.721, 'eval_steps_per_second': 6.529, 'epoch': 0.49}
{'eval_loss': 0.2529944181442261, 'eval_runtime': 7.492, 'eval_samples_per_second': 211.293, 'eval_steps_per_second': 6.674, 'epoch': 0.73}
{'eval_loss': 0.2576828598976135, 'eval_runtime': 7.3805, 'eval_samples_per_second': 214.485, 'eval_steps_per_second': 6.775, 'epoch': 0.97}
{'loss': 0.4488, 'learning_rate': 6.6906474820143886e-06, 'epoch': 1.21}
{'eval_loss': 0.31438198685646057, 'eval_runtime': 7.4454, 'eval_samples_per_second': 212.616, 'eval_steps_per_second': 6.716, 'epoch': 1.21}
{'eval_loss': 0.3200807273387909, 'eval_runtime': 7.441, 'eval_samples_per_second': 212.74, 'eval_steps_per_second': 6.72, 'epoch': 1.46}
